This file contains any messages produced by compilers while
running configure, to aid debugging if configure makes a mistake.

It was created by configure, which was
generated by GNU Autoconf 2.69.  Invocation command line was

  $ /home/tl455047/disk2/tl455047/Dora-Taint/testcase/binutils-2.37/intl/configure --srcdir=.././intl --cache-file=./config.cache --with-gnu-as --with-gnu-ld --disable-shared --program-transform-name=s,y,y, --disable-option-checking --build=x86_64-pc-linux-gnu --host=x86_64-pc-linux-gnu --target=x86_64-pc-linux-gnu

## --------- ##
## Platform. ##
## --------- ##

hostname = tl455047-ubuntu
uname -m = x86_64
uname -r = 5.11.0-38-generic
uname -s = Linux
uname -v = #42~20.04.1-Ubuntu SMP Tue Sep 28 20:41:07 UTC 2021

/usr/bin/uname -p = x86_64
/bin/uname -X     = unknown

/bin/arch              = x86_64
/usr/bin/arch -k       = unknown
/usr/convex/getsysinfo = unknown
/usr/bin/hostinfo      = unknown
/bin/machine           = unknown
/usr/bin/oslevel       = unknown
/bin/universe          = unknown

PATH: /home/tl455047/.local/bin
PATH: /usr/local/sbin
PATH: /usr/local/bin
PATH: /usr/sbin
PATH: /usr/bin
PATH: /sbin
PATH: /bin
PATH: /usr/games
PATH: /usr/local/games
PATH: /snap/bin


## ----------- ##
## Core tests. ##
## ----------- ##

configure:2133: creating cache ./config.cache
configure:2220: checking for x86_64-pc-linux-gnu-gcc
configure:2247: result: /home/tl455047/disk2/tl455047/Dora-Taint/build/clang-wrapper
configure:2516: checking for C compiler version
configure:2525: /home/tl455047/disk2/tl455047/Dora-Taint/build/clang-wrapper --version >&5
Ubuntu clang version 11.0.0-2~ubuntu20.04.1
Target: x86_64-pc-linux-gnu
Thread model: posix
InstalledDir: /usr/bin
configure:2536: $? = 0
configure:2525: /home/tl455047/disk2/tl455047/Dora-Taint/build/clang-wrapper -v >&5
Ubuntu clang version 11.0.0-2~ubuntu20.04.1
Target: x86_64-pc-linux-gnu
Thread model: posix
InstalledDir: /usr/bin
Found candidate GCC installation: /usr/bin/../lib/gcc/x86_64-linux-gnu/8
Found candidate GCC installation: /usr/bin/../lib/gcc/x86_64-linux-gnu/9
Found candidate GCC installation: /usr/lib/gcc/x86_64-linux-gnu/8
Found candidate GCC installation: /usr/lib/gcc/x86_64-linux-gnu/9
Selected GCC installation: /usr/bin/../lib/gcc/x86_64-linux-gnu/9
Candidate multilib: .;@m64
... rest of stderr output deleted ...
configure:2536: $? = 1
configure:2525: /home/tl455047/disk2/tl455047/Dora-Taint/build/clang-wrapper -V >&5
clang: error: unsupported option '-V -fno-builtin-memcpy'
configure:2536: $? = 1
configure:2525: /home/tl455047/disk2/tl455047/Dora-Taint/build/clang-wrapper -qversion >&5
clang: error: unknown argument '-qversion'; did you mean '--version'?
configure:2536: $? = 1
configure:2556: checking whether the C compiler works
configure:2578: /home/tl455047/disk2/tl455047/Dora-Taint/build/clang-wrapper -g -O2        conftest.c  >&5
DFSanPass init
configure:2582: $? = 0
configure:2630: result: yes
configure:2633: checking for C compiler default output file name
configure:2635: result: a.out
configure:2641: checking for suffix of executables
configure:2648: /home/tl455047/disk2/tl455047/Dora-Taint/build/clang-wrapper -o conftest -g -O2        conftest.c  >&5
DFSanPass init
configure:2652: $? = 0
configure:2674: result: 
configure:2696: checking whether we are cross compiling
configure:2704: /home/tl455047/disk2/tl455047/Dora-Taint/build/clang-wrapper -o conftest -g -O2        conftest.c  >&5
DFSanPass init
configure:2708: $? = 0
configure:2715: ./conftest
DFSan init
DFSan debug
DFSan fini
configure:2719: $? = 0
configure:2707: result: no
configure:2712: checking for suffix of object files
configure:2734: /home/tl455047/disk2/tl455047/Dora-Taint/build/clang-wrapper -c -g -O2      conftest.c >&5
DFSanPass init
configure:2738: $? = 0
configure:2759: result: o
configure:2763: checking whether we are using the GNU C compiler
configure:2782: /home/tl455047/disk2/tl455047/Dora-Taint/build/clang-wrapper -c -g -O2      conftest.c >&5
DFSanPass init
configure:2782: $? = 0
configure:2791: result: yes
configure:2800: checking whether /home/tl455047/disk2/tl455047/Dora-Taint/build/clang-wrapper accepts -g
configure:2820: /home/tl455047/disk2/tl455047/Dora-Taint/build/clang-wrapper -c -g  conftest.c >&5
DFSanPass init
configure:2820: $? = 0
configure: failed program was:
| /* confdefs.h */
| #define PACKAGE_NAME ""
| #define PACKAGE_TARNAME ""
| #define PACKAGE_VERSION ""
| #define PACKAGE_STRING ""
| #define PACKAGE_BUGREPORT ""
| #define PACKAGE_URL ""
| /* end confdefs.h.  */
| 
| int
| main ()
| {
| 
|   ;
|   return 0;
| }
configure:2835: /home/tl455047/disk2/tl455047/Dora-Taint/build/clang-wrapper -c   conftest.c >&5
DFSanPass init
configure:2835: $? = 0
configure: failed program was:
| /* confdefs.h */
| #define PACKAGE_NAME ""
| #define PACKAGE_TARNAME ""
| #define PACKAGE_VERSION ""
| #define PACKAGE_STRING ""
| #define PACKAGE_BUGREPORT ""
| #define PACKAGE_URL ""
| /* end confdefs.h.  */
| 
| int
| main ()
| {
| 
|   ;
|   return 0;
| }
configure:2851: /home/tl455047/disk2/tl455047/Dora-Taint/build/clang-wrapper -c -g  conftest.c >&5
DFSanPass init
configure:2851: $? = 0
configure:2861: result: yes
configure:2878: checking for /home/tl455047/disk2/tl455047/Dora-Taint/build/clang-wrapper option to accept ISO C89
configure:2941: /home/tl455047/disk2/tl455047/Dora-Taint/build/clang-wrapper  -c -g -O2      conftest.c >&5
DFSanPass init
configure:2941: $? = 0
configure:2954: result: none needed
configure:2980: checking how to run the C preprocessor
configure:3011: /home/tl455047/disk2/tl455047/Dora-Taint/build/clang-wrapper -E  conftest.c
configure:3011: $? = 0
configure:3025: /home/tl455047/disk2/tl455047/Dora-Taint/build/clang-wrapper -E  conftest.c
conftest.c:9:10: fatal error: 'ac_nonexistent.h' file not found
#include <ac_nonexistent.h>
         ^~~~~~~~~~~~~~~~~~
1 error generated.
configure:3025: $? = 1
configure: failed program was:
| /* confdefs.h */
| #define PACKAGE_NAME ""
| #define PACKAGE_TARNAME ""
| #define PACKAGE_VERSION ""
| #define PACKAGE_STRING ""
| #define PACKAGE_BUGREPORT ""
| #define PACKAGE_URL ""
| /* end confdefs.h.  */
| #include <ac_nonexistent.h>
configure:3050: result: /home/tl455047/disk2/tl455047/Dora-Taint/build/clang-wrapper -E
configure:3070: /home/tl455047/disk2/tl455047/Dora-Taint/build/clang-wrapper -E  conftest.c
configure:3070: $? = 0
configure:3084: /home/tl455047/disk2/tl455047/Dora-Taint/build/clang-wrapper -E  conftest.c
conftest.c:9:10: fatal error: 'ac_nonexistent.h' file not found
#include <ac_nonexistent.h>
         ^~~~~~~~~~~~~~~~~~
1 error generated.
configure:3084: $? = 1
configure: failed program was:
| /* confdefs.h */
| #define PACKAGE_NAME ""
| #define PACKAGE_TARNAME ""
| #define PACKAGE_VERSION ""
| #define PACKAGE_STRING ""
| #define PACKAGE_BUGREPORT ""
| #define PACKAGE_URL ""
| /* end confdefs.h.  */
| #include <ac_nonexistent.h>
configure:3113: checking for grep that handles long lines and -e
configure:3171: result: /usr/bin/grep
configure:3176: checking for egrep
configure:3238: result: /usr/bin/grep -E
configure:3243: checking for ANSI C header files
configure:3263: /home/tl455047/disk2/tl455047/Dora-Taint/build/clang-wrapper -c -g -O2      conftest.c >&5
DFSanPass init
configure:3263: $? = 0
configure:3336: /home/tl455047/disk2/tl455047/Dora-Taint/build/clang-wrapper -o conftest -g -O2        conftest.c  >&5
DFSanPass init
configure:3336: $? = 0
configure:3336: ./conftest
DFSan init
DFSan debug
==3637532==WARNING: DataFlowSanitizer: call to uninstrumented function __ctype_toupper_loc
==3637532==WARNING: DataFlowSanitizer: call to uninstrumented function __ctype_toupper_loc
==3637532==WARNING: DataFlowSanitizer: call to uninstrumented function __ctype_toupper_loc
==3637532==WARNING: DataFlowSanitizer: call to uninstrumented function __ctype_toupper_loc
==3637532==WARNING: DataFlowSanitizer: call to uninstrumented function __ctype_toupper_loc
==3637532==WARNING: DataFlowSanitizer: call to uninstrumented function __ctype_toupper_loc
==3637532==WARNING: DataFlowSanitizer: call to uninstrumented function __ctype_toupper_loc
==3637532==WARNING: DataFlowSanitizer: call to uninstrumented function __ctype_toupper_loc
==3637532==WARNING: DataFlowSanitizer: call to uninstrumented function __ctype_toupper_loc
==3637532==WARNING: DataFlowSanitizer: call to uninstrumented function __ctype_toupper_loc
==3637532==WARNING: DataFlowSanitizer: call to uninstrumented function __ctype_toupper_loc
==3637532==WARNING: DataFlowSanitizer: call to uninstrumented function __ctype_toupper_loc
==3637532==WARNING: DataFlowSanitizer: call to uninstrumented function __ctype_toupper_loc
==3637532==WARNING: DataFlowSanitizer: call to uninstrumented function __ctype_toupper_loc
==3637532==WARNING: DataFlowSanitizer: call to uninstrumented function __ctype_toupper_loc
==3637532==WARNING: DataFlowSanitizer: call to uninstrumented function __ctype_toupper_loc
==3637532==WARNING: DataFlowSanitizer: call to uninstrumented function __ctype_toupper_loc
==3637532==WARNING: DataFlowSanitizer: call to uninstrumented function __ctype_toupper_loc
==3637532==WARNING: DataFlowSanitizer: call to uninstrumented function __ctype_toupper_loc
==3637532==WARNING: DataFlowSanitizer: call to uninstrumented function __ctype_toupper_loc
==3637532==WARNING: DataFlowSanitizer: call to uninstrumented function __ctype_toupper_loc
==3637532==WARNING: DataFlowSanitizer: call to uninstrumented function __ctype_toupper_loc
==3637532==WARNING: DataFlowSanitizer: call to uninstrumented function __ctype_toupper_loc
==3637532==WARNING: DataFlowSanitizer: call to uninstrumented function __ctype_toupper_loc
==3637532==WARNING: DataFlowSanitizer: call to uninstrumented function __ctype_toupper_loc
==3637532==WARNING: DataFlowSanitizer: call to uninstrumented function __ctype_toupper_loc
==3637532==WARNING: DataFlowSanitizer: call to uninstrumented function __ctype_toupper_loc
==3637532==WARNING: DataFlowSanitizer: call to uninstrumented function __ctype_toupper_loc
==3637532==WARNING: DataFlowSanitizer: call to uninstrumented function __ctype_toupper_loc
==3637532==WARNING: DataFlowSanitizer: call to uninstrumented function __ctype_toupper_loc
==3637532==WARNING: DataFlowSanitizer: call to uninstrumented function __ctype_toupper_loc
==3637532==WARNING: DataFlowSanitizer: call to uninstrumented function __ctype_toupper_loc
==3637532==WARNING: DataFlowSanitizer: call to uninstrumented function __ctype_toupper_loc
==3637532==WARNING: DataFlowSanitizer: call to uninstrumented function __ctype_toupper_loc
==3637532==WARNING: DataFlowSanitizer: call to uninstrumented function __ctype_toupper_loc
==3637532==WARNING: DataFlowSanitizer: call to uninstrumented function __ctype_toupper_loc
==3637532==WARNING: DataFlowSanitizer: call to uninstrumented function __ctype_toupper_loc
==3637532==WARNING: DataFlowSanitizer: call to uninstrumented function __ctype_toupper_loc
==3637532==WARNING: DataFlowSanitizer: call to uninstrumented function __ctype_toupper_loc
==3637532==WARNING: DataFlowSanitizer: call to uninstrumented function __ctype_toupper_loc
==3637532==WARNING: DataFlowSanitizer: call to uninstrumented function __ctype_toupper_loc
==3637532==WARNING: DataFlowSanitizer: call to uninstrumented function __ctype_toupper_loc
==3637532==WARNING: DataFlowSanitizer: call to uninstrumented function __ctype_toupper_loc
==3637532==WARNING: DataFlowSanitizer: call to uninstrumented function __ctype_toupper_loc
==3637532==WARNING: DataFlowSanitizer: call to uninstrumented function __ctype_toupper_loc
==3637532==WARNING: DataFlowSanitizer: call to uninstrumented function __ctype_toupper_loc
==3637532==WARNING: DataFlowSanitizer: call to uninstrumented function __ctype_toupper_loc
==3637532==WARNING: DataFlowSanitizer: call to uninstrumented function __ctype_toupper_loc
==3637532==WARNING: DataFlowSanitizer: call to uninstrumented function __ctype_toupper_loc
==3637532==WARNING: DataFlowSanitizer: call to uninstrumented function __ctype_toupper_loc
==3637532==WARNING: DataFlowSanitizer: call to uninstrumented function __ctype_toupper_loc
==3637532==WARNING: DataFlowSanitizer: call to uninstrumented function __ctype_toupper_loc
==3637532==WARNING: DataFlowSanitizer: call to uninstrumented function __ctype_toupper_loc
==3637532==WARNING: DataFlowSanitizer: call to uninstrumented function __ctype_toupper_loc
==3637532==WARNING: DataFlowSanitizer: call to uninstrumented function __ctype_toupper_loc
==3637532==WARNING: DataFlowSanitizer: call to uninstrumented function __ctype_toupper_loc
==3637532==WARNING: DataFlowSanitizer: call to uninstrumented function __ctype_toupper_loc
==3637532==WARNING: DataFlowSanitizer: call to uninstrumented function __ctype_toupper_loc
==3637532==WARNING: DataFlowSanitizer: call to uninstrumented function __ctype_toupper_loc
==3637532==WARNING: DataFlowSanitizer: call to uninstrumented function __ctype_toupper_loc
==3637532==WARNING: DataFlowSanitizer: call to uninstrumented function __ctype_toupper_loc
==3637532==WARNING: DataFlowSanitizer: call to uninstrumented function __ctype_toupper_loc
==3637532==WARNING: DataFlowSanitizer: call to uninstrumented function __ctype_toupper_loc
==3637532==WARNING: DataFlowSanitizer: call to uninstrumented function __ctype_toupper_loc
==3637532==WARNING: DataFlowSanitizer: call to uninstrumented function __ctype_toupper_loc
==3637532==WARNING: DataFlowSanitizer: call to uninstrumented function __ctype_toupper_loc
==3637532==WARNING: DataFlowSanitizer: call to uninstrumented function __ctype_toupper_loc
==3637532==WARNING: DataFlowSanitizer: call to uninstrumented function __ctype_toupper_loc
==3637532==WARNING: DataFlowSanitizer: call to uninstrumented function __ctype_toupper_loc
==3637532==WARNING: DataFlowSanitizer: call to uninstrumented function __ctype_toupper_loc
==3637532==WARNING: DataFlowSanitizer: call to uninstrumented function __ctype_toupper_loc
==3637532==WARNING: DataFlowSanitizer: call to uninstrumented function __ctype_toupper_loc
==3637532==WARNING: DataFlowSanitizer: call to uninstrumented function __ctype_toupper_loc
==3637532==WARNING: DataFlowSanitizer: call to uninstrumented function __ctype_toupper_loc
==3637532==WARNING: DataFlowSanitizer: call to uninstrumented function __ctype_toupper_loc
==3637532==WARNING: DataFlowSanitizer: call to uninstrumented function __ctype_toupper_loc
==3637532==WARNING: DataFlowSanitizer: call to uninstrumented function __ctype_toupper_loc
==3637532==WARNING: DataFlowSanitizer: call to uninstrumented function __ctype_toupper_loc
==3637532==WARNING: DataFlowSanitizer: call to uninstrumented function __ctype_toupper_loc
==3637532==WARNING: DataFlowSanitizer: call to uninstrumented function __ctype_toupper_loc
==3637532==WARNING: DataFlowSanitizer: call to uninstrumented function __ctype_toupper_loc
==3637532==WARNING: DataFlowSanitizer: call to uninstrumented function __ctype_toupper_loc
==3637532==WARNING: DataFlowSanitizer: call to uninstrumented function __ctype_toupper_loc
==3637532==WARNING: DataFlowSanitizer: call to uninstrumented function __ctype_toupper_loc
==3637532==WARNING: DataFlowSanitizer: call to uninstrumented function __ctype_toupper_loc
==3637532==WARNING: DataFlowSanitizer: call to uninstrumented function __ctype_toupper_loc
==3637532==WARNING: DataFlowSanitizer: call to uninstrumented function __ctype_toupper_loc
==3637532==WARNING: DataFlowSanitizer: call to uninstrumented function __ctype_toupper_loc
==3637532==WARNING: DataFlowSanitizer: call to uninstrumented function __ctype_toupper_loc
==3637532==WARNING: DataFlowSanitizer: call to uninstrumented function __ctype_toupper_loc
==3637532==WARNING: DataFlowSanitizer: call to uninstrumented function __ctype_toupper_loc
==3637532==WARNING: DataFlowSanitizer: call to uninstrumented function __ctype_toupper_loc
==3637532==WARNING: DataFlowSanitizer: call to uninstrumented function __ctype_toupper_loc
==3637532==WARNING: DataFlowSanitizer: call to uninstrumented function __ctype_toupper_loc
==3637532==WARNING: DataFlowSanitizer: call to uninstrumented function __ctype_toupper_loc
==3637532==WARNING: DataFlowSanitizer: call to uninstrumented function __ctype_toupper_loc
==3637532==WARNING: DataFlowSanitizer: call to uninstrumented function __ctype_toupper_loc
==3637532==WARNING: DataFlowSanitizer: call to uninstrumented function __ctype_toupper_loc
==3637532==WARNING: DataFlowSanitizer: call to uninstrumented function __ctype_toupper_loc
==3637532==WARNING: DataFlowSanitizer: call to uninstrumented function __ctype_toupper_loc
==3637532==WARNING: DataFlowSanitizer: call to uninstrumented function __ctype_toupper_loc
==3637532==WARNING: DataFlowSanitizer: call to uninstrumented function __ctype_toupper_loc
==3637532==WARNING: DataFlowSanitizer: call to uninstrumented function __ctype_toupper_loc
==3637532==WARNING: DataFlowSanitizer: call to uninstrumented function __ctype_toupper_loc
==3637532==WARNING: DataFlowSanitizer: call to uninstrumented function __ctype_toupper_loc
==3637532==WARNING: DataFlowSanitizer: call to uninstrumented function __ctype_toupper_loc
==3637532==WARNING: DataFlowSanitizer: call to uninstrumented function __ctype_toupper_loc
==3637532==WARNING: DataFlowSanitizer: call to uninstrumented function __ctype_toupper_loc
==3637532==WARNING: DataFlowSanitizer: call to uninstrumented function __ctype_toupper_loc
==3637532==WARNING: DataFlowSanitizer: call to uninstrumented function __ctype_toupper_loc
==3637532==WARNING: DataFlowSanitizer: call to uninstrumented function __ctype_toupper_loc
==3637532==WARNING: DataFlowSanitizer: call to uninstrumented function __ctype_toupper_loc
==3637532==WARNING: DataFlowSanitizer: call to uninstrumented function __ctype_toupper_loc
==3637532==WARNING: DataFlowSanitizer: call to uninstrumented function __ctype_toupper_loc
==3637532==WARNING: DataFlowSanitizer: call to uninstrumented function __ctype_toupper_loc
==3637532==WARNING: DataFlowSanitizer: call to uninstrumented function __ctype_toupper_loc
==3637532==WARNING: DataFlowSanitizer: call to uninstrumented function __ctype_toupper_loc
==3637532==WARNING: DataFlowSanitizer: call to uninstrumented function __ctype_toupper_loc
==3637532==WARNING: DataFlowSanitizer: call to uninstrumented function __ctype_toupper_loc
==3637532==WARNING: DataFlowSanitizer: call to uninstrumented function __ctype_toupper_loc
==3637532==WARNING: DataFlowSanitizer: call to uninstrumented function __ctype_toupper_loc
==3637532==WARNING: DataFlowSanitizer: call to uninstrumented function __ctype_toupper_loc
==3637532==WARNING: DataFlowSanitizer: call to uninstrumented function __ctype_toupper_loc
==3637532==WARNING: DataFlowSanitizer: call to uninstrumented function __ctype_toupper_loc
==3637532==WARNING: DataFlowSanitizer: call to uninstrumented function __ctype_toupper_loc
==3637532==WARNING: DataFlowSanitizer: call to uninstrumented function __ctype_toupper_loc
==3637532==WARNING: DataFlowSanitizer: call to uninstrumented function __ctype_toupper_loc
==3637532==WARNING: DataFlowSanitizer: call to uninstrumented function __ctype_toupper_loc
==3637532==WARNING: DataFlowSanitizer: call to uninstrumented function __ctype_toupper_loc
==3637532==WARNING: DataFlowSanitizer: call to uninstrumented function __ctype_toupper_loc
==3637532==WARNING: DataFlowSanitizer: call to uninstrumented function __ctype_toupper_loc
==3637532==WARNING: DataFlowSanitizer: call to uninstrumented function __ctype_toupper_loc
==3637532==WARNING: DataFlowSanitizer: call to uninstrumented function __ctype_toupper_loc
==3637532==WARNING: DataFlowSanitizer: call to uninstrumented function __ctype_toupper_loc
==3637532==WARNING: DataFlowSanitizer: call to uninstrumented function __ctype_toupper_loc
==3637532==WARNING: DataFlowSanitizer: call to uninstrumented function __ctype_toupper_loc
==3637532==WARNING: DataFlowSanitizer: call to uninstrumented function __ctype_toupper_loc
==3637532==WARNING: DataFlowSanitizer: call to uninstrumented function __ctype_toupper_loc
==3637532==WARNING: DataFlowSanitizer: call to uninstrumented function __ctype_toupper_loc
==3637532==WARNING: DataFlowSanitizer: call to uninstrumented function __ctype_toupper_loc
==3637532==WARNING: DataFlowSanitizer: call to uninstrumented function __ctype_toupper_loc
==3637532==WARNING: DataFlowSanitizer: call to uninstrumented function __ctype_toupper_loc
==3637532==WARNING: DataFlowSanitizer: call to uninstrumented function __ctype_toupper_loc
==3637532==WARNING: DataFlowSanitizer: call to uninstrumented function __ctype_toupper_loc
==3637532==WARNING: DataFlowSanitizer: call to uninstrumented function __ctype_toupper_loc
==3637532==WARNING: DataFlowSanitizer: call to uninstrumented function __ctype_toupper_loc
==3637532==WARNING: DataFlowSanitizer: call to uninstrumented function __ctype_toupper_loc
==3637532==WARNING: DataFlowSanitizer: call to uninstrumented function __ctype_toupper_loc
==3637532==WARNING: DataFlowSanitizer: call to uninstrumented function __ctype_toupper_loc
==3637532==WARNING: DataFlowSanitizer: call to uninstrumented function __ctype_toupper_loc
==3637532==WARNING: DataFlowSanitizer: call to uninstrumented function __ctype_toupper_loc
==3637532==WARNING: DataFlowSanitizer: call to uninstrumented function __ctype_toupper_loc
==3637532==WARNING: DataFlowSanitizer: call to uninstrumented function __ctype_toupper_loc
==3637532==WARNING: DataFlowSanitizer: call to uninstrumented function __ctype_toupper_loc
==3637532==WARNING: DataFlowSanitizer: call to uninstrumented function __ctype_toupper_loc
==3637532==WARNING: DataFlowSanitizer: call to uninstrumented function __ctype_toupper_loc
==3637532==WARNING: DataFlowSanitizer: call to uninstrumented function __ctype_toupper_loc
==3637532==WARNING: DataFlowSanitizer: call to uninstrumented function __ctype_toupper_loc
==3637532==WARNING: DataFlowSanitizer: call to uninstrumented function __ctype_toupper_loc
==3637532==WARNING: DataFlowSanitizer: call to uninstrumented function __ctype_toupper_loc
==3637532==WARNING: DataFlowSanitizer: call to uninstrumented function __ctype_toupper_loc
==3637532==WARNING: DataFlowSanitizer: call to uninstrumented function __ctype_toupper_loc
==3637532==WARNING: DataFlowSanitizer: call to uninstrumented function __ctype_toupper_loc
==3637532==WARNING: DataFlowSanitizer: call to uninstrumented function __ctype_toupper_loc
==3637532==WARNING: DataFlowSanitizer: call to uninstrumented function __ctype_toupper_loc
==3637532==WARNING: DataFlowSanitizer: call to uninstrumented function __ctype_toupper_loc
==3637532==WARNING: DataFlowSanitizer: call to uninstrumented function __ctype_toupper_loc
==3637532==WARNING: DataFlowSanitizer: call to uninstrumented function __ctype_toupper_loc
==3637532==WARNING: DataFlowSanitizer: call to uninstrumented function __ctype_toupper_loc
==3637532==WARNING: DataFlowSanitizer: call to uninstrumented function __ctype_toupper_loc
==3637532==WARNING: DataFlowSanitizer: call to uninstrumented function __ctype_toupper_loc
==3637532==WARNING: DataFlowSanitizer: call to uninstrumented function __ctype_toupper_loc
==3637532==WARNING: DataFlowSanitizer: call to uninstrumented function __ctype_toupper_loc
==3637532==WARNING: DataFlowSanitizer: call to uninstrumented function __ctype_toupper_loc
==3637532==WARNING: DataFlowSanitizer: call to uninstrumented function __ctype_toupper_loc
==3637532==WARNING: DataFlowSanitizer: call to uninstrumented function __ctype_toupper_loc
==3637532==WARNING: DataFlowSanitizer: call to uninstrumented function __ctype_toupper_loc
==3637532==WARNING: DataFlowSanitizer: call to uninstrumented function __ctype_toupper_loc
==3637532==WARNING: DataFlowSanitizer: call to uninstrumented function __ctype_toupper_loc
==3637532==WARNING: DataFlowSanitizer: call to uninstrumented function __ctype_toupper_loc
==3637532==WARNING: DataFlowSanitizer: call to uninstrumented function __ctype_toupper_loc
==3637532==WARNING: DataFlowSanitizer: call to uninstrumented function __ctype_toupper_loc
==3637532==WARNING: DataFlowSanitizer: call to uninstrumented function __ctype_toupper_loc
==3637532==WARNING: DataFlowSanitizer: call to uninstrumented function __ctype_toupper_loc
==3637532==WARNING: DataFlowSanitizer: call to uninstrumented function __ctype_toupper_loc
==3637532==WARNING: DataFlowSanitizer: call to uninstrumented function __ctype_toupper_loc
==3637532==WARNING: DataFlowSanitizer: call to uninstrumented function __ctype_toupper_loc
==3637532==WARNING: DataFlowSanitizer: call to uninstrumented function __ctype_toupper_loc
==3637532==WARNING: DataFlowSanitizer: call to uninstrumented function __ctype_toupper_loc
==3637532==WARNING: DataFlowSanitizer: call to uninstrumented function __ctype_toupper_loc
==3637532==WARNING: DataFlowSanitizer: call to uninstrumented function __ctype_toupper_loc
==3637532==WARNING: DataFlowSanitizer: call to uninstrumented function __ctype_toupper_loc
==3637532==WARNING: DataFlowSanitizer: call to uninstrumented function __ctype_toupper_loc
==3637532==WARNING: DataFlowSanitizer: call to uninstrumented function __ctype_toupper_loc
==3637532==WARNING: DataFlowSanitizer: call to uninstrumented function __ctype_toupper_loc
==3637532==WARNING: DataFlowSanitizer: call to uninstrumented function __ctype_toupper_loc
==3637532==WARNING: DataFlowSanitizer: call to uninstrumented function __ctype_toupper_loc
==3637532==WARNING: DataFlowSanitizer: call to uninstrumented function __ctype_toupper_loc
==3637532==WARNING: DataFlowSanitizer: call to uninstrumented function __ctype_toupper_loc
==3637532==WARNING: DataFlowSanitizer: call to uninstrumented function __ctype_toupper_loc
==3637532==WARNING: DataFlowSanitizer: call to uninstrumented function __ctype_toupper_loc
==3637532==WARNING: DataFlowSanitizer: call to uninstrumented function __ctype_toupper_loc
==3637532==WARNING: DataFlowSanitizer: call to uninstrumented function __ctype_toupper_loc
==3637532==WARNING: DataFlowSanitizer: call to uninstrumented function __ctype_toupper_loc
==3637532==WARNING: DataFlowSanitizer: call to uninstrumented function __ctype_toupper_loc
==3637532==WARNING: DataFlowSanitizer: call to uninstrumented function __ctype_toupper_loc
==3637532==WARNING: DataFlowSanitizer: call to uninstrumented function __ctype_toupper_loc
==3637532==WARNING: DataFlowSanitizer: call to uninstrumented function __ctype_toupper_loc
==3637532==WARNING: DataFlowSanitizer: call to uninstrumented function __ctype_toupper_loc
==3637532==WARNING: DataFlowSanitizer: call to uninstrumented function __ctype_toupper_loc
==3637532==WARNING: DataFlowSanitizer: call to uninstrumented function __ctype_toupper_loc
==3637532==WARNING: DataFlowSanitizer: call to uninstrumented function __ctype_toupper_loc
==3637532==WARNING: DataFlowSanitizer: call to uninstrumented function __ctype_toupper_loc
==3637532==WARNING: DataFlowSanitizer: call to uninstrumented function __ctype_toupper_loc
==3637532==WARNING: DataFlowSanitizer: call to uninstrumented function __ctype_toupper_loc
==3637532==WARNING: DataFlowSanitizer: call to uninstrumented function __ctype_toupper_loc
==3637532==WARNING: DataFlowSanitizer: call to uninstrumented function __ctype_toupper_loc
==3637532==WARNING: DataFlowSanitizer: call to uninstrumented function __ctype_toupper_loc
==3637532==WARNING: DataFlowSanitizer: call to uninstrumented function __ctype_toupper_loc
==3637532==WARNING: DataFlowSanitizer: call to uninstrumented function __ctype_toupper_loc
==3637532==WARNING: DataFlowSanitizer: call to uninstrumented function __ctype_toupper_loc
==3637532==WARNING: DataFlowSanitizer: call to uninstrumented function __ctype_toupper_loc
==3637532==WARNING: DataFlowSanitizer: call to uninstrumented function __ctype_toupper_loc
==3637532==WARNING: DataFlowSanitizer: call to uninstrumented function __ctype_toupper_loc
==3637532==WARNING: DataFlowSanitizer: call to uninstrumented function __ctype_toupper_loc
==3637532==WARNING: DataFlowSanitizer: call to uninstrumented function __ctype_toupper_loc
==3637532==WARNING: DataFlowSanitizer: call to uninstrumented function __ctype_toupper_loc
==3637532==WARNING: DataFlowSanitizer: call to uninstrumented function __ctype_toupper_loc
==3637532==WARNING: DataFlowSanitizer: call to uninstrumented function __ctype_toupper_loc
==3637532==WARNING: DataFlowSanitizer: call to uninstrumented function __ctype_toupper_loc
==3637532==WARNING: DataFlowSanitizer: call to uninstrumented function __ctype_toupper_loc
==3637532==WARNING: DataFlowSanitizer: call to uninstrumented function __ctype_toupper_loc
==3637532==WARNING: DataFlowSanitizer: call to uninstrumented function __ctype_toupper_loc
==3637532==WARNING: DataFlowSanitizer: call to uninstrumented function __ctype_toupper_loc
==3637532==WARNING: DataFlowSanitizer: call to uninstrumented function __ctype_toupper_loc
==3637532==WARNING: DataFlowSanitizer: call to uninstrumented function __ctype_toupper_loc
==3637532==WARNING: DataFlowSanitizer: call to uninstrumented function __ctype_toupper_loc
==3637532==WARNING: DataFlowSanitizer: call to uninstrumented function __ctype_toupper_loc
==3637532==WARNING: DataFlowSanitizer: call to uninstrumented function __ctype_toupper_loc
==3637532==WARNING: DataFlowSanitizer: call to uninstrumented function __ctype_toupper_loc
==3637532==WARNING: DataFlowSanitizer: call to uninstrumented function __ctype_toupper_loc
==3637532==WARNING: DataFlowSanitizer: call to uninstrumented function __ctype_toupper_loc
==3637532==WARNING: DataFlowSanitizer: call to uninstrumented function __ctype_toupper_loc
==3637532==WARNING: DataFlowSanitizer: call to uninstrumented function __ctype_toupper_loc
==3637532==WARNING: DataFlowSanitizer: call to uninstrumented function __ctype_toupper_loc
==3637532==WARNING: DataFlowSanitizer: call to uninstrumented function __ctype_toupper_loc
==3637532==WARNING: DataFlowSanitizer: call to uninstrumented function __ctype_toupper_loc
==3637532==WARNING: DataFlowSanitizer: call to uninstrumented function __ctype_toupper_loc
==3637532==WARNING: DataFlowSanitizer: call to uninstrumented function __ctype_toupper_loc
==3637532==WARNING: DataFlowSanitizer: call to uninstrumented function __ctype_toupper_loc
==3637532==WARNING: DataFlowSanitizer: call to uninstrumented function __ctype_toupper_loc
==3637532==WARNING: DataFlowSanitizer: call to uninstrumented function __ctype_toupper_loc
==3637532==WARNING: DataFlowSanitizer: call to uninstrumented function __ctype_toupper_loc
==3637532==WARNING: DataFlowSanitizer: call to uninstrumented function __ctype_toupper_loc
==3637532==WARNING: DataFlowSanitizer: call to uninstrumented function __ctype_toupper_loc
==3637532==WARNING: DataFlowSanitizer: call to uninstrumented function __ctype_toupper_loc
DFSan fini
configure:3336: $? = 0
configure:3347: result: yes
configure:3360: checking for sys/types.h
configure:3360: /home/tl455047/disk2/tl455047/Dora-Taint/build/clang-wrapper -c -g -O2      conftest.c >&5
DFSanPass init
configure:3360: $? = 0
configure:3360: result: yes
configure:3360: checking for sys/stat.h
configure:3360: /home/tl455047/disk2/tl455047/Dora-Taint/build/clang-wrapper -c -g -O2      conftest.c >&5
DFSanPass init
configure:3360: $? = 0
configure:3360: result: yes
configure:3360: checking for stdlib.h
configure:3360: /home/tl455047/disk2/tl455047/Dora-Taint/build/clang-wrapper -c -g -O2      conftest.c >&5
DFSanPass init
configure:3360: $? = 0
configure:3360: result: yes
configure:3360: checking for string.h
configure:3360: /home/tl455047/disk2/tl455047/Dora-Taint/build/clang-wrapper -c -g -O2      conftest.c >&5
DFSanPass init
configure:3360: $? = 0
configure:3360: result: yes
configure:3360: checking for memory.h
configure:3360: /home/tl455047/disk2/tl455047/Dora-Taint/build/clang-wrapper -c -g -O2      conftest.c >&5
DFSanPass init
configure:3360: $? = 0
configure:3360: result: yes
configure:3360: checking for strings.h
configure:3360: /home/tl455047/disk2/tl455047/Dora-Taint/build/clang-wrapper -c -g -O2      conftest.c >&5
DFSanPass init
configure:3360: $? = 0
configure:3360: result: yes
configure:3360: checking for inttypes.h
configure:3360: /home/tl455047/disk2/tl455047/Dora-Taint/build/clang-wrapper -c -g -O2      conftest.c >&5
DFSanPass init
configure:3360: $? = 0
configure:3360: result: yes
configure:3360: checking for stdint.h
configure:3360: /home/tl455047/disk2/tl455047/Dora-Taint/build/clang-wrapper -c -g -O2      conftest.c >&5
DFSanPass init
configure:3360: $? = 0
configure:3360: result: yes
configure:3360: checking for unistd.h
configure:3360: /home/tl455047/disk2/tl455047/Dora-Taint/build/clang-wrapper -c -g -O2      conftest.c >&5
DFSanPass init
configure:3360: $? = 0
configure:3360: result: yes
configure:3373: checking minix/config.h usability
configure:3373: /home/tl455047/disk2/tl455047/Dora-Taint/build/clang-wrapper -c -g -O2      conftest.c >&5
conftest.c:52:10: fatal error: 'minix/config.h' file not found
#include <minix/config.h>
         ^~~~~~~~~~~~~~~~
1 error generated.
configure:3373: $? = 1
configure: failed program was:
| /* confdefs.h */
| #define PACKAGE_NAME ""
| #define PACKAGE_TARNAME ""
| #define PACKAGE_VERSION ""
| #define PACKAGE_STRING ""
| #define PACKAGE_BUGREPORT ""
| #define PACKAGE_URL ""
| #define STDC_HEADERS 1
| #define HAVE_SYS_TYPES_H 1
| #define HAVE_SYS_STAT_H 1
| #define HAVE_STDLIB_H 1
| #define HAVE_STRING_H 1
| #define HAVE_MEMORY_H 1
| #define HAVE_STRINGS_H 1
| #define HAVE_INTTYPES_H 1
| #define HAVE_STDINT_H 1
| #define HAVE_UNISTD_H 1
| /* end confdefs.h.  */
| #include <stdio.h>
| #ifdef HAVE_SYS_TYPES_H
| # include <sys/types.h>
| #endif
| #ifdef HAVE_SYS_STAT_H
| # include <sys/stat.h>
| #endif
| #ifdef STDC_HEADERS
| # include <stdlib.h>
| # include <stddef.h>
| #else
| # ifdef HAVE_STDLIB_H
| #  include <stdlib.h>
| # endif
| #endif
| #ifdef HAVE_STRING_H
| # if !defined STDC_HEADERS && defined HAVE_MEMORY_H
| #  include <memory.h>
| # endif
| # include <string.h>
| #endif
| #ifdef HAVE_STRINGS_H
| # include <strings.h>
| #endif
| #ifdef HAVE_INTTYPES_H
| # include <inttypes.h>
| #endif
| #ifdef HAVE_STDINT_H
| # include <stdint.h>
| #endif
| #ifdef HAVE_UNISTD_H
| # include <unistd.h>
| #endif
| #include <minix/config.h>
configure:3373: result: no
configure:3373: checking minix/config.h presence
configure:3373: /home/tl455047/disk2/tl455047/Dora-Taint/build/clang-wrapper -E  conftest.c
conftest.c:19:10: fatal error: 'minix/config.h' file not found
#include <minix/config.h>
         ^~~~~~~~~~~~~~~~
1 error generated.
configure:3373: $? = 1
configure: failed program was:
| /* confdefs.h */
| #define PACKAGE_NAME ""
| #define PACKAGE_TARNAME ""
| #define PACKAGE_VERSION ""
| #define PACKAGE_STRING ""
| #define PACKAGE_BUGREPORT ""
| #define PACKAGE_URL ""
| #define STDC_HEADERS 1
| #define HAVE_SYS_TYPES_H 1
| #define HAVE_SYS_STAT_H 1
| #define HAVE_STDLIB_H 1
| #define HAVE_STRING_H 1
| #define HAVE_MEMORY_H 1
| #define HAVE_STRINGS_H 1
| #define HAVE_INTTYPES_H 1
| #define HAVE_STDINT_H 1
| #define HAVE_UNISTD_H 1
| /* end confdefs.h.  */
| #include <minix/config.h>
configure:3373: result: no
configure:3373: checking for minix/config.h
configure:3373: result: no
configure:3394: checking whether it is safe to define __EXTENSIONS__
configure:3412: /home/tl455047/disk2/tl455047/Dora-Taint/build/clang-wrapper -c -g -O2      conftest.c >&5
DFSanPass init
configure:3412: $? = 0
configure:3419: result: yes
configure:3438: checking whether make sets $(MAKE)
configure:3460: result: yes
configure:3512: checking for a BSD-compatible install
configure:3580: result: /usr/bin/install -c
configure:3605: checking whether NLS is requested
configure:3614: result: yes
configure:3652: checking for msgfmt
configure:3686: result: no
configure:3692: checking for gmsgfmt
configure:3723: result: :
configure:3763: checking for xgettext
configure:3797: result: no
configure:3834: checking for msgmerge
configure:3867: result: no
configure:3903: checking build system type
configure:3917: result: x86_64-pc-linux-gnu
configure:3937: checking host system type
configure:3950: result: x86_64-pc-linux-gnu
configure:3973: checking for x86_64-pc-linux-gnu-ranlib
configure:4000: result: ranlib --plugin /usr/bin/../lib/gcc/x86_64-linux-gnu/9/liblto_plugin.so
configure:4062: checking for library containing strerror
configure:4093: /home/tl455047/disk2/tl455047/Dora-Taint/build/clang-wrapper -o conftest -g -O2        conftest.c  >&5
conftest.c:31:6: warning: incompatible redeclaration of library function 'strerror' [-Wincompatible-library-redeclaration]
char strerror ();
     ^
conftest.c:31:6: note: 'strerror' is a builtin with type 'char *(int)'
DFSanPass init
1 warning generated.
configure:4093: $? = 0
configure:4110: result: none required
configure:4118: checking for an ANSI C-conforming const
configure:4184: /home/tl455047/disk2/tl455047/Dora-Taint/build/clang-wrapper -c -g -O2      conftest.c >&5
DFSanPass init
configure:4184: $? = 0
configure:4191: result: yes
configure:4199: checking for inline
configure:4215: /home/tl455047/disk2/tl455047/Dora-Taint/build/clang-wrapper -c -g -O2      conftest.c >&5
DFSanPass init
configure:4215: $? = 0
configure:4223: result: inline
configure:4241: checking for off_t
configure:4241: /home/tl455047/disk2/tl455047/Dora-Taint/build/clang-wrapper -c -g -O2      conftest.c >&5
DFSanPass init
configure:4241: $? = 0
configure:4241: /home/tl455047/disk2/tl455047/Dora-Taint/build/clang-wrapper -c -g -O2      conftest.c >&5
conftest.c:60:20: error: expected expression
if (sizeof ((off_t)))
                   ^
1 error generated.
configure:4241: $? = 1
configure: failed program was:
| /* confdefs.h */
| #define PACKAGE_NAME ""
| #define PACKAGE_TARNAME ""
| #define PACKAGE_VERSION ""
| #define PACKAGE_STRING ""
| #define PACKAGE_BUGREPORT ""
| #define PACKAGE_URL ""
| #define STDC_HEADERS 1
| #define HAVE_SYS_TYPES_H 1
| #define HAVE_SYS_STAT_H 1
| #define HAVE_STDLIB_H 1
| #define HAVE_STRING_H 1
| #define HAVE_MEMORY_H 1
| #define HAVE_STRINGS_H 1
| #define HAVE_INTTYPES_H 1
| #define HAVE_STDINT_H 1
| #define HAVE_UNISTD_H 1
| #define __EXTENSIONS__ 1
| #define _ALL_SOURCE 1
| #define _GNU_SOURCE 1
| #define _POSIX_PTHREAD_SEMANTICS 1
| #define _TANDEM_SOURCE 1
| /* end confdefs.h.  */
| #include <stdio.h>
| #ifdef HAVE_SYS_TYPES_H
| # include <sys/types.h>
| #endif
| #ifdef HAVE_SYS_STAT_H
| # include <sys/stat.h>
| #endif
| #ifdef STDC_HEADERS
| # include <stdlib.h>
| # include <stddef.h>
| #else
| # ifdef HAVE_STDLIB_H
| #  include <stdlib.h>
| # endif
| #endif
| #ifdef HAVE_STRING_H
| # if !defined STDC_HEADERS && defined HAVE_MEMORY_H
| #  include <memory.h>
| # endif
| # include <string.h>
| #endif
| #ifdef HAVE_STRINGS_H
| # include <strings.h>
| #endif
| #ifdef HAVE_INTTYPES_H
| # include <inttypes.h>
| #endif
| #ifdef HAVE_STDINT_H
| # include <stdint.h>
| #endif
| #ifdef HAVE_UNISTD_H
| # include <unistd.h>
| #endif
| int
| main ()
| {
| if (sizeof ((off_t)))
| 	    return 0;
|   ;
|   return 0;
| }
configure:4241: result: yes
configure:4252: checking for size_t
configure:4252: /home/tl455047/disk2/tl455047/Dora-Taint/build/clang-wrapper -c -g -O2      conftest.c >&5
DFSanPass init
configure:4252: $? = 0
configure:4252: /home/tl455047/disk2/tl455047/Dora-Taint/build/clang-wrapper -c -g -O2      conftest.c >&5
conftest.c:60:21: error: expected expression
if (sizeof ((size_t)))
                    ^
1 error generated.
configure:4252: $? = 1
configure: failed program was:
| /* confdefs.h */
| #define PACKAGE_NAME ""
| #define PACKAGE_TARNAME ""
| #define PACKAGE_VERSION ""
| #define PACKAGE_STRING ""
| #define PACKAGE_BUGREPORT ""
| #define PACKAGE_URL ""
| #define STDC_HEADERS 1
| #define HAVE_SYS_TYPES_H 1
| #define HAVE_SYS_STAT_H 1
| #define HAVE_STDLIB_H 1
| #define HAVE_STRING_H 1
| #define HAVE_MEMORY_H 1
| #define HAVE_STRINGS_H 1
| #define HAVE_INTTYPES_H 1
| #define HAVE_STDINT_H 1
| #define HAVE_UNISTD_H 1
| #define __EXTENSIONS__ 1
| #define _ALL_SOURCE 1
| #define _GNU_SOURCE 1
| #define _POSIX_PTHREAD_SEMANTICS 1
| #define _TANDEM_SOURCE 1
| /* end confdefs.h.  */
| #include <stdio.h>
| #ifdef HAVE_SYS_TYPES_H
| # include <sys/types.h>
| #endif
| #ifdef HAVE_SYS_STAT_H
| # include <sys/stat.h>
| #endif
| #ifdef STDC_HEADERS
| # include <stdlib.h>
| # include <stddef.h>
| #else
| # ifdef HAVE_STDLIB_H
| #  include <stdlib.h>
| # endif
| #endif
| #ifdef HAVE_STRING_H
| # if !defined STDC_HEADERS && defined HAVE_MEMORY_H
| #  include <memory.h>
| # endif
| # include <string.h>
| #endif
| #ifdef HAVE_STRINGS_H
| # include <strings.h>
| #endif
| #ifdef HAVE_INTTYPES_H
| # include <inttypes.h>
| #endif
| #ifdef HAVE_STDINT_H
| # include <stdint.h>
| #endif
| #ifdef HAVE_UNISTD_H
| # include <unistd.h>
| #endif
| int
| main ()
| {
| if (sizeof ((size_t)))
| 	    return 0;
|   ;
|   return 0;
| }
configure:4252: result: yes
configure:4265: checking for working alloca.h
configure:4282: /home/tl455047/disk2/tl455047/Dora-Taint/build/clang-wrapper -o conftest -g -O2        conftest.c  >&5
DFSanPass init
configure:4282: $? = 0
configure:4290: result: yes
configure:4298: checking for alloca
configure:4335: /home/tl455047/disk2/tl455047/Dora-Taint/build/clang-wrapper -o conftest -g -O2        conftest.c  >&5
DFSanPass init
configure:4335: $? = 0
configure:4343: result: yes
configure:4455: checking for stdlib.h
configure:4455: result: yes
configure:4455: checking for unistd.h
configure:4455: result: yes
configure:4455: checking for sys/param.h
configure:4455: /home/tl455047/disk2/tl455047/Dora-Taint/build/clang-wrapper -c -g -O2      conftest.c >&5
DFSanPass init
configure:4455: $? = 0
configure:4455: result: yes
configure:4475: checking for getpagesize
configure:4475: /home/tl455047/disk2/tl455047/Dora-Taint/build/clang-wrapper -o conftest -g -O2        conftest.c  >&5
DFSanPass init
configure:4475: $? = 0
configure:4475: result: yes
configure:4484: checking for working mmap
configure:4631: /home/tl455047/disk2/tl455047/Dora-Taint/build/clang-wrapper -o conftest -g -O2        conftest.c  >&5
DFSanPass init
configure:4631: $? = 0
configure:4631: ./conftest
DFSan init
DFSan debug
==3646813==WARNING: DataFlowSanitizer: call to uninstrumented function umask
==3646813==WARNING: DataFlowSanitizer: call to uninstrumented function creat
DFSan fini
configure:4631: $? = 0
configure:4641: result: yes
configure:4651: checking whether we are using the GNU C Library 2.1 or newer
configure:4678: result: yes
configure:4686: checking whether integer division by zero raises SIGFPE
configure:4743: /home/tl455047/disk2/tl455047/Dora-Taint/build/clang-wrapper -o conftest -g -O2        conftest.c  >&5
conftest.c:49:5: error: redefinition of 'nan' as different kind of symbol
int nan;
    ^
conftest.c:49:5: note: unguarded header; consider using #ifdef guards or #pragma once
conftest.c:49:5: note: previous definition is here
conftest.c:64:7: error: non-object type 'double (const char *)' is not assignable
  nan = y / y;
  ~~~ ^
2 errors generated.
configure:4743: $? = 1
configure: program exited with status 1
configure: failed program was:
| /* confdefs.h */
| #define PACKAGE_NAME ""
| #define PACKAGE_TARNAME ""
| #define PACKAGE_VERSION ""
| #define PACKAGE_STRING ""
| #define PACKAGE_BUGREPORT ""
| #define PACKAGE_URL ""
| #define STDC_HEADERS 1
| #define HAVE_SYS_TYPES_H 1
| #define HAVE_SYS_STAT_H 1
| #define HAVE_STDLIB_H 1
| #define HAVE_STRING_H 1
| #define HAVE_MEMORY_H 1
| #define HAVE_STRINGS_H 1
| #define HAVE_INTTYPES_H 1
| #define HAVE_STDINT_H 1
| #define HAVE_UNISTD_H 1
| #define __EXTENSIONS__ 1
| #define _ALL_SOURCE 1
| #define _GNU_SOURCE 1
| #define _POSIX_PTHREAD_SEMANTICS 1
| #define _TANDEM_SOURCE 1
| #define HAVE_ALLOCA_H 1
| #define HAVE_ALLOCA 1
| #define HAVE_STDLIB_H 1
| #define HAVE_UNISTD_H 1
| #define HAVE_SYS_PARAM_H 1
| #define HAVE_GETPAGESIZE 1
| #define HAVE_MMAP 1
| /* end confdefs.h.  */
| 
| #include <stdlib.h>
| #include <signal.h>
| 
| static void
| #ifdef __cplusplus
| sigfpe_handler (int sig)
| #else
| sigfpe_handler (sig) int sig;
| #endif
| {
|   /* Exit with code 0 if SIGFPE, with code 1 if any other signal.  */
|   exit (sig != SIGFPE);
| }
| 
| int x = 1;
| int y = 0;
| int z;
| int nan;
| 
| int main ()
| {
|   signal (SIGFPE, sigfpe_handler);
| /* IRIX and AIX (when "xlc -qcheck" is used) yield signal SIGTRAP.  */
| #if (defined (__sgi) || defined (_AIX)) && defined (SIGTRAP)
|   signal (SIGTRAP, sigfpe_handler);
| #endif
| /* Linux/SPARC yields signal SIGILL.  */
| #if defined (__sparc__) && defined (__linux__)
|   signal (SIGILL, sigfpe_handler);
| #endif
| 
|   z = x / y;
|   nan = y / y;
|   exit (1);
| }
| 
configure:4754: result: no
configure:4767: checking for inttypes.h
configure:4784: /home/tl455047/disk2/tl455047/Dora-Taint/build/clang-wrapper -c -g -O2      conftest.c >&5
DFSanPass init
configure:4784: $? = 0
configure:4791: result: yes
configure:4802: checking for stdint.h
configure:4819: /home/tl455047/disk2/tl455047/Dora-Taint/build/clang-wrapper -c -g -O2      conftest.c >&5
DFSanPass init
configure:4819: $? = 0
configure:4826: result: yes
configure:4837: checking for unsigned long long
configure:4854: /home/tl455047/disk2/tl455047/Dora-Taint/build/clang-wrapper -o conftest -g -O2        conftest.c  >&5
DFSanPass init
configure:4854: $? = 0
configure:4862: result: yes
configure:4890: checking for inttypes.h
configure:4908: /home/tl455047/disk2/tl455047/Dora-Taint/build/clang-wrapper -c -g -O2      conftest.c >&5
DFSanPass init
configure:4908: $? = 0
configure:4916: result: yes
configure:4929: checking whether the inttypes.h PRIxNN macros are broken
configure:4950: /home/tl455047/disk2/tl455047/Dora-Taint/build/clang-wrapper -c -g -O2      conftest.c >&5
DFSanPass init
configure:4950: $? = 0
configure:4958: result: no
configure:5009: checking for ld used by GCC
configure:5072: result: /usr/bin/ld
configure:5079: checking if the linker (/usr/bin/ld) is GNU ld
GNU ld (GNU Binutils for Ubuntu) 2.34
configure:5091: result: yes
configure:5097: checking for shared library run path origin
configure:5110: result: done
configure:5531: checking argz.h usability
configure:5531: /home/tl455047/disk2/tl455047/Dora-Taint/build/clang-wrapper -c -g -O2      conftest.c >&5
DFSanPass init
configure:5531: $? = 0
configure:5531: result: yes
configure:5531: checking argz.h presence
configure:5531: /home/tl455047/disk2/tl455047/Dora-Taint/build/clang-wrapper -E  conftest.c
configure:5531: $? = 0
configure:5531: result: yes
configure:5531: checking for argz.h
configure:5531: result: yes
configure:5531: checking limits.h usability
configure:5531: /home/tl455047/disk2/tl455047/Dora-Taint/build/clang-wrapper -c -g -O2      conftest.c >&5
DFSanPass init
configure:5531: $? = 0
configure:5531: result: yes
configure:5531: checking limits.h presence
configure:5531: /home/tl455047/disk2/tl455047/Dora-Taint/build/clang-wrapper -E  conftest.c
configure:5531: $? = 0
configure:5531: result: yes
configure:5531: checking for limits.h
configure:5531: result: yes
configure:5531: checking locale.h usability
configure:5531: /home/tl455047/disk2/tl455047/Dora-Taint/build/clang-wrapper -c -g -O2      conftest.c >&5
DFSanPass init
configure:5531: $? = 0
configure:5531: result: yes
configure:5531: checking locale.h presence
configure:5531: /home/tl455047/disk2/tl455047/Dora-Taint/build/clang-wrapper -E  conftest.c
configure:5531: $? = 0
configure:5531: result: yes
configure:5531: checking for locale.h
configure:5531: result: yes
configure:5531: checking nl_types.h usability
configure:5531: /home/tl455047/disk2/tl455047/Dora-Taint/build/clang-wrapper -c -g -O2      conftest.c >&5
DFSanPass init
configure:5531: $? = 0
configure:5531: result: yes
configure:5531: checking nl_types.h presence
configure:5531: /home/tl455047/disk2/tl455047/Dora-Taint/build/clang-wrapper -E  conftest.c
configure:5531: $? = 0
configure:5531: result: yes
configure:5531: checking for nl_types.h
configure:5531: result: yes
configure:5531: checking malloc.h usability
configure:5531: /home/tl455047/disk2/tl455047/Dora-Taint/build/clang-wrapper -c -g -O2      conftest.c >&5
DFSanPass init
configure:5531: $? = 0
configure:5531: result: yes
configure:5531: checking malloc.h presence
configure:5531: /home/tl455047/disk2/tl455047/Dora-Taint/build/clang-wrapper -E  conftest.c
configure:5531: $? = 0
configure:5531: result: yes
configure:5531: checking for malloc.h
configure:5531: result: yes
configure:5531: checking stddef.h usability
configure:5531: /home/tl455047/disk2/tl455047/Dora-Taint/build/clang-wrapper -c -g -O2      conftest.c >&5
DFSanPass init
configure:5531: $? = 0
configure:5531: result: yes
configure:5531: checking stddef.h presence
configure:5531: /home/tl455047/disk2/tl455047/Dora-Taint/build/clang-wrapper -E  conftest.c
configure:5531: $? = 0
configure:5531: result: yes
configure:5531: checking for stddef.h
configure:5531: result: yes
configure:5531: checking for stdlib.h
configure:5531: result: yes
configure:5531: checking for string.h
configure:5531: result: yes
configure:5531: checking for unistd.h
configure:5531: result: yes
configure:5531: checking for sys/param.h
configure:5531: result: yes
configure:5547: checking for feof_unlocked
configure:5547: /home/tl455047/disk2/tl455047/Dora-Taint/build/clang-wrapper -o conftest -g -O2        conftest.c  >&5
DFSanPass init
configure:5547: $? = 0
configure:5547: result: yes
configure:5547: checking for fgets_unlocked
configure:5547: /home/tl455047/disk2/tl455047/Dora-Taint/build/clang-wrapper -o conftest -g -O2        conftest.c  >&5
DFSanPass init
configure:5547: $? = 0
configure:5547: result: yes
configure:5547: checking for getc_unlocked
configure:5547: /home/tl455047/disk2/tl455047/Dora-Taint/build/clang-wrapper -o conftest -g -O2        conftest.c  >&5
DFSanPass init
configure:5547: $? = 0
configure:5547: result: yes
configure:5547: checking for getcwd
configure:5547: /home/tl455047/disk2/tl455047/Dora-Taint/build/clang-wrapper -o conftest -g -O2        conftest.c  >&5
DFSanPass init
configure:5547: $? = 0
configure:5547: result: yes
configure:5547: checking for getegid
configure:5547: /home/tl455047/disk2/tl455047/Dora-Taint/build/clang-wrapper -o conftest -g -O2        conftest.c  >&5
DFSanPass init
configure:5547: $? = 0
configure:5547: result: yes
configure:5547: checking for geteuid
configure:5547: /home/tl455047/disk2/tl455047/Dora-Taint/build/clang-wrapper -o conftest -g -O2        conftest.c  >&5
DFSanPass init
configure:5547: $? = 0
configure:5547: result: yes
configure:5547: checking for getgid
configure:5547: /home/tl455047/disk2/tl455047/Dora-Taint/build/clang-wrapper -o conftest -g -O2        conftest.c  >&5
DFSanPass init
configure:5547: $? = 0
configure:5547: result: yes
configure:5547: checking for getuid
configure:5547: /home/tl455047/disk2/tl455047/Dora-Taint/build/clang-wrapper -o conftest -g -O2        conftest.c  >&5
DFSanPass init
configure:5547: $? = 0
configure:5547: result: yes
configure:5547: checking for mempcpy
configure:5547: /home/tl455047/disk2/tl455047/Dora-Taint/build/clang-wrapper -o conftest -g -O2        conftest.c  >&5
conftest.c:78:6: warning: incompatible redeclaration of library function 'mempcpy' [-Wincompatible-library-redeclaration]
char mempcpy ();
     ^
conftest.c:78:6: note: 'mempcpy' is a builtin with type 'void *(void *, const void *, unsigned long)'
DFSanPass init
1 warning generated.
configure:5547: $? = 0
configure:5547: result: yes
configure:5547: checking for munmap
configure:5547: /home/tl455047/disk2/tl455047/Dora-Taint/build/clang-wrapper -o conftest -g -O2        conftest.c  >&5
DFSanPass init
configure:5547: $? = 0
configure:5547: result: yes
configure:5547: checking for putenv
configure:5547: /home/tl455047/disk2/tl455047/Dora-Taint/build/clang-wrapper -o conftest -g -O2        conftest.c  >&5
DFSanPass init
configure:5547: $? = 0
configure:5547: result: yes
configure:5547: checking for setenv
configure:5547: /home/tl455047/disk2/tl455047/Dora-Taint/build/clang-wrapper -o conftest -g -O2        conftest.c  >&5
DFSanPass init
configure:5547: $? = 0
configure:5547: result: yes
configure:5547: checking for setlocale
configure:5547: /home/tl455047/disk2/tl455047/Dora-Taint/build/clang-wrapper -o conftest -g -O2        conftest.c  >&5
DFSanPass init
configure:5547: $? = 0
configure:5547: result: yes
configure:5547: checking for stpcpy
configure:5547: /home/tl455047/disk2/tl455047/Dora-Taint/build/clang-wrapper -o conftest -g -O2        conftest.c  >&5
conftest.c:83:6: warning: incompatible redeclaration of library function 'stpcpy' [-Wincompatible-library-redeclaration]
char stpcpy ();
     ^
conftest.c:83:6: note: 'stpcpy' is a builtin with type 'char *(char *, const char *)'
DFSanPass init
1 warning generated.
configure:5547: $? = 0
configure:5547: result: yes
configure:5547: checking for strcasecmp
configure:5547: /home/tl455047/disk2/tl455047/Dora-Taint/build/clang-wrapper -o conftest -g -O2        conftest.c  >&5
conftest.c:84:6: warning: incompatible redeclaration of library function 'strcasecmp' [-Wincompatible-library-redeclaration]
char strcasecmp ();
     ^
conftest.c:84:6: note: 'strcasecmp' is a builtin with type 'int (const char *, const char *)'
DFSanPass init
1 warning generated.
configure:5547: $? = 0
configure:5547: result: yes
configure:5547: checking for strdup
configure:5547: /home/tl455047/disk2/tl455047/Dora-Taint/build/clang-wrapper -o conftest -g -O2        conftest.c  >&5
conftest.c:85:6: warning: incompatible redeclaration of library function 'strdup' [-Wincompatible-library-redeclaration]
char strdup ();
     ^
conftest.c:85:6: note: 'strdup' is a builtin with type 'char *(const char *)'
DFSanPass init
1 warning generated.
configure:5547: $? = 0
configure:5547: result: yes
configure:5547: checking for strtoul
configure:5547: /home/tl455047/disk2/tl455047/Dora-Taint/build/clang-wrapper -o conftest -g -O2        conftest.c  >&5
conftest.c:86:6: warning: incompatible redeclaration of library function 'strtoul' [-Wincompatible-library-redeclaration]
char strtoul ();
     ^
conftest.c:86:6: note: 'strtoul' is a builtin with type 'unsigned long (const char *, char **, int)'
DFSanPass init
1 warning generated.
configure:5547: $? = 0
configure:5547: result: yes
configure:5547: checking for tsearch
configure:5547: /home/tl455047/disk2/tl455047/Dora-Taint/build/clang-wrapper -o conftest -g -O2        conftest.c  >&5
DFSanPass init
configure:5547: $? = 0
configure:5547: result: yes
configure:5547: checking for __argz_count
configure:5547: /home/tl455047/disk2/tl455047/Dora-Taint/build/clang-wrapper -o conftest -g -O2        conftest.c  >&5
DFSanPass init
configure:5547: $? = 0
configure:5547: result: yes
configure:5547: checking for __argz_stringify
configure:5547: /home/tl455047/disk2/tl455047/Dora-Taint/build/clang-wrapper -o conftest -g -O2        conftest.c  >&5
DFSanPass init
configure:5547: $? = 0
configure:5547: result: yes
configure:5547: checking for __argz_next
configure:5547: /home/tl455047/disk2/tl455047/Dora-Taint/build/clang-wrapper -o conftest -g -O2        conftest.c  >&5
DFSanPass init
configure:5547: $? = 0
configure:5547: result: yes
configure:5547: checking for __fsetlocking
configure:5547: /home/tl455047/disk2/tl455047/Dora-Taint/build/clang-wrapper -o conftest -g -O2        conftest.c  >&5
DFSanPass init
configure:5547: $? = 0
configure:5547: result: yes
configure:5562: checking for iconv
configure:5586: /home/tl455047/disk2/tl455047/Dora-Taint/build/clang-wrapper -o conftest -g -O2         conftest.c  >&5
DFSanPass init
configure:5586: $? = 0
configure:5660: result: yes
configure:5703: checking for iconv declaration
configure:5732: /home/tl455047/disk2/tl455047/Dora-Taint/build/clang-wrapper -c -g -O2      conftest.c >&5
DFSanPass init
configure:5732: $? = 0
configure:5743: result: 
         extern size_t iconv (iconv_t cd, char * *inbuf, size_t *inbytesleft, char * *outbuf, size_t *outbytesleft);
configure:5754: checking for nl_langinfo and CODESET
configure:5770: /home/tl455047/disk2/tl455047/Dora-Taint/build/clang-wrapper -o conftest -g -O2        conftest.c  >&5
DFSanPass init
configure:5770: $? = 0
configure:5779: result: yes
configure:5789: checking for LC_MESSAGES
configure:5805: /home/tl455047/disk2/tl455047/Dora-Taint/build/clang-wrapper -o conftest -g -O2        conftest.c  >&5
DFSanPass init
configure:5805: $? = 0
configure:5813: result: yes
configure:5827: checking for bison
configure:5843: found /usr/bin/bison
configure:5854: result: bison
configure:5868: checking version of bison
configure:5877: result: 3.5.1, ok
configure:5899: checking whether NLS is requested
configure:5908: result: yes
configure:5924: checking whether included gettext is requested
configure:5934: result: no
configure:5945: checking for GNU gettext in libc
configure:5970: /home/tl455047/disk2/tl455047/Dora-Taint/build/clang-wrapper -o conftest -g -O2        conftest.c  >&5
conftest.c:86:8: warning: cast to smaller integer type 'int' from 'char *' [-Wpointer-to-int-cast]
return (int) gettext ("") + (int) ngettext ("", "", 0) + __GNU_GETTEXT_SYMBOL_EXPRESSION
       ^~~~~~~~~~~~~~~~~~
conftest.c:86:29: warning: cast to smaller integer type 'int' from 'char *' [-Wpointer-to-int-cast]
return (int) gettext ("") + (int) ngettext ("", "", 0) + __GNU_GETTEXT_SYMBOL_EXPRESSION
                            ^~~~~~~~~~~~~~~~~~~~~~~~~~
DFSanPass init
2 warnings generated.
configure:5970: $? = 0
configure:5978: result: yes
configure:6499: checking whether to use NLS
configure:6501: result: yes
configure:6504: checking where the gettext function comes from
configure:6515: result: libc
configure:6629: checking for aclocal
configure:6645: found /usr/bin/aclocal
configure:6656: result: aclocal
configure:6672: checking for autoconf
configure:6688: found /usr/bin/autoconf
configure:6699: result: autoconf
configure:6715: checking for autoheader
configure:6731: found /usr/bin/autoheader
configure:6742: result: autoheader
configure:6872: checking bison 3 or later
configure:6880: result: 3.5.1, bison3
configure:6949: updating cache ./config.cache
configure:6998: creating ./config.status

## ---------------------- ##
## Running config.status. ##
## ---------------------- ##

This file was extended by config.status, which was
generated by GNU Autoconf 2.69.  Invocation command line was

  CONFIG_FILES    = 
  CONFIG_HEADERS  = 
  CONFIG_LINKS    = 
  CONFIG_COMMANDS = 
  $ ./config.status 

on tl455047-ubuntu

config.status:921: creating Makefile
config.status:921: creating config.intl
config.status:921: creating config.h
config.status:1110: executing default-1 commands

## ---------------- ##
## Cache variables. ##
## ---------------- ##

ac_cv_build=x86_64-pc-linux-gnu
ac_cv_c_compiler_gnu=yes
ac_cv_c_const=yes
ac_cv_c_inline=inline
ac_cv_env_CC_set=set
ac_cv_env_CC_value=/home/tl455047/disk2/tl455047/Dora-Taint/build/clang-wrapper
ac_cv_env_CFLAGS_set=set
ac_cv_env_CFLAGS_value='-g -O2    '
ac_cv_env_CPPFLAGS_set=
ac_cv_env_CPPFLAGS_value=
ac_cv_env_CPP_set=
ac_cv_env_CPP_value=
ac_cv_env_LDFLAGS_set=set
ac_cv_env_LDFLAGS_value=' '
ac_cv_env_LIBS_set=
ac_cv_env_LIBS_value=
ac_cv_env_build_alias_set=set
ac_cv_env_build_alias_value=x86_64-pc-linux-gnu
ac_cv_env_host_alias_set=set
ac_cv_env_host_alias_value=x86_64-pc-linux-gnu
ac_cv_env_target_alias_set=set
ac_cv_env_target_alias_value=x86_64-pc-linux-gnu
ac_cv_func___argz_count=yes
ac_cv_func___argz_next=yes
ac_cv_func___argz_stringify=yes
ac_cv_func___fsetlocking=yes
ac_cv_func_alloca_works=yes
ac_cv_func_feof_unlocked=yes
ac_cv_func_fgets_unlocked=yes
ac_cv_func_getc_unlocked=yes
ac_cv_func_getcwd=yes
ac_cv_func_getegid=yes
ac_cv_func_geteuid=yes
ac_cv_func_getgid=yes
ac_cv_func_getpagesize=yes
ac_cv_func_getuid=yes
ac_cv_func_mempcpy=yes
ac_cv_func_mmap_fixed_mapped=yes
ac_cv_func_munmap=yes
ac_cv_func_putenv=yes
ac_cv_func_setenv=yes
ac_cv_func_setlocale=yes
ac_cv_func_stpcpy=yes
ac_cv_func_strcasecmp=yes
ac_cv_func_strdup=yes
ac_cv_func_strtoul=yes
ac_cv_func_tsearch=yes
ac_cv_gnu_library_2_1=yes
ac_cv_header_argz_h=yes
ac_cv_header_inttypes_h=yes
ac_cv_header_limits_h=yes
ac_cv_header_locale_h=yes
ac_cv_header_malloc_h=yes
ac_cv_header_memory_h=yes
ac_cv_header_minix_config_h=no
ac_cv_header_nl_types_h=yes
ac_cv_header_stdc=yes
ac_cv_header_stddef_h=yes
ac_cv_header_stdint_h=yes
ac_cv_header_stdlib_h=yes
ac_cv_header_string_h=yes
ac_cv_header_strings_h=yes
ac_cv_header_sys_param_h=yes
ac_cv_header_sys_stat_h=yes
ac_cv_header_sys_types_h=yes
ac_cv_header_unistd_h=yes
ac_cv_host=x86_64-pc-linux-gnu
ac_cv_objext=o
ac_cv_path_EGREP='/usr/bin/grep -E'
ac_cv_path_GMSGFMT=:
ac_cv_path_GREP=/usr/bin/grep
ac_cv_path_MSGFMT=:
ac_cv_path_MSGMERGE=:
ac_cv_path_XGETTEXT=:
ac_cv_prog_ACLOCAL=aclocal
ac_cv_prog_AUTOCONF=autoconf
ac_cv_prog_AUTOHEADER=autoheader
ac_cv_prog_CC=/home/tl455047/disk2/tl455047/Dora-Taint/build/clang-wrapper
ac_cv_prog_CPP='/home/tl455047/disk2/tl455047/Dora-Taint/build/clang-wrapper -E'
ac_cv_prog_INTLBISON=bison
ac_cv_prog_RANLIB='ranlib --plugin /usr/bin/../lib/gcc/x86_64-linux-gnu/9/liblto_plugin.so'
ac_cv_prog_cc_c89=
ac_cv_prog_cc_g=yes
ac_cv_prog_make_make_set=yes
ac_cv_safe_to_define___extensions__=yes
ac_cv_search_strerror='none required'
ac_cv_type_off_t=yes
ac_cv_type_size_t=yes
ac_cv_type_unsigned_long_long=yes
ac_cv_working_alloca_h=yes
acl_cv_hardcode_direct=no
acl_cv_hardcode_libdir_flag_spec='${wl}-rpath ${wl}$libdir'
acl_cv_hardcode_libdir_separator=
acl_cv_hardcode_minus_L=no
acl_cv_libext=a
acl_cv_path_LD=/usr/bin/ld
acl_cv_prog_gnu_ld=yes
acl_cv_rpath=done
acl_cv_shlibext=so
acl_cv_wl=-Wl,
am_cv_func_iconv=yes
am_cv_langinfo_codeset=yes
am_cv_lib_iconv=no
am_cv_proto_iconv='extern size_t iconv (iconv_t cd, char * *inbuf, size_t *inbytesleft, char * *outbuf, size_t *outbytesleft);'
am_cv_proto_iconv_arg1=
am_cv_val_LC_MESSAGES=yes
gt_cv_func_gnugettext2_libc=yes
gt_cv_header_inttypes_h=yes
gt_cv_int_divbyzero_sigfpe=no
gt_cv_inttypes_pri_broken=no
jm_ac_cv_header_inttypes_h=yes
jm_ac_cv_header_stdint_h=yes
nls_cv_force_use_gnu_gettext=no
nls_cv_header_intl=
nls_cv_header_libgt=
nls_cv_use_gnu_gettext=no

## ----------------- ##
## Output variables. ##
## ----------------- ##

ACLOCAL='aclocal'
ALLOCA=''
AUTOCONF='autoconf'
AUTOHEADER='autoheader'
BISON3_NO='#'
BISON3_YES=''
BUILD_INCLUDED_LIBINTL='no'
CATOBJEXT='.gmo'
CC='/home/tl455047/disk2/tl455047/Dora-Taint/build/clang-wrapper'
CFLAGS='-g -O2    '
CPP='/home/tl455047/disk2/tl455047/Dora-Taint/build/clang-wrapper -E'
CPPFLAGS=''
DATADIRNAME='share'
DEFS='-DHAVE_CONFIG_H'
ECHO_C=''
ECHO_N='-n'
ECHO_T=''
EGREP='/usr/bin/grep -E'
EXEEXT=''
GENCAT='gencat'
GLIBC21='yes'
GMSGFMT=':'
GREP='/usr/bin/grep'
INCINTL=''
INSTALL_DATA='/usr/bin/install -c -m 644'
INSTALL_PROGRAM='/usr/bin/install -c'
INSTALL_SCRIPT='/usr/bin/install -c'
INSTOBJEXT='.mo'
INTLBISON='bison'
INTLLIBS=''
INTLOBJS=''
INTL_LIBTOOL_SUFFIX_PREFIX=''
LDFLAGS=' '
LIBICONV=''
LIBINTL=''
LIBINTL_DEP=''
LIBOBJS=''
LIBS=''
LTLIBICONV=''
LTLIBINTL=''
LTLIBOBJS=''
MAINT='#'
MKINSTALLDIRS='$(top_builddir)/./../mkinstalldirs'
MSGFMT=':'
MSGMERGE=':'
OBJEXT='o'
PACKAGE_BUGREPORT=''
PACKAGE_NAME=''
PACKAGE_STRING=''
PACKAGE_TARNAME=''
PACKAGE_URL=''
PACKAGE_VERSION=''
PATH_SEPARATOR=':'
PICFLAG='-fpic'
POSUB='po'
RANLIB='ranlib --plugin /usr/bin/../lib/gcc/x86_64-linux-gnu/9/liblto_plugin.so'
SET_MAKE=''
SHELL='/bin/bash'
USE_INCLUDED_LIBINTL='no'
USE_NLS='yes'
XGETTEXT=':'
ac_ct_CC=''
bindir='${exec_prefix}/bin'
build='x86_64-pc-linux-gnu'
build_alias='x86_64-pc-linux-gnu'
build_cpu='x86_64'
build_os='linux-gnu'
build_vendor='pc'
datadir='${datarootdir}'
datarootdir='${prefix}/share'
docdir='${datarootdir}/doc/${PACKAGE}'
dvidir='${docdir}'
exec_prefix='${prefix}'
host='x86_64-pc-linux-gnu'
host_alias='x86_64-pc-linux-gnu'
host_cpu='x86_64'
host_os='linux-gnu'
host_vendor='pc'
htmldir='${docdir}'
includedir='${prefix}/include'
infodir='${datarootdir}/info'
libdir='${exec_prefix}/lib'
libexecdir='${exec_prefix}/libexec'
localedir='${datarootdir}/locale'
localstatedir='${prefix}/var'
mandir='${datarootdir}/man'
oldincludedir='/usr/include'
pdfdir='${docdir}'
prefix='/usr/local'
program_transform_name='s,y,y,'
psdir='${docdir}'
sbindir='${exec_prefix}/sbin'
sharedstatedir='${prefix}/com'
sysconfdir='${prefix}/etc'
target_alias='x86_64-pc-linux-gnu'

## ----------- ##
## confdefs.h. ##
## ----------- ##

/* confdefs.h */
#define PACKAGE_NAME ""
#define PACKAGE_TARNAME ""
#define PACKAGE_VERSION ""
#define PACKAGE_STRING ""
#define PACKAGE_BUGREPORT ""
#define PACKAGE_URL ""
#define STDC_HEADERS 1
#define HAVE_SYS_TYPES_H 1
#define HAVE_SYS_STAT_H 1
#define HAVE_STDLIB_H 1
#define HAVE_STRING_H 1
#define HAVE_MEMORY_H 1
#define HAVE_STRINGS_H 1
#define HAVE_INTTYPES_H 1
#define HAVE_STDINT_H 1
#define HAVE_UNISTD_H 1
#define __EXTENSIONS__ 1
#define _ALL_SOURCE 1
#define _GNU_SOURCE 1
#define _POSIX_PTHREAD_SEMANTICS 1
#define _TANDEM_SOURCE 1
#define HAVE_ALLOCA_H 1
#define HAVE_ALLOCA 1
#define HAVE_STDLIB_H 1
#define HAVE_UNISTD_H 1
#define HAVE_SYS_PARAM_H 1
#define HAVE_GETPAGESIZE 1
#define HAVE_MMAP 1
#define INTDIV0_RAISES_SIGFPE 0
#define HAVE_INTTYPES_H_WITH_UINTMAX 1
#define HAVE_STDINT_H_WITH_UINTMAX 1
#define HAVE_UNSIGNED_LONG_LONG 1
#define HAVE_UINTMAX_T 1
#define HAVE_INTTYPES_H 1
#define HAVE_ARGZ_H 1
#define HAVE_LIMITS_H 1
#define HAVE_LOCALE_H 1
#define HAVE_NL_TYPES_H 1
#define HAVE_MALLOC_H 1
#define HAVE_STDDEF_H 1
#define HAVE_STDLIB_H 1
#define HAVE_STRING_H 1
#define HAVE_UNISTD_H 1
#define HAVE_SYS_PARAM_H 1
#define HAVE_FEOF_UNLOCKED 1
#define HAVE_FGETS_UNLOCKED 1
#define HAVE_GETC_UNLOCKED 1
#define HAVE_GETCWD 1
#define HAVE_GETEGID 1
#define HAVE_GETEUID 1
#define HAVE_GETGID 1
#define HAVE_GETUID 1
#define HAVE_MEMPCPY 1
#define HAVE_MUNMAP 1
#define HAVE_PUTENV 1
#define HAVE_SETENV 1
#define HAVE_SETLOCALE 1
#define HAVE_STPCPY 1
#define HAVE_STRCASECMP 1
#define HAVE_STRDUP 1
#define HAVE_STRTOUL 1
#define HAVE_TSEARCH 1
#define HAVE___ARGZ_COUNT 1
#define HAVE___ARGZ_STRINGIFY 1
#define HAVE___ARGZ_NEXT 1
#define HAVE___FSETLOCKING 1
#define HAVE_ICONV 1
#define ICONV_CONST 
#define HAVE_LANGINFO_CODESET 1
#define HAVE_LC_MESSAGES 1
#define ENABLE_NLS 1
#define HAVE_GETTEXT 1
#define HAVE_DCGETTEXT 1
#define IN_LIBINTL 1
#define IN_LIBRARY 1
#define DEPENDS_ON_LIBICONV 1
#define ENABLE_RELOCATABLE 1
#define NO_XMALLOC 1
#define set_relocation_prefix libintl_set_relocation_prefix
#define relocate libintl_relocate

configure: exit 0
