This file contains any messages produced by compilers while
running configure, to aid debugging if configure makes a mistake.

It was created by zlib configure 1.1.4, which was
generated by GNU Autoconf 2.69.  Invocation command line was

  $ /home/tl455047/disk2/tl455047/Dora-Taint/testcase/binutils-2.37/zlib/configure --srcdir=.././zlib --cache-file=./config.cache --with-gnu-as --with-gnu-ld --disable-shared --program-transform-name=s,y,y, --disable-option-checking --build=x86_64-pc-linux-gnu --host=x86_64-pc-linux-gnu --target=x86_64-pc-linux-gnu

## --------- ##
## Platform. ##
## --------- ##

hostname = tl455047-ubuntu
uname -m = x86_64
uname -r = 5.11.0-38-generic
uname -s = Linux
uname -v = #42~20.04.1-Ubuntu SMP Tue Sep 28 20:41:07 UTC 2021

/usr/bin/uname -p = x86_64
/bin/uname -X     = unknown

/bin/arch              = x86_64
/usr/bin/arch -k       = unknown
/usr/convex/getsysinfo = unknown
/usr/bin/hostinfo      = unknown
/bin/machine           = unknown
/usr/bin/oslevel       = unknown
/bin/universe          = unknown

PATH: /home/tl455047/.local/bin
PATH: /usr/local/sbin
PATH: /usr/local/bin
PATH: /usr/sbin
PATH: /usr/bin
PATH: /sbin
PATH: /bin
PATH: /usr/games
PATH: /usr/local/games
PATH: /snap/bin


## ----------- ##
## Core tests. ##
## ----------- ##

configure:2147: creating cache ./config.cache
configure:2301: checking build system type
configure:2315: result: x86_64-pc-linux-gnu
configure:2335: checking host system type
configure:2348: result: x86_64-pc-linux-gnu
configure:2368: checking target system type
configure:2381: result: x86_64-pc-linux-gnu
configure:2429: checking for a BSD-compatible install
configure:2497: result: /usr/bin/install -c
configure:2508: checking whether build environment is sane
configure:2563: result: yes
configure:2712: checking for a thread-safe mkdir -p
configure:2751: result: /usr/bin/mkdir -p
configure:2758: checking for gawk
configure:2785: result: gawk
configure:2796: checking whether make sets $(MAKE)
configure:2818: result: yes
configure:2847: checking whether make supports nested variables
configure:2864: result: yes
configure:2992: checking whether to enable maintainer-specific portions of Makefiles
configure:3001: result: no
configure:3072: checking for x86_64-pc-linux-gnu-gcc
configure:3099: result: /home/tl455047/disk2/tl455047/Dora-Taint/build/clang-wrapper
configure:3368: checking for C compiler version
configure:3377: /home/tl455047/disk2/tl455047/Dora-Taint/build/clang-wrapper --version >&5
Ubuntu clang version 11.0.0-2~ubuntu20.04.1
Target: x86_64-pc-linux-gnu
Thread model: posix
InstalledDir: /usr/bin
configure:3388: $? = 0
configure:3377: /home/tl455047/disk2/tl455047/Dora-Taint/build/clang-wrapper -v >&5
Ubuntu clang version 11.0.0-2~ubuntu20.04.1
Target: x86_64-pc-linux-gnu
Thread model: posix
InstalledDir: /usr/bin
Found candidate GCC installation: /usr/bin/../lib/gcc/x86_64-linux-gnu/8
Found candidate GCC installation: /usr/bin/../lib/gcc/x86_64-linux-gnu/9
Found candidate GCC installation: /usr/lib/gcc/x86_64-linux-gnu/8
Found candidate GCC installation: /usr/lib/gcc/x86_64-linux-gnu/9
Selected GCC installation: /usr/bin/../lib/gcc/x86_64-linux-gnu/9
Candidate multilib: .;@m64
... rest of stderr output deleted ...
configure:3388: $? = 1
configure:3377: /home/tl455047/disk2/tl455047/Dora-Taint/build/clang-wrapper -V >&5
clang: error: unsupported option '-V -fno-builtin-memcpy'
configure:3388: $? = 1
configure:3377: /home/tl455047/disk2/tl455047/Dora-Taint/build/clang-wrapper -qversion >&5
clang: error: unknown argument '-qversion'; did you mean '--version'?
configure:3388: $? = 1
configure:3404: /home/tl455047/disk2/tl455047/Dora-Taint/build/clang-wrapper -o conftest -g -O2        conftest.c  >&5
DFSanPass init
configure:3407: $? = 0
configure:3436: checking whether the C compiler works
configure:3458: /home/tl455047/disk2/tl455047/Dora-Taint/build/clang-wrapper -g -O2        conftest.c  >&5
DFSanPass init
configure:3462: $? = 0
configure:3510: result: yes
configure:3513: checking for C compiler default output file name
configure:3515: result: a.out
configure:3521: checking for suffix of executables
configure:3528: /home/tl455047/disk2/tl455047/Dora-Taint/build/clang-wrapper -o conftest -g -O2        conftest.c  >&5
DFSanPass init
configure:3532: $? = 0
configure:3554: result: 
configure:3576: checking whether we are cross compiling
configure:3584: /home/tl455047/disk2/tl455047/Dora-Taint/build/clang-wrapper -o conftest -g -O2        conftest.c  >&5
DFSanPass init
configure:3588: $? = 0
configure:3595: ./conftest
DFSan init
DFSan debug
DFSan fini
configure:3599: $? = 0
configure:3614: result: no
configure:3587: checking for suffix of object files
configure:3609: /home/tl455047/disk2/tl455047/Dora-Taint/build/clang-wrapper -c -g -O2      conftest.c >&5
DFSanPass init
configure:3613: $? = 0
configure:3634: result: o
configure:3638: checking whether we are using the GNU C compiler
configure:3657: /home/tl455047/disk2/tl455047/Dora-Taint/build/clang-wrapper -c -g -O2      conftest.c >&5
DFSanPass init
configure:3657: $? = 0
configure:3666: result: yes
configure:3675: checking whether /home/tl455047/disk2/tl455047/Dora-Taint/build/clang-wrapper accepts -g
configure:3695: /home/tl455047/disk2/tl455047/Dora-Taint/build/clang-wrapper -c -g  conftest.c >&5
DFSanPass init
configure:3695: $? = 0
configure: failed program was:
| /* confdefs.h */
| #define PACKAGE_NAME "zlib"
| #define PACKAGE_TARNAME "zlib"
| #define PACKAGE_VERSION "1.1.4"
| #define PACKAGE_STRING "zlib 1.1.4"
| #define PACKAGE_BUGREPORT ""
| #define PACKAGE_URL ""
| #define PACKAGE "zlib"
| #define VERSION "1.1.4"
| /* end confdefs.h.  */
| 
| int
| main ()
| {
| 
|   ;
|   return 0;
| }
configure:3710: /home/tl455047/disk2/tl455047/Dora-Taint/build/clang-wrapper -c   conftest.c >&5
DFSanPass init
configure:3710: $? = 0
configure: failed program was:
| /* confdefs.h */
| #define PACKAGE_NAME "zlib"
| #define PACKAGE_TARNAME "zlib"
| #define PACKAGE_VERSION "1.1.4"
| #define PACKAGE_STRING "zlib 1.1.4"
| #define PACKAGE_BUGREPORT ""
| #define PACKAGE_URL ""
| #define PACKAGE "zlib"
| #define VERSION "1.1.4"
| /* end confdefs.h.  */
| 
| int
| main ()
| {
| 
|   ;
|   return 0;
| }
configure:3726: /home/tl455047/disk2/tl455047/Dora-Taint/build/clang-wrapper -c -g  conftest.c >&5
DFSanPass init
configure:3726: $? = 0
configure:3736: result: yes
configure:3753: checking for /home/tl455047/disk2/tl455047/Dora-Taint/build/clang-wrapper option to accept ISO C89
configure:3816: /home/tl455047/disk2/tl455047/Dora-Taint/build/clang-wrapper  -c -g -O2      conftest.c >&5
DFSanPass init
configure:3816: $? = 0
configure:3829: result: none needed
configure:3854: checking whether /home/tl455047/disk2/tl455047/Dora-Taint/build/clang-wrapper understands -c and -o together
configure:3876: /home/tl455047/disk2/tl455047/Dora-Taint/build/clang-wrapper -c conftest.c -o conftest2.o
DFSanPass init
configure:3879: $? = 0
configure:3876: /home/tl455047/disk2/tl455047/Dora-Taint/build/clang-wrapper -c conftest.c -o conftest2.o
DFSanPass init
configure:3879: $? = 0
configure:3891: result: yes
configure:3919: checking for style of include used by make
configure:3947: result: GNU
configure:3973: checking dependency style of /home/tl455047/disk2/tl455047/Dora-Taint/build/clang-wrapper
configure:4084: result: gcc3
configure:4149: checking how to print strings
configure:4176: result: printf
configure:4197: checking for a sed that does not truncate output
configure:4261: result: /usr/bin/sed
configure:4279: checking for grep that handles long lines and -e
configure:4337: result: /usr/bin/grep
configure:4342: checking for egrep
configure:4404: result: /usr/bin/grep -E
configure:4409: checking for fgrep
configure:4471: result: /usr/bin/grep -F
configure:4506: checking for ld used by /home/tl455047/disk2/tl455047/Dora-Taint/build/clang-wrapper
configure:4573: result: /usr/bin/ld
configure:4580: checking if the linker (/usr/bin/ld) is GNU ld
configure:4595: result: yes
configure:4607: checking for BSD- or MS-compatible name lister (nm)
configure:4656: result: nm
configure:4786: checking the name lister (nm) interface
configure:4793: /home/tl455047/disk2/tl455047/Dora-Taint/build/clang-wrapper -c -g -O2      conftest.c >&5
DFSanPass init
configure:4796: nm "conftest.o"
configure:4799: output
0000000000000000 B some_variable
configure:4800: result: BSD nm
configure:4803: checking whether ln -s works
configure:4807: result: yes
configure:4815: checking the maximum length of command line arguments
configure:4940: result: 1572864
configure:4957: checking whether the shell understands some XSI constructs
configure:4966: result: yes
configure:4970: checking whether the shell understands "+="
configure:4974: result: yes
configure:5009: checking for /usr/bin/ld option to reload object files
configure:5016: result: -r
configure:5045: checking for x86_64-pc-linux-gnu-objdump
configure:5072: result: objdump
configure:5144: checking how to recognize dependent libraries
configure:5345: result: pass_all
configure:5378: checking for x86_64-pc-linux-gnu-ar
configure:5405: result: ar --plugin /usr/bin/../lib/gcc/x86_64-linux-gnu/9/liblto_plugin.so
configure:5496: checking for x86_64-pc-linux-gnu-strip
configure:5526: result: no
configure:5536: checking for strip
configure:5552: found /usr/bin/strip
configure:5563: result: strip
configure:5595: checking for x86_64-pc-linux-gnu-ranlib
configure:5622: result: ranlib --plugin /usr/bin/../lib/gcc/x86_64-linux-gnu/9/liblto_plugin.so
configure:5769: checking command to parse nm output from /home/tl455047/disk2/tl455047/Dora-Taint/build/clang-wrapper object
configure:5887: /home/tl455047/disk2/tl455047/Dora-Taint/build/clang-wrapper -c -g -O2      conftest.c >&5
DFSanPass init
configure:5890: $? = 0
configure:5894: nm conftest.o \| sed -n -e 's/^.*[ ]\([ABCDGIRSTW][ABCDGIRSTW]*\)[ ][ ]*\([_A-Za-z][_A-Za-z0-9]*\)$/\1 \2 \2/p' \> conftest.nm
configure:5897: $? = 0
cannot find nm_test_func in conftest.nm
configure:5887: /home/tl455047/disk2/tl455047/Dora-Taint/build/clang-wrapper -c -g -O2      conftest.c >&5
DFSanPass init
configure:5890: $? = 0
configure:5894: nm conftest.o \| sed -n -e 's/^.*[ ]\([ABCDGIRSTW][ABCDGIRSTW]*\)[ ][ ]*_\([_A-Za-z][_A-Za-z0-9]*\)$/\1 _\2 \2/p' \> conftest.nm
configure:5897: $? = 0
cannot run sed -n -e 's/^.*[	 ]\([ABCDGIRSTW][ABCDGIRSTW]*\)[	 ][	 ]*_\([_A-Za-z][_A-Za-z0-9]*\)$/\1 _\2 \2/p'
configure:5989: result: failed
configure:6088: /home/tl455047/disk2/tl455047/Dora-Taint/build/clang-wrapper -c -g -O2      conftest.c >&5
DFSanPass init
configure:6091: $? = 0
configure:6850: checking how to run the C preprocessor
configure:6881: /home/tl455047/disk2/tl455047/Dora-Taint/build/clang-wrapper -E  conftest.c
configure:6881: $? = 0
configure:6895: /home/tl455047/disk2/tl455047/Dora-Taint/build/clang-wrapper -E  conftest.c
conftest.c:11:10: fatal error: 'ac_nonexistent.h' file not found
#include <ac_nonexistent.h>
         ^~~~~~~~~~~~~~~~~~
1 error generated.
configure:6895: $? = 1
configure: failed program was:
| /* confdefs.h */
| #define PACKAGE_NAME "zlib"
| #define PACKAGE_TARNAME "zlib"
| #define PACKAGE_VERSION "1.1.4"
| #define PACKAGE_STRING "zlib 1.1.4"
| #define PACKAGE_BUGREPORT ""
| #define PACKAGE_URL ""
| #define PACKAGE "zlib"
| #define VERSION "1.1.4"
| /* end confdefs.h.  */
| #include <ac_nonexistent.h>
configure:6920: result: /home/tl455047/disk2/tl455047/Dora-Taint/build/clang-wrapper -E
configure:6940: /home/tl455047/disk2/tl455047/Dora-Taint/build/clang-wrapper -E  conftest.c
configure:6940: $? = 0
configure:6954: /home/tl455047/disk2/tl455047/Dora-Taint/build/clang-wrapper -E  conftest.c
conftest.c:11:10: fatal error: 'ac_nonexistent.h' file not found
#include <ac_nonexistent.h>
         ^~~~~~~~~~~~~~~~~~
1 error generated.
configure:6954: $? = 1
configure: failed program was:
| /* confdefs.h */
| #define PACKAGE_NAME "zlib"
| #define PACKAGE_TARNAME "zlib"
| #define PACKAGE_VERSION "1.1.4"
| #define PACKAGE_STRING "zlib 1.1.4"
| #define PACKAGE_BUGREPORT ""
| #define PACKAGE_URL ""
| #define PACKAGE "zlib"
| #define VERSION "1.1.4"
| /* end confdefs.h.  */
| #include <ac_nonexistent.h>
configure:6983: checking for ANSI C header files
configure:7003: /home/tl455047/disk2/tl455047/Dora-Taint/build/clang-wrapper -c -g -O2      conftest.c >&5
DFSanPass init
configure:7003: $? = 0
configure:7076: /home/tl455047/disk2/tl455047/Dora-Taint/build/clang-wrapper -o conftest -g -O2        conftest.c  >&5
DFSanPass init
configure:7076: $? = 0
configure:7076: ./conftest
DFSan init
DFSan debug
==3831094==WARNING: DataFlowSanitizer: call to uninstrumented function __ctype_toupper_loc
==3831094==WARNING: DataFlowSanitizer: call to uninstrumented function __ctype_toupper_loc
==3831094==WARNING: DataFlowSanitizer: call to uninstrumented function __ctype_toupper_loc
==3831094==WARNING: DataFlowSanitizer: call to uninstrumented function __ctype_toupper_loc
==3831094==WARNING: DataFlowSanitizer: call to uninstrumented function __ctype_toupper_loc
==3831094==WARNING: DataFlowSanitizer: call to uninstrumented function __ctype_toupper_loc
==3831094==WARNING: DataFlowSanitizer: call to uninstrumented function __ctype_toupper_loc
==3831094==WARNING: DataFlowSanitizer: call to uninstrumented function __ctype_toupper_loc
==3831094==WARNING: DataFlowSanitizer: call to uninstrumented function __ctype_toupper_loc
==3831094==WARNING: DataFlowSanitizer: call to uninstrumented function __ctype_toupper_loc
==3831094==WARNING: DataFlowSanitizer: call to uninstrumented function __ctype_toupper_loc
==3831094==WARNING: DataFlowSanitizer: call to uninstrumented function __ctype_toupper_loc
==3831094==WARNING: DataFlowSanitizer: call to uninstrumented function __ctype_toupper_loc
==3831094==WARNING: DataFlowSanitizer: call to uninstrumented function __ctype_toupper_loc
==3831094==WARNING: DataFlowSanitizer: call to uninstrumented function __ctype_toupper_loc
==3831094==WARNING: DataFlowSanitizer: call to uninstrumented function __ctype_toupper_loc
==3831094==WARNING: DataFlowSanitizer: call to uninstrumented function __ctype_toupper_loc
==3831094==WARNING: DataFlowSanitizer: call to uninstrumented function __ctype_toupper_loc
==3831094==WARNING: DataFlowSanitizer: call to uninstrumented function __ctype_toupper_loc
==3831094==WARNING: DataFlowSanitizer: call to uninstrumented function __ctype_toupper_loc
==3831094==WARNING: DataFlowSanitizer: call to uninstrumented function __ctype_toupper_loc
==3831094==WARNING: DataFlowSanitizer: call to uninstrumented function __ctype_toupper_loc
==3831094==WARNING: DataFlowSanitizer: call to uninstrumented function __ctype_toupper_loc
==3831094==WARNING: DataFlowSanitizer: call to uninstrumented function __ctype_toupper_loc
==3831094==WARNING: DataFlowSanitizer: call to uninstrumented function __ctype_toupper_loc
==3831094==WARNING: DataFlowSanitizer: call to uninstrumented function __ctype_toupper_loc
==3831094==WARNING: DataFlowSanitizer: call to uninstrumented function __ctype_toupper_loc
==3831094==WARNING: DataFlowSanitizer: call to uninstrumented function __ctype_toupper_loc
==3831094==WARNING: DataFlowSanitizer: call to uninstrumented function __ctype_toupper_loc
==3831094==WARNING: DataFlowSanitizer: call to uninstrumented function __ctype_toupper_loc
==3831094==WARNING: DataFlowSanitizer: call to uninstrumented function __ctype_toupper_loc
==3831094==WARNING: DataFlowSanitizer: call to uninstrumented function __ctype_toupper_loc
==3831094==WARNING: DataFlowSanitizer: call to uninstrumented function __ctype_toupper_loc
==3831094==WARNING: DataFlowSanitizer: call to uninstrumented function __ctype_toupper_loc
==3831094==WARNING: DataFlowSanitizer: call to uninstrumented function __ctype_toupper_loc
==3831094==WARNING: DataFlowSanitizer: call to uninstrumented function __ctype_toupper_loc
==3831094==WARNING: DataFlowSanitizer: call to uninstrumented function __ctype_toupper_loc
==3831094==WARNING: DataFlowSanitizer: call to uninstrumented function __ctype_toupper_loc
==3831094==WARNING: DataFlowSanitizer: call to uninstrumented function __ctype_toupper_loc
==3831094==WARNING: DataFlowSanitizer: call to uninstrumented function __ctype_toupper_loc
==3831094==WARNING: DataFlowSanitizer: call to uninstrumented function __ctype_toupper_loc
==3831094==WARNING: DataFlowSanitizer: call to uninstrumented function __ctype_toupper_loc
==3831094==WARNING: DataFlowSanitizer: call to uninstrumented function __ctype_toupper_loc
==3831094==WARNING: DataFlowSanitizer: call to uninstrumented function __ctype_toupper_loc
==3831094==WARNING: DataFlowSanitizer: call to uninstrumented function __ctype_toupper_loc
==3831094==WARNING: DataFlowSanitizer: call to uninstrumented function __ctype_toupper_loc
==3831094==WARNING: DataFlowSanitizer: call to uninstrumented function __ctype_toupper_loc
==3831094==WARNING: DataFlowSanitizer: call to uninstrumented function __ctype_toupper_loc
==3831094==WARNING: DataFlowSanitizer: call to uninstrumented function __ctype_toupper_loc
==3831094==WARNING: DataFlowSanitizer: call to uninstrumented function __ctype_toupper_loc
==3831094==WARNING: DataFlowSanitizer: call to uninstrumented function __ctype_toupper_loc
==3831094==WARNING: DataFlowSanitizer: call to uninstrumented function __ctype_toupper_loc
==3831094==WARNING: DataFlowSanitizer: call to uninstrumented function __ctype_toupper_loc
==3831094==WARNING: DataFlowSanitizer: call to uninstrumented function __ctype_toupper_loc
==3831094==WARNING: DataFlowSanitizer: call to uninstrumented function __ctype_toupper_loc
==3831094==WARNING: DataFlowSanitizer: call to uninstrumented function __ctype_toupper_loc
==3831094==WARNING: DataFlowSanitizer: call to uninstrumented function __ctype_toupper_loc
==3831094==WARNING: DataFlowSanitizer: call to uninstrumented function __ctype_toupper_loc
==3831094==WARNING: DataFlowSanitizer: call to uninstrumented function __ctype_toupper_loc
==3831094==WARNING: DataFlowSanitizer: call to uninstrumented function __ctype_toupper_loc
==3831094==WARNING: DataFlowSanitizer: call to uninstrumented function __ctype_toupper_loc
==3831094==WARNING: DataFlowSanitizer: call to uninstrumented function __ctype_toupper_loc
==3831094==WARNING: DataFlowSanitizer: call to uninstrumented function __ctype_toupper_loc
==3831094==WARNING: DataFlowSanitizer: call to uninstrumented function __ctype_toupper_loc
==3831094==WARNING: DataFlowSanitizer: call to uninstrumented function __ctype_toupper_loc
==3831094==WARNING: DataFlowSanitizer: call to uninstrumented function __ctype_toupper_loc
==3831094==WARNING: DataFlowSanitizer: call to uninstrumented function __ctype_toupper_loc
==3831094==WARNING: DataFlowSanitizer: call to uninstrumented function __ctype_toupper_loc
==3831094==WARNING: DataFlowSanitizer: call to uninstrumented function __ctype_toupper_loc
==3831094==WARNING: DataFlowSanitizer: call to uninstrumented function __ctype_toupper_loc
==3831094==WARNING: DataFlowSanitizer: call to uninstrumented function __ctype_toupper_loc
==3831094==WARNING: DataFlowSanitizer: call to uninstrumented function __ctype_toupper_loc
==3831094==WARNING: DataFlowSanitizer: call to uninstrumented function __ctype_toupper_loc
==3831094==WARNING: DataFlowSanitizer: call to uninstrumented function __ctype_toupper_loc
==3831094==WARNING: DataFlowSanitizer: call to uninstrumented function __ctype_toupper_loc
==3831094==WARNING: DataFlowSanitizer: call to uninstrumented function __ctype_toupper_loc
==3831094==WARNING: DataFlowSanitizer: call to uninstrumented function __ctype_toupper_loc
==3831094==WARNING: DataFlowSanitizer: call to uninstrumented function __ctype_toupper_loc
==3831094==WARNING: DataFlowSanitizer: call to uninstrumented function __ctype_toupper_loc
==3831094==WARNING: DataFlowSanitizer: call to uninstrumented function __ctype_toupper_loc
==3831094==WARNING: DataFlowSanitizer: call to uninstrumented function __ctype_toupper_loc
==3831094==WARNING: DataFlowSanitizer: call to uninstrumented function __ctype_toupper_loc
==3831094==WARNING: DataFlowSanitizer: call to uninstrumented function __ctype_toupper_loc
==3831094==WARNING: DataFlowSanitizer: call to uninstrumented function __ctype_toupper_loc
==3831094==WARNING: DataFlowSanitizer: call to uninstrumented function __ctype_toupper_loc
==3831094==WARNING: DataFlowSanitizer: call to uninstrumented function __ctype_toupper_loc
==3831094==WARNING: DataFlowSanitizer: call to uninstrumented function __ctype_toupper_loc
==3831094==WARNING: DataFlowSanitizer: call to uninstrumented function __ctype_toupper_loc
==3831094==WARNING: DataFlowSanitizer: call to uninstrumented function __ctype_toupper_loc
==3831094==WARNING: DataFlowSanitizer: call to uninstrumented function __ctype_toupper_loc
==3831094==WARNING: DataFlowSanitizer: call to uninstrumented function __ctype_toupper_loc
==3831094==WARNING: DataFlowSanitizer: call to uninstrumented function __ctype_toupper_loc
==3831094==WARNING: DataFlowSanitizer: call to uninstrumented function __ctype_toupper_loc
==3831094==WARNING: DataFlowSanitizer: call to uninstrumented function __ctype_toupper_loc
==3831094==WARNING: DataFlowSanitizer: call to uninstrumented function __ctype_toupper_loc
==3831094==WARNING: DataFlowSanitizer: call to uninstrumented function __ctype_toupper_loc
==3831094==WARNING: DataFlowSanitizer: call to uninstrumented function __ctype_toupper_loc
==3831094==WARNING: DataFlowSanitizer: call to uninstrumented function __ctype_toupper_loc
==3831094==WARNING: DataFlowSanitizer: call to uninstrumented function __ctype_toupper_loc
==3831094==WARNING: DataFlowSanitizer: call to uninstrumented function __ctype_toupper_loc
==3831094==WARNING: DataFlowSanitizer: call to uninstrumented function __ctype_toupper_loc
==3831094==WARNING: DataFlowSanitizer: call to uninstrumented function __ctype_toupper_loc
==3831094==WARNING: DataFlowSanitizer: call to uninstrumented function __ctype_toupper_loc
==3831094==WARNING: DataFlowSanitizer: call to uninstrumented function __ctype_toupper_loc
==3831094==WARNING: DataFlowSanitizer: call to uninstrumented function __ctype_toupper_loc
==3831094==WARNING: DataFlowSanitizer: call to uninstrumented function __ctype_toupper_loc
==3831094==WARNING: DataFlowSanitizer: call to uninstrumented function __ctype_toupper_loc
==3831094==WARNING: DataFlowSanitizer: call to uninstrumented function __ctype_toupper_loc
==3831094==WARNING: DataFlowSanitizer: call to uninstrumented function __ctype_toupper_loc
==3831094==WARNING: DataFlowSanitizer: call to uninstrumented function __ctype_toupper_loc
==3831094==WARNING: DataFlowSanitizer: call to uninstrumented function __ctype_toupper_loc
==3831094==WARNING: DataFlowSanitizer: call to uninstrumented function __ctype_toupper_loc
==3831094==WARNING: DataFlowSanitizer: call to uninstrumented function __ctype_toupper_loc
==3831094==WARNING: DataFlowSanitizer: call to uninstrumented function __ctype_toupper_loc
==3831094==WARNING: DataFlowSanitizer: call to uninstrumented function __ctype_toupper_loc
==3831094==WARNING: DataFlowSanitizer: call to uninstrumented function __ctype_toupper_loc
==3831094==WARNING: DataFlowSanitizer: call to uninstrumented function __ctype_toupper_loc
==3831094==WARNING: DataFlowSanitizer: call to uninstrumented function __ctype_toupper_loc
==3831094==WARNING: DataFlowSanitizer: call to uninstrumented function __ctype_toupper_loc
==3831094==WARNING: DataFlowSanitizer: call to uninstrumented function __ctype_toupper_loc
==3831094==WARNING: DataFlowSanitizer: call to uninstrumented function __ctype_toupper_loc
==3831094==WARNING: DataFlowSanitizer: call to uninstrumented function __ctype_toupper_loc
==3831094==WARNING: DataFlowSanitizer: call to uninstrumented function __ctype_toupper_loc
==3831094==WARNING: DataFlowSanitizer: call to uninstrumented function __ctype_toupper_loc
==3831094==WARNING: DataFlowSanitizer: call to uninstrumented function __ctype_toupper_loc
==3831094==WARNING: DataFlowSanitizer: call to uninstrumented function __ctype_toupper_loc
==3831094==WARNING: DataFlowSanitizer: call to uninstrumented function __ctype_toupper_loc
==3831094==WARNING: DataFlowSanitizer: call to uninstrumented function __ctype_toupper_loc
==3831094==WARNING: DataFlowSanitizer: call to uninstrumented function __ctype_toupper_loc
==3831094==WARNING: DataFlowSanitizer: call to uninstrumented function __ctype_toupper_loc
==3831094==WARNING: DataFlowSanitizer: call to uninstrumented function __ctype_toupper_loc
==3831094==WARNING: DataFlowSanitizer: call to uninstrumented function __ctype_toupper_loc
==3831094==WARNING: DataFlowSanitizer: call to uninstrumented function __ctype_toupper_loc
==3831094==WARNING: DataFlowSanitizer: call to uninstrumented function __ctype_toupper_loc
==3831094==WARNING: DataFlowSanitizer: call to uninstrumented function __ctype_toupper_loc
==3831094==WARNING: DataFlowSanitizer: call to uninstrumented function __ctype_toupper_loc
==3831094==WARNING: DataFlowSanitizer: call to uninstrumented function __ctype_toupper_loc
==3831094==WARNING: DataFlowSanitizer: call to uninstrumented function __ctype_toupper_loc
==3831094==WARNING: DataFlowSanitizer: call to uninstrumented function __ctype_toupper_loc
==3831094==WARNING: DataFlowSanitizer: call to uninstrumented function __ctype_toupper_loc
==3831094==WARNING: DataFlowSanitizer: call to uninstrumented function __ctype_toupper_loc
==3831094==WARNING: DataFlowSanitizer: call to uninstrumented function __ctype_toupper_loc
==3831094==WARNING: DataFlowSanitizer: call to uninstrumented function __ctype_toupper_loc
==3831094==WARNING: DataFlowSanitizer: call to uninstrumented function __ctype_toupper_loc
==3831094==WARNING: DataFlowSanitizer: call to uninstrumented function __ctype_toupper_loc
==3831094==WARNING: DataFlowSanitizer: call to uninstrumented function __ctype_toupper_loc
==3831094==WARNING: DataFlowSanitizer: call to uninstrumented function __ctype_toupper_loc
==3831094==WARNING: DataFlowSanitizer: call to uninstrumented function __ctype_toupper_loc
==3831094==WARNING: DataFlowSanitizer: call to uninstrumented function __ctype_toupper_loc
==3831094==WARNING: DataFlowSanitizer: call to uninstrumented function __ctype_toupper_loc
==3831094==WARNING: DataFlowSanitizer: call to uninstrumented function __ctype_toupper_loc
==3831094==WARNING: DataFlowSanitizer: call to uninstrumented function __ctype_toupper_loc
==3831094==WARNING: DataFlowSanitizer: call to uninstrumented function __ctype_toupper_loc
==3831094==WARNING: DataFlowSanitizer: call to uninstrumented function __ctype_toupper_loc
==3831094==WARNING: DataFlowSanitizer: call to uninstrumented function __ctype_toupper_loc
==3831094==WARNING: DataFlowSanitizer: call to uninstrumented function __ctype_toupper_loc
==3831094==WARNING: DataFlowSanitizer: call to uninstrumented function __ctype_toupper_loc
==3831094==WARNING: DataFlowSanitizer: call to uninstrumented function __ctype_toupper_loc
==3831094==WARNING: DataFlowSanitizer: call to uninstrumented function __ctype_toupper_loc
==3831094==WARNING: DataFlowSanitizer: call to uninstrumented function __ctype_toupper_loc
==3831094==WARNING: DataFlowSanitizer: call to uninstrumented function __ctype_toupper_loc
==3831094==WARNING: DataFlowSanitizer: call to uninstrumented function __ctype_toupper_loc
==3831094==WARNING: DataFlowSanitizer: call to uninstrumented function __ctype_toupper_loc
==3831094==WARNING: DataFlowSanitizer: call to uninstrumented function __ctype_toupper_loc
==3831094==WARNING: DataFlowSanitizer: call to uninstrumented function __ctype_toupper_loc
==3831094==WARNING: DataFlowSanitizer: call to uninstrumented function __ctype_toupper_loc
==3831094==WARNING: DataFlowSanitizer: call to uninstrumented function __ctype_toupper_loc
==3831094==WARNING: DataFlowSanitizer: call to uninstrumented function __ctype_toupper_loc
==3831094==WARNING: DataFlowSanitizer: call to uninstrumented function __ctype_toupper_loc
==3831094==WARNING: DataFlowSanitizer: call to uninstrumented function __ctype_toupper_loc
==3831094==WARNING: DataFlowSanitizer: call to uninstrumented function __ctype_toupper_loc
==3831094==WARNING: DataFlowSanitizer: call to uninstrumented function __ctype_toupper_loc
==3831094==WARNING: DataFlowSanitizer: call to uninstrumented function __ctype_toupper_loc
==3831094==WARNING: DataFlowSanitizer: call to uninstrumented function __ctype_toupper_loc
==3831094==WARNING: DataFlowSanitizer: call to uninstrumented function __ctype_toupper_loc
==3831094==WARNING: DataFlowSanitizer: call to uninstrumented function __ctype_toupper_loc
==3831094==WARNING: DataFlowSanitizer: call to uninstrumented function __ctype_toupper_loc
==3831094==WARNING: DataFlowSanitizer: call to uninstrumented function __ctype_toupper_loc
==3831094==WARNING: DataFlowSanitizer: call to uninstrumented function __ctype_toupper_loc
==3831094==WARNING: DataFlowSanitizer: call to uninstrumented function __ctype_toupper_loc
==3831094==WARNING: DataFlowSanitizer: call to uninstrumented function __ctype_toupper_loc
==3831094==WARNING: DataFlowSanitizer: call to uninstrumented function __ctype_toupper_loc
==3831094==WARNING: DataFlowSanitizer: call to uninstrumented function __ctype_toupper_loc
==3831094==WARNING: DataFlowSanitizer: call to uninstrumented function __ctype_toupper_loc
==3831094==WARNING: DataFlowSanitizer: call to uninstrumented function __ctype_toupper_loc
==3831094==WARNING: DataFlowSanitizer: call to uninstrumented function __ctype_toupper_loc
==3831094==WARNING: DataFlowSanitizer: call to uninstrumented function __ctype_toupper_loc
==3831094==WARNING: DataFlowSanitizer: call to uninstrumented function __ctype_toupper_loc
==3831094==WARNING: DataFlowSanitizer: call to uninstrumented function __ctype_toupper_loc
==3831094==WARNING: DataFlowSanitizer: call to uninstrumented function __ctype_toupper_loc
==3831094==WARNING: DataFlowSanitizer: call to uninstrumented function __ctype_toupper_loc
==3831094==WARNING: DataFlowSanitizer: call to uninstrumented function __ctype_toupper_loc
==3831094==WARNING: DataFlowSanitizer: call to uninstrumented function __ctype_toupper_loc
==3831094==WARNING: DataFlowSanitizer: call to uninstrumented function __ctype_toupper_loc
==3831094==WARNING: DataFlowSanitizer: call to uninstrumented function __ctype_toupper_loc
==3831094==WARNING: DataFlowSanitizer: call to uninstrumented function __ctype_toupper_loc
==3831094==WARNING: DataFlowSanitizer: call to uninstrumented function __ctype_toupper_loc
==3831094==WARNING: DataFlowSanitizer: call to uninstrumented function __ctype_toupper_loc
==3831094==WARNING: DataFlowSanitizer: call to uninstrumented function __ctype_toupper_loc
==3831094==WARNING: DataFlowSanitizer: call to uninstrumented function __ctype_toupper_loc
==3831094==WARNING: DataFlowSanitizer: call to uninstrumented function __ctype_toupper_loc
==3831094==WARNING: DataFlowSanitizer: call to uninstrumented function __ctype_toupper_loc
==3831094==WARNING: DataFlowSanitizer: call to uninstrumented function __ctype_toupper_loc
==3831094==WARNING: DataFlowSanitizer: call to uninstrumented function __ctype_toupper_loc
==3831094==WARNING: DataFlowSanitizer: call to uninstrumented function __ctype_toupper_loc
==3831094==WARNING: DataFlowSanitizer: call to uninstrumented function __ctype_toupper_loc
==3831094==WARNING: DataFlowSanitizer: call to uninstrumented function __ctype_toupper_loc
==3831094==WARNING: DataFlowSanitizer: call to uninstrumented function __ctype_toupper_loc
==3831094==WARNING: DataFlowSanitizer: call to uninstrumented function __ctype_toupper_loc
==3831094==WARNING: DataFlowSanitizer: call to uninstrumented function __ctype_toupper_loc
==3831094==WARNING: DataFlowSanitizer: call to uninstrumented function __ctype_toupper_loc
==3831094==WARNING: DataFlowSanitizer: call to uninstrumented function __ctype_toupper_loc
==3831094==WARNING: DataFlowSanitizer: call to uninstrumented function __ctype_toupper_loc
==3831094==WARNING: DataFlowSanitizer: call to uninstrumented function __ctype_toupper_loc
==3831094==WARNING: DataFlowSanitizer: call to uninstrumented function __ctype_toupper_loc
==3831094==WARNING: DataFlowSanitizer: call to uninstrumented function __ctype_toupper_loc
==3831094==WARNING: DataFlowSanitizer: call to uninstrumented function __ctype_toupper_loc
==3831094==WARNING: DataFlowSanitizer: call to uninstrumented function __ctype_toupper_loc
==3831094==WARNING: DataFlowSanitizer: call to uninstrumented function __ctype_toupper_loc
==3831094==WARNING: DataFlowSanitizer: call to uninstrumented function __ctype_toupper_loc
==3831094==WARNING: DataFlowSanitizer: call to uninstrumented function __ctype_toupper_loc
==3831094==WARNING: DataFlowSanitizer: call to uninstrumented function __ctype_toupper_loc
==3831094==WARNING: DataFlowSanitizer: call to uninstrumented function __ctype_toupper_loc
==3831094==WARNING: DataFlowSanitizer: call to uninstrumented function __ctype_toupper_loc
==3831094==WARNING: DataFlowSanitizer: call to uninstrumented function __ctype_toupper_loc
==3831094==WARNING: DataFlowSanitizer: call to uninstrumented function __ctype_toupper_loc
==3831094==WARNING: DataFlowSanitizer: call to uninstrumented function __ctype_toupper_loc
==3831094==WARNING: DataFlowSanitizer: call to uninstrumented function __ctype_toupper_loc
==3831094==WARNING: DataFlowSanitizer: call to uninstrumented function __ctype_toupper_loc
==3831094==WARNING: DataFlowSanitizer: call to uninstrumented function __ctype_toupper_loc
==3831094==WARNING: DataFlowSanitizer: call to uninstrumented function __ctype_toupper_loc
==3831094==WARNING: DataFlowSanitizer: call to uninstrumented function __ctype_toupper_loc
==3831094==WARNING: DataFlowSanitizer: call to uninstrumented function __ctype_toupper_loc
==3831094==WARNING: DataFlowSanitizer: call to uninstrumented function __ctype_toupper_loc
==3831094==WARNING: DataFlowSanitizer: call to uninstrumented function __ctype_toupper_loc
==3831094==WARNING: DataFlowSanitizer: call to uninstrumented function __ctype_toupper_loc
==3831094==WARNING: DataFlowSanitizer: call to uninstrumented function __ctype_toupper_loc
==3831094==WARNING: DataFlowSanitizer: call to uninstrumented function __ctype_toupper_loc
==3831094==WARNING: DataFlowSanitizer: call to uninstrumented function __ctype_toupper_loc
==3831094==WARNING: DataFlowSanitizer: call to uninstrumented function __ctype_toupper_loc
==3831094==WARNING: DataFlowSanitizer: call to uninstrumented function __ctype_toupper_loc
==3831094==WARNING: DataFlowSanitizer: call to uninstrumented function __ctype_toupper_loc
==3831094==WARNING: DataFlowSanitizer: call to uninstrumented function __ctype_toupper_loc
==3831094==WARNING: DataFlowSanitizer: call to uninstrumented function __ctype_toupper_loc
==3831094==WARNING: DataFlowSanitizer: call to uninstrumented function __ctype_toupper_loc
==3831094==WARNING: DataFlowSanitizer: call to uninstrumented function __ctype_toupper_loc
==3831094==WARNING: DataFlowSanitizer: call to uninstrumented function __ctype_toupper_loc
==3831094==WARNING: DataFlowSanitizer: call to uninstrumented function __ctype_toupper_loc
==3831094==WARNING: DataFlowSanitizer: call to uninstrumented function __ctype_toupper_loc
==3831094==WARNING: DataFlowSanitizer: call to uninstrumented function __ctype_toupper_loc
==3831094==WARNING: DataFlowSanitizer: call to uninstrumented function __ctype_toupper_loc
==3831094==WARNING: DataFlowSanitizer: call to uninstrumented function __ctype_toupper_loc
==3831094==WARNING: DataFlowSanitizer: call to uninstrumented function __ctype_toupper_loc
==3831094==WARNING: DataFlowSanitizer: call to uninstrumented function __ctype_toupper_loc
==3831094==WARNING: DataFlowSanitizer: call to uninstrumented function __ctype_toupper_loc
==3831094==WARNING: DataFlowSanitizer: call to uninstrumented function __ctype_toupper_loc
DFSan fini
configure:7076: $? = 0
configure:7087: result: yes
configure:7100: checking for sys/types.h
configure:7100: /home/tl455047/disk2/tl455047/Dora-Taint/build/clang-wrapper -c -g -O2      conftest.c >&5
DFSanPass init
configure:7100: $? = 0
configure:7100: result: yes
configure:7100: checking for sys/stat.h
configure:7100: /home/tl455047/disk2/tl455047/Dora-Taint/build/clang-wrapper -c -g -O2      conftest.c >&5
DFSanPass init
configure:7100: $? = 0
configure:7100: result: yes
configure:7100: checking for stdlib.h
configure:7100: /home/tl455047/disk2/tl455047/Dora-Taint/build/clang-wrapper -c -g -O2      conftest.c >&5
DFSanPass init
configure:7100: $? = 0
configure:7100: result: yes
configure:7100: checking for string.h
configure:7100: /home/tl455047/disk2/tl455047/Dora-Taint/build/clang-wrapper -c -g -O2      conftest.c >&5
DFSanPass init
configure:7100: $? = 0
configure:7100: result: yes
configure:7100: checking for memory.h
configure:7100: /home/tl455047/disk2/tl455047/Dora-Taint/build/clang-wrapper -c -g -O2      conftest.c >&5
DFSanPass init
configure:7100: $? = 0
configure:7100: result: yes
configure:7100: checking for strings.h
configure:7100: /home/tl455047/disk2/tl455047/Dora-Taint/build/clang-wrapper -c -g -O2      conftest.c >&5
DFSanPass init
configure:7100: $? = 0
configure:7100: result: yes
configure:7100: checking for inttypes.h
configure:7100: /home/tl455047/disk2/tl455047/Dora-Taint/build/clang-wrapper -c -g -O2      conftest.c >&5
DFSanPass init
configure:7100: $? = 0
configure:7100: result: yes
configure:7100: checking for stdint.h
configure:7100: /home/tl455047/disk2/tl455047/Dora-Taint/build/clang-wrapper -c -g -O2      conftest.c >&5
DFSanPass init
configure:7100: $? = 0
configure:7100: result: yes
configure:7100: checking for unistd.h
configure:7100: /home/tl455047/disk2/tl455047/Dora-Taint/build/clang-wrapper -c -g -O2      conftest.c >&5
DFSanPass init
configure:7100: $? = 0
configure:7100: result: yes
configure:7114: checking for dlfcn.h
configure:7114: /home/tl455047/disk2/tl455047/Dora-Taint/build/clang-wrapper -c -g -O2      conftest.c >&5
DFSanPass init
configure:7114: $? = 0
configure:7114: result: yes
configure:7301: checking for objdir
configure:7316: result: .libs
configure:7587: checking if /home/tl455047/disk2/tl455047/Dora-Taint/build/clang-wrapper supports -fno-rtti -fno-exceptions
configure:7605: /home/tl455047/disk2/tl455047/Dora-Taint/build/clang-wrapper -c -g -O2      -fno-rtti -fno-exceptions conftest.c >&5
DFSanPass init
configure:7609: $? = 0
configure:7622: result: yes
configure:7642: checking for /home/tl455047/disk2/tl455047/Dora-Taint/build/clang-wrapper option to produce PIC
configure:7928: result: -fPIC -DPIC
configure:7940: checking if /home/tl455047/disk2/tl455047/Dora-Taint/build/clang-wrapper PIC flag -fPIC -DPIC works
configure:7958: /home/tl455047/disk2/tl455047/Dora-Taint/build/clang-wrapper -c -g -O2      -fPIC -DPIC -DPIC conftest.c >&5
DFSanPass init
configure:7962: $? = 0
configure:7975: result: yes
configure:7999: checking if /home/tl455047/disk2/tl455047/Dora-Taint/build/clang-wrapper static flag -static works
DFSanPass init
/usr/bin/ld: /home/tl455047/disk2/tl455047/Dora-Taint/build/lib/libclang_rt.dfsan-x86_64.a(dfsan_custom.cpp.o): in function `__dfsw_dlopen':
dfsan_custom.cpp:(.text+0x818): warning: Using 'dlopen' in statically linked applications requires at runtime the shared libraries from the glibc version used for linking
/usr/bin/ld: /home/tl455047/disk2/tl455047/Dora-Taint/build/lib/libclang_rt.dfsan-x86_64.a(dfsan_custom.cpp.o): in function `__dfsw_getpwuid_r':
dfsan_custom.cpp:(.text+0xf47): warning: Using 'getpwuid_r' in statically linked applications requires at runtime the shared libraries from the glibc version used for linking
configure:8027: result: no
configure:8042: checking if /home/tl455047/disk2/tl455047/Dora-Taint/build/clang-wrapper supports -c -o file.o
configure:8063: /home/tl455047/disk2/tl455047/Dora-Taint/build/clang-wrapper -c -g -O2      -o out/conftest2.o conftest.c >&5
DFSanPass init
configure:8067: $? = 0
configure:8089: result: yes
configure:8097: checking if /home/tl455047/disk2/tl455047/Dora-Taint/build/clang-wrapper supports -c -o file.o
configure:8144: result: yes
configure:8177: checking whether the /home/tl455047/disk2/tl455047/Dora-Taint/build/clang-wrapper linker (/usr/bin/ld -m elf_x86_64) supports shared libraries
configure:9257: result: yes
configure:9502: checking dynamic linker characteristics
configure:9946: /home/tl455047/disk2/tl455047/Dora-Taint/build/clang-wrapper -o conftest -g -O2        -Wl,-rpath -Wl,/foo conftest.c  >&5
DFSanPass init
configure:9946: $? = 0
configure:10168: result: GNU/Linux ld.so
configure:10275: checking how to hardcode library paths into programs
configure:10300: result: immediate
configure:10855: checking whether stripping libraries is possible
configure:10860: result: yes
configure:10895: checking if libtool supports shared libraries
configure:10897: result: yes
configure:10900: checking whether to build shared libraries
configure:10921: result: no
configure:10924: checking whether to build static libraries
configure:10928: result: yes
configure:8101: checking how to run the C preprocessor
configure:8171: result: /home/tl455047/disk2/tl455047/Dora-Taint/build/clang-wrapper -E
configure:8191: /home/tl455047/disk2/tl455047/Dora-Taint/build/clang-wrapper -E  conftest.c
configure:8191: $? = 0
configure:8205: /home/tl455047/disk2/tl455047/Dora-Taint/build/clang-wrapper -E  conftest.c
conftest.c:23:10: fatal error: 'ac_nonexistent.h' file not found
#include <ac_nonexistent.h>
         ^~~~~~~~~~~~~~~~~~
1 error generated.
configure:8205: $? = 1
configure: failed program was:
| /* confdefs.h */
| #define PACKAGE_NAME "zlib"
| #define PACKAGE_TARNAME "zlib"
| #define PACKAGE_VERSION "1.1.4"
| #define PACKAGE_STRING "zlib 1.1.4"
| #define PACKAGE_BUGREPORT ""
| #define PACKAGE_URL ""
| #define PACKAGE "zlib"
| #define VERSION "1.1.4"
| #define STDC_HEADERS 1
| #define HAVE_SYS_TYPES_H 1
| #define HAVE_SYS_STAT_H 1
| #define HAVE_STDLIB_H 1
| #define HAVE_STRING_H 1
| #define HAVE_MEMORY_H 1
| #define HAVE_STRINGS_H 1
| #define HAVE_INTTYPES_H 1
| #define HAVE_STDINT_H 1
| #define HAVE_UNISTD_H 1
| #define HAVE_DLFCN_H 1
| #define LT_OBJDIR ".libs/"
| /* end confdefs.h.  */
| #include <ac_nonexistent.h>
configure:8261: checking for stdlib.h
configure:8261: result: yes
configure:8261: checking for unistd.h
configure:8261: result: yes
configure:8261: checking for sys/param.h
configure:8261: /home/tl455047/disk2/tl455047/Dora-Taint/build/clang-wrapper -c -g -O2      conftest.c >&5
DFSanPass init
configure:8261: $? = 0
configure:8261: result: yes
configure:8281: checking for getpagesize
configure:8281: /home/tl455047/disk2/tl455047/Dora-Taint/build/clang-wrapper -o conftest -g -O2        conftest.c  >&5
DFSanPass init
configure:8281: $? = 0
configure:8281: result: yes
configure:8290: checking for working mmap
configure:8437: /home/tl455047/disk2/tl455047/Dora-Taint/build/clang-wrapper -o conftest -g -O2        conftest.c  >&5
DFSanPass init
configure:8437: $? = 0
configure:8437: ./conftest
DFSan init
DFSan debug
==3838499==WARNING: DataFlowSanitizer: call to uninstrumented function umask
==3838499==WARNING: DataFlowSanitizer: call to uninstrumented function creat
DFSan fini
configure:8437: $? = 0
configure:8447: result: yes
configure:8460: checking for memcpy
configure:8460: /home/tl455047/disk2/tl455047/Dora-Taint/build/clang-wrapper -o conftest -g -O2        conftest.c  >&5
DFSanPass init
configure:8460: $? = 0
configure:8460: result: yes
configure:8460: checking for strerror
configure:8460: /home/tl455047/disk2/tl455047/Dora-Taint/build/clang-wrapper -o conftest -g -O2        conftest.c  >&5
conftest.c:52:6: warning: incompatible redeclaration of library function 'strerror' [-Wincompatible-library-redeclaration]
char strerror ();
     ^
conftest.c:52:6: note: 'strerror' is a builtin with type 'char *(int)'
DFSanPass init
1 warning generated.
configure:8460: $? = 0
configure:8460: result: yes
configure:8525: checking for unistd.h
configure:8525: result: yes
configure:8639: updating cache ./config.cache
configure:8719: checking that generated files are newer than configure
configure:8725: result: done
configure:8756: creating ./config.status

## ---------------------- ##
## Running config.status. ##
## ---------------------- ##

This file was extended by zlib config.status 1.1.4, which was
generated by GNU Autoconf 2.69.  Invocation command line was

  CONFIG_FILES    = 
  CONFIG_HEADERS  = 
  CONFIG_LINKS    = 
  CONFIG_COMMANDS = 
  $ ./config.status 

on tl455047-ubuntu

config.status:1017: creating Makefile
config.status:1189: executing depfiles commands
config.status:1189: executing libtool commands

## ---------------- ##
## Cache variables. ##
## ---------------- ##

ac_cv_build=x86_64-pc-linux-gnu
ac_cv_c_compiler_gnu=yes
ac_cv_env_CPPFLAGS_set=
ac_cv_env_CPPFLAGS_value=
ac_cv_env_CPP_set=
ac_cv_env_CPP_value=
ac_cv_env_build_alias_set=set
ac_cv_env_build_alias_value=x86_64-pc-linux-gnu
ac_cv_env_host_alias_set=set
ac_cv_env_host_alias_value=x86_64-pc-linux-gnu
ac_cv_env_target_alias_set=set
ac_cv_env_target_alias_value=x86_64-pc-linux-gnu
ac_cv_func_getpagesize=yes
ac_cv_func_memcpy=yes
ac_cv_func_mmap_fixed_mapped=yes
ac_cv_func_strerror=yes
ac_cv_header_dlfcn_h=yes
ac_cv_header_inttypes_h=yes
ac_cv_header_memory_h=yes
ac_cv_header_stdc=yes
ac_cv_header_stdint_h=yes
ac_cv_header_stdlib_h=yes
ac_cv_header_string_h=yes
ac_cv_header_strings_h=yes
ac_cv_header_sys_param_h=yes
ac_cv_header_sys_stat_h=yes
ac_cv_header_sys_types_h=yes
ac_cv_header_unistd_h=yes
ac_cv_host=x86_64-pc-linux-gnu
ac_cv_objext=o
ac_cv_path_EGREP='/usr/bin/grep -E'
ac_cv_path_FGREP='/usr/bin/grep -F'
ac_cv_path_GREP=/usr/bin/grep
ac_cv_path_SED=/usr/bin/sed
ac_cv_path_mkdir=/usr/bin/mkdir
ac_cv_prog_AR='ar --plugin /usr/bin/../lib/gcc/x86_64-linux-gnu/9/liblto_plugin.so'
ac_cv_prog_AWK=gawk
ac_cv_prog_CC=/home/tl455047/disk2/tl455047/Dora-Taint/build/clang-wrapper
ac_cv_prog_CPP='/home/tl455047/disk2/tl455047/Dora-Taint/build/clang-wrapper -E'
ac_cv_prog_OBJDUMP=objdump
ac_cv_prog_RANLIB='ranlib --plugin /usr/bin/../lib/gcc/x86_64-linux-gnu/9/liblto_plugin.so'
ac_cv_prog_ac_ct_STRIP=strip
ac_cv_prog_cc_c89=
ac_cv_prog_cc_g=yes
ac_cv_prog_make_make_set=yes
ac_cv_target=x86_64-pc-linux-gnu
am_cv_CC_dependencies_compiler_type=gcc3
am_cv_make_support_nested_variables=yes
am_cv_prog_cc_c_o=yes
lt_cv_deplibs_check_method=pass_all
lt_cv_file_magic_cmd='$MAGIC_CMD'
lt_cv_file_magic_test_file=
lt_cv_ld_reload_flag=-r
lt_cv_nm_interface='BSD nm'
lt_cv_objdir=.libs
lt_cv_path_LD=/usr/bin/ld
lt_cv_path_NM=nm
lt_cv_prog_compiler_c_o=yes
lt_cv_prog_compiler_pic_works=yes
lt_cv_prog_compiler_rtti_exceptions=yes
lt_cv_prog_compiler_static_works=no
lt_cv_prog_gnu_ld=yes
lt_cv_shlibpath_overrides_runpath=yes
lt_cv_sys_global_symbol_pipe=
lt_cv_sys_global_symbol_to_c_name_address='sed -n -e '\''s/^: \([^ ]*\) $/  {\"\1\", (void *) 0},/p'\'' -e '\''s/^[ABCDGIRSTW]* \([^ ]*\) \([^ ]*\)$/  {"\2", (void *) \&\2},/p'\'''
lt_cv_sys_global_symbol_to_c_name_address_lib_prefix='sed -n -e '\''s/^: \([^ ]*\) $/  {\"\1\", (void *) 0},/p'\'' -e '\''s/^[ABCDGIRSTW]* \([^ ]*\) \(lib[^ ]*\)$/  {"\2", (void *) \&\2},/p'\'' -e '\''s/^[ABCDGIRSTW]* \([^ ]*\) \([^ ]*\)$/  {"lib\2", (void *) \&\2},/p'\'''
lt_cv_sys_global_symbol_to_cdecl=
lt_cv_sys_max_cmd_len=1572864

## ----------------- ##
## Output variables. ##
## ----------------- ##

ACLOCAL='${SHELL} /home/tl455047/disk2/tl455047/Dora-Taint/testcase/binutils-2.37/missing aclocal-1.15'
AMDEPBACKSLASH='\'
AMDEP_FALSE='#'
AMDEP_TRUE=''
AMTAR='$${TAR-tar}'
AM_BACKSLASH='\'
AM_DEFAULT_V='$(AM_DEFAULT_VERBOSITY)'
AM_DEFAULT_VERBOSITY='1'
AM_V='$(V)'
AR='ar --plugin /usr/bin/../lib/gcc/x86_64-linux-gnu/9/liblto_plugin.so --plugin /usr/bin/../lib/gcc/x86_64-linux-gnu/9/liblto_plugin.so'
AUTOCONF='${SHELL} /home/tl455047/disk2/tl455047/Dora-Taint/testcase/binutils-2.37/missing autoconf'
AUTOHEADER='${SHELL} /home/tl455047/disk2/tl455047/Dora-Taint/testcase/binutils-2.37/missing autoheader'
AUTOMAKE='${SHELL} /home/tl455047/disk2/tl455047/Dora-Taint/testcase/binutils-2.37/missing automake-1.15'
AWK='gawk'
CC='/home/tl455047/disk2/tl455047/Dora-Taint/build/clang-wrapper'
CCDEPMODE='depmode=gcc3'
CFLAGS='-g -O2    '
COMPPATH='.'
CPP='/home/tl455047/disk2/tl455047/Dora-Taint/build/clang-wrapper -E'
CPPFLAGS=''
CYGPATH_W='echo'
DEFS='-DPACKAGE_NAME=\"zlib\" -DPACKAGE_TARNAME=\"zlib\" -DPACKAGE_VERSION=\"1.1.4\" -DPACKAGE_STRING=\"zlib\ 1.1.4\" -DPACKAGE_BUGREPORT=\"\" -DPACKAGE_URL=\"\" -DPACKAGE=\"zlib\" -DVERSION=\"1.1.4\" -DSTDC_HEADERS=1 -DHAVE_SYS_TYPES_H=1 -DHAVE_SYS_STAT_H=1 -DHAVE_STDLIB_H=1 -DHAVE_STRING_H=1 -DHAVE_MEMORY_H=1 -DHAVE_STRINGS_H=1 -DHAVE_INTTYPES_H=1 -DHAVE_STDINT_H=1 -DHAVE_UNISTD_H=1 -DHAVE_DLFCN_H=1 -DLT_OBJDIR=\".libs/\" -DHAVE_STDLIB_H=1 -DHAVE_UNISTD_H=1 -DHAVE_SYS_PARAM_H=1 -DHAVE_GETPAGESIZE=1 -DHAVE_MMAP=1 -DHAVE_MEMCPY=1 -DHAVE_STRERROR=1 -DHAVE_UNISTD_H=1'
DEPDIR='.deps'
DSYMUTIL=''
DUMPBIN=''
ECHO_C=''
ECHO_N='-n'
ECHO_T=''
EGREP='/usr/bin/grep -E'
EXEEXT=''
FGREP='/usr/bin/grep -F'
GREP='/usr/bin/grep'
INSTALL_DATA='/usr/bin/install -c -m 644'
INSTALL_PROGRAM='/usr/bin/install -c'
INSTALL_SCRIPT='/usr/bin/install -c'
INSTALL_STRIP_PROGRAM='$(install_sh) -c -s'
LD='/usr/bin/ld -m elf_x86_64'
LDFLAGS=' '
LIBOBJS=''
LIBS=''
LIBTOOL='$(SHELL) $(top_builddir)/libtool'
LIPO=''
LN_S='ln -s'
LTLIBOBJS=''
MAINT='#'
MAINTAINER_MODE_FALSE=''
MAINTAINER_MODE_TRUE='#'
MAKEINFO='/home/tl455047/disk2/tl455047/Dora-Taint/testcase/binutils-2.37/missing makeinfo --split-size=5000000'
MKDIR_P='/usr/bin/mkdir -p'
NM='nm'
NMEDIT=''
OBJDUMP='objdump'
OBJEXT='o'
OTOOL64=''
OTOOL=''
PACKAGE='zlib'
PACKAGE_BUGREPORT=''
PACKAGE_NAME='zlib'
PACKAGE_STRING='zlib 1.1.4'
PACKAGE_TARNAME='zlib'
PACKAGE_URL=''
PACKAGE_VERSION='1.1.4'
PATH_SEPARATOR=':'
PICFLAG=''
RANLIB='ranlib --plugin /usr/bin/../lib/gcc/x86_64-linux-gnu/9/liblto_plugin.so --plugin /usr/bin/../lib/gcc/x86_64-linux-gnu/9/liblto_plugin.so'
SED='/usr/bin/sed'
SET_MAKE=''
SHELL='/bin/bash'
STRIP='strip'
TARGET_LIBRARY_FALSE=''
TARGET_LIBRARY_TRUE='#'
VERSION='1.1.4'
ac_ct_CC=''
ac_ct_DUMPBIN=''
am__EXEEXT_FALSE=''
am__EXEEXT_TRUE='#'
am__fastdepCC_FALSE='#'
am__fastdepCC_TRUE=''
am__include='include'
am__isrc=''
am__leading_dot='.'
am__nodep='_no'
am__quote=''
am__tar='$${TAR-tar} chof - "$$tardir"'
am__untar='$${TAR-tar} xf -'
bindir='${exec_prefix}/bin'
build='x86_64-pc-linux-gnu'
build_alias='x86_64-pc-linux-gnu'
build_cpu='x86_64'
build_os='linux-gnu'
build_vendor='pc'
datadir='${datarootdir}'
datarootdir='${prefix}/share'
docdir='${datarootdir}/doc/${PACKAGE_TARNAME}'
dvidir='${docdir}'
exec_prefix='${prefix}'
host='x86_64-pc-linux-gnu'
host_alias='x86_64-pc-linux-gnu'
host_cpu='x86_64'
host_os='linux-gnu'
host_vendor='pc'
htmldir='${docdir}'
includedir='${prefix}/include'
infodir='${datarootdir}/info'
install_sh='${SHELL} /home/tl455047/disk2/tl455047/Dora-Taint/testcase/binutils-2.37/install-sh'
libdir='${exec_prefix}/lib'
libexecdir='${exec_prefix}/libexec'
localedir='${datarootdir}/locale'
localstatedir='${prefix}/var'
mandir='${datarootdir}/man'
mkdir_p='$(MKDIR_P)'
mkinstalldirs='/home/tl455047/disk2/tl455047/Dora-Taint/testcase/binutils-2.37/mkinstalldirs'
multi_basedir=''
oldincludedir='/usr/include'
pdfdir='${docdir}'
prefix='/usr/local'
program_transform_name='s,y,y,'
psdir='${docdir}'
sbindir='${exec_prefix}/sbin'
sharedstatedir='${prefix}/com'
sysconfdir='${prefix}/etc'
target='x86_64-pc-linux-gnu'
target_alias='x86_64-pc-linux-gnu'
target_all='libzgcj.la'
target_cpu='x86_64'
target_os='linux-gnu'
target_vendor='pc'
toolexecdir='$(libdir)/gcc-lib/$(target_alias)'
toolexeclibdir='$(libdir)'

## ----------- ##
## confdefs.h. ##
## ----------- ##

/* confdefs.h */
#define PACKAGE_NAME "zlib"
#define PACKAGE_TARNAME "zlib"
#define PACKAGE_VERSION "1.1.4"
#define PACKAGE_STRING "zlib 1.1.4"
#define PACKAGE_BUGREPORT ""
#define PACKAGE_URL ""
#define PACKAGE "zlib"
#define VERSION "1.1.4"
#define STDC_HEADERS 1
#define HAVE_SYS_TYPES_H 1
#define HAVE_SYS_STAT_H 1
#define HAVE_STDLIB_H 1
#define HAVE_STRING_H 1
#define HAVE_MEMORY_H 1
#define HAVE_STRINGS_H 1
#define HAVE_INTTYPES_H 1
#define HAVE_STDINT_H 1
#define HAVE_UNISTD_H 1
#define HAVE_DLFCN_H 1
#define LT_OBJDIR ".libs/"
#define HAVE_STDLIB_H 1
#define HAVE_UNISTD_H 1
#define HAVE_SYS_PARAM_H 1
#define HAVE_GETPAGESIZE 1
#define HAVE_MMAP 1
#define HAVE_MEMCPY 1
#define HAVE_STRERROR 1
#define HAVE_UNISTD_H 1

configure: exit 0
