This file contains any messages produced by compilers while
running configure, to aid debugging if configure makes a mistake.

It was created by libctf configure 1.2.0, which was
generated by GNU Autoconf 2.69.  Invocation command line was

  $ /home/tl455047/disk2/tl455047/Dora-Taint/testcase/binutils-2.37/libctf/configure --srcdir=.././libctf --cache-file=./config.cache --with-gnu-as --with-gnu-ld --disable-shared --program-transform-name=s,y,y, --disable-option-checking --build=x86_64-pc-linux-gnu --host=x86_64-pc-linux-gnu --target=x86_64-pc-linux-gnu

## --------- ##
## Platform. ##
## --------- ##

hostname = tl455047-ubuntu
uname -m = x86_64
uname -r = 5.11.0-38-generic
uname -s = Linux
uname -v = #42~20.04.1-Ubuntu SMP Tue Sep 28 20:41:07 UTC 2021

/usr/bin/uname -p = x86_64
/bin/uname -X     = unknown

/bin/arch              = x86_64
/usr/bin/arch -k       = unknown
/usr/convex/getsysinfo = unknown
/usr/bin/hostinfo      = unknown
/bin/machine           = unknown
/usr/bin/oslevel       = unknown
/bin/universe          = unknown

PATH: /home/tl455047/.local/bin
PATH: /usr/local/sbin
PATH: /usr/local/bin
PATH: /usr/sbin
PATH: /usr/bin
PATH: /sbin
PATH: /bin
PATH: /usr/games
PATH: /usr/local/games
PATH: /snap/bin


## ----------- ##
## Core tests. ##
## ----------- ##

configure:2223: creating cache ./config.cache
configure:2340: checking build system type
configure:2354: result: x86_64-pc-linux-gnu
configure:2374: checking host system type
configure:2387: result: x86_64-pc-linux-gnu
configure:2407: checking target system type
configure:2420: result: x86_64-pc-linux-gnu
configure:2457: checking for x86_64-pc-linux-gnu-gcc
configure:2484: result: /home/tl455047/disk2/tl455047/Dora-Taint/build/clang-wrapper
configure:2753: checking for C compiler version
configure:2762: /home/tl455047/disk2/tl455047/Dora-Taint/build/clang-wrapper --version >&5
Ubuntu clang version 11.0.0-2~ubuntu20.04.1
Target: x86_64-pc-linux-gnu
Thread model: posix
InstalledDir: /usr/bin
configure:2773: $? = 0
configure:2762: /home/tl455047/disk2/tl455047/Dora-Taint/build/clang-wrapper -v >&5
Ubuntu clang version 11.0.0-2~ubuntu20.04.1
Target: x86_64-pc-linux-gnu
Thread model: posix
InstalledDir: /usr/bin
Found candidate GCC installation: /usr/bin/../lib/gcc/x86_64-linux-gnu/8
Found candidate GCC installation: /usr/bin/../lib/gcc/x86_64-linux-gnu/9
Found candidate GCC installation: /usr/lib/gcc/x86_64-linux-gnu/8
Found candidate GCC installation: /usr/lib/gcc/x86_64-linux-gnu/9
Selected GCC installation: /usr/bin/../lib/gcc/x86_64-linux-gnu/9
Candidate multilib: .;@m64
... rest of stderr output deleted ...
configure:2773: $? = 1
configure:2762: /home/tl455047/disk2/tl455047/Dora-Taint/build/clang-wrapper -V >&5
clang: error: unsupported option '-V -fno-builtin-memcpy'
configure:2773: $? = 1
configure:2762: /home/tl455047/disk2/tl455047/Dora-Taint/build/clang-wrapper -qversion >&5
clang: error: unknown argument '-qversion'; did you mean '--version'?
configure:2773: $? = 1
configure:2793: checking whether the C compiler works
configure:2815: /home/tl455047/disk2/tl455047/Dora-Taint/build/clang-wrapper -g -O2        conftest.c  >&5
DFSanPass init
configure:2819: $? = 0
configure:2867: result: yes
configure:2870: checking for C compiler default output file name
configure:2872: result: a.out
configure:2878: checking for suffix of executables
configure:2885: /home/tl455047/disk2/tl455047/Dora-Taint/build/clang-wrapper -o conftest -g -O2        conftest.c  >&5
DFSanPass init
configure:2889: $? = 0
configure:2911: result: 
configure:2933: checking whether we are cross compiling
configure:2941: /home/tl455047/disk2/tl455047/Dora-Taint/build/clang-wrapper -o conftest -g -O2        conftest.c  >&5
DFSanPass init
configure:2945: $? = 0
configure:2952: ./conftest
DFSan init
DFSan debug
DFSan fini
configure:2956: $? = 0
configure:2944: result: no
configure:2949: checking for suffix of object files
configure:2971: /home/tl455047/disk2/tl455047/Dora-Taint/build/clang-wrapper -c -g -O2      conftest.c >&5
DFSanPass init
configure:2975: $? = 0
configure:2996: result: o
configure:3000: checking whether we are using the GNU C compiler
configure:3019: /home/tl455047/disk2/tl455047/Dora-Taint/build/clang-wrapper -c -g -O2      conftest.c >&5
DFSanPass init
configure:3019: $? = 0
configure:3028: result: yes
configure:3037: checking whether /home/tl455047/disk2/tl455047/Dora-Taint/build/clang-wrapper accepts -g
configure:3057: /home/tl455047/disk2/tl455047/Dora-Taint/build/clang-wrapper -c -g  conftest.c >&5
DFSanPass init
configure:3057: $? = 0
configure: failed program was:
| /* confdefs.h */
| #define PACKAGE_NAME "libctf"
| #define PACKAGE_TARNAME "libctf"
| #define PACKAGE_VERSION "1.2.0"
| #define PACKAGE_STRING "libctf 1.2.0"
| #define PACKAGE_BUGREPORT ""
| #define PACKAGE_URL ""
| /* end confdefs.h.  */
| 
| int
| main ()
| {
| 
|   ;
|   return 0;
| }
configure:3072: /home/tl455047/disk2/tl455047/Dora-Taint/build/clang-wrapper -c   conftest.c >&5
DFSanPass init
configure:3072: $? = 0
configure: failed program was:
| /* confdefs.h */
| #define PACKAGE_NAME "libctf"
| #define PACKAGE_TARNAME "libctf"
| #define PACKAGE_VERSION "1.2.0"
| #define PACKAGE_STRING "libctf 1.2.0"
| #define PACKAGE_BUGREPORT ""
| #define PACKAGE_URL ""
| /* end confdefs.h.  */
| 
| int
| main ()
| {
| 
|   ;
|   return 0;
| }
configure:3088: /home/tl455047/disk2/tl455047/Dora-Taint/build/clang-wrapper -c -g  conftest.c >&5
DFSanPass init
configure:3088: $? = 0
configure:3098: result: yes
configure:3115: checking for /home/tl455047/disk2/tl455047/Dora-Taint/build/clang-wrapper option to accept ISO C89
configure:3178: /home/tl455047/disk2/tl455047/Dora-Taint/build/clang-wrapper  -c -g -O2      conftest.c >&5
DFSanPass init
configure:3178: $? = 0
configure:3191: result: none needed
configure:3216: checking whether /home/tl455047/disk2/tl455047/Dora-Taint/build/clang-wrapper understands -c and -o together
configure:3238: /home/tl455047/disk2/tl455047/Dora-Taint/build/clang-wrapper -c conftest.c -o conftest2.o
DFSanPass init
configure:3241: $? = 0
configure:3238: /home/tl455047/disk2/tl455047/Dora-Taint/build/clang-wrapper -c conftest.c -o conftest2.o
DFSanPass init
configure:3241: $? = 0
configure:3253: result: yes
configure:3276: checking how to run the C preprocessor
configure:3307: /home/tl455047/disk2/tl455047/Dora-Taint/build/clang-wrapper -E  conftest.c
configure:3307: $? = 0
configure:3321: /home/tl455047/disk2/tl455047/Dora-Taint/build/clang-wrapper -E  conftest.c
conftest.c:9:10: fatal error: 'ac_nonexistent.h' file not found
#include <ac_nonexistent.h>
         ^~~~~~~~~~~~~~~~~~
1 error generated.
configure:3321: $? = 1
configure: failed program was:
| /* confdefs.h */
| #define PACKAGE_NAME "libctf"
| #define PACKAGE_TARNAME "libctf"
| #define PACKAGE_VERSION "1.2.0"
| #define PACKAGE_STRING "libctf 1.2.0"
| #define PACKAGE_BUGREPORT ""
| #define PACKAGE_URL ""
| /* end confdefs.h.  */
| #include <ac_nonexistent.h>
configure:3346: result: /home/tl455047/disk2/tl455047/Dora-Taint/build/clang-wrapper -E
configure:3366: /home/tl455047/disk2/tl455047/Dora-Taint/build/clang-wrapper -E  conftest.c
configure:3366: $? = 0
configure:3380: /home/tl455047/disk2/tl455047/Dora-Taint/build/clang-wrapper -E  conftest.c
conftest.c:9:10: fatal error: 'ac_nonexistent.h' file not found
#include <ac_nonexistent.h>
         ^~~~~~~~~~~~~~~~~~
1 error generated.
configure:3380: $? = 1
configure: failed program was:
| /* confdefs.h */
| #define PACKAGE_NAME "libctf"
| #define PACKAGE_TARNAME "libctf"
| #define PACKAGE_VERSION "1.2.0"
| #define PACKAGE_STRING "libctf 1.2.0"
| #define PACKAGE_BUGREPORT ""
| #define PACKAGE_URL ""
| /* end confdefs.h.  */
| #include <ac_nonexistent.h>
configure:3409: checking for grep that handles long lines and -e
configure:3467: result: /usr/bin/grep
configure:3472: checking for egrep
configure:3534: result: /usr/bin/grep -E
configure:3539: checking for ANSI C header files
configure:3559: /home/tl455047/disk2/tl455047/Dora-Taint/build/clang-wrapper -c -g -O2      conftest.c >&5
DFSanPass init
configure:3559: $? = 0
configure:3632: /home/tl455047/disk2/tl455047/Dora-Taint/build/clang-wrapper -o conftest -g -O2        conftest.c  >&5
DFSanPass init
configure:3632: $? = 0
configure:3632: ./conftest
DFSan init
DFSan debug
==451759==WARNING: DataFlowSanitizer: call to uninstrumented function __ctype_toupper_loc
==451759==WARNING: DataFlowSanitizer: call to uninstrumented function __ctype_toupper_loc
==451759==WARNING: DataFlowSanitizer: call to uninstrumented function __ctype_toupper_loc
==451759==WARNING: DataFlowSanitizer: call to uninstrumented function __ctype_toupper_loc
==451759==WARNING: DataFlowSanitizer: call to uninstrumented function __ctype_toupper_loc
==451759==WARNING: DataFlowSanitizer: call to uninstrumented function __ctype_toupper_loc
==451759==WARNING: DataFlowSanitizer: call to uninstrumented function __ctype_toupper_loc
==451759==WARNING: DataFlowSanitizer: call to uninstrumented function __ctype_toupper_loc
==451759==WARNING: DataFlowSanitizer: call to uninstrumented function __ctype_toupper_loc
==451759==WARNING: DataFlowSanitizer: call to uninstrumented function __ctype_toupper_loc
==451759==WARNING: DataFlowSanitizer: call to uninstrumented function __ctype_toupper_loc
==451759==WARNING: DataFlowSanitizer: call to uninstrumented function __ctype_toupper_loc
==451759==WARNING: DataFlowSanitizer: call to uninstrumented function __ctype_toupper_loc
==451759==WARNING: DataFlowSanitizer: call to uninstrumented function __ctype_toupper_loc
==451759==WARNING: DataFlowSanitizer: call to uninstrumented function __ctype_toupper_loc
==451759==WARNING: DataFlowSanitizer: call to uninstrumented function __ctype_toupper_loc
==451759==WARNING: DataFlowSanitizer: call to uninstrumented function __ctype_toupper_loc
==451759==WARNING: DataFlowSanitizer: call to uninstrumented function __ctype_toupper_loc
==451759==WARNING: DataFlowSanitizer: call to uninstrumented function __ctype_toupper_loc
==451759==WARNING: DataFlowSanitizer: call to uninstrumented function __ctype_toupper_loc
==451759==WARNING: DataFlowSanitizer: call to uninstrumented function __ctype_toupper_loc
==451759==WARNING: DataFlowSanitizer: call to uninstrumented function __ctype_toupper_loc
==451759==WARNING: DataFlowSanitizer: call to uninstrumented function __ctype_toupper_loc
==451759==WARNING: DataFlowSanitizer: call to uninstrumented function __ctype_toupper_loc
==451759==WARNING: DataFlowSanitizer: call to uninstrumented function __ctype_toupper_loc
==451759==WARNING: DataFlowSanitizer: call to uninstrumented function __ctype_toupper_loc
==451759==WARNING: DataFlowSanitizer: call to uninstrumented function __ctype_toupper_loc
==451759==WARNING: DataFlowSanitizer: call to uninstrumented function __ctype_toupper_loc
==451759==WARNING: DataFlowSanitizer: call to uninstrumented function __ctype_toupper_loc
==451759==WARNING: DataFlowSanitizer: call to uninstrumented function __ctype_toupper_loc
==451759==WARNING: DataFlowSanitizer: call to uninstrumented function __ctype_toupper_loc
==451759==WARNING: DataFlowSanitizer: call to uninstrumented function __ctype_toupper_loc
==451759==WARNING: DataFlowSanitizer: call to uninstrumented function __ctype_toupper_loc
==451759==WARNING: DataFlowSanitizer: call to uninstrumented function __ctype_toupper_loc
==451759==WARNING: DataFlowSanitizer: call to uninstrumented function __ctype_toupper_loc
==451759==WARNING: DataFlowSanitizer: call to uninstrumented function __ctype_toupper_loc
==451759==WARNING: DataFlowSanitizer: call to uninstrumented function __ctype_toupper_loc
==451759==WARNING: DataFlowSanitizer: call to uninstrumented function __ctype_toupper_loc
==451759==WARNING: DataFlowSanitizer: call to uninstrumented function __ctype_toupper_loc
==451759==WARNING: DataFlowSanitizer: call to uninstrumented function __ctype_toupper_loc
==451759==WARNING: DataFlowSanitizer: call to uninstrumented function __ctype_toupper_loc
==451759==WARNING: DataFlowSanitizer: call to uninstrumented function __ctype_toupper_loc
==451759==WARNING: DataFlowSanitizer: call to uninstrumented function __ctype_toupper_loc
==451759==WARNING: DataFlowSanitizer: call to uninstrumented function __ctype_toupper_loc
==451759==WARNING: DataFlowSanitizer: call to uninstrumented function __ctype_toupper_loc
==451759==WARNING: DataFlowSanitizer: call to uninstrumented function __ctype_toupper_loc
==451759==WARNING: DataFlowSanitizer: call to uninstrumented function __ctype_toupper_loc
==451759==WARNING: DataFlowSanitizer: call to uninstrumented function __ctype_toupper_loc
==451759==WARNING: DataFlowSanitizer: call to uninstrumented function __ctype_toupper_loc
==451759==WARNING: DataFlowSanitizer: call to uninstrumented function __ctype_toupper_loc
==451759==WARNING: DataFlowSanitizer: call to uninstrumented function __ctype_toupper_loc
==451759==WARNING: DataFlowSanitizer: call to uninstrumented function __ctype_toupper_loc
==451759==WARNING: DataFlowSanitizer: call to uninstrumented function __ctype_toupper_loc
==451759==WARNING: DataFlowSanitizer: call to uninstrumented function __ctype_toupper_loc
==451759==WARNING: DataFlowSanitizer: call to uninstrumented function __ctype_toupper_loc
==451759==WARNING: DataFlowSanitizer: call to uninstrumented function __ctype_toupper_loc
==451759==WARNING: DataFlowSanitizer: call to uninstrumented function __ctype_toupper_loc
==451759==WARNING: DataFlowSanitizer: call to uninstrumented function __ctype_toupper_loc
==451759==WARNING: DataFlowSanitizer: call to uninstrumented function __ctype_toupper_loc
==451759==WARNING: DataFlowSanitizer: call to uninstrumented function __ctype_toupper_loc
==451759==WARNING: DataFlowSanitizer: call to uninstrumented function __ctype_toupper_loc
==451759==WARNING: DataFlowSanitizer: call to uninstrumented function __ctype_toupper_loc
==451759==WARNING: DataFlowSanitizer: call to uninstrumented function __ctype_toupper_loc
==451759==WARNING: DataFlowSanitizer: call to uninstrumented function __ctype_toupper_loc
==451759==WARNING: DataFlowSanitizer: call to uninstrumented function __ctype_toupper_loc
==451759==WARNING: DataFlowSanitizer: call to uninstrumented function __ctype_toupper_loc
==451759==WARNING: DataFlowSanitizer: call to uninstrumented function __ctype_toupper_loc
==451759==WARNING: DataFlowSanitizer: call to uninstrumented function __ctype_toupper_loc
==451759==WARNING: DataFlowSanitizer: call to uninstrumented function __ctype_toupper_loc
==451759==WARNING: DataFlowSanitizer: call to uninstrumented function __ctype_toupper_loc
==451759==WARNING: DataFlowSanitizer: call to uninstrumented function __ctype_toupper_loc
==451759==WARNING: DataFlowSanitizer: call to uninstrumented function __ctype_toupper_loc
==451759==WARNING: DataFlowSanitizer: call to uninstrumented function __ctype_toupper_loc
==451759==WARNING: DataFlowSanitizer: call to uninstrumented function __ctype_toupper_loc
==451759==WARNING: DataFlowSanitizer: call to uninstrumented function __ctype_toupper_loc
==451759==WARNING: DataFlowSanitizer: call to uninstrumented function __ctype_toupper_loc
==451759==WARNING: DataFlowSanitizer: call to uninstrumented function __ctype_toupper_loc
==451759==WARNING: DataFlowSanitizer: call to uninstrumented function __ctype_toupper_loc
==451759==WARNING: DataFlowSanitizer: call to uninstrumented function __ctype_toupper_loc
==451759==WARNING: DataFlowSanitizer: call to uninstrumented function __ctype_toupper_loc
==451759==WARNING: DataFlowSanitizer: call to uninstrumented function __ctype_toupper_loc
==451759==WARNING: DataFlowSanitizer: call to uninstrumented function __ctype_toupper_loc
==451759==WARNING: DataFlowSanitizer: call to uninstrumented function __ctype_toupper_loc
==451759==WARNING: DataFlowSanitizer: call to uninstrumented function __ctype_toupper_loc
==451759==WARNING: DataFlowSanitizer: call to uninstrumented function __ctype_toupper_loc
==451759==WARNING: DataFlowSanitizer: call to uninstrumented function __ctype_toupper_loc
==451759==WARNING: DataFlowSanitizer: call to uninstrumented function __ctype_toupper_loc
==451759==WARNING: DataFlowSanitizer: call to uninstrumented function __ctype_toupper_loc
==451759==WARNING: DataFlowSanitizer: call to uninstrumented function __ctype_toupper_loc
==451759==WARNING: DataFlowSanitizer: call to uninstrumented function __ctype_toupper_loc
==451759==WARNING: DataFlowSanitizer: call to uninstrumented function __ctype_toupper_loc
==451759==WARNING: DataFlowSanitizer: call to uninstrumented function __ctype_toupper_loc
==451759==WARNING: DataFlowSanitizer: call to uninstrumented function __ctype_toupper_loc
==451759==WARNING: DataFlowSanitizer: call to uninstrumented function __ctype_toupper_loc
==451759==WARNING: DataFlowSanitizer: call to uninstrumented function __ctype_toupper_loc
==451759==WARNING: DataFlowSanitizer: call to uninstrumented function __ctype_toupper_loc
==451759==WARNING: DataFlowSanitizer: call to uninstrumented function __ctype_toupper_loc
==451759==WARNING: DataFlowSanitizer: call to uninstrumented function __ctype_toupper_loc
==451759==WARNING: DataFlowSanitizer: call to uninstrumented function __ctype_toupper_loc
==451759==WARNING: DataFlowSanitizer: call to uninstrumented function __ctype_toupper_loc
==451759==WARNING: DataFlowSanitizer: call to uninstrumented function __ctype_toupper_loc
==451759==WARNING: DataFlowSanitizer: call to uninstrumented function __ctype_toupper_loc
==451759==WARNING: DataFlowSanitizer: call to uninstrumented function __ctype_toupper_loc
==451759==WARNING: DataFlowSanitizer: call to uninstrumented function __ctype_toupper_loc
==451759==WARNING: DataFlowSanitizer: call to uninstrumented function __ctype_toupper_loc
==451759==WARNING: DataFlowSanitizer: call to uninstrumented function __ctype_toupper_loc
==451759==WARNING: DataFlowSanitizer: call to uninstrumented function __ctype_toupper_loc
==451759==WARNING: DataFlowSanitizer: call to uninstrumented function __ctype_toupper_loc
==451759==WARNING: DataFlowSanitizer: call to uninstrumented function __ctype_toupper_loc
==451759==WARNING: DataFlowSanitizer: call to uninstrumented function __ctype_toupper_loc
==451759==WARNING: DataFlowSanitizer: call to uninstrumented function __ctype_toupper_loc
==451759==WARNING: DataFlowSanitizer: call to uninstrumented function __ctype_toupper_loc
==451759==WARNING: DataFlowSanitizer: call to uninstrumented function __ctype_toupper_loc
==451759==WARNING: DataFlowSanitizer: call to uninstrumented function __ctype_toupper_loc
==451759==WARNING: DataFlowSanitizer: call to uninstrumented function __ctype_toupper_loc
==451759==WARNING: DataFlowSanitizer: call to uninstrumented function __ctype_toupper_loc
==451759==WARNING: DataFlowSanitizer: call to uninstrumented function __ctype_toupper_loc
==451759==WARNING: DataFlowSanitizer: call to uninstrumented function __ctype_toupper_loc
==451759==WARNING: DataFlowSanitizer: call to uninstrumented function __ctype_toupper_loc
==451759==WARNING: DataFlowSanitizer: call to uninstrumented function __ctype_toupper_loc
==451759==WARNING: DataFlowSanitizer: call to uninstrumented function __ctype_toupper_loc
==451759==WARNING: DataFlowSanitizer: call to uninstrumented function __ctype_toupper_loc
==451759==WARNING: DataFlowSanitizer: call to uninstrumented function __ctype_toupper_loc
==451759==WARNING: DataFlowSanitizer: call to uninstrumented function __ctype_toupper_loc
==451759==WARNING: DataFlowSanitizer: call to uninstrumented function __ctype_toupper_loc
==451759==WARNING: DataFlowSanitizer: call to uninstrumented function __ctype_toupper_loc
==451759==WARNING: DataFlowSanitizer: call to uninstrumented function __ctype_toupper_loc
==451759==WARNING: DataFlowSanitizer: call to uninstrumented function __ctype_toupper_loc
==451759==WARNING: DataFlowSanitizer: call to uninstrumented function __ctype_toupper_loc
==451759==WARNING: DataFlowSanitizer: call to uninstrumented function __ctype_toupper_loc
==451759==WARNING: DataFlowSanitizer: call to uninstrumented function __ctype_toupper_loc
==451759==WARNING: DataFlowSanitizer: call to uninstrumented function __ctype_toupper_loc
==451759==WARNING: DataFlowSanitizer: call to uninstrumented function __ctype_toupper_loc
==451759==WARNING: DataFlowSanitizer: call to uninstrumented function __ctype_toupper_loc
==451759==WARNING: DataFlowSanitizer: call to uninstrumented function __ctype_toupper_loc
==451759==WARNING: DataFlowSanitizer: call to uninstrumented function __ctype_toupper_loc
==451759==WARNING: DataFlowSanitizer: call to uninstrumented function __ctype_toupper_loc
==451759==WARNING: DataFlowSanitizer: call to uninstrumented function __ctype_toupper_loc
==451759==WARNING: DataFlowSanitizer: call to uninstrumented function __ctype_toupper_loc
==451759==WARNING: DataFlowSanitizer: call to uninstrumented function __ctype_toupper_loc
==451759==WARNING: DataFlowSanitizer: call to uninstrumented function __ctype_toupper_loc
==451759==WARNING: DataFlowSanitizer: call to uninstrumented function __ctype_toupper_loc
==451759==WARNING: DataFlowSanitizer: call to uninstrumented function __ctype_toupper_loc
==451759==WARNING: DataFlowSanitizer: call to uninstrumented function __ctype_toupper_loc
==451759==WARNING: DataFlowSanitizer: call to uninstrumented function __ctype_toupper_loc
==451759==WARNING: DataFlowSanitizer: call to uninstrumented function __ctype_toupper_loc
==451759==WARNING: DataFlowSanitizer: call to uninstrumented function __ctype_toupper_loc
==451759==WARNING: DataFlowSanitizer: call to uninstrumented function __ctype_toupper_loc
==451759==WARNING: DataFlowSanitizer: call to uninstrumented function __ctype_toupper_loc
==451759==WARNING: DataFlowSanitizer: call to uninstrumented function __ctype_toupper_loc
==451759==WARNING: DataFlowSanitizer: call to uninstrumented function __ctype_toupper_loc
==451759==WARNING: DataFlowSanitizer: call to uninstrumented function __ctype_toupper_loc
==451759==WARNING: DataFlowSanitizer: call to uninstrumented function __ctype_toupper_loc
==451759==WARNING: DataFlowSanitizer: call to uninstrumented function __ctype_toupper_loc
==451759==WARNING: DataFlowSanitizer: call to uninstrumented function __ctype_toupper_loc
==451759==WARNING: DataFlowSanitizer: call to uninstrumented function __ctype_toupper_loc
==451759==WARNING: DataFlowSanitizer: call to uninstrumented function __ctype_toupper_loc
==451759==WARNING: DataFlowSanitizer: call to uninstrumented function __ctype_toupper_loc
==451759==WARNING: DataFlowSanitizer: call to uninstrumented function __ctype_toupper_loc
==451759==WARNING: DataFlowSanitizer: call to uninstrumented function __ctype_toupper_loc
==451759==WARNING: DataFlowSanitizer: call to uninstrumented function __ctype_toupper_loc
==451759==WARNING: DataFlowSanitizer: call to uninstrumented function __ctype_toupper_loc
==451759==WARNING: DataFlowSanitizer: call to uninstrumented function __ctype_toupper_loc
==451759==WARNING: DataFlowSanitizer: call to uninstrumented function __ctype_toupper_loc
==451759==WARNING: DataFlowSanitizer: call to uninstrumented function __ctype_toupper_loc
==451759==WARNING: DataFlowSanitizer: call to uninstrumented function __ctype_toupper_loc
==451759==WARNING: DataFlowSanitizer: call to uninstrumented function __ctype_toupper_loc
==451759==WARNING: DataFlowSanitizer: call to uninstrumented function __ctype_toupper_loc
==451759==WARNING: DataFlowSanitizer: call to uninstrumented function __ctype_toupper_loc
==451759==WARNING: DataFlowSanitizer: call to uninstrumented function __ctype_toupper_loc
==451759==WARNING: DataFlowSanitizer: call to uninstrumented function __ctype_toupper_loc
==451759==WARNING: DataFlowSanitizer: call to uninstrumented function __ctype_toupper_loc
==451759==WARNING: DataFlowSanitizer: call to uninstrumented function __ctype_toupper_loc
==451759==WARNING: DataFlowSanitizer: call to uninstrumented function __ctype_toupper_loc
==451759==WARNING: DataFlowSanitizer: call to uninstrumented function __ctype_toupper_loc
==451759==WARNING: DataFlowSanitizer: call to uninstrumented function __ctype_toupper_loc
==451759==WARNING: DataFlowSanitizer: call to uninstrumented function __ctype_toupper_loc
==451759==WARNING: DataFlowSanitizer: call to uninstrumented function __ctype_toupper_loc
==451759==WARNING: DataFlowSanitizer: call to uninstrumented function __ctype_toupper_loc
==451759==WARNING: DataFlowSanitizer: call to uninstrumented function __ctype_toupper_loc
==451759==WARNING: DataFlowSanitizer: call to uninstrumented function __ctype_toupper_loc
==451759==WARNING: DataFlowSanitizer: call to uninstrumented function __ctype_toupper_loc
==451759==WARNING: DataFlowSanitizer: call to uninstrumented function __ctype_toupper_loc
==451759==WARNING: DataFlowSanitizer: call to uninstrumented function __ctype_toupper_loc
==451759==WARNING: DataFlowSanitizer: call to uninstrumented function __ctype_toupper_loc
==451759==WARNING: DataFlowSanitizer: call to uninstrumented function __ctype_toupper_loc
==451759==WARNING: DataFlowSanitizer: call to uninstrumented function __ctype_toupper_loc
==451759==WARNING: DataFlowSanitizer: call to uninstrumented function __ctype_toupper_loc
==451759==WARNING: DataFlowSanitizer: call to uninstrumented function __ctype_toupper_loc
==451759==WARNING: DataFlowSanitizer: call to uninstrumented function __ctype_toupper_loc
==451759==WARNING: DataFlowSanitizer: call to uninstrumented function __ctype_toupper_loc
==451759==WARNING: DataFlowSanitizer: call to uninstrumented function __ctype_toupper_loc
==451759==WARNING: DataFlowSanitizer: call to uninstrumented function __ctype_toupper_loc
==451759==WARNING: DataFlowSanitizer: call to uninstrumented function __ctype_toupper_loc
==451759==WARNING: DataFlowSanitizer: call to uninstrumented function __ctype_toupper_loc
==451759==WARNING: DataFlowSanitizer: call to uninstrumented function __ctype_toupper_loc
==451759==WARNING: DataFlowSanitizer: call to uninstrumented function __ctype_toupper_loc
==451759==WARNING: DataFlowSanitizer: call to uninstrumented function __ctype_toupper_loc
==451759==WARNING: DataFlowSanitizer: call to uninstrumented function __ctype_toupper_loc
==451759==WARNING: DataFlowSanitizer: call to uninstrumented function __ctype_toupper_loc
==451759==WARNING: DataFlowSanitizer: call to uninstrumented function __ctype_toupper_loc
==451759==WARNING: DataFlowSanitizer: call to uninstrumented function __ctype_toupper_loc
==451759==WARNING: DataFlowSanitizer: call to uninstrumented function __ctype_toupper_loc
==451759==WARNING: DataFlowSanitizer: call to uninstrumented function __ctype_toupper_loc
==451759==WARNING: DataFlowSanitizer: call to uninstrumented function __ctype_toupper_loc
==451759==WARNING: DataFlowSanitizer: call to uninstrumented function __ctype_toupper_loc
==451759==WARNING: DataFlowSanitizer: call to uninstrumented function __ctype_toupper_loc
==451759==WARNING: DataFlowSanitizer: call to uninstrumented function __ctype_toupper_loc
==451759==WARNING: DataFlowSanitizer: call to uninstrumented function __ctype_toupper_loc
==451759==WARNING: DataFlowSanitizer: call to uninstrumented function __ctype_toupper_loc
==451759==WARNING: DataFlowSanitizer: call to uninstrumented function __ctype_toupper_loc
==451759==WARNING: DataFlowSanitizer: call to uninstrumented function __ctype_toupper_loc
==451759==WARNING: DataFlowSanitizer: call to uninstrumented function __ctype_toupper_loc
==451759==WARNING: DataFlowSanitizer: call to uninstrumented function __ctype_toupper_loc
==451759==WARNING: DataFlowSanitizer: call to uninstrumented function __ctype_toupper_loc
==451759==WARNING: DataFlowSanitizer: call to uninstrumented function __ctype_toupper_loc
==451759==WARNING: DataFlowSanitizer: call to uninstrumented function __ctype_toupper_loc
==451759==WARNING: DataFlowSanitizer: call to uninstrumented function __ctype_toupper_loc
==451759==WARNING: DataFlowSanitizer: call to uninstrumented function __ctype_toupper_loc
==451759==WARNING: DataFlowSanitizer: call to uninstrumented function __ctype_toupper_loc
==451759==WARNING: DataFlowSanitizer: call to uninstrumented function __ctype_toupper_loc
==451759==WARNING: DataFlowSanitizer: call to uninstrumented function __ctype_toupper_loc
==451759==WARNING: DataFlowSanitizer: call to uninstrumented function __ctype_toupper_loc
==451759==WARNING: DataFlowSanitizer: call to uninstrumented function __ctype_toupper_loc
==451759==WARNING: DataFlowSanitizer: call to uninstrumented function __ctype_toupper_loc
==451759==WARNING: DataFlowSanitizer: call to uninstrumented function __ctype_toupper_loc
==451759==WARNING: DataFlowSanitizer: call to uninstrumented function __ctype_toupper_loc
==451759==WARNING: DataFlowSanitizer: call to uninstrumented function __ctype_toupper_loc
==451759==WARNING: DataFlowSanitizer: call to uninstrumented function __ctype_toupper_loc
==451759==WARNING: DataFlowSanitizer: call to uninstrumented function __ctype_toupper_loc
==451759==WARNING: DataFlowSanitizer: call to uninstrumented function __ctype_toupper_loc
==451759==WARNING: DataFlowSanitizer: call to uninstrumented function __ctype_toupper_loc
==451759==WARNING: DataFlowSanitizer: call to uninstrumented function __ctype_toupper_loc
==451759==WARNING: DataFlowSanitizer: call to uninstrumented function __ctype_toupper_loc
==451759==WARNING: DataFlowSanitizer: call to uninstrumented function __ctype_toupper_loc
==451759==WARNING: DataFlowSanitizer: call to uninstrumented function __ctype_toupper_loc
==451759==WARNING: DataFlowSanitizer: call to uninstrumented function __ctype_toupper_loc
==451759==WARNING: DataFlowSanitizer: call to uninstrumented function __ctype_toupper_loc
==451759==WARNING: DataFlowSanitizer: call to uninstrumented function __ctype_toupper_loc
==451759==WARNING: DataFlowSanitizer: call to uninstrumented function __ctype_toupper_loc
==451759==WARNING: DataFlowSanitizer: call to uninstrumented function __ctype_toupper_loc
==451759==WARNING: DataFlowSanitizer: call to uninstrumented function __ctype_toupper_loc
==451759==WARNING: DataFlowSanitizer: call to uninstrumented function __ctype_toupper_loc
==451759==WARNING: DataFlowSanitizer: call to uninstrumented function __ctype_toupper_loc
==451759==WARNING: DataFlowSanitizer: call to uninstrumented function __ctype_toupper_loc
==451759==WARNING: DataFlowSanitizer: call to uninstrumented function __ctype_toupper_loc
==451759==WARNING: DataFlowSanitizer: call to uninstrumented function __ctype_toupper_loc
==451759==WARNING: DataFlowSanitizer: call to uninstrumented function __ctype_toupper_loc
==451759==WARNING: DataFlowSanitizer: call to uninstrumented function __ctype_toupper_loc
==451759==WARNING: DataFlowSanitizer: call to uninstrumented function __ctype_toupper_loc
==451759==WARNING: DataFlowSanitizer: call to uninstrumented function __ctype_toupper_loc
==451759==WARNING: DataFlowSanitizer: call to uninstrumented function __ctype_toupper_loc
==451759==WARNING: DataFlowSanitizer: call to uninstrumented function __ctype_toupper_loc
==451759==WARNING: DataFlowSanitizer: call to uninstrumented function __ctype_toupper_loc
==451759==WARNING: DataFlowSanitizer: call to uninstrumented function __ctype_toupper_loc
==451759==WARNING: DataFlowSanitizer: call to uninstrumented function __ctype_toupper_loc
DFSan fini
configure:3632: $? = 0
configure:3643: result: yes
configure:3656: checking for sys/types.h
configure:3656: /home/tl455047/disk2/tl455047/Dora-Taint/build/clang-wrapper -c -g -O2      conftest.c >&5
DFSanPass init
configure:3656: $? = 0
configure:3656: result: yes
configure:3656: checking for sys/stat.h
configure:3656: /home/tl455047/disk2/tl455047/Dora-Taint/build/clang-wrapper -c -g -O2      conftest.c >&5
DFSanPass init
configure:3656: $? = 0
configure:3656: result: yes
configure:3656: checking for stdlib.h
configure:3656: /home/tl455047/disk2/tl455047/Dora-Taint/build/clang-wrapper -c -g -O2      conftest.c >&5
DFSanPass init
configure:3656: $? = 0
configure:3656: result: yes
configure:3656: checking for string.h
configure:3656: /home/tl455047/disk2/tl455047/Dora-Taint/build/clang-wrapper -c -g -O2      conftest.c >&5
DFSanPass init
configure:3656: $? = 0
configure:3656: result: yes
configure:3656: checking for memory.h
configure:3656: /home/tl455047/disk2/tl455047/Dora-Taint/build/clang-wrapper -c -g -O2      conftest.c >&5
DFSanPass init
configure:3656: $? = 0
configure:3656: result: yes
configure:3656: checking for strings.h
configure:3656: /home/tl455047/disk2/tl455047/Dora-Taint/build/clang-wrapper -c -g -O2      conftest.c >&5
DFSanPass init
configure:3656: $? = 0
configure:3656: result: yes
configure:3656: checking for inttypes.h
configure:3656: /home/tl455047/disk2/tl455047/Dora-Taint/build/clang-wrapper -c -g -O2      conftest.c >&5
DFSanPass init
configure:3656: $? = 0
configure:3656: result: yes
configure:3656: checking for stdint.h
configure:3656: /home/tl455047/disk2/tl455047/Dora-Taint/build/clang-wrapper -c -g -O2      conftest.c >&5
DFSanPass init
configure:3656: $? = 0
configure:3656: result: yes
configure:3656: checking for unistd.h
configure:3656: /home/tl455047/disk2/tl455047/Dora-Taint/build/clang-wrapper -c -g -O2      conftest.c >&5
DFSanPass init
configure:3656: $? = 0
configure:3656: result: yes
configure:3669: checking minix/config.h usability
configure:3669: /home/tl455047/disk2/tl455047/Dora-Taint/build/clang-wrapper -c -g -O2      conftest.c >&5
conftest.c:52:10: fatal error: 'minix/config.h' file not found
#include <minix/config.h>
         ^~~~~~~~~~~~~~~~
1 error generated.
configure:3669: $? = 1
configure: failed program was:
| /* confdefs.h */
| #define PACKAGE_NAME "libctf"
| #define PACKAGE_TARNAME "libctf"
| #define PACKAGE_VERSION "1.2.0"
| #define PACKAGE_STRING "libctf 1.2.0"
| #define PACKAGE_BUGREPORT ""
| #define PACKAGE_URL ""
| #define STDC_HEADERS 1
| #define HAVE_SYS_TYPES_H 1
| #define HAVE_SYS_STAT_H 1
| #define HAVE_STDLIB_H 1
| #define HAVE_STRING_H 1
| #define HAVE_MEMORY_H 1
| #define HAVE_STRINGS_H 1
| #define HAVE_INTTYPES_H 1
| #define HAVE_STDINT_H 1
| #define HAVE_UNISTD_H 1
| /* end confdefs.h.  */
| #include <stdio.h>
| #ifdef HAVE_SYS_TYPES_H
| # include <sys/types.h>
| #endif
| #ifdef HAVE_SYS_STAT_H
| # include <sys/stat.h>
| #endif
| #ifdef STDC_HEADERS
| # include <stdlib.h>
| # include <stddef.h>
| #else
| # ifdef HAVE_STDLIB_H
| #  include <stdlib.h>
| # endif
| #endif
| #ifdef HAVE_STRING_H
| # if !defined STDC_HEADERS && defined HAVE_MEMORY_H
| #  include <memory.h>
| # endif
| # include <string.h>
| #endif
| #ifdef HAVE_STRINGS_H
| # include <strings.h>
| #endif
| #ifdef HAVE_INTTYPES_H
| # include <inttypes.h>
| #endif
| #ifdef HAVE_STDINT_H
| # include <stdint.h>
| #endif
| #ifdef HAVE_UNISTD_H
| # include <unistd.h>
| #endif
| #include <minix/config.h>
configure:3669: result: no
configure:3669: checking minix/config.h presence
configure:3669: /home/tl455047/disk2/tl455047/Dora-Taint/build/clang-wrapper -E  conftest.c
conftest.c:19:10: fatal error: 'minix/config.h' file not found
#include <minix/config.h>
         ^~~~~~~~~~~~~~~~
1 error generated.
configure:3669: $? = 1
configure: failed program was:
| /* confdefs.h */
| #define PACKAGE_NAME "libctf"
| #define PACKAGE_TARNAME "libctf"
| #define PACKAGE_VERSION "1.2.0"
| #define PACKAGE_STRING "libctf 1.2.0"
| #define PACKAGE_BUGREPORT ""
| #define PACKAGE_URL ""
| #define STDC_HEADERS 1
| #define HAVE_SYS_TYPES_H 1
| #define HAVE_SYS_STAT_H 1
| #define HAVE_STDLIB_H 1
| #define HAVE_STRING_H 1
| #define HAVE_MEMORY_H 1
| #define HAVE_STRINGS_H 1
| #define HAVE_INTTYPES_H 1
| #define HAVE_STDINT_H 1
| #define HAVE_UNISTD_H 1
| /* end confdefs.h.  */
| #include <minix/config.h>
configure:3669: result: no
configure:3669: checking for minix/config.h
configure:3669: result: no
configure:3690: checking whether it is safe to define __EXTENSIONS__
configure:3708: /home/tl455047/disk2/tl455047/Dora-Taint/build/clang-wrapper -c -g -O2      conftest.c >&5
DFSanPass init
configure:3708: $? = 0
configure:3715: result: yes
configure:3745: checking for a BSD-compatible install
configure:3813: result: /usr/bin/install -c
configure:3824: checking whether build environment is sane
configure:3879: result: yes
configure:4025: checking for a thread-safe mkdir -p
configure:4064: result: /usr/bin/mkdir -p
configure:4071: checking for gawk
configure:4098: result: gawk
configure:4109: checking whether make sets $(MAKE)
configure:4131: result: yes
configure:4161: checking for style of include used by make
configure:4189: result: GNU
configure:4223: checking whether make supports nested variables
configure:4240: result: yes
configure:4325: checking dependency style of /home/tl455047/disk2/tl455047/Dora-Taint/build/clang-wrapper
configure:4436: result: gcc3
configure:4496: checking whether make sets $(MAKE)
configure:4518: result: yes
configure:4535: checking for x86_64-pc-linux-gnu-gcc
configure:4562: result: /home/tl455047/disk2/tl455047/Dora-Taint/build/clang-wrapper
configure:4831: checking for C compiler version
configure:4840: /home/tl455047/disk2/tl455047/Dora-Taint/build/clang-wrapper --version >&5
Ubuntu clang version 11.0.0-2~ubuntu20.04.1
Target: x86_64-pc-linux-gnu
Thread model: posix
InstalledDir: /usr/bin
configure:4851: $? = 0
configure:4840: /home/tl455047/disk2/tl455047/Dora-Taint/build/clang-wrapper -v >&5
Ubuntu clang version 11.0.0-2~ubuntu20.04.1
Target: x86_64-pc-linux-gnu
Thread model: posix
InstalledDir: /usr/bin
Found candidate GCC installation: /usr/bin/../lib/gcc/x86_64-linux-gnu/8
Found candidate GCC installation: /usr/bin/../lib/gcc/x86_64-linux-gnu/9
Found candidate GCC installation: /usr/lib/gcc/x86_64-linux-gnu/8
Found candidate GCC installation: /usr/lib/gcc/x86_64-linux-gnu/9
Selected GCC installation: /usr/bin/../lib/gcc/x86_64-linux-gnu/9
Candidate multilib: .;@m64
... rest of stderr output deleted ...
configure:4851: $? = 1
configure:4840: /home/tl455047/disk2/tl455047/Dora-Taint/build/clang-wrapper -V >&5
clang: error: unsupported option '-V -fno-builtin-memcpy'
configure:4851: $? = 1
configure:4840: /home/tl455047/disk2/tl455047/Dora-Taint/build/clang-wrapper -qversion >&5
clang: error: unknown argument '-qversion'; did you mean '--version'?
configure:4851: $? = 1
configure:4855: checking whether we are using the GNU C compiler
configure:4883: result: yes
configure:4892: checking whether /home/tl455047/disk2/tl455047/Dora-Taint/build/clang-wrapper accepts -g
configure:4953: result: yes
configure:4970: checking for /home/tl455047/disk2/tl455047/Dora-Taint/build/clang-wrapper option to accept ISO C89
configure:5046: result: none needed
configure:5071: checking whether /home/tl455047/disk2/tl455047/Dora-Taint/build/clang-wrapper understands -c and -o together
configure:5108: result: yes
configure:5128: checking for x86_64-pc-linux-gnu-ranlib
configure:5155: result: ranlib --plugin /usr/bin/../lib/gcc/x86_64-linux-gnu/9/liblto_plugin.so
configure:5222: checking for x86_64-pc-linux-gnu-ar
configure:5249: result: ar --plugin /usr/bin/../lib/gcc/x86_64-linux-gnu/9/liblto_plugin.so
configure:5319: checking the archiver (ar --plugin /usr/bin/../lib/gcc/x86_64-linux-gnu/9/liblto_plugin.so) interface
configure:5335: /home/tl455047/disk2/tl455047/Dora-Taint/build/clang-wrapper -c -g -O2      conftest.c >&5
DFSanPass init
configure:5335: $? = 0
configure:5337: ar --plugin /usr/bin/../lib/gcc/x86_64-linux-gnu/9/liblto_plugin.so cru libconftest.a conftest.o >&5
ar: `u' modifier ignored since `D' is the default (see `U')
configure:5340: $? = 0
configure:5339: result: ar
configure:5372: checking whether NLS is requested
configure:5378: result: yes
configure:5384: checking for catalogs to be installed
configure:5416: result: 
configure:5508: checking how to print strings
configure:5535: result: printf
configure:5556: checking for a sed that does not truncate output
configure:5620: result: /usr/bin/sed
configure:5638: checking for fgrep
configure:5700: result: /usr/bin/grep -F
configure:5735: checking for ld used by /home/tl455047/disk2/tl455047/Dora-Taint/build/clang-wrapper
configure:5802: result: /usr/bin/ld
configure:5809: checking if the linker (/usr/bin/ld) is GNU ld
configure:5824: result: yes
configure:5836: checking for BSD- or MS-compatible name lister (nm)
configure:5885: result: nm
configure:6015: checking the name lister (nm) interface
configure:6022: /home/tl455047/disk2/tl455047/Dora-Taint/build/clang-wrapper -c -g -O2      conftest.c >&5
DFSanPass init
configure:6025: nm "conftest.o"
configure:6028: output
0000000000000000 B some_variable
configure:6029: result: BSD nm
configure:6032: checking whether ln -s works
configure:6036: result: yes
configure:6044: checking the maximum length of command line arguments
configure:6169: result: 1572864
configure:6186: checking whether the shell understands some XSI constructs
configure:6195: result: yes
configure:6199: checking whether the shell understands "+="
configure:6203: result: yes
configure:6238: checking for /usr/bin/ld option to reload object files
configure:6245: result: -r
configure:6274: checking for x86_64-pc-linux-gnu-objdump
configure:6301: result: objdump
configure:6373: checking how to recognize dependent libraries
configure:6574: result: pass_all
configure:6607: checking for x86_64-pc-linux-gnu-ar
configure:6634: result: ar --plugin /usr/bin/../lib/gcc/x86_64-linux-gnu/9/liblto_plugin.so
configure:6725: checking for x86_64-pc-linux-gnu-strip
configure:6755: result: no
configure:6765: checking for strip
configure:6781: found /usr/bin/strip
configure:6792: result: strip
configure:6824: checking for x86_64-pc-linux-gnu-ranlib
configure:6851: result: ranlib --plugin /usr/bin/../lib/gcc/x86_64-linux-gnu/9/liblto_plugin.so
configure:6998: checking command to parse nm output from /home/tl455047/disk2/tl455047/Dora-Taint/build/clang-wrapper object
configure:7116: /home/tl455047/disk2/tl455047/Dora-Taint/build/clang-wrapper -c -g -O2      conftest.c >&5
DFSanPass init
configure:7119: $? = 0
configure:7123: nm conftest.o \| sed -n -e 's/^.*[ ]\([ABCDGIRSTW][ABCDGIRSTW]*\)[ ][ ]*\([_A-Za-z][_A-Za-z0-9]*\)$/\1 \2 \2/p' \> conftest.nm
configure:7126: $? = 0
cannot find nm_test_func in conftest.nm
configure:7116: /home/tl455047/disk2/tl455047/Dora-Taint/build/clang-wrapper -c -g -O2      conftest.c >&5
DFSanPass init
configure:7119: $? = 0
configure:7123: nm conftest.o \| sed -n -e 's/^.*[ ]\([ABCDGIRSTW][ABCDGIRSTW]*\)[ ][ ]*_\([_A-Za-z][_A-Za-z0-9]*\)$/\1 _\2 \2/p' \> conftest.nm
configure:7126: $? = 0
cannot run sed -n -e 's/^.*[	 ]\([ABCDGIRSTW][ABCDGIRSTW]*\)[	 ][	 ]*_\([_A-Za-z][_A-Za-z0-9]*\)$/\1 _\2 \2/p'
configure:7218: result: failed
configure:7316: /home/tl455047/disk2/tl455047/Dora-Taint/build/clang-wrapper -c -g -O2      conftest.c >&5
DFSanPass init
configure:7319: $? = 0
configure:8069: checking for dlfcn.h
configure:8069: /home/tl455047/disk2/tl455047/Dora-Taint/build/clang-wrapper -c -g -O2      conftest.c >&5
DFSanPass init
configure:8069: $? = 0
configure:8069: result: yes
configure:8226: checking for objdir
configure:8241: result: .libs
configure:8512: checking if /home/tl455047/disk2/tl455047/Dora-Taint/build/clang-wrapper supports -fno-rtti -fno-exceptions
configure:8530: /home/tl455047/disk2/tl455047/Dora-Taint/build/clang-wrapper -c -g -O2      -fno-rtti -fno-exceptions conftest.c >&5
DFSanPass init
configure:8534: $? = 0
configure:8547: result: yes
configure:8567: checking for /home/tl455047/disk2/tl455047/Dora-Taint/build/clang-wrapper option to produce PIC
configure:8853: result: -fPIC -DPIC
configure:8865: checking if /home/tl455047/disk2/tl455047/Dora-Taint/build/clang-wrapper PIC flag -fPIC -DPIC works
configure:8883: /home/tl455047/disk2/tl455047/Dora-Taint/build/clang-wrapper -c -g -O2      -fPIC -DPIC -DPIC conftest.c >&5
DFSanPass init
configure:8887: $? = 0
configure:8900: result: yes
configure:8924: checking if /home/tl455047/disk2/tl455047/Dora-Taint/build/clang-wrapper static flag -static works
DFSanPass init
/usr/bin/ld: /home/tl455047/disk2/tl455047/Dora-Taint/build/lib/libclang_rt.dfsan-x86_64.a(dfsan_custom.cpp.o): in function `__dfsw_dlopen':
dfsan_custom.cpp:(.text+0x818): warning: Using 'dlopen' in statically linked applications requires at runtime the shared libraries from the glibc version used for linking
/usr/bin/ld: /home/tl455047/disk2/tl455047/Dora-Taint/build/lib/libclang_rt.dfsan-x86_64.a(dfsan_custom.cpp.o): in function `__dfsw_getpwuid_r':
dfsan_custom.cpp:(.text+0xf47): warning: Using 'getpwuid_r' in statically linked applications requires at runtime the shared libraries from the glibc version used for linking
configure:8952: result: no
configure:8967: checking if /home/tl455047/disk2/tl455047/Dora-Taint/build/clang-wrapper supports -c -o file.o
configure:8988: /home/tl455047/disk2/tl455047/Dora-Taint/build/clang-wrapper -c -g -O2      -o out/conftest2.o conftest.c >&5
DFSanPass init
configure:8992: $? = 0
configure:9014: result: yes
configure:9022: checking if /home/tl455047/disk2/tl455047/Dora-Taint/build/clang-wrapper supports -c -o file.o
configure:9069: result: yes
configure:9102: checking whether the /home/tl455047/disk2/tl455047/Dora-Taint/build/clang-wrapper linker (/usr/bin/ld -m elf_x86_64) supports shared libraries
configure:10173: result: yes
configure:10418: checking dynamic linker characteristics
configure:10859: /home/tl455047/disk2/tl455047/Dora-Taint/build/clang-wrapper -o conftest -g -O2        -Wl,-rpath -Wl,/foo conftest.c  >&5
DFSanPass init
configure:10859: $? = 0
configure:11081: result: GNU/Linux ld.so
configure:11188: checking how to hardcode library paths into programs
configure:11213: result: immediate
configure:11753: checking whether stripping libraries is possible
configure:11758: result: yes
configure:11793: checking if libtool supports shared libraries
configure:11795: result: yes
configure:11798: checking whether to build shared libraries
configure:11819: result: no
configure:11822: checking whether to build static libraries
configure:11826: result: yes
configure:9025: checking for special C compiler options needed for large files
configure:9070: result: no
configure:9076: checking for _FILE_OFFSET_BITS value needed for large files
configure:9101: /home/tl455047/disk2/tl455047/Dora-Taint/build/clang-wrapper -c -g -O2      conftest.c >&5
DFSanPass init
configure:9101: $? = 0
configure:9133: result: no
configure:9224: checking for aclocal
configure:9251: result: ${SHELL} /home/tl455047/disk2/tl455047/Dora-Taint/testcase/binutils-2.37/missing aclocal-1.15
configure:9267: checking for autoconf
configure:9294: result: ${SHELL} /home/tl455047/disk2/tl455047/Dora-Taint/testcase/binutils-2.37/missing autoconf
configure:9310: checking for autoheader
configure:9337: result: ${SHELL} /home/tl455047/disk2/tl455047/Dora-Taint/testcase/binutils-2.37/missing autoheader
configure:9371: checking whether /home/tl455047/disk2/tl455047/Dora-Taint/build/clang-wrapper supports -W
configure:9388: /home/tl455047/disk2/tl455047/Dora-Taint/build/clang-wrapper -c -W  conftest.c >&5
DFSanPass init
configure:9388: $? = 0
configure:9397: result: yes
configure:9371: checking whether /home/tl455047/disk2/tl455047/Dora-Taint/build/clang-wrapper supports -Wall
configure:9388: /home/tl455047/disk2/tl455047/Dora-Taint/build/clang-wrapper -c -Wall  conftest.c >&5
DFSanPass init
configure:9388: $? = 0
configure:9397: result: yes
configure:9371: checking whether /home/tl455047/disk2/tl455047/Dora-Taint/build/clang-wrapper supports -Wnarrowing
configure:9388: /home/tl455047/disk2/tl455047/Dora-Taint/build/clang-wrapper -c -Wnarrowing  conftest.c >&5
DFSanPass init
configure:9388: $? = 0
configure:9397: result: yes
configure:9371: checking whether /home/tl455047/disk2/tl455047/Dora-Taint/build/clang-wrapper supports -Wwrite-strings
configure:9388: /home/tl455047/disk2/tl455047/Dora-Taint/build/clang-wrapper -c -Wwrite-strings  conftest.c >&5
DFSanPass init
configure:9388: $? = 0
configure:9397: result: yes
configure:9371: checking whether /home/tl455047/disk2/tl455047/Dora-Taint/build/clang-wrapper supports -Wmissing-format-attribute
configure:9388: /home/tl455047/disk2/tl455047/Dora-Taint/build/clang-wrapper -c -Wmissing-format-attribute  conftest.c >&5
DFSanPass init
configure:9388: $? = 0
configure:9397: result: yes
configure:9429: checking whether /home/tl455047/disk2/tl455047/Dora-Taint/build/clang-wrapper supports -Wstrict-prototypes
configure:9446: /home/tl455047/disk2/tl455047/Dora-Taint/build/clang-wrapper -c -Wstrict-prototypes  conftest.c >&5
DFSanPass init
configure:9446: $? = 0
configure:9455: result: yes
configure:9429: checking whether /home/tl455047/disk2/tl455047/Dora-Taint/build/clang-wrapper supports -Wmissing-prototypes
configure:9446: /home/tl455047/disk2/tl455047/Dora-Taint/build/clang-wrapper -c -Wmissing-prototypes  conftest.c >&5
DFSanPass init
configure:9446: $? = 0
configure:9455: result: yes
configure:9429: checking whether /home/tl455047/disk2/tl455047/Dora-Taint/build/clang-wrapper supports -Wold-style-definition
configure:9446: /home/tl455047/disk2/tl455047/Dora-Taint/build/clang-wrapper -c -Wold-style-definition  conftest.c >&5
DFSanPass init
configure:9446: $? = 0
configure:9455: result: yes
configure:9479: checking whether /home/tl455047/disk2/tl455047/Dora-Taint/build/clang-wrapper supports -pedantic -Wlong-long
configure:9497: /home/tl455047/disk2/tl455047/Dora-Taint/build/clang-wrapper -c -pedantic -Wlong-long  conftest.c >&5
DFSanPass init
configure:9497: $? = 0
configure:9505: result: yes
configure:9549: checking whether to enable maintainer-specific portions of Makefiles
configure:9558: result: no
configure:9586: checking whether to install libbfd
configure:9599: result: yes
configure:9644: checking whether /home/tl455047/disk2/tl455047/Dora-Taint/build/clang-wrapper supports -Wall
configure:9670: result: yes
configure:9691: checking for stdlib.h
configure:9691: result: yes
configure:9691: checking for unistd.h
configure:9691: result: yes
configure:9691: checking for sys/param.h
configure:9691: /home/tl455047/disk2/tl455047/Dora-Taint/build/clang-wrapper -c -g -O2      conftest.c >&5
DFSanPass init
configure:9691: $? = 0
configure:9691: result: yes
configure:9711: checking for getpagesize
configure:9711: /home/tl455047/disk2/tl455047/Dora-Taint/build/clang-wrapper -o conftest -g -O2        conftest.c  >&5
DFSanPass init
configure:9711: $? = 0
configure:9711: result: yes
configure:9720: checking for working mmap
configure:9867: /home/tl455047/disk2/tl455047/Dora-Taint/build/clang-wrapper -o conftest -g -O2        conftest.c  >&5
DFSanPass init
configure:9867: $? = 0
configure:9867: ./conftest
DFSan init
DFSan debug
==465929==WARNING: DataFlowSanitizer: call to uninstrumented function umask
==465929==WARNING: DataFlowSanitizer: call to uninstrumented function creat
DFSan fini
configure:9867: $? = 0
configure:9877: result: yes
configure:9887: checking for library containing dlsym
configure:9918: /home/tl455047/disk2/tl455047/Dora-Taint/build/clang-wrapper -o conftest -g -O2        conftest.c  >&5
DFSanPass init
configure:9918: $? = 0
configure:9935: result: none required
configure:10000: checking for ELF support in BFD
configure:10020: /home/tl455047/disk2/tl455047/Dora-Taint/build/clang-wrapper -o conftest -I./../include -I../bfd -I./../bfd -g -O2      -L../bfd -L../libiberty -L../zlib   conftest.c -lbfd -liberty -lz   >&5
DFSanPass init
configure:10020: $? = 0
configure:10028: result: yes
configure:10040: checking whether byte ordering is bigendian
configure:10055: /home/tl455047/disk2/tl455047/Dora-Taint/build/clang-wrapper -c -g -O2      conftest.c >&5
conftest.c:36:9: error: unknown type name 'not'
               not a universal capable compiler
               ^
conftest.c:36:14: error: expected ';' after top level declarator
               not a universal capable compiler
                    ^
                    ;
2 errors generated.
configure:10055: $? = 1
configure: failed program was:
| /* confdefs.h */
| #define PACKAGE_NAME "libctf"
| #define PACKAGE_TARNAME "libctf"
| #define PACKAGE_VERSION "1.2.0"
| #define PACKAGE_STRING "libctf 1.2.0"
| #define PACKAGE_BUGREPORT ""
| #define PACKAGE_URL ""
| #define STDC_HEADERS 1
| #define HAVE_SYS_TYPES_H 1
| #define HAVE_SYS_STAT_H 1
| #define HAVE_STDLIB_H 1
| #define HAVE_STRING_H 1
| #define HAVE_MEMORY_H 1
| #define HAVE_STRINGS_H 1
| #define HAVE_INTTYPES_H 1
| #define HAVE_STDINT_H 1
| #define HAVE_UNISTD_H 1
| #define __EXTENSIONS__ 1
| #define _ALL_SOURCE 1
| #define _GNU_SOURCE 1
| #define _POSIX_PTHREAD_SEMANTICS 1
| #define _TANDEM_SOURCE 1
| #define PACKAGE "libctf"
| #define VERSION "1.2.0"
| #define ENABLE_NLS 1
| #define HAVE_DLFCN_H 1
| #define LT_OBJDIR ".libs/"
| #define HAVE_STDLIB_H 1
| #define HAVE_UNISTD_H 1
| #define HAVE_SYS_PARAM_H 1
| #define HAVE_GETPAGESIZE 1
| #define HAVE_MMAP 1
| #define HAVE_BFD_ELF 1
| /* end confdefs.h.  */
| #ifndef __APPLE_CC__
| 	       not a universal capable compiler
| 	     #endif
| 	     typedef int dummy;
| 
configure:10100: /home/tl455047/disk2/tl455047/Dora-Taint/build/clang-wrapper -c -g -O2      conftest.c >&5
DFSanPass init
configure:10100: $? = 0
configure:10118: /home/tl455047/disk2/tl455047/Dora-Taint/build/clang-wrapper -c -g -O2      conftest.c >&5
conftest.c:42:4: error: use of undeclared identifier 'not'
                 not big endian
                 ^
1 error generated.
configure:10118: $? = 1
configure: failed program was:
| /* confdefs.h */
| #define PACKAGE_NAME "libctf"
| #define PACKAGE_TARNAME "libctf"
| #define PACKAGE_VERSION "1.2.0"
| #define PACKAGE_STRING "libctf 1.2.0"
| #define PACKAGE_BUGREPORT ""
| #define PACKAGE_URL ""
| #define STDC_HEADERS 1
| #define HAVE_SYS_TYPES_H 1
| #define HAVE_SYS_STAT_H 1
| #define HAVE_STDLIB_H 1
| #define HAVE_STRING_H 1
| #define HAVE_MEMORY_H 1
| #define HAVE_STRINGS_H 1
| #define HAVE_INTTYPES_H 1
| #define HAVE_STDINT_H 1
| #define HAVE_UNISTD_H 1
| #define __EXTENSIONS__ 1
| #define _ALL_SOURCE 1
| #define _GNU_SOURCE 1
| #define _POSIX_PTHREAD_SEMANTICS 1
| #define _TANDEM_SOURCE 1
| #define PACKAGE "libctf"
| #define VERSION "1.2.0"
| #define ENABLE_NLS 1
| #define HAVE_DLFCN_H 1
| #define LT_OBJDIR ".libs/"
| #define HAVE_STDLIB_H 1
| #define HAVE_UNISTD_H 1
| #define HAVE_SYS_PARAM_H 1
| #define HAVE_GETPAGESIZE 1
| #define HAVE_MMAP 1
| #define HAVE_BFD_ELF 1
| /* end confdefs.h.  */
| #include <sys/types.h>
| 		#include <sys/param.h>
| 
| int
| main ()
| {
| #if BYTE_ORDER != BIG_ENDIAN
| 		 not big endian
| 		#endif
| 
|   ;
|   return 0;
| }
configure:10246: result: no
configure:10267: checking byteswap.h usability
configure:10267: /home/tl455047/disk2/tl455047/Dora-Taint/build/clang-wrapper -c -g -O2      conftest.c >&5
DFSanPass init
configure:10267: $? = 0
configure:10267: result: yes
configure:10267: checking byteswap.h presence
configure:10267: /home/tl455047/disk2/tl455047/Dora-Taint/build/clang-wrapper -E  conftest.c
configure:10267: $? = 0
configure:10267: result: yes
configure:10267: checking for byteswap.h
configure:10267: result: yes
configure:10267: checking endian.h usability
configure:10267: /home/tl455047/disk2/tl455047/Dora-Taint/build/clang-wrapper -c -g -O2      conftest.c >&5
DFSanPass init
configure:10267: $? = 0
configure:10267: result: yes
configure:10267: checking endian.h presence
configure:10267: /home/tl455047/disk2/tl455047/Dora-Taint/build/clang-wrapper -E  conftest.c
configure:10267: $? = 0
configure:10267: result: yes
configure:10267: checking for endian.h
configure:10267: result: yes
configure:10279: checking for pread
configure:10279: /home/tl455047/disk2/tl455047/Dora-Taint/build/clang-wrapper -o conftest -g -O2        conftest.c  >&5
DFSanPass init
configure:10279: $? = 0
configure:10279: result: yes
configure:10289: checking whether bswap_16 is declared
configure:10289: /home/tl455047/disk2/tl455047/Dora-Taint/build/clang-wrapper -c -g -O2      conftest.c >&5
DFSanPass init
configure:10289: $? = 0
configure:10289: result: yes
configure:10300: checking whether bswap_32 is declared
configure:10300: /home/tl455047/disk2/tl455047/Dora-Taint/build/clang-wrapper -c -g -O2      conftest.c >&5
DFSanPass init
configure:10300: $? = 0
configure:10300: result: yes
configure:10311: checking whether bswap_64 is declared
configure:10311: /home/tl455047/disk2/tl455047/Dora-Taint/build/clang-wrapper -c -g -O2      conftest.c >&5
DFSanPass init
configure:10311: $? = 0
configure:10311: result: yes
configure:10323: checking whether asprintf is declared
configure:10323: /home/tl455047/disk2/tl455047/Dora-Taint/build/clang-wrapper -c -g -O2      conftest.c >&5
DFSanPass init
configure:10323: $? = 0
configure:10323: result: yes
configure:10333: checking whether vasprintf is declared
configure:10333: /home/tl455047/disk2/tl455047/Dora-Taint/build/clang-wrapper -c -g -O2      conftest.c >&5
DFSanPass init
configure:10333: $? = 0
configure:10333: result: yes
configure:10343: checking whether stpcpy is declared
configure:10343: /home/tl455047/disk2/tl455047/Dora-Taint/build/clang-wrapper -c -g -O2      conftest.c >&5
DFSanPass init
configure:10343: $? = 0
configure:10343: result: yes
configure:10361: checking for qsort_r
configure:10361: /home/tl455047/disk2/tl455047/Dora-Taint/build/clang-wrapper -o conftest -g -O2        conftest.c  >&5
DFSanPass init
configure:10361: $? = 0
configure:10361: result: yes
configure:10374: checking for qsort_r signature
configure:10400: /home/tl455047/disk2/tl455047/Dora-Taint/build/clang-wrapper -o conftest -g -O2        conftest.c  >&5
DFSanPass init
configure:10400: $? = 0
configure:10434: result: GNU
configure:10457: checking for O_CLOEXEC
configure:10477: /home/tl455047/disk2/tl455047/Dora-Taint/build/clang-wrapper -o conftest -g -O2        conftest.c  >&5
DFSanPass init
configure:10477: $? = 0
configure:10485: result: yes
configure:10530: checking for expect
configure:10563: result: no
configure:10568: checking for Tcl supporting try/catch
configure:10579: result: no
configure:10658: updating cache ./config.cache
configure:10702: checking that generated files are newer than configure
configure:10708: result: done
configure:10752: creating ./config.status

## ---------------------- ##
## Running config.status. ##
## ---------------------- ##

This file was extended by libctf config.status 1.2.0, which was
generated by GNU Autoconf 2.69.  Invocation command line was

  CONFIG_FILES    = 
  CONFIG_HEADERS  = 
  CONFIG_LINKS    = 
  CONFIG_COMMANDS = 
  $ ./config.status 

on tl455047-ubuntu

config.status:1130: creating Makefile
config.status:1130: creating config.h
config.status:1359: executing depfiles commands
config.status:1359: executing libtool commands

## ---------------- ##
## Cache variables. ##
## ---------------- ##

ac_cv_build=x86_64-pc-linux-gnu
ac_cv_c_bigendian=no
ac_cv_c_compiler_gnu=yes
ac_cv_env_CC_set=set
ac_cv_env_CC_value=/home/tl455047/disk2/tl455047/Dora-Taint/build/clang-wrapper
ac_cv_env_CFLAGS_set=set
ac_cv_env_CFLAGS_value='-g -O2    '
ac_cv_env_CPPFLAGS_set=
ac_cv_env_CPPFLAGS_value=
ac_cv_env_CPP_set=
ac_cv_env_CPP_value=
ac_cv_env_LDFLAGS_set=set
ac_cv_env_LDFLAGS_value=' '
ac_cv_env_LIBS_set=
ac_cv_env_LIBS_value=
ac_cv_env_build_alias_set=set
ac_cv_env_build_alias_value=x86_64-pc-linux-gnu
ac_cv_env_host_alias_set=set
ac_cv_env_host_alias_value=x86_64-pc-linux-gnu
ac_cv_env_target_alias_set=set
ac_cv_env_target_alias_value=x86_64-pc-linux-gnu
ac_cv_func_getpagesize=yes
ac_cv_func_mmap_fixed_mapped=yes
ac_cv_func_pread=yes
ac_cv_func_qsort_r=yes
ac_cv_have_decl_asprintf=yes
ac_cv_have_decl_bswap_16=yes
ac_cv_have_decl_bswap_32=yes
ac_cv_have_decl_bswap_64=yes
ac_cv_have_decl_stpcpy=yes
ac_cv_have_decl_vasprintf=yes
ac_cv_header_byteswap_h=yes
ac_cv_header_dlfcn_h=yes
ac_cv_header_endian_h=yes
ac_cv_header_inttypes_h=yes
ac_cv_header_memory_h=yes
ac_cv_header_minix_config_h=no
ac_cv_header_stdc=yes
ac_cv_header_stdint_h=yes
ac_cv_header_stdlib_h=yes
ac_cv_header_string_h=yes
ac_cv_header_strings_h=yes
ac_cv_header_sys_param_h=yes
ac_cv_header_sys_stat_h=yes
ac_cv_header_sys_types_h=yes
ac_cv_header_unistd_h=yes
ac_cv_host=x86_64-pc-linux-gnu
ac_cv_libctf_bfd_elf=yes
ac_cv_libctf_macro_O_CLOEXEC=yes
ac_cv_libctf_qsort_r_signature=GNU
ac_cv_libctf_tcl_try=no
ac_cv_objext=o
ac_cv_path_EGREP='/usr/bin/grep -E'
ac_cv_path_FGREP='/usr/bin/grep -F'
ac_cv_path_GREP=/usr/bin/grep
ac_cv_path_SED=/usr/bin/sed
ac_cv_path_mkdir=/usr/bin/mkdir
ac_cv_prog_ACLOCAL='${SHELL} /home/tl455047/disk2/tl455047/Dora-Taint/testcase/binutils-2.37/missing aclocal-1.15'
ac_cv_prog_AR='ar --plugin /usr/bin/../lib/gcc/x86_64-linux-gnu/9/liblto_plugin.so'
ac_cv_prog_AUTOCONF='${SHELL} /home/tl455047/disk2/tl455047/Dora-Taint/testcase/binutils-2.37/missing autoconf'
ac_cv_prog_AUTOHEADER='${SHELL} /home/tl455047/disk2/tl455047/Dora-Taint/testcase/binutils-2.37/missing autoheader'
ac_cv_prog_AWK=gawk
ac_cv_prog_CC=/home/tl455047/disk2/tl455047/Dora-Taint/build/clang-wrapper
ac_cv_prog_CPP='/home/tl455047/disk2/tl455047/Dora-Taint/build/clang-wrapper -E'
ac_cv_prog_OBJDUMP=objdump
ac_cv_prog_RANLIB='ranlib --plugin /usr/bin/../lib/gcc/x86_64-linux-gnu/9/liblto_plugin.so'
ac_cv_prog_ac_ct_STRIP=strip
ac_cv_prog_cc_c89=
ac_cv_prog_cc_g=yes
ac_cv_prog_make_make_set=yes
ac_cv_safe_to_define___extensions__=yes
ac_cv_search_dlsym='none required'
ac_cv_sys_file_offset_bits=no
ac_cv_sys_largefile_CC=no
ac_cv_target=x86_64-pc-linux-gnu
acx_cv_prog_cc_pedantic__Wlong_long=yes
acx_cv_prog_cc_warning__W=yes
acx_cv_prog_cc_warning__Wall=yes
acx_cv_prog_cc_warning__Wmissing_format_attribute=yes
acx_cv_prog_cc_warning__Wmissing_prototypes=yes
acx_cv_prog_cc_warning__Wnarrowing=yes
acx_cv_prog_cc_warning__Wold_style_definition=yes
acx_cv_prog_cc_warning__Wstrict_prototypes=yes
acx_cv_prog_cc_warning__Wwrite_strings=yes
am_cv_CC_dependencies_compiler_type=gcc3
am_cv_ar_interface=ar
am_cv_make_support_nested_variables=yes
am_cv_prog_cc_c_o=yes
lt_cv_deplibs_check_method=pass_all
lt_cv_file_magic_cmd='$MAGIC_CMD'
lt_cv_file_magic_test_file=
lt_cv_ld_reload_flag=-r
lt_cv_nm_interface='BSD nm'
lt_cv_objdir=.libs
lt_cv_path_LD=/usr/bin/ld
lt_cv_path_NM=nm
lt_cv_prog_compiler_c_o=yes
lt_cv_prog_compiler_pic_works=yes
lt_cv_prog_compiler_rtti_exceptions=yes
lt_cv_prog_compiler_static_works=no
lt_cv_prog_gnu_ld=yes
lt_cv_shlibpath_overrides_runpath=yes
lt_cv_sys_global_symbol_pipe=
lt_cv_sys_global_symbol_to_c_name_address='sed -n -e '\''s/^: \([^ ]*\) $/  {\"\1\", (void *) 0},/p'\'' -e '\''s/^[ABCDGIRSTW]* \([^ ]*\) \([^ ]*\)$/  {"\2", (void *) \&\2},/p'\'''
lt_cv_sys_global_symbol_to_c_name_address_lib_prefix='sed -n -e '\''s/^: \([^ ]*\) $/  {\"\1\", (void *) 0},/p'\'' -e '\''s/^[ABCDGIRSTW]* \([^ ]*\) \(lib[^ ]*\)$/  {"\2", (void *) \&\2},/p'\'' -e '\''s/^[ABCDGIRSTW]* \([^ ]*\) \([^ ]*\)$/  {"lib\2", (void *) \&\2},/p'\'''
lt_cv_sys_global_symbol_to_cdecl=
lt_cv_sys_max_cmd_len=1572864

## ----------------- ##
## Output variables. ##
## ----------------- ##

ACLOCAL='${SHELL} /home/tl455047/disk2/tl455047/Dora-Taint/testcase/binutils-2.37/missing aclocal-1.15'
AMDEPBACKSLASH='\'
AMDEP_FALSE='#'
AMDEP_TRUE=''
AMTAR='$${TAR-tar}'
AM_BACKSLASH='\'
AM_DEFAULT_V='$(AM_DEFAULT_VERBOSITY)'
AM_DEFAULT_VERBOSITY='1'
AM_V='$(V)'
AR='ar --plugin /usr/bin/../lib/gcc/x86_64-linux-gnu/9/liblto_plugin.so --plugin /usr/bin/../lib/gcc/x86_64-linux-gnu/9/liblto_plugin.so'
AUTOCONF='${SHELL} /home/tl455047/disk2/tl455047/Dora-Taint/testcase/binutils-2.37/missing autoconf'
AUTOHEADER='${SHELL} /home/tl455047/disk2/tl455047/Dora-Taint/testcase/binutils-2.37/missing autoheader'
AUTOMAKE='${SHELL} /home/tl455047/disk2/tl455047/Dora-Taint/testcase/binutils-2.37/missing automake-1.15'
AWK='gawk'
CATALOGS=''
CATOBJEXT='.gmo'
CC='/home/tl455047/disk2/tl455047/Dora-Taint/build/clang-wrapper'
CCDEPMODE='depmode=gcc3'
CFLAGS='-g -O2    '
CPP='/home/tl455047/disk2/tl455047/Dora-Taint/build/clang-wrapper -E'
CPPFLAGS=''
CTF_LIBADD='-L/home/tl455047/disk2/tl455047/Dora-Taint/testcase/binutils-2.37/libctf/../libiberty -liberty '
CYGPATH_W='echo'
DATADIRNAME='share'
DEFS='-DHAVE_CONFIG_H'
DEPDIR='.deps'
DSYMUTIL=''
DUMPBIN=''
ECHO_C=''
ECHO_N='-n'
ECHO_T=''
EGREP='/usr/bin/grep -E'
ENABLE_LIBCTF_HASH_DEBUGGING_FALSE=''
ENABLE_LIBCTF_HASH_DEBUGGING_TRUE='#'
EXEEXT=''
EXPECT=''
FGREP='/usr/bin/grep -F'
GENCAT='gencat'
GMSGFMT=':'
GREP='/usr/bin/grep'
INCINTL=''
INSTALL_DATA='/usr/bin/install -c -m 644'
INSTALL_LIBBFD_FALSE='#'
INSTALL_LIBBFD_TRUE=''
INSTALL_PROGRAM='/usr/bin/install -c'
INSTALL_SCRIPT='/usr/bin/install -c'
INSTALL_STRIP_PROGRAM='$(install_sh) -c -s'
INSTOBJEXT='.mo'
LD='/usr/bin/ld -m elf_x86_64'
LDFLAGS=' '
LIBINTL=''
LIBINTL_DEP=''
LIBOBJS=''
LIBS=''
LIBTOOL='$(SHELL) $(top_builddir)/libtool'
LIPO=''
LN_S='ln -s'
LTLIBOBJS=''
MAINT='#'
MAINTAINER_MODE_FALSE=''
MAINTAINER_MODE_TRUE='#'
MAKEINFO='/home/tl455047/disk2/tl455047/Dora-Taint/testcase/binutils-2.37/missing makeinfo --split-size=5000000'
MKDIR_P='/usr/bin/mkdir -p'
NEED_CTF_QSORT_R_FALSE=''
NEED_CTF_QSORT_R_TRUE='#'
NM='nm'
NMEDIT=''
OBJDUMP='objdump'
OBJEXT='o'
OTOOL64=''
OTOOL=''
PACKAGE='libctf'
PACKAGE_BUGREPORT=''
PACKAGE_NAME='libctf'
PACKAGE_STRING='libctf 1.2.0'
PACKAGE_TARNAME='libctf'
PACKAGE_URL=''
PACKAGE_VERSION='1.2.0'
PATH_SEPARATOR=':'
POSUB='po'
RANLIB='ranlib --plugin /usr/bin/../lib/gcc/x86_64-linux-gnu/9/liblto_plugin.so --plugin /usr/bin/../lib/gcc/x86_64-linux-gnu/9/liblto_plugin.so'
SED='/usr/bin/sed'
SET_MAKE=''
SHARED_LDFLAGS=''
SHELL='/bin/bash'
STRIP='strip'
TCL_TRY_FALSE=''
TCL_TRY_TRUE='#'
USE_NLS='yes'
VERSION='1.2.0'
VERSION_FLAGS='-Wl,--version-script='\''./libctf.ver'\'''
WARN_PEDANTIC='-pedantic -Wno-long-long'
WERROR=''
XGETTEXT=':'
ac_ct_AR=''
ac_ct_CC=''
ac_ct_DUMPBIN=''
ac_libctf_warn_cflags='-Wall'
am__EXEEXT_FALSE=''
am__EXEEXT_TRUE='#'
am__fastdepCC_FALSE='#'
am__fastdepCC_TRUE=''
am__include='include'
am__isrc=''
am__leading_dot='.'
am__nodep='_no'
am__quote=''
am__tar='$${TAR-tar} chof - "$$tardir"'
am__untar='$${TAR-tar} xf -'
bfdincludedir='$(includedir)'
bfdlibdir='$(libdir)'
bindir='${exec_prefix}/bin'
build='x86_64-pc-linux-gnu'
build_alias='x86_64-pc-linux-gnu'
build_cpu='x86_64'
build_os='linux-gnu'
build_vendor='pc'
c_warn='-Wstrict-prototypes -Wmissing-prototypes -Wold-style-definition'
datadir='${datarootdir}'
datarootdir='${prefix}/share'
docdir='${datarootdir}/doc/${PACKAGE_TARNAME}'
dvidir='${docdir}'
exec_prefix='${prefix}'
host='x86_64-pc-linux-gnu'
host_alias='x86_64-pc-linux-gnu'
host_cpu='x86_64'
host_noncanonical='x86_64-pc-linux-gnu'
host_os='linux-gnu'
host_vendor='pc'
htmldir='${docdir}'
includedir='${prefix}/include'
infodir='${datarootdir}/info'
install_sh='${SHELL} /home/tl455047/disk2/tl455047/Dora-Taint/testcase/binutils-2.37/install-sh'
libdir='${exec_prefix}/lib'
libexecdir='${exec_prefix}/libexec'
localedir='${datarootdir}/locale'
localstatedir='${prefix}/var'
mandir='${datarootdir}/man'
mkdir_p='$(MKDIR_P)'
oldincludedir='/usr/include'
pdfdir='${docdir}'
prefix='/usr/local'
program_transform_name='s,y,y,'
psdir='${docdir}'
sbindir='${exec_prefix}/sbin'
sharedstatedir='${prefix}/com'
sysconfdir='${prefix}/etc'
target='x86_64-pc-linux-gnu'
target_alias='x86_64-pc-linux-gnu'
target_cpu='x86_64'
target_noncanonical='x86_64-pc-linux-gnu'
target_os='linux-gnu'
target_vendor='pc'
warn='-W -Wall -Wno-narrowing -Wwrite-strings -Wmissing-format-attribute'
zlibdir='-L$(top_builddir)/../zlib'
zlibinc='-I$(top_srcdir)/../zlib'

## ----------- ##
## confdefs.h. ##
## ----------- ##

/* confdefs.h */
#define PACKAGE_NAME "libctf"
#define PACKAGE_TARNAME "libctf"
#define PACKAGE_VERSION "1.2.0"
#define PACKAGE_STRING "libctf 1.2.0"
#define PACKAGE_BUGREPORT ""
#define PACKAGE_URL ""
#define STDC_HEADERS 1
#define HAVE_SYS_TYPES_H 1
#define HAVE_SYS_STAT_H 1
#define HAVE_STDLIB_H 1
#define HAVE_STRING_H 1
#define HAVE_MEMORY_H 1
#define HAVE_STRINGS_H 1
#define HAVE_INTTYPES_H 1
#define HAVE_STDINT_H 1
#define HAVE_UNISTD_H 1
#define __EXTENSIONS__ 1
#define _ALL_SOURCE 1
#define _GNU_SOURCE 1
#define _POSIX_PTHREAD_SEMANTICS 1
#define _TANDEM_SOURCE 1
#define PACKAGE "libctf"
#define VERSION "1.2.0"
#define ENABLE_NLS 1
#define HAVE_DLFCN_H 1
#define LT_OBJDIR ".libs/"
#define HAVE_STDLIB_H 1
#define HAVE_UNISTD_H 1
#define HAVE_SYS_PARAM_H 1
#define HAVE_GETPAGESIZE 1
#define HAVE_MMAP 1
#define HAVE_BFD_ELF 1
#define HAVE_BYTESWAP_H 1
#define HAVE_ENDIAN_H 1
#define HAVE_PREAD 1
#define HAVE_DECL_BSWAP_16 1
#define HAVE_DECL_BSWAP_32 1
#define HAVE_DECL_BSWAP_64 1
#define HAVE_DECL_ASPRINTF 1
#define HAVE_DECL_VASPRINTF 1
#define HAVE_DECL_STPCPY 1
#define HAVE_QSORT_R 1
#define HAVE_QSORT_R_ARG_LAST 1
#define HAVE_O_CLOEXEC 1

configure: exit 0
