This file contains any messages produced by compilers while
running configure, to aid debugging if configure makes a mistake.

It was created by gprof configure 2.37, which was
generated by GNU Autoconf 2.69.  Invocation command line was

  $ /home/tl455047/disk2/tl455047/Dora-Taint/testcase/binutils-2.37/gprof/configure --srcdir=.././gprof --cache-file=./config.cache --with-gnu-as --with-gnu-ld --disable-shared --program-transform-name=s,y,y, --disable-option-checking --build=x86_64-pc-linux-gnu --host=x86_64-pc-linux-gnu --target=x86_64-pc-linux-gnu

## --------- ##
## Platform. ##
## --------- ##

hostname = tl455047-ubuntu
uname -m = x86_64
uname -r = 5.11.0-38-generic
uname -s = Linux
uname -v = #42~20.04.1-Ubuntu SMP Tue Sep 28 20:41:07 UTC 2021

/usr/bin/uname -p = x86_64
/bin/uname -X     = unknown

/bin/arch              = x86_64
/usr/bin/arch -k       = unknown
/usr/convex/getsysinfo = unknown
/usr/bin/hostinfo      = unknown
/bin/machine           = unknown
/usr/bin/oslevel       = unknown
/bin/universe          = unknown

PATH: /home/tl455047/.local/bin
PATH: /usr/local/sbin
PATH: /usr/local/bin
PATH: /usr/sbin
PATH: /usr/bin
PATH: /sbin
PATH: /bin
PATH: /usr/games
PATH: /usr/local/games
PATH: /snap/bin


## ----------- ##
## Core tests. ##
## ----------- ##

configure:2159: creating cache ./config.cache
configure:2270: checking build system type
configure:2284: result: x86_64-pc-linux-gnu
configure:2304: checking host system type
configure:2317: result: x86_64-pc-linux-gnu
configure:2337: checking target system type
configure:2350: result: x86_64-pc-linux-gnu
configure:2393: checking for a BSD-compatible install
configure:2461: result: /usr/bin/install -c
configure:2472: checking whether build environment is sane
configure:2527: result: yes
configure:2676: checking for a thread-safe mkdir -p
configure:2715: result: /usr/bin/mkdir -p
configure:2722: checking for gawk
configure:2749: result: gawk
configure:2760: checking whether make sets $(MAKE)
configure:2782: result: yes
configure:2811: checking whether make supports nested variables
configure:2828: result: yes
configure:2966: checking for x86_64-pc-linux-gnu-gcc
configure:2993: result: /home/tl455047/disk2/tl455047/Dora-Taint/build/clang-wrapper
configure:3262: checking for C compiler version
configure:3271: /home/tl455047/disk2/tl455047/Dora-Taint/build/clang-wrapper --version >&5
Ubuntu clang version 11.0.0-2~ubuntu20.04.1
Target: x86_64-pc-linux-gnu
Thread model: posix
InstalledDir: /usr/bin
configure:3282: $? = 0
configure:3271: /home/tl455047/disk2/tl455047/Dora-Taint/build/clang-wrapper -v >&5
Ubuntu clang version 11.0.0-2~ubuntu20.04.1
Target: x86_64-pc-linux-gnu
Thread model: posix
InstalledDir: /usr/bin
Found candidate GCC installation: /usr/bin/../lib/gcc/x86_64-linux-gnu/8
Found candidate GCC installation: /usr/bin/../lib/gcc/x86_64-linux-gnu/9
Found candidate GCC installation: /usr/lib/gcc/x86_64-linux-gnu/8
Found candidate GCC installation: /usr/lib/gcc/x86_64-linux-gnu/9
Selected GCC installation: /usr/bin/../lib/gcc/x86_64-linux-gnu/9
Candidate multilib: .;@m64
... rest of stderr output deleted ...
configure:3282: $? = 1
configure:3271: /home/tl455047/disk2/tl455047/Dora-Taint/build/clang-wrapper -V >&5
clang: error: unsupported option '-V -fno-builtin-memcpy'
configure:3282: $? = 1
configure:3271: /home/tl455047/disk2/tl455047/Dora-Taint/build/clang-wrapper -qversion >&5
clang: error: unknown argument '-qversion'; did you mean '--version'?
configure:3282: $? = 1
configure:3302: checking whether the C compiler works
configure:3324: /home/tl455047/disk2/tl455047/Dora-Taint/build/clang-wrapper -g -O2        conftest.c  >&5
DFSanPass init
configure:3328: $? = 0
configure:3376: result: yes
configure:3379: checking for C compiler default output file name
configure:3381: result: a.out
configure:3387: checking for suffix of executables
configure:3394: /home/tl455047/disk2/tl455047/Dora-Taint/build/clang-wrapper -o conftest -g -O2        conftest.c  >&5
DFSanPass init
configure:3398: $? = 0
configure:3420: result: 
configure:3442: checking whether we are cross compiling
configure:3450: /home/tl455047/disk2/tl455047/Dora-Taint/build/clang-wrapper -o conftest -g -O2        conftest.c  >&5
DFSanPass init
configure:3454: $? = 0
configure:3461: ./conftest
DFSan init
DFSan debug
DFSan fini
configure:3465: $? = 0
configure:3453: result: no
configure:3458: checking for suffix of object files
configure:3480: /home/tl455047/disk2/tl455047/Dora-Taint/build/clang-wrapper -c -g -O2      conftest.c >&5
DFSanPass init
configure:3484: $? = 0
configure:3505: result: o
configure:3509: checking whether we are using the GNU C compiler
configure:3528: /home/tl455047/disk2/tl455047/Dora-Taint/build/clang-wrapper -c -g -O2      conftest.c >&5
DFSanPass init
configure:3528: $? = 0
configure:3537: result: yes
configure:3546: checking whether /home/tl455047/disk2/tl455047/Dora-Taint/build/clang-wrapper accepts -g
configure:3566: /home/tl455047/disk2/tl455047/Dora-Taint/build/clang-wrapper -c -g  conftest.c >&5
DFSanPass init
configure:3566: $? = 0
configure: failed program was:
| /* confdefs.h */
| #define PACKAGE_NAME "gprof"
| #define PACKAGE_TARNAME "gprof"
| #define PACKAGE_VERSION "2.37"
| #define PACKAGE_STRING "gprof 2.37"
| #define PACKAGE_BUGREPORT ""
| #define PACKAGE_URL ""
| #define PACKAGE "gprof"
| #define VERSION "2.37"
| /* end confdefs.h.  */
| 
| int
| main ()
| {
| 
|   ;
|   return 0;
| }
configure:3581: /home/tl455047/disk2/tl455047/Dora-Taint/build/clang-wrapper -c   conftest.c >&5
DFSanPass init
configure:3581: $? = 0
configure: failed program was:
| /* confdefs.h */
| #define PACKAGE_NAME "gprof"
| #define PACKAGE_TARNAME "gprof"
| #define PACKAGE_VERSION "2.37"
| #define PACKAGE_STRING "gprof 2.37"
| #define PACKAGE_BUGREPORT ""
| #define PACKAGE_URL ""
| #define PACKAGE "gprof"
| #define VERSION "2.37"
| /* end confdefs.h.  */
| 
| int
| main ()
| {
| 
|   ;
|   return 0;
| }
configure:3597: /home/tl455047/disk2/tl455047/Dora-Taint/build/clang-wrapper -c -g  conftest.c >&5
DFSanPass init
configure:3597: $? = 0
configure:3607: result: yes
configure:3624: checking for /home/tl455047/disk2/tl455047/Dora-Taint/build/clang-wrapper option to accept ISO C89
configure:3687: /home/tl455047/disk2/tl455047/Dora-Taint/build/clang-wrapper  -c -g -O2      conftest.c >&5
DFSanPass init
configure:3687: $? = 0
configure:3700: result: none needed
configure:3725: checking whether /home/tl455047/disk2/tl455047/Dora-Taint/build/clang-wrapper understands -c and -o together
configure:3747: /home/tl455047/disk2/tl455047/Dora-Taint/build/clang-wrapper -c conftest.c -o conftest2.o
DFSanPass init
configure:3750: $? = 0
configure:3747: /home/tl455047/disk2/tl455047/Dora-Taint/build/clang-wrapper -c conftest.c -o conftest2.o
DFSanPass init
configure:3750: $? = 0
configure:3762: result: yes
configure:3790: checking for style of include used by make
configure:3818: result: GNU
configure:3844: checking dependency style of /home/tl455047/disk2/tl455047/Dora-Taint/build/clang-wrapper
configure:3955: result: gcc3
configure:3976: checking how to run the C preprocessor
configure:4007: /home/tl455047/disk2/tl455047/Dora-Taint/build/clang-wrapper -E  conftest.c
configure:4007: $? = 0
configure:4021: /home/tl455047/disk2/tl455047/Dora-Taint/build/clang-wrapper -E  conftest.c
conftest.c:11:10: fatal error: 'ac_nonexistent.h' file not found
#include <ac_nonexistent.h>
         ^~~~~~~~~~~~~~~~~~
1 error generated.
configure:4021: $? = 1
configure: failed program was:
| /* confdefs.h */
| #define PACKAGE_NAME "gprof"
| #define PACKAGE_TARNAME "gprof"
| #define PACKAGE_VERSION "2.37"
| #define PACKAGE_STRING "gprof 2.37"
| #define PACKAGE_BUGREPORT ""
| #define PACKAGE_URL ""
| #define PACKAGE "gprof"
| #define VERSION "2.37"
| /* end confdefs.h.  */
| #include <ac_nonexistent.h>
configure:4046: result: /home/tl455047/disk2/tl455047/Dora-Taint/build/clang-wrapper -E
configure:4066: /home/tl455047/disk2/tl455047/Dora-Taint/build/clang-wrapper -E  conftest.c
configure:4066: $? = 0
configure:4080: /home/tl455047/disk2/tl455047/Dora-Taint/build/clang-wrapper -E  conftest.c
conftest.c:11:10: fatal error: 'ac_nonexistent.h' file not found
#include <ac_nonexistent.h>
         ^~~~~~~~~~~~~~~~~~
1 error generated.
configure:4080: $? = 1
configure: failed program was:
| /* confdefs.h */
| #define PACKAGE_NAME "gprof"
| #define PACKAGE_TARNAME "gprof"
| #define PACKAGE_VERSION "2.37"
| #define PACKAGE_STRING "gprof 2.37"
| #define PACKAGE_BUGREPORT ""
| #define PACKAGE_URL ""
| #define PACKAGE "gprof"
| #define VERSION "2.37"
| /* end confdefs.h.  */
| #include <ac_nonexistent.h>
configure:4109: checking for grep that handles long lines and -e
configure:4167: result: /usr/bin/grep
configure:4172: checking for egrep
configure:4234: result: /usr/bin/grep -E
configure:4239: checking for ANSI C header files
configure:4259: /home/tl455047/disk2/tl455047/Dora-Taint/build/clang-wrapper -c -g -O2      conftest.c >&5
DFSanPass init
configure:4259: $? = 0
configure:4332: /home/tl455047/disk2/tl455047/Dora-Taint/build/clang-wrapper -o conftest -g -O2        conftest.c  >&5
DFSanPass init
configure:4332: $? = 0
configure:4332: ./conftest
DFSan init
DFSan debug
==809873==WARNING: DataFlowSanitizer: call to uninstrumented function __ctype_toupper_loc
==809873==WARNING: DataFlowSanitizer: call to uninstrumented function __ctype_toupper_loc
==809873==WARNING: DataFlowSanitizer: call to uninstrumented function __ctype_toupper_loc
==809873==WARNING: DataFlowSanitizer: call to uninstrumented function __ctype_toupper_loc
==809873==WARNING: DataFlowSanitizer: call to uninstrumented function __ctype_toupper_loc
==809873==WARNING: DataFlowSanitizer: call to uninstrumented function __ctype_toupper_loc
==809873==WARNING: DataFlowSanitizer: call to uninstrumented function __ctype_toupper_loc
==809873==WARNING: DataFlowSanitizer: call to uninstrumented function __ctype_toupper_loc
==809873==WARNING: DataFlowSanitizer: call to uninstrumented function __ctype_toupper_loc
==809873==WARNING: DataFlowSanitizer: call to uninstrumented function __ctype_toupper_loc
==809873==WARNING: DataFlowSanitizer: call to uninstrumented function __ctype_toupper_loc
==809873==WARNING: DataFlowSanitizer: call to uninstrumented function __ctype_toupper_loc
==809873==WARNING: DataFlowSanitizer: call to uninstrumented function __ctype_toupper_loc
==809873==WARNING: DataFlowSanitizer: call to uninstrumented function __ctype_toupper_loc
==809873==WARNING: DataFlowSanitizer: call to uninstrumented function __ctype_toupper_loc
==809873==WARNING: DataFlowSanitizer: call to uninstrumented function __ctype_toupper_loc
==809873==WARNING: DataFlowSanitizer: call to uninstrumented function __ctype_toupper_loc
==809873==WARNING: DataFlowSanitizer: call to uninstrumented function __ctype_toupper_loc
==809873==WARNING: DataFlowSanitizer: call to uninstrumented function __ctype_toupper_loc
==809873==WARNING: DataFlowSanitizer: call to uninstrumented function __ctype_toupper_loc
==809873==WARNING: DataFlowSanitizer: call to uninstrumented function __ctype_toupper_loc
==809873==WARNING: DataFlowSanitizer: call to uninstrumented function __ctype_toupper_loc
==809873==WARNING: DataFlowSanitizer: call to uninstrumented function __ctype_toupper_loc
==809873==WARNING: DataFlowSanitizer: call to uninstrumented function __ctype_toupper_loc
==809873==WARNING: DataFlowSanitizer: call to uninstrumented function __ctype_toupper_loc
==809873==WARNING: DataFlowSanitizer: call to uninstrumented function __ctype_toupper_loc
==809873==WARNING: DataFlowSanitizer: call to uninstrumented function __ctype_toupper_loc
==809873==WARNING: DataFlowSanitizer: call to uninstrumented function __ctype_toupper_loc
==809873==WARNING: DataFlowSanitizer: call to uninstrumented function __ctype_toupper_loc
==809873==WARNING: DataFlowSanitizer: call to uninstrumented function __ctype_toupper_loc
==809873==WARNING: DataFlowSanitizer: call to uninstrumented function __ctype_toupper_loc
==809873==WARNING: DataFlowSanitizer: call to uninstrumented function __ctype_toupper_loc
==809873==WARNING: DataFlowSanitizer: call to uninstrumented function __ctype_toupper_loc
==809873==WARNING: DataFlowSanitizer: call to uninstrumented function __ctype_toupper_loc
==809873==WARNING: DataFlowSanitizer: call to uninstrumented function __ctype_toupper_loc
==809873==WARNING: DataFlowSanitizer: call to uninstrumented function __ctype_toupper_loc
==809873==WARNING: DataFlowSanitizer: call to uninstrumented function __ctype_toupper_loc
==809873==WARNING: DataFlowSanitizer: call to uninstrumented function __ctype_toupper_loc
==809873==WARNING: DataFlowSanitizer: call to uninstrumented function __ctype_toupper_loc
==809873==WARNING: DataFlowSanitizer: call to uninstrumented function __ctype_toupper_loc
==809873==WARNING: DataFlowSanitizer: call to uninstrumented function __ctype_toupper_loc
==809873==WARNING: DataFlowSanitizer: call to uninstrumented function __ctype_toupper_loc
==809873==WARNING: DataFlowSanitizer: call to uninstrumented function __ctype_toupper_loc
==809873==WARNING: DataFlowSanitizer: call to uninstrumented function __ctype_toupper_loc
==809873==WARNING: DataFlowSanitizer: call to uninstrumented function __ctype_toupper_loc
==809873==WARNING: DataFlowSanitizer: call to uninstrumented function __ctype_toupper_loc
==809873==WARNING: DataFlowSanitizer: call to uninstrumented function __ctype_toupper_loc
==809873==WARNING: DataFlowSanitizer: call to uninstrumented function __ctype_toupper_loc
==809873==WARNING: DataFlowSanitizer: call to uninstrumented function __ctype_toupper_loc
==809873==WARNING: DataFlowSanitizer: call to uninstrumented function __ctype_toupper_loc
==809873==WARNING: DataFlowSanitizer: call to uninstrumented function __ctype_toupper_loc
==809873==WARNING: DataFlowSanitizer: call to uninstrumented function __ctype_toupper_loc
==809873==WARNING: DataFlowSanitizer: call to uninstrumented function __ctype_toupper_loc
==809873==WARNING: DataFlowSanitizer: call to uninstrumented function __ctype_toupper_loc
==809873==WARNING: DataFlowSanitizer: call to uninstrumented function __ctype_toupper_loc
==809873==WARNING: DataFlowSanitizer: call to uninstrumented function __ctype_toupper_loc
==809873==WARNING: DataFlowSanitizer: call to uninstrumented function __ctype_toupper_loc
==809873==WARNING: DataFlowSanitizer: call to uninstrumented function __ctype_toupper_loc
==809873==WARNING: DataFlowSanitizer: call to uninstrumented function __ctype_toupper_loc
==809873==WARNING: DataFlowSanitizer: call to uninstrumented function __ctype_toupper_loc
==809873==WARNING: DataFlowSanitizer: call to uninstrumented function __ctype_toupper_loc
==809873==WARNING: DataFlowSanitizer: call to uninstrumented function __ctype_toupper_loc
==809873==WARNING: DataFlowSanitizer: call to uninstrumented function __ctype_toupper_loc
==809873==WARNING: DataFlowSanitizer: call to uninstrumented function __ctype_toupper_loc
==809873==WARNING: DataFlowSanitizer: call to uninstrumented function __ctype_toupper_loc
==809873==WARNING: DataFlowSanitizer: call to uninstrumented function __ctype_toupper_loc
==809873==WARNING: DataFlowSanitizer: call to uninstrumented function __ctype_toupper_loc
==809873==WARNING: DataFlowSanitizer: call to uninstrumented function __ctype_toupper_loc
==809873==WARNING: DataFlowSanitizer: call to uninstrumented function __ctype_toupper_loc
==809873==WARNING: DataFlowSanitizer: call to uninstrumented function __ctype_toupper_loc
==809873==WARNING: DataFlowSanitizer: call to uninstrumented function __ctype_toupper_loc
==809873==WARNING: DataFlowSanitizer: call to uninstrumented function __ctype_toupper_loc
==809873==WARNING: DataFlowSanitizer: call to uninstrumented function __ctype_toupper_loc
==809873==WARNING: DataFlowSanitizer: call to uninstrumented function __ctype_toupper_loc
==809873==WARNING: DataFlowSanitizer: call to uninstrumented function __ctype_toupper_loc
==809873==WARNING: DataFlowSanitizer: call to uninstrumented function __ctype_toupper_loc
==809873==WARNING: DataFlowSanitizer: call to uninstrumented function __ctype_toupper_loc
==809873==WARNING: DataFlowSanitizer: call to uninstrumented function __ctype_toupper_loc
==809873==WARNING: DataFlowSanitizer: call to uninstrumented function __ctype_toupper_loc
==809873==WARNING: DataFlowSanitizer: call to uninstrumented function __ctype_toupper_loc
==809873==WARNING: DataFlowSanitizer: call to uninstrumented function __ctype_toupper_loc
==809873==WARNING: DataFlowSanitizer: call to uninstrumented function __ctype_toupper_loc
==809873==WARNING: DataFlowSanitizer: call to uninstrumented function __ctype_toupper_loc
==809873==WARNING: DataFlowSanitizer: call to uninstrumented function __ctype_toupper_loc
==809873==WARNING: DataFlowSanitizer: call to uninstrumented function __ctype_toupper_loc
==809873==WARNING: DataFlowSanitizer: call to uninstrumented function __ctype_toupper_loc
==809873==WARNING: DataFlowSanitizer: call to uninstrumented function __ctype_toupper_loc
==809873==WARNING: DataFlowSanitizer: call to uninstrumented function __ctype_toupper_loc
==809873==WARNING: DataFlowSanitizer: call to uninstrumented function __ctype_toupper_loc
==809873==WARNING: DataFlowSanitizer: call to uninstrumented function __ctype_toupper_loc
==809873==WARNING: DataFlowSanitizer: call to uninstrumented function __ctype_toupper_loc
==809873==WARNING: DataFlowSanitizer: call to uninstrumented function __ctype_toupper_loc
==809873==WARNING: DataFlowSanitizer: call to uninstrumented function __ctype_toupper_loc
==809873==WARNING: DataFlowSanitizer: call to uninstrumented function __ctype_toupper_loc
==809873==WARNING: DataFlowSanitizer: call to uninstrumented function __ctype_toupper_loc
==809873==WARNING: DataFlowSanitizer: call to uninstrumented function __ctype_toupper_loc
==809873==WARNING: DataFlowSanitizer: call to uninstrumented function __ctype_toupper_loc
==809873==WARNING: DataFlowSanitizer: call to uninstrumented function __ctype_toupper_loc
==809873==WARNING: DataFlowSanitizer: call to uninstrumented function __ctype_toupper_loc
==809873==WARNING: DataFlowSanitizer: call to uninstrumented function __ctype_toupper_loc
==809873==WARNING: DataFlowSanitizer: call to uninstrumented function __ctype_toupper_loc
==809873==WARNING: DataFlowSanitizer: call to uninstrumented function __ctype_toupper_loc
==809873==WARNING: DataFlowSanitizer: call to uninstrumented function __ctype_toupper_loc
==809873==WARNING: DataFlowSanitizer: call to uninstrumented function __ctype_toupper_loc
==809873==WARNING: DataFlowSanitizer: call to uninstrumented function __ctype_toupper_loc
==809873==WARNING: DataFlowSanitizer: call to uninstrumented function __ctype_toupper_loc
==809873==WARNING: DataFlowSanitizer: call to uninstrumented function __ctype_toupper_loc
==809873==WARNING: DataFlowSanitizer: call to uninstrumented function __ctype_toupper_loc
==809873==WARNING: DataFlowSanitizer: call to uninstrumented function __ctype_toupper_loc
==809873==WARNING: DataFlowSanitizer: call to uninstrumented function __ctype_toupper_loc
==809873==WARNING: DataFlowSanitizer: call to uninstrumented function __ctype_toupper_loc
==809873==WARNING: DataFlowSanitizer: call to uninstrumented function __ctype_toupper_loc
==809873==WARNING: DataFlowSanitizer: call to uninstrumented function __ctype_toupper_loc
==809873==WARNING: DataFlowSanitizer: call to uninstrumented function __ctype_toupper_loc
==809873==WARNING: DataFlowSanitizer: call to uninstrumented function __ctype_toupper_loc
==809873==WARNING: DataFlowSanitizer: call to uninstrumented function __ctype_toupper_loc
==809873==WARNING: DataFlowSanitizer: call to uninstrumented function __ctype_toupper_loc
==809873==WARNING: DataFlowSanitizer: call to uninstrumented function __ctype_toupper_loc
==809873==WARNING: DataFlowSanitizer: call to uninstrumented function __ctype_toupper_loc
==809873==WARNING: DataFlowSanitizer: call to uninstrumented function __ctype_toupper_loc
==809873==WARNING: DataFlowSanitizer: call to uninstrumented function __ctype_toupper_loc
==809873==WARNING: DataFlowSanitizer: call to uninstrumented function __ctype_toupper_loc
==809873==WARNING: DataFlowSanitizer: call to uninstrumented function __ctype_toupper_loc
==809873==WARNING: DataFlowSanitizer: call to uninstrumented function __ctype_toupper_loc
==809873==WARNING: DataFlowSanitizer: call to uninstrumented function __ctype_toupper_loc
==809873==WARNING: DataFlowSanitizer: call to uninstrumented function __ctype_toupper_loc
==809873==WARNING: DataFlowSanitizer: call to uninstrumented function __ctype_toupper_loc
==809873==WARNING: DataFlowSanitizer: call to uninstrumented function __ctype_toupper_loc
==809873==WARNING: DataFlowSanitizer: call to uninstrumented function __ctype_toupper_loc
==809873==WARNING: DataFlowSanitizer: call to uninstrumented function __ctype_toupper_loc
==809873==WARNING: DataFlowSanitizer: call to uninstrumented function __ctype_toupper_loc
==809873==WARNING: DataFlowSanitizer: call to uninstrumented function __ctype_toupper_loc
==809873==WARNING: DataFlowSanitizer: call to uninstrumented function __ctype_toupper_loc
==809873==WARNING: DataFlowSanitizer: call to uninstrumented function __ctype_toupper_loc
==809873==WARNING: DataFlowSanitizer: call to uninstrumented function __ctype_toupper_loc
==809873==WARNING: DataFlowSanitizer: call to uninstrumented function __ctype_toupper_loc
==809873==WARNING: DataFlowSanitizer: call to uninstrumented function __ctype_toupper_loc
==809873==WARNING: DataFlowSanitizer: call to uninstrumented function __ctype_toupper_loc
==809873==WARNING: DataFlowSanitizer: call to uninstrumented function __ctype_toupper_loc
==809873==WARNING: DataFlowSanitizer: call to uninstrumented function __ctype_toupper_loc
==809873==WARNING: DataFlowSanitizer: call to uninstrumented function __ctype_toupper_loc
==809873==WARNING: DataFlowSanitizer: call to uninstrumented function __ctype_toupper_loc
==809873==WARNING: DataFlowSanitizer: call to uninstrumented function __ctype_toupper_loc
==809873==WARNING: DataFlowSanitizer: call to uninstrumented function __ctype_toupper_loc
==809873==WARNING: DataFlowSanitizer: call to uninstrumented function __ctype_toupper_loc
==809873==WARNING: DataFlowSanitizer: call to uninstrumented function __ctype_toupper_loc
==809873==WARNING: DataFlowSanitizer: call to uninstrumented function __ctype_toupper_loc
==809873==WARNING: DataFlowSanitizer: call to uninstrumented function __ctype_toupper_loc
==809873==WARNING: DataFlowSanitizer: call to uninstrumented function __ctype_toupper_loc
==809873==WARNING: DataFlowSanitizer: call to uninstrumented function __ctype_toupper_loc
==809873==WARNING: DataFlowSanitizer: call to uninstrumented function __ctype_toupper_loc
==809873==WARNING: DataFlowSanitizer: call to uninstrumented function __ctype_toupper_loc
==809873==WARNING: DataFlowSanitizer: call to uninstrumented function __ctype_toupper_loc
==809873==WARNING: DataFlowSanitizer: call to uninstrumented function __ctype_toupper_loc
==809873==WARNING: DataFlowSanitizer: call to uninstrumented function __ctype_toupper_loc
==809873==WARNING: DataFlowSanitizer: call to uninstrumented function __ctype_toupper_loc
==809873==WARNING: DataFlowSanitizer: call to uninstrumented function __ctype_toupper_loc
==809873==WARNING: DataFlowSanitizer: call to uninstrumented function __ctype_toupper_loc
==809873==WARNING: DataFlowSanitizer: call to uninstrumented function __ctype_toupper_loc
==809873==WARNING: DataFlowSanitizer: call to uninstrumented function __ctype_toupper_loc
==809873==WARNING: DataFlowSanitizer: call to uninstrumented function __ctype_toupper_loc
==809873==WARNING: DataFlowSanitizer: call to uninstrumented function __ctype_toupper_loc
==809873==WARNING: DataFlowSanitizer: call to uninstrumented function __ctype_toupper_loc
==809873==WARNING: DataFlowSanitizer: call to uninstrumented function __ctype_toupper_loc
==809873==WARNING: DataFlowSanitizer: call to uninstrumented function __ctype_toupper_loc
==809873==WARNING: DataFlowSanitizer: call to uninstrumented function __ctype_toupper_loc
==809873==WARNING: DataFlowSanitizer: call to uninstrumented function __ctype_toupper_loc
==809873==WARNING: DataFlowSanitizer: call to uninstrumented function __ctype_toupper_loc
==809873==WARNING: DataFlowSanitizer: call to uninstrumented function __ctype_toupper_loc
==809873==WARNING: DataFlowSanitizer: call to uninstrumented function __ctype_toupper_loc
==809873==WARNING: DataFlowSanitizer: call to uninstrumented function __ctype_toupper_loc
==809873==WARNING: DataFlowSanitizer: call to uninstrumented function __ctype_toupper_loc
==809873==WARNING: DataFlowSanitizer: call to uninstrumented function __ctype_toupper_loc
==809873==WARNING: DataFlowSanitizer: call to uninstrumented function __ctype_toupper_loc
==809873==WARNING: DataFlowSanitizer: call to uninstrumented function __ctype_toupper_loc
==809873==WARNING: DataFlowSanitizer: call to uninstrumented function __ctype_toupper_loc
==809873==WARNING: DataFlowSanitizer: call to uninstrumented function __ctype_toupper_loc
==809873==WARNING: DataFlowSanitizer: call to uninstrumented function __ctype_toupper_loc
==809873==WARNING: DataFlowSanitizer: call to uninstrumented function __ctype_toupper_loc
==809873==WARNING: DataFlowSanitizer: call to uninstrumented function __ctype_toupper_loc
==809873==WARNING: DataFlowSanitizer: call to uninstrumented function __ctype_toupper_loc
==809873==WARNING: DataFlowSanitizer: call to uninstrumented function __ctype_toupper_loc
==809873==WARNING: DataFlowSanitizer: call to uninstrumented function __ctype_toupper_loc
==809873==WARNING: DataFlowSanitizer: call to uninstrumented function __ctype_toupper_loc
==809873==WARNING: DataFlowSanitizer: call to uninstrumented function __ctype_toupper_loc
==809873==WARNING: DataFlowSanitizer: call to uninstrumented function __ctype_toupper_loc
==809873==WARNING: DataFlowSanitizer: call to uninstrumented function __ctype_toupper_loc
==809873==WARNING: DataFlowSanitizer: call to uninstrumented function __ctype_toupper_loc
==809873==WARNING: DataFlowSanitizer: call to uninstrumented function __ctype_toupper_loc
==809873==WARNING: DataFlowSanitizer: call to uninstrumented function __ctype_toupper_loc
==809873==WARNING: DataFlowSanitizer: call to uninstrumented function __ctype_toupper_loc
==809873==WARNING: DataFlowSanitizer: call to uninstrumented function __ctype_toupper_loc
==809873==WARNING: DataFlowSanitizer: call to uninstrumented function __ctype_toupper_loc
==809873==WARNING: DataFlowSanitizer: call to uninstrumented function __ctype_toupper_loc
==809873==WARNING: DataFlowSanitizer: call to uninstrumented function __ctype_toupper_loc
==809873==WARNING: DataFlowSanitizer: call to uninstrumented function __ctype_toupper_loc
==809873==WARNING: DataFlowSanitizer: call to uninstrumented function __ctype_toupper_loc
==809873==WARNING: DataFlowSanitizer: call to uninstrumented function __ctype_toupper_loc
==809873==WARNING: DataFlowSanitizer: call to uninstrumented function __ctype_toupper_loc
==809873==WARNING: DataFlowSanitizer: call to uninstrumented function __ctype_toupper_loc
==809873==WARNING: DataFlowSanitizer: call to uninstrumented function __ctype_toupper_loc
==809873==WARNING: DataFlowSanitizer: call to uninstrumented function __ctype_toupper_loc
==809873==WARNING: DataFlowSanitizer: call to uninstrumented function __ctype_toupper_loc
==809873==WARNING: DataFlowSanitizer: call to uninstrumented function __ctype_toupper_loc
==809873==WARNING: DataFlowSanitizer: call to uninstrumented function __ctype_toupper_loc
==809873==WARNING: DataFlowSanitizer: call to uninstrumented function __ctype_toupper_loc
==809873==WARNING: DataFlowSanitizer: call to uninstrumented function __ctype_toupper_loc
==809873==WARNING: DataFlowSanitizer: call to uninstrumented function __ctype_toupper_loc
==809873==WARNING: DataFlowSanitizer: call to uninstrumented function __ctype_toupper_loc
==809873==WARNING: DataFlowSanitizer: call to uninstrumented function __ctype_toupper_loc
==809873==WARNING: DataFlowSanitizer: call to uninstrumented function __ctype_toupper_loc
==809873==WARNING: DataFlowSanitizer: call to uninstrumented function __ctype_toupper_loc
==809873==WARNING: DataFlowSanitizer: call to uninstrumented function __ctype_toupper_loc
==809873==WARNING: DataFlowSanitizer: call to uninstrumented function __ctype_toupper_loc
==809873==WARNING: DataFlowSanitizer: call to uninstrumented function __ctype_toupper_loc
==809873==WARNING: DataFlowSanitizer: call to uninstrumented function __ctype_toupper_loc
==809873==WARNING: DataFlowSanitizer: call to uninstrumented function __ctype_toupper_loc
==809873==WARNING: DataFlowSanitizer: call to uninstrumented function __ctype_toupper_loc
==809873==WARNING: DataFlowSanitizer: call to uninstrumented function __ctype_toupper_loc
==809873==WARNING: DataFlowSanitizer: call to uninstrumented function __ctype_toupper_loc
==809873==WARNING: DataFlowSanitizer: call to uninstrumented function __ctype_toupper_loc
==809873==WARNING: DataFlowSanitizer: call to uninstrumented function __ctype_toupper_loc
==809873==WARNING: DataFlowSanitizer: call to uninstrumented function __ctype_toupper_loc
==809873==WARNING: DataFlowSanitizer: call to uninstrumented function __ctype_toupper_loc
==809873==WARNING: DataFlowSanitizer: call to uninstrumented function __ctype_toupper_loc
==809873==WARNING: DataFlowSanitizer: call to uninstrumented function __ctype_toupper_loc
==809873==WARNING: DataFlowSanitizer: call to uninstrumented function __ctype_toupper_loc
==809873==WARNING: DataFlowSanitizer: call to uninstrumented function __ctype_toupper_loc
==809873==WARNING: DataFlowSanitizer: call to uninstrumented function __ctype_toupper_loc
==809873==WARNING: DataFlowSanitizer: call to uninstrumented function __ctype_toupper_loc
==809873==WARNING: DataFlowSanitizer: call to uninstrumented function __ctype_toupper_loc
==809873==WARNING: DataFlowSanitizer: call to uninstrumented function __ctype_toupper_loc
==809873==WARNING: DataFlowSanitizer: call to uninstrumented function __ctype_toupper_loc
==809873==WARNING: DataFlowSanitizer: call to uninstrumented function __ctype_toupper_loc
==809873==WARNING: DataFlowSanitizer: call to uninstrumented function __ctype_toupper_loc
==809873==WARNING: DataFlowSanitizer: call to uninstrumented function __ctype_toupper_loc
==809873==WARNING: DataFlowSanitizer: call to uninstrumented function __ctype_toupper_loc
==809873==WARNING: DataFlowSanitizer: call to uninstrumented function __ctype_toupper_loc
==809873==WARNING: DataFlowSanitizer: call to uninstrumented function __ctype_toupper_loc
==809873==WARNING: DataFlowSanitizer: call to uninstrumented function __ctype_toupper_loc
==809873==WARNING: DataFlowSanitizer: call to uninstrumented function __ctype_toupper_loc
==809873==WARNING: DataFlowSanitizer: call to uninstrumented function __ctype_toupper_loc
==809873==WARNING: DataFlowSanitizer: call to uninstrumented function __ctype_toupper_loc
==809873==WARNING: DataFlowSanitizer: call to uninstrumented function __ctype_toupper_loc
==809873==WARNING: DataFlowSanitizer: call to uninstrumented function __ctype_toupper_loc
==809873==WARNING: DataFlowSanitizer: call to uninstrumented function __ctype_toupper_loc
==809873==WARNING: DataFlowSanitizer: call to uninstrumented function __ctype_toupper_loc
==809873==WARNING: DataFlowSanitizer: call to uninstrumented function __ctype_toupper_loc
==809873==WARNING: DataFlowSanitizer: call to uninstrumented function __ctype_toupper_loc
==809873==WARNING: DataFlowSanitizer: call to uninstrumented function __ctype_toupper_loc
==809873==WARNING: DataFlowSanitizer: call to uninstrumented function __ctype_toupper_loc
==809873==WARNING: DataFlowSanitizer: call to uninstrumented function __ctype_toupper_loc
==809873==WARNING: DataFlowSanitizer: call to uninstrumented function __ctype_toupper_loc
==809873==WARNING: DataFlowSanitizer: call to uninstrumented function __ctype_toupper_loc
==809873==WARNING: DataFlowSanitizer: call to uninstrumented function __ctype_toupper_loc
==809873==WARNING: DataFlowSanitizer: call to uninstrumented function __ctype_toupper_loc
DFSan fini
configure:4332: $? = 0
configure:4343: result: yes
configure:4356: checking for sys/types.h
configure:4356: /home/tl455047/disk2/tl455047/Dora-Taint/build/clang-wrapper -c -g -O2      conftest.c >&5
DFSanPass init
configure:4356: $? = 0
configure:4356: result: yes
configure:4356: checking for sys/stat.h
configure:4356: /home/tl455047/disk2/tl455047/Dora-Taint/build/clang-wrapper -c -g -O2      conftest.c >&5
DFSanPass init
configure:4356: $? = 0
configure:4356: result: yes
configure:4356: checking for stdlib.h
configure:4356: /home/tl455047/disk2/tl455047/Dora-Taint/build/clang-wrapper -c -g -O2      conftest.c >&5
DFSanPass init
configure:4356: $? = 0
configure:4356: result: yes
configure:4356: checking for string.h
configure:4356: /home/tl455047/disk2/tl455047/Dora-Taint/build/clang-wrapper -c -g -O2      conftest.c >&5
DFSanPass init
configure:4356: $? = 0
configure:4356: result: yes
configure:4356: checking for memory.h
configure:4356: /home/tl455047/disk2/tl455047/Dora-Taint/build/clang-wrapper -c -g -O2      conftest.c >&5
DFSanPass init
configure:4356: $? = 0
configure:4356: result: yes
configure:4356: checking for strings.h
configure:4356: /home/tl455047/disk2/tl455047/Dora-Taint/build/clang-wrapper -c -g -O2      conftest.c >&5
DFSanPass init
configure:4356: $? = 0
configure:4356: result: yes
configure:4356: checking for inttypes.h
configure:4356: /home/tl455047/disk2/tl455047/Dora-Taint/build/clang-wrapper -c -g -O2      conftest.c >&5
DFSanPass init
configure:4356: $? = 0
configure:4356: result: yes
configure:4356: checking for stdint.h
configure:4356: /home/tl455047/disk2/tl455047/Dora-Taint/build/clang-wrapper -c -g -O2      conftest.c >&5
DFSanPass init
configure:4356: $? = 0
configure:4356: result: yes
configure:4356: checking for unistd.h
configure:4356: /home/tl455047/disk2/tl455047/Dora-Taint/build/clang-wrapper -c -g -O2      conftest.c >&5
DFSanPass init
configure:4356: $? = 0
configure:4356: result: yes
configure:4369: checking minix/config.h usability
configure:4369: /home/tl455047/disk2/tl455047/Dora-Taint/build/clang-wrapper -c -g -O2      conftest.c >&5
conftest.c:54:10: fatal error: 'minix/config.h' file not found
#include <minix/config.h>
         ^~~~~~~~~~~~~~~~
1 error generated.
configure:4369: $? = 1
configure: failed program was:
| /* confdefs.h */
| #define PACKAGE_NAME "gprof"
| #define PACKAGE_TARNAME "gprof"
| #define PACKAGE_VERSION "2.37"
| #define PACKAGE_STRING "gprof 2.37"
| #define PACKAGE_BUGREPORT ""
| #define PACKAGE_URL ""
| #define PACKAGE "gprof"
| #define VERSION "2.37"
| #define STDC_HEADERS 1
| #define HAVE_SYS_TYPES_H 1
| #define HAVE_SYS_STAT_H 1
| #define HAVE_STDLIB_H 1
| #define HAVE_STRING_H 1
| #define HAVE_MEMORY_H 1
| #define HAVE_STRINGS_H 1
| #define HAVE_INTTYPES_H 1
| #define HAVE_STDINT_H 1
| #define HAVE_UNISTD_H 1
| /* end confdefs.h.  */
| #include <stdio.h>
| #ifdef HAVE_SYS_TYPES_H
| # include <sys/types.h>
| #endif
| #ifdef HAVE_SYS_STAT_H
| # include <sys/stat.h>
| #endif
| #ifdef STDC_HEADERS
| # include <stdlib.h>
| # include <stddef.h>
| #else
| # ifdef HAVE_STDLIB_H
| #  include <stdlib.h>
| # endif
| #endif
| #ifdef HAVE_STRING_H
| # if !defined STDC_HEADERS && defined HAVE_MEMORY_H
| #  include <memory.h>
| # endif
| # include <string.h>
| #endif
| #ifdef HAVE_STRINGS_H
| # include <strings.h>
| #endif
| #ifdef HAVE_INTTYPES_H
| # include <inttypes.h>
| #endif
| #ifdef HAVE_STDINT_H
| # include <stdint.h>
| #endif
| #ifdef HAVE_UNISTD_H
| # include <unistd.h>
| #endif
| #include <minix/config.h>
configure:4369: result: no
configure:4369: checking minix/config.h presence
configure:4369: /home/tl455047/disk2/tl455047/Dora-Taint/build/clang-wrapper -E  conftest.c
conftest.c:21:10: fatal error: 'minix/config.h' file not found
#include <minix/config.h>
         ^~~~~~~~~~~~~~~~
1 error generated.
configure:4369: $? = 1
configure: failed program was:
| /* confdefs.h */
| #define PACKAGE_NAME "gprof"
| #define PACKAGE_TARNAME "gprof"
| #define PACKAGE_VERSION "2.37"
| #define PACKAGE_STRING "gprof 2.37"
| #define PACKAGE_BUGREPORT ""
| #define PACKAGE_URL ""
| #define PACKAGE "gprof"
| #define VERSION "2.37"
| #define STDC_HEADERS 1
| #define HAVE_SYS_TYPES_H 1
| #define HAVE_SYS_STAT_H 1
| #define HAVE_STDLIB_H 1
| #define HAVE_STRING_H 1
| #define HAVE_MEMORY_H 1
| #define HAVE_STRINGS_H 1
| #define HAVE_INTTYPES_H 1
| #define HAVE_STDINT_H 1
| #define HAVE_UNISTD_H 1
| /* end confdefs.h.  */
| #include <minix/config.h>
configure:4369: result: no
configure:4369: checking for minix/config.h
configure:4369: result: no
configure:4390: checking whether it is safe to define __EXTENSIONS__
configure:4408: /home/tl455047/disk2/tl455047/Dora-Taint/build/clang-wrapper -c -g -O2      conftest.c >&5
DFSanPass init
configure:4408: $? = 0
configure:4415: result: yes
configure:4479: checking how to print strings
configure:4506: result: printf
configure:4527: checking for a sed that does not truncate output
configure:4591: result: /usr/bin/sed
configure:4609: checking for fgrep
configure:4671: result: /usr/bin/grep -F
configure:4706: checking for ld used by /home/tl455047/disk2/tl455047/Dora-Taint/build/clang-wrapper
configure:4773: result: /usr/bin/ld
configure:4780: checking if the linker (/usr/bin/ld) is GNU ld
configure:4795: result: yes
configure:4807: checking for BSD- or MS-compatible name lister (nm)
configure:4856: result: nm
configure:4986: checking the name lister (nm) interface
configure:4993: /home/tl455047/disk2/tl455047/Dora-Taint/build/clang-wrapper -c -g -O2      conftest.c >&5
DFSanPass init
configure:4996: nm "conftest.o"
configure:4999: output
0000000000000000 B some_variable
configure:5000: result: BSD nm
configure:5003: checking whether ln -s works
configure:5007: result: yes
configure:5015: checking the maximum length of command line arguments
configure:5140: result: 1572864
configure:5157: checking whether the shell understands some XSI constructs
configure:5166: result: yes
configure:5170: checking whether the shell understands "+="
configure:5174: result: yes
configure:5209: checking for /usr/bin/ld option to reload object files
configure:5216: result: -r
configure:5245: checking for x86_64-pc-linux-gnu-objdump
configure:5272: result: objdump
configure:5344: checking how to recognize dependent libraries
configure:5545: result: pass_all
configure:5578: checking for x86_64-pc-linux-gnu-ar
configure:5605: result: ar --plugin /usr/bin/../lib/gcc/x86_64-linux-gnu/9/liblto_plugin.so
configure:5696: checking for x86_64-pc-linux-gnu-strip
configure:5726: result: no
configure:5736: checking for strip
configure:5752: found /usr/bin/strip
configure:5763: result: strip
configure:5795: checking for x86_64-pc-linux-gnu-ranlib
configure:5822: result: ranlib --plugin /usr/bin/../lib/gcc/x86_64-linux-gnu/9/liblto_plugin.so
configure:5969: checking command to parse nm output from /home/tl455047/disk2/tl455047/Dora-Taint/build/clang-wrapper object
configure:6087: /home/tl455047/disk2/tl455047/Dora-Taint/build/clang-wrapper -c -g -O2      conftest.c >&5
DFSanPass init
configure:6090: $? = 0
configure:6094: nm conftest.o \| sed -n -e 's/^.*[ ]\([ABCDGIRSTW][ABCDGIRSTW]*\)[ ][ ]*\([_A-Za-z][_A-Za-z0-9]*\)$/\1 \2 \2/p' \> conftest.nm
configure:6097: $? = 0
cannot find nm_test_func in conftest.nm
configure:6087: /home/tl455047/disk2/tl455047/Dora-Taint/build/clang-wrapper -c -g -O2      conftest.c >&5
DFSanPass init
configure:6090: $? = 0
configure:6094: nm conftest.o \| sed -n -e 's/^.*[ ]\([ABCDGIRSTW][ABCDGIRSTW]*\)[ ][ ]*_\([_A-Za-z][_A-Za-z0-9]*\)$/\1 _\2 \2/p' \> conftest.nm
configure:6097: $? = 0
cannot run sed -n -e 's/^.*[	 ]\([ABCDGIRSTW][ABCDGIRSTW]*\)[	 ][	 ]*_\([_A-Za-z][_A-Za-z0-9]*\)$/\1 _\2 \2/p'
configure:6189: result: failed
configure:6287: /home/tl455047/disk2/tl455047/Dora-Taint/build/clang-wrapper -c -g -O2      conftest.c >&5
DFSanPass init
configure:6290: $? = 0
configure:7040: checking for dlfcn.h
configure:7040: /home/tl455047/disk2/tl455047/Dora-Taint/build/clang-wrapper -c -g -O2      conftest.c >&5
DFSanPass init
configure:7040: $? = 0
configure:7040: result: yes
configure:7227: checking for objdir
configure:7242: result: .libs
configure:7513: checking if /home/tl455047/disk2/tl455047/Dora-Taint/build/clang-wrapper supports -fno-rtti -fno-exceptions
configure:7531: /home/tl455047/disk2/tl455047/Dora-Taint/build/clang-wrapper -c -g -O2      -fno-rtti -fno-exceptions conftest.c >&5
DFSanPass init
configure:7535: $? = 0
configure:7548: result: yes
configure:7568: checking for /home/tl455047/disk2/tl455047/Dora-Taint/build/clang-wrapper option to produce PIC
configure:7854: result: -fPIC -DPIC
configure:7866: checking if /home/tl455047/disk2/tl455047/Dora-Taint/build/clang-wrapper PIC flag -fPIC -DPIC works
configure:7884: /home/tl455047/disk2/tl455047/Dora-Taint/build/clang-wrapper -c -g -O2      -fPIC -DPIC -DPIC conftest.c >&5
DFSanPass init
configure:7888: $? = 0
configure:7901: result: yes
configure:7925: checking if /home/tl455047/disk2/tl455047/Dora-Taint/build/clang-wrapper static flag -static works
DFSanPass init
/usr/bin/ld: /home/tl455047/disk2/tl455047/Dora-Taint/build/lib/libclang_rt.dfsan-x86_64.a(dfsan_custom.cpp.o): in function `__dfsw_dlopen':
dfsan_custom.cpp:(.text+0x818): warning: Using 'dlopen' in statically linked applications requires at runtime the shared libraries from the glibc version used for linking
/usr/bin/ld: /home/tl455047/disk2/tl455047/Dora-Taint/build/lib/libclang_rt.dfsan-x86_64.a(dfsan_custom.cpp.o): in function `__dfsw_getpwuid_r':
dfsan_custom.cpp:(.text+0xf47): warning: Using 'getpwuid_r' in statically linked applications requires at runtime the shared libraries from the glibc version used for linking
configure:7953: result: no
configure:7968: checking if /home/tl455047/disk2/tl455047/Dora-Taint/build/clang-wrapper supports -c -o file.o
configure:7989: /home/tl455047/disk2/tl455047/Dora-Taint/build/clang-wrapper -c -g -O2      -o out/conftest2.o conftest.c >&5
DFSanPass init
configure:7993: $? = 0
configure:8015: result: yes
configure:8023: checking if /home/tl455047/disk2/tl455047/Dora-Taint/build/clang-wrapper supports -c -o file.o
configure:8070: result: yes
configure:8103: checking whether the /home/tl455047/disk2/tl455047/Dora-Taint/build/clang-wrapper linker (/usr/bin/ld -m elf_x86_64) supports shared libraries
configure:9174: result: yes
configure:9419: checking dynamic linker characteristics
configure:9860: /home/tl455047/disk2/tl455047/Dora-Taint/build/clang-wrapper -o conftest -g -O2        -Wl,-rpath -Wl,/foo conftest.c  >&5
DFSanPass init
configure:9860: $? = 0
configure:10082: result: GNU/Linux ld.so
configure:10189: checking how to hardcode library paths into programs
configure:10214: result: immediate
configure:10754: checking whether stripping libraries is possible
configure:10759: result: yes
configure:10794: checking if libtool supports shared libraries
configure:10796: result: yes
configure:10799: checking whether to build shared libraries
configure:10820: result: no
configure:10823: checking whether to build static libraries
configure:10827: result: yes
configure:8032: checking for dlfcn.h
configure:8032: result: yes
configure:8045: checking for windows.h
configure:8045: /home/tl455047/disk2/tl455047/Dora-Taint/build/clang-wrapper -c -g -O2      conftest.c >&5
conftest.c:63:10: fatal error: 'windows.h' file not found
#include <windows.h>
         ^~~~~~~~~~~
1 error generated.
configure:8045: $? = 1
configure: failed program was:
| /* confdefs.h */
| #define PACKAGE_NAME "gprof"
| #define PACKAGE_TARNAME "gprof"
| #define PACKAGE_VERSION "2.37"
| #define PACKAGE_STRING "gprof 2.37"
| #define PACKAGE_BUGREPORT ""
| #define PACKAGE_URL ""
| #define PACKAGE "gprof"
| #define VERSION "2.37"
| #define STDC_HEADERS 1
| #define HAVE_SYS_TYPES_H 1
| #define HAVE_SYS_STAT_H 1
| #define HAVE_STDLIB_H 1
| #define HAVE_STRING_H 1
| #define HAVE_MEMORY_H 1
| #define HAVE_STRINGS_H 1
| #define HAVE_INTTYPES_H 1
| #define HAVE_STDINT_H 1
| #define HAVE_UNISTD_H 1
| #define __EXTENSIONS__ 1
| #define _ALL_SOURCE 1
| #define _GNU_SOURCE 1
| #define _POSIX_PTHREAD_SEMANTICS 1
| #define _TANDEM_SOURCE 1
| #define HAVE_DLFCN_H 1
| #define LT_OBJDIR ".libs/"
| #define HAVE_DLFCN_H 1
| /* end confdefs.h.  */
| #include <stdio.h>
| #ifdef HAVE_SYS_TYPES_H
| # include <sys/types.h>
| #endif
| #ifdef HAVE_SYS_STAT_H
| # include <sys/stat.h>
| #endif
| #ifdef STDC_HEADERS
| # include <stdlib.h>
| # include <stddef.h>
| #else
| # ifdef HAVE_STDLIB_H
| #  include <stdlib.h>
| # endif
| #endif
| #ifdef HAVE_STRING_H
| # if !defined STDC_HEADERS && defined HAVE_MEMORY_H
| #  include <memory.h>
| # endif
| # include <string.h>
| #endif
| #ifdef HAVE_STRINGS_H
| # include <strings.h>
| #endif
| #ifdef HAVE_INTTYPES_H
| # include <inttypes.h>
| #endif
| #ifdef HAVE_STDINT_H
| # include <stdint.h>
| #endif
| #ifdef HAVE_UNISTD_H
| # include <unistd.h>
| #endif
| 
| #include <windows.h>
configure:8045: result: no
configure:8072: checking for library containing dlsym
configure:8103: /home/tl455047/disk2/tl455047/Dora-Taint/build/clang-wrapper -o conftest -g -O2        conftest.c  >&5
DFSanPass init
configure:8103: $? = 0
configure:8120: result: none required
configure:8192: checking for special C compiler options needed for large files
configure:8237: result: no
configure:8243: checking for _FILE_OFFSET_BITS value needed for large files
configure:8268: /home/tl455047/disk2/tl455047/Dora-Taint/build/clang-wrapper -c -g -O2      conftest.c >&5
DFSanPass init
configure:8268: $? = 0
configure:8300: result: no
configure:8390: checking sys/time.h usability
configure:8390: /home/tl455047/disk2/tl455047/Dora-Taint/build/clang-wrapper -c -g -O2      conftest.c >&5
DFSanPass init
configure:8390: $? = 0
configure:8390: result: yes
configure:8390: checking sys/time.h presence
configure:8390: /home/tl455047/disk2/tl455047/Dora-Taint/build/clang-wrapper -E  conftest.c
configure:8390: $? = 0
configure:8390: result: yes
configure:8390: checking for sys/time.h
configure:8390: result: yes
configure:8402: checking for setitimer
configure:8402: /home/tl455047/disk2/tl455047/Dora-Taint/build/clang-wrapper -o conftest -g -O2        conftest.c  >&5
DFSanPass init
configure:8402: $? = 0
configure:8402: result: yes
configure:8426: checking whether NLS is requested
configure:8432: result: yes
configure:8438: checking for catalogs to be installed
configure:8470: result:  bg da de eo es fi fr ga hu id it ja ms nl pt_BR ro ru rw sr sv tr uk vi bg da de eo es fi fr ga hu id it ja ms nl pt_BR ro ru rw sr sv tr uk vi
configure:8497: checking whether NLS is requested
configure:8506: result: yes
configure:8544: checking for msgfmt
configure:8578: result: no
configure:8584: checking for gmsgfmt
configure:8615: result: :
configure:8655: checking for xgettext
configure:8689: result: no
configure:8726: checking for msgmerge
configure:8759: result: no
configure:8793: checking whether to enable maintainer-specific portions of Makefiles
configure:8802: result: no
configure:8827: checking sys/gmon_out.h usability
configure:8827: /home/tl455047/disk2/tl455047/Dora-Taint/build/clang-wrapper -c -g -O2      conftest.c >&5
DFSanPass init
configure:8827: $? = 0
configure:8827: result: yes
configure:8827: checking sys/gmon_out.h presence
configure:8827: /home/tl455047/disk2/tl455047/Dora-Taint/build/clang-wrapper -E  conftest.c
configure:8827: $? = 0
configure:8827: result: yes
configure:8827: checking for sys/gmon_out.h
configure:8827: result: yes
configure:8838: checking for a known getopt prototype in unistd.h
configure:8854: /home/tl455047/disk2/tl455047/Dora-Taint/build/clang-wrapper -c -g -O2      conftest.c >&5
DFSanPass init
configure:8854: $? = 0
configure:8862: result: yes
configure:8871: checking for library containing fabs
configure:8902: /home/tl455047/disk2/tl455047/Dora-Taint/build/clang-wrapper -o conftest -g -O2        conftest.c  >&5
conftest.c:41:6: warning: incompatible redeclaration of library function 'fabs' [-Wincompatible-library-redeclaration]
char fabs ();
     ^
conftest.c:41:6: note: 'fabs' is a builtin with type 'double (double)'
DFSanPass init
1 warning generated.
/usr/bin/ld: /tmp/conftest-587505.o: undefined reference to symbol 'fabs@@GLIBC_2.2.5'
/usr/bin/ld: /lib/x86_64-linux-gnu/libm.so.6: error adding symbols: DSO missing from command line
clang: error: linker command failed with exit code 1 (use -v to see invocation)
configure:8902: $? = 1
configure: failed program was:
| /* confdefs.h */
| #define PACKAGE_NAME "gprof"
| #define PACKAGE_TARNAME "gprof"
| #define PACKAGE_VERSION "2.37"
| #define PACKAGE_STRING "gprof 2.37"
| #define PACKAGE_BUGREPORT ""
| #define PACKAGE_URL ""
| #define PACKAGE "gprof"
| #define VERSION "2.37"
| #define STDC_HEADERS 1
| #define HAVE_SYS_TYPES_H 1
| #define HAVE_SYS_STAT_H 1
| #define HAVE_STDLIB_H 1
| #define HAVE_STRING_H 1
| #define HAVE_MEMORY_H 1
| #define HAVE_STRINGS_H 1
| #define HAVE_INTTYPES_H 1
| #define HAVE_STDINT_H 1
| #define HAVE_UNISTD_H 1
| #define __EXTENSIONS__ 1
| #define _ALL_SOURCE 1
| #define _GNU_SOURCE 1
| #define _POSIX_PTHREAD_SEMANTICS 1
| #define _TANDEM_SOURCE 1
| #define HAVE_DLFCN_H 1
| #define LT_OBJDIR ".libs/"
| #define HAVE_DLFCN_H 1
| #define HAVE_SYS_TIME_H 1
| #define HAVE_SETITIMER 1
| #define ENABLE_NLS 1
| #define HAVE_SYS_GMON_OUT_H 1
| #define HAVE_DECL_GETOPT 1
| /* end confdefs.h.  */
| 
| /* Override any GCC internal prototype to avoid an error.
|    Use char because int might match the return type of a GCC
|    builtin and then its argument prototype would still apply.  */
| #ifdef __cplusplus
| extern "C"
| #endif
| char fabs ();
| int
| main ()
| {
| return fabs ();
|   ;
|   return 0;
| }
configure:8902: /home/tl455047/disk2/tl455047/Dora-Taint/build/clang-wrapper -o conftest -g -O2        conftest.c -lm   >&5
conftest.c:41:6: warning: incompatible redeclaration of library function 'fabs' [-Wincompatible-library-redeclaration]
char fabs ();
     ^
conftest.c:41:6: note: 'fabs' is a builtin with type 'double (double)'
DFSanPass init
1 warning generated.
configure:8902: $? = 0
configure:8919: result: -lm
configure:9145: updating cache ./config.cache
configure:9189: checking that generated files are newer than configure
configure:9195: result: done
configure:9226: creating ./config.status

## ---------------------- ##
## Running config.status. ##
## ---------------------- ##

This file was extended by gprof config.status 2.37, which was
generated by GNU Autoconf 2.69.  Invocation command line was

  CONFIG_FILES    = 
  CONFIG_HEADERS  = 
  CONFIG_LINKS    = 
  CONFIG_COMMANDS = 
  $ ./config.status 

on tl455047-ubuntu

config.status:1114: creating Makefile
config.status:1114: creating po/Makefile.in
config.status:1114: creating gconfig.h
config.status:1343: executing depfiles commands
config.status:1343: executing libtool commands
config.status:1343: executing default-1 commands

## ---------------- ##
## Cache variables. ##
## ---------------- ##

ac_cv_build=x86_64-pc-linux-gnu
ac_cv_c_compiler_gnu=yes
ac_cv_env_CC_set=set
ac_cv_env_CC_value=/home/tl455047/disk2/tl455047/Dora-Taint/build/clang-wrapper
ac_cv_env_CFLAGS_set=set
ac_cv_env_CFLAGS_value='-g -O2    '
ac_cv_env_CPPFLAGS_set=
ac_cv_env_CPPFLAGS_value=
ac_cv_env_CPP_set=
ac_cv_env_CPP_value=
ac_cv_env_LDFLAGS_set=set
ac_cv_env_LDFLAGS_value=' '
ac_cv_env_LIBS_set=
ac_cv_env_LIBS_value=
ac_cv_env_build_alias_set=set
ac_cv_env_build_alias_value=x86_64-pc-linux-gnu
ac_cv_env_host_alias_set=set
ac_cv_env_host_alias_value=x86_64-pc-linux-gnu
ac_cv_env_target_alias_set=set
ac_cv_env_target_alias_value=x86_64-pc-linux-gnu
ac_cv_func_setitimer=yes
ac_cv_header_dlfcn_h=yes
ac_cv_header_inttypes_h=yes
ac_cv_header_memory_h=yes
ac_cv_header_minix_config_h=no
ac_cv_header_stdc=yes
ac_cv_header_stdint_h=yes
ac_cv_header_stdlib_h=yes
ac_cv_header_string_h=yes
ac_cv_header_strings_h=yes
ac_cv_header_sys_gmon_out_h=yes
ac_cv_header_sys_stat_h=yes
ac_cv_header_sys_time_h=yes
ac_cv_header_sys_types_h=yes
ac_cv_header_unistd_h=yes
ac_cv_header_windows_h=no
ac_cv_host=x86_64-pc-linux-gnu
ac_cv_objext=o
ac_cv_path_EGREP='/usr/bin/grep -E'
ac_cv_path_FGREP='/usr/bin/grep -F'
ac_cv_path_GMSGFMT=:
ac_cv_path_GREP=/usr/bin/grep
ac_cv_path_MSGFMT=:
ac_cv_path_MSGMERGE=:
ac_cv_path_SED=/usr/bin/sed
ac_cv_path_XGETTEXT=:
ac_cv_path_mkdir=/usr/bin/mkdir
ac_cv_prog_AR='ar --plugin /usr/bin/../lib/gcc/x86_64-linux-gnu/9/liblto_plugin.so'
ac_cv_prog_AWK=gawk
ac_cv_prog_CC=/home/tl455047/disk2/tl455047/Dora-Taint/build/clang-wrapper
ac_cv_prog_CPP='/home/tl455047/disk2/tl455047/Dora-Taint/build/clang-wrapper -E'
ac_cv_prog_OBJDUMP=objdump
ac_cv_prog_RANLIB='ranlib --plugin /usr/bin/../lib/gcc/x86_64-linux-gnu/9/liblto_plugin.so'
ac_cv_prog_ac_ct_STRIP=strip
ac_cv_prog_cc_c89=
ac_cv_prog_cc_g=yes
ac_cv_prog_make_make_set=yes
ac_cv_safe_to_define___extensions__=yes
ac_cv_search_dlsym='none required'
ac_cv_search_fabs=-lm
ac_cv_sys_file_offset_bits=no
ac_cv_sys_largefile_CC=no
ac_cv_target=x86_64-pc-linux-gnu
am_cv_CC_dependencies_compiler_type=gcc3
am_cv_make_support_nested_variables=yes
am_cv_prog_cc_c_o=yes
gprof_cv_decl_getopt_unistd_h=yes
lt_cv_deplibs_check_method=pass_all
lt_cv_file_magic_cmd='$MAGIC_CMD'
lt_cv_file_magic_test_file=
lt_cv_ld_reload_flag=-r
lt_cv_nm_interface='BSD nm'
lt_cv_objdir=.libs
lt_cv_path_LD=/usr/bin/ld
lt_cv_path_NM=nm
lt_cv_prog_compiler_c_o=yes
lt_cv_prog_compiler_pic_works=yes
lt_cv_prog_compiler_rtti_exceptions=yes
lt_cv_prog_compiler_static_works=no
lt_cv_prog_gnu_ld=yes
lt_cv_shlibpath_overrides_runpath=yes
lt_cv_sys_global_symbol_pipe=
lt_cv_sys_global_symbol_to_c_name_address='sed -n -e '\''s/^: \([^ ]*\) $/  {\"\1\", (void *) 0},/p'\'' -e '\''s/^[ABCDGIRSTW]* \([^ ]*\) \([^ ]*\)$/  {"\2", (void *) \&\2},/p'\'''
lt_cv_sys_global_symbol_to_c_name_address_lib_prefix='sed -n -e '\''s/^: \([^ ]*\) $/  {\"\1\", (void *) 0},/p'\'' -e '\''s/^[ABCDGIRSTW]* \([^ ]*\) \(lib[^ ]*\)$/  {"\2", (void *) \&\2},/p'\'' -e '\''s/^[ABCDGIRSTW]* \([^ ]*\) \([^ ]*\)$/  {"lib\2", (void *) \&\2},/p'\'''
lt_cv_sys_global_symbol_to_cdecl=
lt_cv_sys_max_cmd_len=1572864

## ----------------- ##
## Output variables. ##
## ----------------- ##

ACLOCAL='${SHELL} /home/tl455047/disk2/tl455047/Dora-Taint/testcase/binutils-2.37/missing aclocal-1.15'
AMDEPBACKSLASH='\'
AMDEP_FALSE='#'
AMDEP_TRUE=''
AMTAR='$${TAR-tar}'
AM_BACKSLASH='\'
AM_DEFAULT_V='$(AM_DEFAULT_VERBOSITY)'
AM_DEFAULT_VERBOSITY='1'
AM_V='$(V)'
AR='ar --plugin /usr/bin/../lib/gcc/x86_64-linux-gnu/9/liblto_plugin.so --plugin /usr/bin/../lib/gcc/x86_64-linux-gnu/9/liblto_plugin.so'
AUTOCONF='${SHELL} /home/tl455047/disk2/tl455047/Dora-Taint/testcase/binutils-2.37/missing autoconf'
AUTOHEADER='${SHELL} /home/tl455047/disk2/tl455047/Dora-Taint/testcase/binutils-2.37/missing autoheader'
AUTOMAKE='${SHELL} /home/tl455047/disk2/tl455047/Dora-Taint/testcase/binutils-2.37/missing automake-1.15'
AWK='gawk'
CATALOGS=' bg.gmo da.gmo de.gmo eo.gmo es.gmo fi.gmo fr.gmo ga.gmo hu.gmo id.gmo it.gmo ja.gmo ms.gmo nl.gmo pt_BR.gmo ro.gmo ru.gmo rw.gmo sr.gmo sv.gmo tr.gmo uk.gmo vi.gmo bg.gmo da.gmo de.gmo eo.gmo es.gmo fi.gmo fr.gmo ga.gmo hu.gmo id.gmo it.gmo ja.gmo ms.gmo nl.gmo pt_BR.gmo ro.gmo ru.gmo rw.gmo sr.gmo sv.gmo tr.gmo uk.gmo vi.gmo'
CATOBJEXT='.gmo'
CC='/home/tl455047/disk2/tl455047/Dora-Taint/build/clang-wrapper'
CCDEPMODE='depmode=gcc3'
CFLAGS='-g -O2    '
CPP='/home/tl455047/disk2/tl455047/Dora-Taint/build/clang-wrapper -E'
CPPFLAGS=''
CYGPATH_W='echo'
DATADIRNAME='share'
DEFS='-DHAVE_CONFIG_H'
DEPDIR='.deps'
DSYMUTIL=''
DUMPBIN=''
ECHO_C=''
ECHO_N='-n'
ECHO_T=''
EGREP='/usr/bin/grep -E'
EXEEXT=''
FGREP='/usr/bin/grep -F'
GENCAT='gencat'
GENINSRC_NEVER_FALSE=''
GENINSRC_NEVER_TRUE='#'
GMSGFMT=':'
GREP='/usr/bin/grep'
INCINTL=''
INSTALL_DATA='/usr/bin/install -c -m 644'
INSTALL_PROGRAM='/usr/bin/install -c'
INSTALL_SCRIPT='/usr/bin/install -c'
INSTALL_STRIP_PROGRAM='$(install_sh) -c -s'
INSTOBJEXT='.mo'
LARGEFILE_CPPFLAGS=''
LD='/usr/bin/ld -m elf_x86_64'
LDFLAGS=' '
LIBINTL=''
LIBINTL_DEP=''
LIBOBJS=''
LIBS='-lm '
LIBTOOL='$(SHELL) $(top_builddir)/libtool'
LIPO=''
LN_S='ln -s'
LTLIBOBJS=''
MAINT='#'
MAINTAINER_MODE_FALSE=''
MAINTAINER_MODE_TRUE='#'
MAKEINFO='/home/tl455047/disk2/tl455047/Dora-Taint/testcase/binutils-2.37/missing makeinfo --split-size=5000000'
MKDIR_P='/usr/bin/mkdir -p'
MKINSTALLDIRS='$(top_builddir)/./../mkinstalldirs'
MSGFMT=':'
MSGMERGE=':'
NM='nm'
NMEDIT=''
NO_WERROR=''
OBJDUMP='objdump'
OBJEXT='o'
OTOOL64=''
OTOOL=''
PACKAGE='gprof'
PACKAGE_BUGREPORT=''
PACKAGE_NAME='gprof'
PACKAGE_STRING='gprof 2.37'
PACKAGE_TARNAME='gprof'
PACKAGE_URL=''
PACKAGE_VERSION='2.37'
PATH_SEPARATOR=':'
POSUB='po'
RANLIB='ranlib --plugin /usr/bin/../lib/gcc/x86_64-linux-gnu/9/liblto_plugin.so --plugin /usr/bin/../lib/gcc/x86_64-linux-gnu/9/liblto_plugin.so'
SED='/usr/bin/sed'
SET_MAKE=''
SHELL='/bin/bash'
STRIP='strip'
USE_NLS='yes'
VERSION='2.37'
WARN_CFLAGS='-W -Wall -Wstrict-prototypes -Wmissing-prototypes -Wshadow'
WARN_CFLAGS_FOR_BUILD='-W -Wall -Wstrict-prototypes -Wmissing-prototypes -Wshadow'
WARN_WRITE_STRINGS='-Wwrite-strings'
XGETTEXT=':'
ac_ct_CC=''
ac_ct_DUMPBIN=''
am__EXEEXT_FALSE=''
am__EXEEXT_TRUE='#'
am__fastdepCC_FALSE='#'
am__fastdepCC_TRUE=''
am__include='include'
am__isrc=''
am__leading_dot='.'
am__nodep='_no'
am__quote=''
am__tar='$${TAR-tar} chof - "$$tardir"'
am__untar='$${TAR-tar} xf -'
bindir='${exec_prefix}/bin'
build='x86_64-pc-linux-gnu'
build_alias='x86_64-pc-linux-gnu'
build_cpu='x86_64'
build_os='linux-gnu'
build_vendor='pc'
datadir='${datarootdir}'
datarootdir='${prefix}/share'
docdir='${datarootdir}/doc/${PACKAGE_TARNAME}'
dvidir='${docdir}'
exec_prefix='${prefix}'
host='x86_64-pc-linux-gnu'
host_alias='x86_64-pc-linux-gnu'
host_cpu='x86_64'
host_os='linux-gnu'
host_vendor='pc'
htmldir='${docdir}'
includedir='${prefix}/include'
infodir='${datarootdir}/info'
install_sh='${SHELL} /home/tl455047/disk2/tl455047/Dora-Taint/testcase/binutils-2.37/install-sh'
libdir='${exec_prefix}/lib'
libexecdir='${exec_prefix}/libexec'
localedir='${datarootdir}/locale'
localstatedir='${prefix}/var'
mandir='${datarootdir}/man'
mkdir_p='$(MKDIR_P)'
oldincludedir='/usr/include'
pdfdir='${docdir}'
prefix='/usr/local'
program_transform_name='s,y,y,'
psdir='${docdir}'
sbindir='${exec_prefix}/sbin'
sharedstatedir='${prefix}/com'
sysconfdir='${prefix}/etc'
target='x86_64-pc-linux-gnu'
target_alias='x86_64-pc-linux-gnu'
target_cpu='x86_64'
target_os='linux-gnu'
target_vendor='pc'

## ----------- ##
## confdefs.h. ##
## ----------- ##

/* confdefs.h */
#define PACKAGE_NAME "gprof"
#define PACKAGE_TARNAME "gprof"
#define PACKAGE_VERSION "2.37"
#define PACKAGE_STRING "gprof 2.37"
#define PACKAGE_BUGREPORT ""
#define PACKAGE_URL ""
#define PACKAGE "gprof"
#define VERSION "2.37"
#define STDC_HEADERS 1
#define HAVE_SYS_TYPES_H 1
#define HAVE_SYS_STAT_H 1
#define HAVE_STDLIB_H 1
#define HAVE_STRING_H 1
#define HAVE_MEMORY_H 1
#define HAVE_STRINGS_H 1
#define HAVE_INTTYPES_H 1
#define HAVE_STDINT_H 1
#define HAVE_UNISTD_H 1
#define __EXTENSIONS__ 1
#define _ALL_SOURCE 1
#define _GNU_SOURCE 1
#define _POSIX_PTHREAD_SEMANTICS 1
#define _TANDEM_SOURCE 1
#define HAVE_DLFCN_H 1
#define LT_OBJDIR ".libs/"
#define HAVE_DLFCN_H 1
#define HAVE_SYS_TIME_H 1
#define HAVE_SETITIMER 1
#define ENABLE_NLS 1
#define HAVE_SYS_GMON_OUT_H 1
#define HAVE_DECL_GETOPT 1

configure: exit 0
