The system is: Linux - 5.11.0-38-generic - x86_64
Compiling the C compiler identification source file "CMakeCCompilerId.c" succeeded.
Compiler: /home/tl455047/disk2/tl455047/Dora-Taint/build/clang-wrapper 
Build flags: 
Id flags:  

The output was:
0
MemlogPass init


Compilation of the C compiler identification source "CMakeCCompilerId.c" produced "a.out"

The C compiler identification is Clang, found in "/home/tl455047/disk2/tl455047/Dora-Taint/example/CMakeFiles/3.16.3/CompilerIdC/a.out"

Compiling the CXX compiler identification source file "CMakeCXXCompilerId.cpp" succeeded.
Compiler: /home/tl455047/disk2/tl455047/Dora-Taint/build/clang-wrapper++ 
Build flags: 
Id flags:  

The output was:
0
MemlogPass init


Compilation of the CXX compiler identification source "CMakeCXXCompilerId.cpp" produced "a.out"

The CXX compiler identification is Clang, found in "/home/tl455047/disk2/tl455047/Dora-Taint/example/CMakeFiles/3.16.3/CompilerIdCXX/a.out"

Determining if the C compiler works passed with the following output:
Change Dir: /home/tl455047/disk2/tl455047/Dora-Taint/example/CMakeFiles/CMakeTmp

Run Build Command(s):/usr/bin/make cmTC_2d9f4/fast && /usr/bin/make -f CMakeFiles/cmTC_2d9f4.dir/build.make CMakeFiles/cmTC_2d9f4.dir/build
make[1]: Entering directory '/home/tl455047/disk2/tl455047/Dora-Taint/example/CMakeFiles/CMakeTmp'
Building C object CMakeFiles/cmTC_2d9f4.dir/testCCompiler.c.o
/home/tl455047/disk2/tl455047/Dora-Taint/build/clang-wrapper    -o CMakeFiles/cmTC_2d9f4.dir/testCCompiler.c.o   -c /home/tl455047/disk2/tl455047/Dora-Taint/example/CMakeFiles/CMakeTmp/testCCompiler.c
MemlogPass init
Linking C executable cmTC_2d9f4
/usr/bin/cmake -E cmake_link_script CMakeFiles/cmTC_2d9f4.dir/link.txt --verbose=1
/home/tl455047/disk2/tl455047/Dora-Taint/build/clang-wrapper      -rdynamic CMakeFiles/cmTC_2d9f4.dir/testCCompiler.c.o  -o cmTC_2d9f4 
make[1]: Leaving directory '/home/tl455047/disk2/tl455047/Dora-Taint/example/CMakeFiles/CMakeTmp'



Detecting C compiler ABI info compiled with the following output:
Change Dir: /home/tl455047/disk2/tl455047/Dora-Taint/example/CMakeFiles/CMakeTmp

Run Build Command(s):/usr/bin/make cmTC_d9d71/fast && /usr/bin/make -f CMakeFiles/cmTC_d9d71.dir/build.make CMakeFiles/cmTC_d9d71.dir/build
make[1]: Entering directory '/home/tl455047/disk2/tl455047/Dora-Taint/example/CMakeFiles/CMakeTmp'
Building C object CMakeFiles/cmTC_d9d71.dir/CMakeCCompilerABI.c.o
/home/tl455047/disk2/tl455047/Dora-Taint/build/clang-wrapper   -v -o CMakeFiles/cmTC_d9d71.dir/CMakeCCompilerABI.c.o   -c /usr/share/cmake-3.16/Modules/CMakeCCompilerABI.c
Ubuntu clang version 11.0.0-2~ubuntu20.04.1
Target: x86_64-pc-linux-gnu
Thread model: posix
InstalledDir: /usr/bin
Found candidate GCC installation: /usr/bin/../lib/gcc/x86_64-linux-gnu/8
Found candidate GCC installation: /usr/bin/../lib/gcc/x86_64-linux-gnu/9
Found candidate GCC installation: /usr/lib/gcc/x86_64-linux-gnu/8
Found candidate GCC installation: /usr/lib/gcc/x86_64-linux-gnu/9
Selected GCC installation: /usr/bin/../lib/gcc/x86_64-linux-gnu/9
Candidate multilib: .;@m64
Selected multilib: .;@m64
 (in-process)
 "/usr/lib/llvm-11/bin/clang" -cc1 -triple x86_64-pc-linux-gnu -emit-obj -disable-free -disable-llvm-verifier -discard-value-names -main-file-name CMakeCCompilerABI.c -mrelocation-model pic -pic-level 2 -mframe-pointer=none -fmath-errno -fno-rounding-math -mconstructor-aliases -munwind-tables -target-cpu x86-64 -fno-split-dwarf-inlining -debug-info-kind=limited -dwarf-version=4 -debugger-tuning=gdb -v -resource-dir /usr/lib/llvm-11/lib/clang/11.0.0 -internal-isystem /usr/local/include -internal-isystem /usr/lib/llvm-11/lib/clang/11.0.0/include -internal-externc-isystem /usr/include/x86_64-linux-gnu -internal-externc-isystem /include -internal-externc-isystem /usr/include -O3 -fdebug-compilation-dir /home/tl455047/disk2/tl455047/Dora-Taint/example/CMakeFiles/CMakeTmp -ferror-limit 19 -funroll-loops -fno-builtin-memcpy -fgnuc-version=4.2.1 -vectorize-loops -vectorize-slp -load /home/tl455047/disk2/tl455047/Dora-Taint/build/pass/libMemlogPass.so -mllvm -memlog-hook-inst=1 -mllvm -memlog-hook-abilist=/home/tl455047/disk2/tl455047/Dora-Taint/build/lib/share/hook_abilist.txt -faddrsig -o CMakeFiles/cmTC_d9d71.dir/CMakeCCompilerABI.c.o -x c /usr/share/cmake-3.16/Modules/CMakeCCompilerABI.c
clang -cc1 version 11.0.0 based upon LLVM 11.0.0 default target x86_64-pc-linux-gnu
ignoring nonexistent directory "/include"
#include "..." search starts here:
#include <...> search starts here:
 /usr/local/include
 /usr/lib/llvm-11/lib/clang/11.0.0/include
 /usr/include/x86_64-linux-gnu
 /usr/include
End of search list.
MemlogPass init
Linking C executable cmTC_d9d71
/usr/bin/cmake -E cmake_link_script CMakeFiles/cmTC_d9d71.dir/link.txt --verbose=1
/home/tl455047/disk2/tl455047/Dora-Taint/build/clang-wrapper     -v -rdynamic CMakeFiles/cmTC_d9d71.dir/CMakeCCompilerABI.c.o  -o cmTC_d9d71 
Ubuntu clang version 11.0.0-2~ubuntu20.04.1
Target: x86_64-pc-linux-gnu
Thread model: posix
InstalledDir: /usr/bin
Found candidate GCC installation: /usr/bin/../lib/gcc/x86_64-linux-gnu/8
Found candidate GCC installation: /usr/bin/../lib/gcc/x86_64-linux-gnu/9
Found candidate GCC installation: /usr/lib/gcc/x86_64-linux-gnu/8
Found candidate GCC installation: /usr/lib/gcc/x86_64-linux-gnu/9
Selected GCC installation: /usr/bin/../lib/gcc/x86_64-linux-gnu/9
Candidate multilib: .;@m64
Selected multilib: .;@m64
 "/usr/bin/ld" -pie -export-dynamic -z relro --hash-style=gnu --build-id --eh-frame-hdr -m elf_x86_64 -export-dynamic -dynamic-linker /lib64/ld-linux-x86-64.so.2 -o cmTC_d9d71 /usr/bin/../lib/gcc/x86_64-linux-gnu/9/../../../x86_64-linux-gnu/Scrt1.o /usr/bin/../lib/gcc/x86_64-linux-gnu/9/../../../x86_64-linux-gnu/crti.o /usr/bin/../lib/gcc/x86_64-linux-gnu/9/crtbeginS.o -L/usr/bin/../lib/gcc/x86_64-linux-gnu/9 -L/usr/bin/../lib/gcc/x86_64-linux-gnu/9/../../../x86_64-linux-gnu -L/usr/bin/../lib/gcc/x86_64-linux-gnu/9/../../../../lib64 -L/lib/x86_64-linux-gnu -L/lib/../lib64 -L/usr/lib/x86_64-linux-gnu -L/usr/lib/../lib64 -L/usr/lib/x86_64-linux-gnu/../../lib64 -L/usr/bin/../lib/gcc/x86_64-linux-gnu/9/../../.. -L/usr/lib/llvm-11/bin/../lib -L/lib -L/usr/lib CMakeFiles/cmTC_d9d71.dir/CMakeCCompilerABI.c.o --whole-archive /home/tl455047/disk2/tl455047/Dora-Taint/build/lib/libclang_rt.dfsan-x86_64.a --no-whole-archive -ldl -lpthread -lstdc++ --whole-archive /home/tl455047/disk2/tl455047/Dora-Taint/build/lib/libmemlog_rt.a --no-whole-archive -lrt --whole-archive /home/tl455047/disk2/tl455047/Dora-Taint/build/lib/libafl_rt.a --no-whole-archive -lgcc --as-needed -lgcc_s --no-as-needed -lc -lgcc --as-needed -lgcc_s --no-as-needed /usr/bin/../lib/gcc/x86_64-linux-gnu/9/crtendS.o /usr/bin/../lib/gcc/x86_64-linux-gnu/9/../../../x86_64-linux-gnu/crtn.o
make[1]: Leaving directory '/home/tl455047/disk2/tl455047/Dora-Taint/example/CMakeFiles/CMakeTmp'



Parsed C implicit include dir info from above output: rv=done
  found start of include info
  found start of implicit include info
    add: [/usr/local/include]
    add: [/usr/lib/llvm-11/lib/clang/11.0.0/include]
    add: [/usr/include/x86_64-linux-gnu]
    add: [/usr/include]
  end of search list found
  collapse include dir [/usr/local/include] ==> [/usr/local/include]
  collapse include dir [/usr/lib/llvm-11/lib/clang/11.0.0/include] ==> [/usr/lib/llvm-11/lib/clang/11.0.0/include]
  collapse include dir [/usr/include/x86_64-linux-gnu] ==> [/usr/include/x86_64-linux-gnu]
  collapse include dir [/usr/include] ==> [/usr/include]
  implicit include dirs: [/usr/local/include;/usr/lib/llvm-11/lib/clang/11.0.0/include;/usr/include/x86_64-linux-gnu;/usr/include]


Parsed C implicit link information from above output:
  link line regex: [^( *|.*[/\])(ld|CMAKE_LINK_STARTFILE-NOTFOUND|([^/\]+-)?ld|collect2)[^/\]*( |$)]
  ignore line: [Change Dir: /home/tl455047/disk2/tl455047/Dora-Taint/example/CMakeFiles/CMakeTmp]
  ignore line: []
  ignore line: [Run Build Command(s):/usr/bin/make cmTC_d9d71/fast && /usr/bin/make -f CMakeFiles/cmTC_d9d71.dir/build.make CMakeFiles/cmTC_d9d71.dir/build]
  ignore line: [make[1]: Entering directory '/home/tl455047/disk2/tl455047/Dora-Taint/example/CMakeFiles/CMakeTmp']
  ignore line: [Building C object CMakeFiles/cmTC_d9d71.dir/CMakeCCompilerABI.c.o]
  ignore line: [/home/tl455047/disk2/tl455047/Dora-Taint/build/clang-wrapper   -v -o CMakeFiles/cmTC_d9d71.dir/CMakeCCompilerABI.c.o   -c /usr/share/cmake-3.16/Modules/CMakeCCompilerABI.c]
  ignore line: [Ubuntu clang version 11.0.0-2~ubuntu20.04.1]
  ignore line: [Target: x86_64-pc-linux-gnu]
  ignore line: [Thread model: posix]
  ignore line: [InstalledDir: /usr/bin]
  ignore line: [Found candidate GCC installation: /usr/bin/../lib/gcc/x86_64-linux-gnu/8]
  ignore line: [Found candidate GCC installation: /usr/bin/../lib/gcc/x86_64-linux-gnu/9]
  ignore line: [Found candidate GCC installation: /usr/lib/gcc/x86_64-linux-gnu/8]
  ignore line: [Found candidate GCC installation: /usr/lib/gcc/x86_64-linux-gnu/9]
  ignore line: [Selected GCC installation: /usr/bin/../lib/gcc/x86_64-linux-gnu/9]
  ignore line: [Candidate multilib: .]
  ignore line: [@m64]
  ignore line: [Selected multilib: .]
  ignore line: [@m64]
  ignore line: [ (in-process)]
  ignore line: [ "/usr/lib/llvm-11/bin/clang" -cc1 -triple x86_64-pc-linux-gnu -emit-obj -disable-free -disable-llvm-verifier -discard-value-names -main-file-name CMakeCCompilerABI.c -mrelocation-model pic -pic-level 2 -mframe-pointer=none -fmath-errno -fno-rounding-math -mconstructor-aliases -munwind-tables -target-cpu x86-64 -fno-split-dwarf-inlining -debug-info-kind=limited -dwarf-version=4 -debugger-tuning=gdb -v -resource-dir /usr/lib/llvm-11/lib/clang/11.0.0 -internal-isystem /usr/local/include -internal-isystem /usr/lib/llvm-11/lib/clang/11.0.0/include -internal-externc-isystem /usr/include/x86_64-linux-gnu -internal-externc-isystem /include -internal-externc-isystem /usr/include -O3 -fdebug-compilation-dir /home/tl455047/disk2/tl455047/Dora-Taint/example/CMakeFiles/CMakeTmp -ferror-limit 19 -funroll-loops -fno-builtin-memcpy -fgnuc-version=4.2.1 -vectorize-loops -vectorize-slp -load /home/tl455047/disk2/tl455047/Dora-Taint/build/pass/libMemlogPass.so -mllvm -memlog-hook-inst=1 -mllvm -memlog-hook-abilist=/home/tl455047/disk2/tl455047/Dora-Taint/build/lib/share/hook_abilist.txt -faddrsig -o CMakeFiles/cmTC_d9d71.dir/CMakeCCompilerABI.c.o -x c /usr/share/cmake-3.16/Modules/CMakeCCompilerABI.c]
  ignore line: [clang -cc1 version 11.0.0 based upon LLVM 11.0.0 default target x86_64-pc-linux-gnu]
  ignore line: [ignoring nonexistent directory "/include"]
  ignore line: [#include "..." search starts here:]
  ignore line: [#include <...> search starts here:]
  ignore line: [ /usr/local/include]
  ignore line: [ /usr/lib/llvm-11/lib/clang/11.0.0/include]
  ignore line: [ /usr/include/x86_64-linux-gnu]
  ignore line: [ /usr/include]
  ignore line: [End of search list.]
  ignore line: [MemlogPass init]
  ignore line: [Linking C executable cmTC_d9d71]
  ignore line: [/usr/bin/cmake -E cmake_link_script CMakeFiles/cmTC_d9d71.dir/link.txt --verbose=1]
  ignore line: [/home/tl455047/disk2/tl455047/Dora-Taint/build/clang-wrapper     -v -rdynamic CMakeFiles/cmTC_d9d71.dir/CMakeCCompilerABI.c.o  -o cmTC_d9d71 ]
  ignore line: [Ubuntu clang version 11.0.0-2~ubuntu20.04.1]
  ignore line: [Target: x86_64-pc-linux-gnu]
  ignore line: [Thread model: posix]
  ignore line: [InstalledDir: /usr/bin]
  ignore line: [Found candidate GCC installation: /usr/bin/../lib/gcc/x86_64-linux-gnu/8]
  ignore line: [Found candidate GCC installation: /usr/bin/../lib/gcc/x86_64-linux-gnu/9]
  ignore line: [Found candidate GCC installation: /usr/lib/gcc/x86_64-linux-gnu/8]
  ignore line: [Found candidate GCC installation: /usr/lib/gcc/x86_64-linux-gnu/9]
  ignore line: [Selected GCC installation: /usr/bin/../lib/gcc/x86_64-linux-gnu/9]
  ignore line: [Candidate multilib: .]
  ignore line: [@m64]
  ignore line: [Selected multilib: .]
  ignore line: [@m64]
  link line: [ "/usr/bin/ld" -pie -export-dynamic -z relro --hash-style=gnu --build-id --eh-frame-hdr -m elf_x86_64 -export-dynamic -dynamic-linker /lib64/ld-linux-x86-64.so.2 -o cmTC_d9d71 /usr/bin/../lib/gcc/x86_64-linux-gnu/9/../../../x86_64-linux-gnu/Scrt1.o /usr/bin/../lib/gcc/x86_64-linux-gnu/9/../../../x86_64-linux-gnu/crti.o /usr/bin/../lib/gcc/x86_64-linux-gnu/9/crtbeginS.o -L/usr/bin/../lib/gcc/x86_64-linux-gnu/9 -L/usr/bin/../lib/gcc/x86_64-linux-gnu/9/../../../x86_64-linux-gnu -L/usr/bin/../lib/gcc/x86_64-linux-gnu/9/../../../../lib64 -L/lib/x86_64-linux-gnu -L/lib/../lib64 -L/usr/lib/x86_64-linux-gnu -L/usr/lib/../lib64 -L/usr/lib/x86_64-linux-gnu/../../lib64 -L/usr/bin/../lib/gcc/x86_64-linux-gnu/9/../../.. -L/usr/lib/llvm-11/bin/../lib -L/lib -L/usr/lib CMakeFiles/cmTC_d9d71.dir/CMakeCCompilerABI.c.o --whole-archive /home/tl455047/disk2/tl455047/Dora-Taint/build/lib/libclang_rt.dfsan-x86_64.a --no-whole-archive -ldl -lpthread -lstdc++ --whole-archive /home/tl455047/disk2/tl455047/Dora-Taint/build/lib/libmemlog_rt.a --no-whole-archive -lrt --whole-archive /home/tl455047/disk2/tl455047/Dora-Taint/build/lib/libafl_rt.a --no-whole-archive -lgcc --as-needed -lgcc_s --no-as-needed -lc -lgcc --as-needed -lgcc_s --no-as-needed /usr/bin/../lib/gcc/x86_64-linux-gnu/9/crtendS.o /usr/bin/../lib/gcc/x86_64-linux-gnu/9/../../../x86_64-linux-gnu/crtn.o]
    arg [/usr/bin/ld] ==> ignore
    arg [-pie] ==> ignore
    arg [-export-dynamic] ==> ignore
    arg [-zrelro] ==> ignore
    arg [--hash-style=gnu] ==> ignore
    arg [--build-id] ==> ignore
    arg [--eh-frame-hdr] ==> ignore
    arg [-m] ==> ignore
    arg [elf_x86_64] ==> ignore
    arg [-export-dynamic] ==> ignore
    arg [-dynamic-linker] ==> ignore
    arg [/lib64/ld-linux-x86-64.so.2] ==> ignore
    arg [-o] ==> ignore
    arg [cmTC_d9d71] ==> ignore
    arg [/usr/bin/../lib/gcc/x86_64-linux-gnu/9/../../../x86_64-linux-gnu/Scrt1.o] ==> ignore
    arg [/usr/bin/../lib/gcc/x86_64-linux-gnu/9/../../../x86_64-linux-gnu/crti.o] ==> ignore
    arg [/usr/bin/../lib/gcc/x86_64-linux-gnu/9/crtbeginS.o] ==> ignore
    arg [-L/usr/bin/../lib/gcc/x86_64-linux-gnu/9] ==> dir [/usr/bin/../lib/gcc/x86_64-linux-gnu/9]
    arg [-L/usr/bin/../lib/gcc/x86_64-linux-gnu/9/../../../x86_64-linux-gnu] ==> dir [/usr/bin/../lib/gcc/x86_64-linux-gnu/9/../../../x86_64-linux-gnu]
    arg [-L/usr/bin/../lib/gcc/x86_64-linux-gnu/9/../../../../lib64] ==> dir [/usr/bin/../lib/gcc/x86_64-linux-gnu/9/../../../../lib64]
    arg [-L/lib/x86_64-linux-gnu] ==> dir [/lib/x86_64-linux-gnu]
    arg [-L/lib/../lib64] ==> dir [/lib/../lib64]
    arg [-L/usr/lib/x86_64-linux-gnu] ==> dir [/usr/lib/x86_64-linux-gnu]
    arg [-L/usr/lib/../lib64] ==> dir [/usr/lib/../lib64]
    arg [-L/usr/lib/x86_64-linux-gnu/../../lib64] ==> dir [/usr/lib/x86_64-linux-gnu/../../lib64]
    arg [-L/usr/bin/../lib/gcc/x86_64-linux-gnu/9/../../..] ==> dir [/usr/bin/../lib/gcc/x86_64-linux-gnu/9/../../..]
    arg [-L/usr/lib/llvm-11/bin/../lib] ==> dir [/usr/lib/llvm-11/bin/../lib]
    arg [-L/lib] ==> dir [/lib]
    arg [-L/usr/lib] ==> dir [/usr/lib]
    arg [CMakeFiles/cmTC_d9d71.dir/CMakeCCompilerABI.c.o] ==> ignore
    arg [--whole-archive] ==> ignore
    arg [/home/tl455047/disk2/tl455047/Dora-Taint/build/lib/libclang_rt.dfsan-x86_64.a] ==> lib [/home/tl455047/disk2/tl455047/Dora-Taint/build/lib/libclang_rt.dfsan-x86_64.a]
    arg [--no-whole-archive] ==> ignore
    arg [-ldl] ==> lib [dl]
    arg [-lpthread] ==> lib [pthread]
    arg [-lstdc++] ==> lib [stdc++]
    arg [--whole-archive] ==> ignore
    arg [/home/tl455047/disk2/tl455047/Dora-Taint/build/lib/libmemlog_rt.a] ==> lib [/home/tl455047/disk2/tl455047/Dora-Taint/build/lib/libmemlog_rt.a]
    arg [--no-whole-archive] ==> ignore
    arg [-lrt] ==> lib [rt]
    arg [--whole-archive] ==> ignore
    arg [/home/tl455047/disk2/tl455047/Dora-Taint/build/lib/libafl_rt.a] ==> lib [/home/tl455047/disk2/tl455047/Dora-Taint/build/lib/libafl_rt.a]
    arg [--no-whole-archive] ==> ignore
    arg [-lgcc] ==> lib [gcc]
    arg [--as-needed] ==> ignore
    arg [-lgcc_s] ==> lib [gcc_s]
    arg [--no-as-needed] ==> ignore
    arg [-lc] ==> lib [c]
    arg [-lgcc] ==> lib [gcc]
    arg [--as-needed] ==> ignore
    arg [-lgcc_s] ==> lib [gcc_s]
    arg [--no-as-needed] ==> ignore
    arg [/usr/bin/../lib/gcc/x86_64-linux-gnu/9/crtendS.o] ==> ignore
    arg [/usr/bin/../lib/gcc/x86_64-linux-gnu/9/../../../x86_64-linux-gnu/crtn.o] ==> ignore
  remove lib [/home/tl455047/disk2/tl455047/Dora-Taint/build/lib/libclang_rt.dfsan-x86_64.a]
  collapse library dir [/usr/bin/../lib/gcc/x86_64-linux-gnu/9] ==> [/usr/lib/gcc/x86_64-linux-gnu/9]
  collapse library dir [/usr/bin/../lib/gcc/x86_64-linux-gnu/9/../../../x86_64-linux-gnu] ==> [/usr/lib/x86_64-linux-gnu]
  collapse library dir [/usr/bin/../lib/gcc/x86_64-linux-gnu/9/../../../../lib64] ==> [/usr/lib64]
  collapse library dir [/lib/x86_64-linux-gnu] ==> [/lib/x86_64-linux-gnu]
  collapse library dir [/lib/../lib64] ==> [/lib64]
  collapse library dir [/usr/lib/x86_64-linux-gnu] ==> [/usr/lib/x86_64-linux-gnu]
  collapse library dir [/usr/lib/../lib64] ==> [/usr/lib64]
  collapse library dir [/usr/lib/x86_64-linux-gnu/../../lib64] ==> [/usr/lib64]
  collapse library dir [/usr/bin/../lib/gcc/x86_64-linux-gnu/9/../../..] ==> [/usr/lib]
  collapse library dir [/usr/lib/llvm-11/bin/../lib] ==> [/usr/lib/llvm-11/lib]
  collapse library dir [/lib] ==> [/lib]
  collapse library dir [/usr/lib] ==> [/usr/lib]
  implicit libs: [dl;pthread;stdc++;/home/tl455047/disk2/tl455047/Dora-Taint/build/lib/libmemlog_rt.a;rt;/home/tl455047/disk2/tl455047/Dora-Taint/build/lib/libafl_rt.a;gcc;gcc_s;c;gcc;gcc_s]
  implicit dirs: [/usr/lib/gcc/x86_64-linux-gnu/9;/usr/lib/x86_64-linux-gnu;/usr/lib64;/lib/x86_64-linux-gnu;/lib64;/usr/lib;/usr/lib/llvm-11/lib;/lib]
  implicit fwks: []


Determining if the CXX compiler works passed with the following output:
Change Dir: /home/tl455047/disk2/tl455047/Dora-Taint/example/CMakeFiles/CMakeTmp

Run Build Command(s):/usr/bin/make cmTC_49974/fast && /usr/bin/make -f CMakeFiles/cmTC_49974.dir/build.make CMakeFiles/cmTC_49974.dir/build
make[1]: Entering directory '/home/tl455047/disk2/tl455047/Dora-Taint/example/CMakeFiles/CMakeTmp'
Building CXX object CMakeFiles/cmTC_49974.dir/testCXXCompiler.cxx.o
/home/tl455047/disk2/tl455047/Dora-Taint/build/clang-wrapper++     -o CMakeFiles/cmTC_49974.dir/testCXXCompiler.cxx.o -c /home/tl455047/disk2/tl455047/Dora-Taint/example/CMakeFiles/CMakeTmp/testCXXCompiler.cxx
MemlogPass init
Linking CXX executable cmTC_49974
/usr/bin/cmake -E cmake_link_script CMakeFiles/cmTC_49974.dir/link.txt --verbose=1
/home/tl455047/disk2/tl455047/Dora-Taint/build/clang-wrapper++       -rdynamic CMakeFiles/cmTC_49974.dir/testCXXCompiler.cxx.o  -o cmTC_49974 
make[1]: Leaving directory '/home/tl455047/disk2/tl455047/Dora-Taint/example/CMakeFiles/CMakeTmp'



Detecting CXX compiler ABI info compiled with the following output:
Change Dir: /home/tl455047/disk2/tl455047/Dora-Taint/example/CMakeFiles/CMakeTmp

Run Build Command(s):/usr/bin/make cmTC_7c091/fast && /usr/bin/make -f CMakeFiles/cmTC_7c091.dir/build.make CMakeFiles/cmTC_7c091.dir/build
make[1]: Entering directory '/home/tl455047/disk2/tl455047/Dora-Taint/example/CMakeFiles/CMakeTmp'
Building CXX object CMakeFiles/cmTC_7c091.dir/CMakeCXXCompilerABI.cpp.o
/home/tl455047/disk2/tl455047/Dora-Taint/build/clang-wrapper++    -v -o CMakeFiles/cmTC_7c091.dir/CMakeCXXCompilerABI.cpp.o -c /usr/share/cmake-3.16/Modules/CMakeCXXCompilerABI.cpp
Ubuntu clang version 11.0.0-2~ubuntu20.04.1
Target: x86_64-pc-linux-gnu
Thread model: posix
InstalledDir: /usr/bin
Found candidate GCC installation: /usr/bin/../lib/gcc/x86_64-linux-gnu/8
Found candidate GCC installation: /usr/bin/../lib/gcc/x86_64-linux-gnu/9
Found candidate GCC installation: /usr/lib/gcc/x86_64-linux-gnu/8
Found candidate GCC installation: /usr/lib/gcc/x86_64-linux-gnu/9
Selected GCC installation: /usr/bin/../lib/gcc/x86_64-linux-gnu/9
Candidate multilib: .;@m64
Selected multilib: .;@m64
 (in-process)
 "/usr/lib/llvm-11/bin/clang" -cc1 -triple x86_64-pc-linux-gnu -emit-obj -disable-free -disable-llvm-verifier -discard-value-names -main-file-name CMakeCXXCompilerABI.cpp -mrelocation-model pic -pic-level 2 -mframe-pointer=none -fmath-errno -fno-rounding-math -mconstructor-aliases -munwind-tables -target-cpu x86-64 -fno-split-dwarf-inlining -debug-info-kind=limited -dwarf-version=4 -debugger-tuning=gdb -v -resource-dir /usr/lib/llvm-11/lib/clang/11.0.0 -internal-isystem /usr/bin/../lib/gcc/x86_64-linux-gnu/9/../../../../include/c++/9 -internal-isystem /usr/bin/../lib/gcc/x86_64-linux-gnu/9/../../../../include/x86_64-linux-gnu/c++/9 -internal-isystem /usr/bin/../lib/gcc/x86_64-linux-gnu/9/../../../../include/x86_64-linux-gnu/c++/9 -internal-isystem /usr/bin/../lib/gcc/x86_64-linux-gnu/9/../../../../include/c++/9/backward -internal-isystem /usr/local/include -internal-isystem /usr/lib/llvm-11/lib/clang/11.0.0/include -internal-externc-isystem /usr/include/x86_64-linux-gnu -internal-externc-isystem /include -internal-externc-isystem /usr/include -O3 -fdeprecated-macro -fdebug-compilation-dir /home/tl455047/disk2/tl455047/Dora-Taint/example/CMakeFiles/CMakeTmp -ferror-limit 19 -funroll-loops -fno-builtin-memcpy -fgnuc-version=4.2.1 -fcxx-exceptions -fexceptions -vectorize-loops -vectorize-slp -load /home/tl455047/disk2/tl455047/Dora-Taint/build/pass/libMemlogPass.so -mllvm -memlog-hook-inst=1 -mllvm -memlog-hook-abilist=/home/tl455047/disk2/tl455047/Dora-Taint/build/lib/share/hook_abilist.txt -faddrsig -o CMakeFiles/cmTC_7c091.dir/CMakeCXXCompilerABI.cpp.o -x c++ /usr/share/cmake-3.16/Modules/CMakeCXXCompilerABI.cpp
clang -cc1 version 11.0.0 based upon LLVM 11.0.0 default target x86_64-pc-linux-gnu
ignoring nonexistent directory "/include"
ignoring duplicate directory "/usr/bin/../lib/gcc/x86_64-linux-gnu/9/../../../../include/x86_64-linux-gnu/c++/9"
#include "..." search starts here:
#include <...> search starts here:
 /usr/bin/../lib/gcc/x86_64-linux-gnu/9/../../../../include/c++/9
 /usr/bin/../lib/gcc/x86_64-linux-gnu/9/../../../../include/x86_64-linux-gnu/c++/9
 /usr/bin/../lib/gcc/x86_64-linux-gnu/9/../../../../include/c++/9/backward
 /usr/local/include
 /usr/lib/llvm-11/lib/clang/11.0.0/include
 /usr/include/x86_64-linux-gnu
 /usr/include
End of search list.
MemlogPass init
Linking CXX executable cmTC_7c091
/usr/bin/cmake -E cmake_link_script CMakeFiles/cmTC_7c091.dir/link.txt --verbose=1
/home/tl455047/disk2/tl455047/Dora-Taint/build/clang-wrapper++      -v -rdynamic CMakeFiles/cmTC_7c091.dir/CMakeCXXCompilerABI.cpp.o  -o cmTC_7c091 
Ubuntu clang version 11.0.0-2~ubuntu20.04.1
Target: x86_64-pc-linux-gnu
Thread model: posix
InstalledDir: /usr/bin
Found candidate GCC installation: /usr/bin/../lib/gcc/x86_64-linux-gnu/8
Found candidate GCC installation: /usr/bin/../lib/gcc/x86_64-linux-gnu/9
Found candidate GCC installation: /usr/lib/gcc/x86_64-linux-gnu/8
Found candidate GCC installation: /usr/lib/gcc/x86_64-linux-gnu/9
Selected GCC installation: /usr/bin/../lib/gcc/x86_64-linux-gnu/9
Candidate multilib: .;@m64
Selected multilib: .;@m64
 "/usr/bin/ld" -pie -export-dynamic -z relro --hash-style=gnu --build-id --eh-frame-hdr -m elf_x86_64 -export-dynamic -dynamic-linker /lib64/ld-linux-x86-64.so.2 -o cmTC_7c091 /usr/bin/../lib/gcc/x86_64-linux-gnu/9/../../../x86_64-linux-gnu/Scrt1.o /usr/bin/../lib/gcc/x86_64-linux-gnu/9/../../../x86_64-linux-gnu/crti.o /usr/bin/../lib/gcc/x86_64-linux-gnu/9/crtbeginS.o -L/usr/bin/../lib/gcc/x86_64-linux-gnu/9 -L/usr/bin/../lib/gcc/x86_64-linux-gnu/9/../../../x86_64-linux-gnu -L/usr/bin/../lib/gcc/x86_64-linux-gnu/9/../../../../lib64 -L/lib/x86_64-linux-gnu -L/lib/../lib64 -L/usr/lib/x86_64-linux-gnu -L/usr/lib/../lib64 -L/usr/lib/x86_64-linux-gnu/../../lib64 -L/usr/bin/../lib/gcc/x86_64-linux-gnu/9/../../.. -L/usr/lib/llvm-11/bin/../lib -L/lib -L/usr/lib CMakeFiles/cmTC_7c091.dir/CMakeCXXCompilerABI.cpp.o --whole-archive /home/tl455047/disk2/tl455047/Dora-Taint/build/lib/libclang_rt.dfsan-x86_64.a --no-whole-archive -ldl -lpthread -lstdc++ --whole-archive /home/tl455047/disk2/tl455047/Dora-Taint/build/lib/libmemlog_rt.a --no-whole-archive -lrt --whole-archive /home/tl455047/disk2/tl455047/Dora-Taint/build/lib/libafl_rt.a --no-whole-archive -lstdc++ -lm -lgcc_s -lgcc -lc -lgcc_s -lgcc /usr/bin/../lib/gcc/x86_64-linux-gnu/9/crtendS.o /usr/bin/../lib/gcc/x86_64-linux-gnu/9/../../../x86_64-linux-gnu/crtn.o
make[1]: Leaving directory '/home/tl455047/disk2/tl455047/Dora-Taint/example/CMakeFiles/CMakeTmp'



Parsed CXX implicit include dir info from above output: rv=done
  found start of include info
  found start of implicit include info
    add: [/usr/bin/../lib/gcc/x86_64-linux-gnu/9/../../../../include/c++/9]
    add: [/usr/bin/../lib/gcc/x86_64-linux-gnu/9/../../../../include/x86_64-linux-gnu/c++/9]
    add: [/usr/bin/../lib/gcc/x86_64-linux-gnu/9/../../../../include/c++/9/backward]
    add: [/usr/local/include]
    add: [/usr/lib/llvm-11/lib/clang/11.0.0/include]
    add: [/usr/include/x86_64-linux-gnu]
    add: [/usr/include]
  end of search list found
  collapse include dir [/usr/bin/../lib/gcc/x86_64-linux-gnu/9/../../../../include/c++/9] ==> [/usr/include/c++/9]
  collapse include dir [/usr/bin/../lib/gcc/x86_64-linux-gnu/9/../../../../include/x86_64-linux-gnu/c++/9] ==> [/usr/include/x86_64-linux-gnu/c++/9]
  collapse include dir [/usr/bin/../lib/gcc/x86_64-linux-gnu/9/../../../../include/c++/9/backward] ==> [/usr/include/c++/9/backward]
  collapse include dir [/usr/local/include] ==> [/usr/local/include]
  collapse include dir [/usr/lib/llvm-11/lib/clang/11.0.0/include] ==> [/usr/lib/llvm-11/lib/clang/11.0.0/include]
  collapse include dir [/usr/include/x86_64-linux-gnu] ==> [/usr/include/x86_64-linux-gnu]
  collapse include dir [/usr/include] ==> [/usr/include]
  implicit include dirs: [/usr/include/c++/9;/usr/include/x86_64-linux-gnu/c++/9;/usr/include/c++/9/backward;/usr/local/include;/usr/lib/llvm-11/lib/clang/11.0.0/include;/usr/include/x86_64-linux-gnu;/usr/include]


Parsed CXX implicit link information from above output:
  link line regex: [^( *|.*[/\])(ld|CMAKE_LINK_STARTFILE-NOTFOUND|([^/\]+-)?ld|collect2)[^/\]*( |$)]
  ignore line: [Change Dir: /home/tl455047/disk2/tl455047/Dora-Taint/example/CMakeFiles/CMakeTmp]
  ignore line: []
  ignore line: [Run Build Command(s):/usr/bin/make cmTC_7c091/fast && /usr/bin/make -f CMakeFiles/cmTC_7c091.dir/build.make CMakeFiles/cmTC_7c091.dir/build]
  ignore line: [make[1]: Entering directory '/home/tl455047/disk2/tl455047/Dora-Taint/example/CMakeFiles/CMakeTmp']
  ignore line: [Building CXX object CMakeFiles/cmTC_7c091.dir/CMakeCXXCompilerABI.cpp.o]
  ignore line: [/home/tl455047/disk2/tl455047/Dora-Taint/build/clang-wrapper++    -v -o CMakeFiles/cmTC_7c091.dir/CMakeCXXCompilerABI.cpp.o -c /usr/share/cmake-3.16/Modules/CMakeCXXCompilerABI.cpp]
  ignore line: [Ubuntu clang version 11.0.0-2~ubuntu20.04.1]
  ignore line: [Target: x86_64-pc-linux-gnu]
  ignore line: [Thread model: posix]
  ignore line: [InstalledDir: /usr/bin]
  ignore line: [Found candidate GCC installation: /usr/bin/../lib/gcc/x86_64-linux-gnu/8]
  ignore line: [Found candidate GCC installation: /usr/bin/../lib/gcc/x86_64-linux-gnu/9]
  ignore line: [Found candidate GCC installation: /usr/lib/gcc/x86_64-linux-gnu/8]
  ignore line: [Found candidate GCC installation: /usr/lib/gcc/x86_64-linux-gnu/9]
  ignore line: [Selected GCC installation: /usr/bin/../lib/gcc/x86_64-linux-gnu/9]
  ignore line: [Candidate multilib: .]
  ignore line: [@m64]
  ignore line: [Selected multilib: .]
  ignore line: [@m64]
  ignore line: [ (in-process)]
  ignore line: [ "/usr/lib/llvm-11/bin/clang" -cc1 -triple x86_64-pc-linux-gnu -emit-obj -disable-free -disable-llvm-verifier -discard-value-names -main-file-name CMakeCXXCompilerABI.cpp -mrelocation-model pic -pic-level 2 -mframe-pointer=none -fmath-errno -fno-rounding-math -mconstructor-aliases -munwind-tables -target-cpu x86-64 -fno-split-dwarf-inlining -debug-info-kind=limited -dwarf-version=4 -debugger-tuning=gdb -v -resource-dir /usr/lib/llvm-11/lib/clang/11.0.0 -internal-isystem /usr/bin/../lib/gcc/x86_64-linux-gnu/9/../../../../include/c++/9 -internal-isystem /usr/bin/../lib/gcc/x86_64-linux-gnu/9/../../../../include/x86_64-linux-gnu/c++/9 -internal-isystem /usr/bin/../lib/gcc/x86_64-linux-gnu/9/../../../../include/x86_64-linux-gnu/c++/9 -internal-isystem /usr/bin/../lib/gcc/x86_64-linux-gnu/9/../../../../include/c++/9/backward -internal-isystem /usr/local/include -internal-isystem /usr/lib/llvm-11/lib/clang/11.0.0/include -internal-externc-isystem /usr/include/x86_64-linux-gnu -internal-externc-isystem /include -internal-externc-isystem /usr/include -O3 -fdeprecated-macro -fdebug-compilation-dir /home/tl455047/disk2/tl455047/Dora-Taint/example/CMakeFiles/CMakeTmp -ferror-limit 19 -funroll-loops -fno-builtin-memcpy -fgnuc-version=4.2.1 -fcxx-exceptions -fexceptions -vectorize-loops -vectorize-slp -load /home/tl455047/disk2/tl455047/Dora-Taint/build/pass/libMemlogPass.so -mllvm -memlog-hook-inst=1 -mllvm -memlog-hook-abilist=/home/tl455047/disk2/tl455047/Dora-Taint/build/lib/share/hook_abilist.txt -faddrsig -o CMakeFiles/cmTC_7c091.dir/CMakeCXXCompilerABI.cpp.o -x c++ /usr/share/cmake-3.16/Modules/CMakeCXXCompilerABI.cpp]
  ignore line: [clang -cc1 version 11.0.0 based upon LLVM 11.0.0 default target x86_64-pc-linux-gnu]
  ignore line: [ignoring nonexistent directory "/include"]
  ignore line: [ignoring duplicate directory "/usr/bin/../lib/gcc/x86_64-linux-gnu/9/../../../../include/x86_64-linux-gnu/c++/9"]
  ignore line: [#include "..." search starts here:]
  ignore line: [#include <...> search starts here:]
  ignore line: [ /usr/bin/../lib/gcc/x86_64-linux-gnu/9/../../../../include/c++/9]
  ignore line: [ /usr/bin/../lib/gcc/x86_64-linux-gnu/9/../../../../include/x86_64-linux-gnu/c++/9]
  ignore line: [ /usr/bin/../lib/gcc/x86_64-linux-gnu/9/../../../../include/c++/9/backward]
  ignore line: [ /usr/local/include]
  ignore line: [ /usr/lib/llvm-11/lib/clang/11.0.0/include]
  ignore line: [ /usr/include/x86_64-linux-gnu]
  ignore line: [ /usr/include]
  ignore line: [End of search list.]
  ignore line: [MemlogPass init]
  ignore line: [Linking CXX executable cmTC_7c091]
  ignore line: [/usr/bin/cmake -E cmake_link_script CMakeFiles/cmTC_7c091.dir/link.txt --verbose=1]
  ignore line: [/home/tl455047/disk2/tl455047/Dora-Taint/build/clang-wrapper++      -v -rdynamic CMakeFiles/cmTC_7c091.dir/CMakeCXXCompilerABI.cpp.o  -o cmTC_7c091 ]
  ignore line: [Ubuntu clang version 11.0.0-2~ubuntu20.04.1]
  ignore line: [Target: x86_64-pc-linux-gnu]
  ignore line: [Thread model: posix]
  ignore line: [InstalledDir: /usr/bin]
  ignore line: [Found candidate GCC installation: /usr/bin/../lib/gcc/x86_64-linux-gnu/8]
  ignore line: [Found candidate GCC installation: /usr/bin/../lib/gcc/x86_64-linux-gnu/9]
  ignore line: [Found candidate GCC installation: /usr/lib/gcc/x86_64-linux-gnu/8]
  ignore line: [Found candidate GCC installation: /usr/lib/gcc/x86_64-linux-gnu/9]
  ignore line: [Selected GCC installation: /usr/bin/../lib/gcc/x86_64-linux-gnu/9]
  ignore line: [Candidate multilib: .]
  ignore line: [@m64]
  ignore line: [Selected multilib: .]
  ignore line: [@m64]
  link line: [ "/usr/bin/ld" -pie -export-dynamic -z relro --hash-style=gnu --build-id --eh-frame-hdr -m elf_x86_64 -export-dynamic -dynamic-linker /lib64/ld-linux-x86-64.so.2 -o cmTC_7c091 /usr/bin/../lib/gcc/x86_64-linux-gnu/9/../../../x86_64-linux-gnu/Scrt1.o /usr/bin/../lib/gcc/x86_64-linux-gnu/9/../../../x86_64-linux-gnu/crti.o /usr/bin/../lib/gcc/x86_64-linux-gnu/9/crtbeginS.o -L/usr/bin/../lib/gcc/x86_64-linux-gnu/9 -L/usr/bin/../lib/gcc/x86_64-linux-gnu/9/../../../x86_64-linux-gnu -L/usr/bin/../lib/gcc/x86_64-linux-gnu/9/../../../../lib64 -L/lib/x86_64-linux-gnu -L/lib/../lib64 -L/usr/lib/x86_64-linux-gnu -L/usr/lib/../lib64 -L/usr/lib/x86_64-linux-gnu/../../lib64 -L/usr/bin/../lib/gcc/x86_64-linux-gnu/9/../../.. -L/usr/lib/llvm-11/bin/../lib -L/lib -L/usr/lib CMakeFiles/cmTC_7c091.dir/CMakeCXXCompilerABI.cpp.o --whole-archive /home/tl455047/disk2/tl455047/Dora-Taint/build/lib/libclang_rt.dfsan-x86_64.a --no-whole-archive -ldl -lpthread -lstdc++ --whole-archive /home/tl455047/disk2/tl455047/Dora-Taint/build/lib/libmemlog_rt.a --no-whole-archive -lrt --whole-archive /home/tl455047/disk2/tl455047/Dora-Taint/build/lib/libafl_rt.a --no-whole-archive -lstdc++ -lm -lgcc_s -lgcc -lc -lgcc_s -lgcc /usr/bin/../lib/gcc/x86_64-linux-gnu/9/crtendS.o /usr/bin/../lib/gcc/x86_64-linux-gnu/9/../../../x86_64-linux-gnu/crtn.o]
    arg [/usr/bin/ld] ==> ignore
    arg [-pie] ==> ignore
    arg [-export-dynamic] ==> ignore
    arg [-zrelro] ==> ignore
    arg [--hash-style=gnu] ==> ignore
    arg [--build-id] ==> ignore
    arg [--eh-frame-hdr] ==> ignore
    arg [-m] ==> ignore
    arg [elf_x86_64] ==> ignore
    arg [-export-dynamic] ==> ignore
    arg [-dynamic-linker] ==> ignore
    arg [/lib64/ld-linux-x86-64.so.2] ==> ignore
    arg [-o] ==> ignore
    arg [cmTC_7c091] ==> ignore
    arg [/usr/bin/../lib/gcc/x86_64-linux-gnu/9/../../../x86_64-linux-gnu/Scrt1.o] ==> ignore
    arg [/usr/bin/../lib/gcc/x86_64-linux-gnu/9/../../../x86_64-linux-gnu/crti.o] ==> ignore
    arg [/usr/bin/../lib/gcc/x86_64-linux-gnu/9/crtbeginS.o] ==> ignore
    arg [-L/usr/bin/../lib/gcc/x86_64-linux-gnu/9] ==> dir [/usr/bin/../lib/gcc/x86_64-linux-gnu/9]
    arg [-L/usr/bin/../lib/gcc/x86_64-linux-gnu/9/../../../x86_64-linux-gnu] ==> dir [/usr/bin/../lib/gcc/x86_64-linux-gnu/9/../../../x86_64-linux-gnu]
    arg [-L/usr/bin/../lib/gcc/x86_64-linux-gnu/9/../../../../lib64] ==> dir [/usr/bin/../lib/gcc/x86_64-linux-gnu/9/../../../../lib64]
    arg [-L/lib/x86_64-linux-gnu] ==> dir [/lib/x86_64-linux-gnu]
    arg [-L/lib/../lib64] ==> dir [/lib/../lib64]
    arg [-L/usr/lib/x86_64-linux-gnu] ==> dir [/usr/lib/x86_64-linux-gnu]
    arg [-L/usr/lib/../lib64] ==> dir [/usr/lib/../lib64]
    arg [-L/usr/lib/x86_64-linux-gnu/../../lib64] ==> dir [/usr/lib/x86_64-linux-gnu/../../lib64]
    arg [-L/usr/bin/../lib/gcc/x86_64-linux-gnu/9/../../..] ==> dir [/usr/bin/../lib/gcc/x86_64-linux-gnu/9/../../..]
    arg [-L/usr/lib/llvm-11/bin/../lib] ==> dir [/usr/lib/llvm-11/bin/../lib]
    arg [-L/lib] ==> dir [/lib]
    arg [-L/usr/lib] ==> dir [/usr/lib]
    arg [CMakeFiles/cmTC_7c091.dir/CMakeCXXCompilerABI.cpp.o] ==> ignore
    arg [--whole-archive] ==> ignore
    arg [/home/tl455047/disk2/tl455047/Dora-Taint/build/lib/libclang_rt.dfsan-x86_64.a] ==> lib [/home/tl455047/disk2/tl455047/Dora-Taint/build/lib/libclang_rt.dfsan-x86_64.a]
    arg [--no-whole-archive] ==> ignore
    arg [-ldl] ==> lib [dl]
    arg [-lpthread] ==> lib [pthread]
    arg [-lstdc++] ==> lib [stdc++]
    arg [--whole-archive] ==> ignore
    arg [/home/tl455047/disk2/tl455047/Dora-Taint/build/lib/libmemlog_rt.a] ==> lib [/home/tl455047/disk2/tl455047/Dora-Taint/build/lib/libmemlog_rt.a]
    arg [--no-whole-archive] ==> ignore
    arg [-lrt] ==> lib [rt]
    arg [--whole-archive] ==> ignore
    arg [/home/tl455047/disk2/tl455047/Dora-Taint/build/lib/libafl_rt.a] ==> lib [/home/tl455047/disk2/tl455047/Dora-Taint/build/lib/libafl_rt.a]
    arg [--no-whole-archive] ==> ignore
    arg [-lstdc++] ==> lib [stdc++]
    arg [-lm] ==> lib [m]
    arg [-lgcc_s] ==> lib [gcc_s]
    arg [-lgcc] ==> lib [gcc]
    arg [-lc] ==> lib [c]
    arg [-lgcc_s] ==> lib [gcc_s]
    arg [-lgcc] ==> lib [gcc]
    arg [/usr/bin/../lib/gcc/x86_64-linux-gnu/9/crtendS.o] ==> ignore
    arg [/usr/bin/../lib/gcc/x86_64-linux-gnu/9/../../../x86_64-linux-gnu/crtn.o] ==> ignore
  remove lib [/home/tl455047/disk2/tl455047/Dora-Taint/build/lib/libclang_rt.dfsan-x86_64.a]
  collapse library dir [/usr/bin/../lib/gcc/x86_64-linux-gnu/9] ==> [/usr/lib/gcc/x86_64-linux-gnu/9]
  collapse library dir [/usr/bin/../lib/gcc/x86_64-linux-gnu/9/../../../x86_64-linux-gnu] ==> [/usr/lib/x86_64-linux-gnu]
  collapse library dir [/usr/bin/../lib/gcc/x86_64-linux-gnu/9/../../../../lib64] ==> [/usr/lib64]
  collapse library dir [/lib/x86_64-linux-gnu] ==> [/lib/x86_64-linux-gnu]
  collapse library dir [/lib/../lib64] ==> [/lib64]
  collapse library dir [/usr/lib/x86_64-linux-gnu] ==> [/usr/lib/x86_64-linux-gnu]
  collapse library dir [/usr/lib/../lib64] ==> [/usr/lib64]
  collapse library dir [/usr/lib/x86_64-linux-gnu/../../lib64] ==> [/usr/lib64]
  collapse library dir [/usr/bin/../lib/gcc/x86_64-linux-gnu/9/../../..] ==> [/usr/lib]
  collapse library dir [/usr/lib/llvm-11/bin/../lib] ==> [/usr/lib/llvm-11/lib]
  collapse library dir [/lib] ==> [/lib]
  collapse library dir [/usr/lib] ==> [/usr/lib]
  implicit libs: [dl;pthread;stdc++;/home/tl455047/disk2/tl455047/Dora-Taint/build/lib/libmemlog_rt.a;rt;/home/tl455047/disk2/tl455047/Dora-Taint/build/lib/libafl_rt.a;stdc++;m;gcc_s;gcc;c;gcc_s;gcc]
  implicit dirs: [/usr/lib/gcc/x86_64-linux-gnu/9;/usr/lib/x86_64-linux-gnu;/usr/lib64;/lib/x86_64-linux-gnu;/lib64;/usr/lib;/usr/lib/llvm-11/lib;/lib]
  implicit fwks: []


Determining if the include file rpc/xdr.h exists passed with the following output:
Change Dir: /home/tl455047/disk2/tl455047/Dora-Taint/example/CMakeFiles/CMakeTmp

Run Build Command(s):/usr/bin/make cmTC_4a776/fast && /usr/bin/make -f CMakeFiles/cmTC_4a776.dir/build.make CMakeFiles/cmTC_4a776.dir/build
make[1]: Entering directory '/home/tl455047/disk2/tl455047/Dora-Taint/example/CMakeFiles/CMakeTmp'
Building C object CMakeFiles/cmTC_4a776.dir/CheckIncludeFile.c.o
/home/tl455047/disk2/tl455047/Dora-Taint/build/clang-wrapper    -o CMakeFiles/cmTC_4a776.dir/CheckIncludeFile.c.o   -c /home/tl455047/disk2/tl455047/Dora-Taint/example/CMakeFiles/CMakeTmp/CheckIncludeFile.c
MemlogPass init
Linking C executable cmTC_4a776
/usr/bin/cmake -E cmake_link_script CMakeFiles/cmTC_4a776.dir/link.txt --verbose=1
/home/tl455047/disk2/tl455047/Dora-Taint/build/clang-wrapper      -rdynamic CMakeFiles/cmTC_4a776.dir/CheckIncludeFile.c.o  -o cmTC_4a776 
make[1]: Leaving directory '/home/tl455047/disk2/tl455047/Dora-Taint/example/CMakeFiles/CMakeTmp'



