This file contains any messages produced by compilers while
running configure, to aid debugging if configure makes a mistake.

It was created by opcodes configure 2.37, which was
generated by GNU Autoconf 2.69.  Invocation command line was

  $ /home/tl455047/disk2/tl455047/Dora-Taint/testcase/binutils-2.37/opcodes/configure --srcdir=.././opcodes --cache-file=./config.cache --with-gnu-as --with-gnu-ld --disable-shared --program-transform-name=s,y,y, --disable-option-checking --build=x86_64-pc-linux-gnu --host=x86_64-pc-linux-gnu --target=x86_64-pc-linux-gnu

## --------- ##
## Platform. ##
## --------- ##

hostname = tl455047-ubuntu
uname -m = x86_64
uname -r = 5.11.0-38-generic
uname -s = Linux
uname -v = #42~20.04.1-Ubuntu SMP Tue Sep 28 20:41:07 UTC 2021

/usr/bin/uname -p = x86_64
/bin/uname -X     = unknown

/bin/arch              = x86_64
/usr/bin/arch -k       = unknown
/usr/convex/getsysinfo = unknown
/usr/bin/hostinfo      = unknown
/bin/machine           = unknown
/usr/bin/oslevel       = unknown
/bin/universe          = unknown

PATH: /home/tl455047/.local/bin
PATH: /usr/local/sbin
PATH: /usr/local/bin
PATH: /usr/sbin
PATH: /usr/bin
PATH: /sbin
PATH: /bin
PATH: /usr/games
PATH: /usr/local/games
PATH: /snap/bin


## ----------- ##
## Core tests. ##
## ----------- ##

configure:2226: creating cache ./config.cache
configure:2337: checking build system type
configure:2351: result: x86_64-pc-linux-gnu
configure:2371: checking host system type
configure:2384: result: x86_64-pc-linux-gnu
configure:2404: checking target system type
configure:2417: result: x86_64-pc-linux-gnu
configure:2460: checking for a BSD-compatible install
configure:2528: result: /usr/bin/install -c
configure:2539: checking whether build environment is sane
configure:2594: result: yes
configure:2743: checking for a thread-safe mkdir -p
configure:2782: result: /usr/bin/mkdir -p
configure:2789: checking for gawk
configure:2816: result: gawk
configure:2827: checking whether make sets $(MAKE)
configure:2849: result: yes
configure:2878: checking whether make supports nested variables
configure:2895: result: yes
configure:3030: checking for x86_64-pc-linux-gnu-gcc
configure:3057: result: /home/tl455047/disk2/tl455047/Dora-Taint/build/clang-wrapper
configure:3326: checking for C compiler version
configure:3335: /home/tl455047/disk2/tl455047/Dora-Taint/build/clang-wrapper --version >&5
Ubuntu clang version 11.0.0-2~ubuntu20.04.1
Target: x86_64-pc-linux-gnu
Thread model: posix
InstalledDir: /usr/bin
configure:3346: $? = 0
configure:3335: /home/tl455047/disk2/tl455047/Dora-Taint/build/clang-wrapper -v >&5
Ubuntu clang version 11.0.0-2~ubuntu20.04.1
Target: x86_64-pc-linux-gnu
Thread model: posix
InstalledDir: /usr/bin
Found candidate GCC installation: /usr/bin/../lib/gcc/x86_64-linux-gnu/8
Found candidate GCC installation: /usr/bin/../lib/gcc/x86_64-linux-gnu/9
Found candidate GCC installation: /usr/lib/gcc/x86_64-linux-gnu/8
Found candidate GCC installation: /usr/lib/gcc/x86_64-linux-gnu/9
Selected GCC installation: /usr/bin/../lib/gcc/x86_64-linux-gnu/9
Candidate multilib: .;@m64
... rest of stderr output deleted ...
configure:3346: $? = 1
configure:3335: /home/tl455047/disk2/tl455047/Dora-Taint/build/clang-wrapper -V >&5
clang: error: unsupported option '-V -fno-builtin-memcpy'
configure:3346: $? = 1
configure:3335: /home/tl455047/disk2/tl455047/Dora-Taint/build/clang-wrapper -qversion >&5
clang: error: unknown argument '-qversion'; did you mean '--version'?
configure:3346: $? = 1
configure:3366: checking whether the C compiler works
configure:3388: /home/tl455047/disk2/tl455047/Dora-Taint/build/clang-wrapper -g -O2        conftest.c  >&5
DFSanPass init
configure:3392: $? = 0
configure:3440: result: yes
configure:3443: checking for C compiler default output file name
configure:3445: result: a.out
configure:3451: checking for suffix of executables
configure:3458: /home/tl455047/disk2/tl455047/Dora-Taint/build/clang-wrapper -o conftest -g -O2        conftest.c  >&5
DFSanPass init
configure:3462: $? = 0
configure:3484: result: 
configure:3506: checking whether we are cross compiling
configure:3514: /home/tl455047/disk2/tl455047/Dora-Taint/build/clang-wrapper -o conftest -g -O2        conftest.c  >&5
DFSanPass init
configure:3518: $? = 0
configure:3525: ./conftest
DFSan init
DFSan debug
DFSan fini
configure:3529: $? = 0
configure:3517: result: no
configure:3522: checking for suffix of object files
configure:3544: /home/tl455047/disk2/tl455047/Dora-Taint/build/clang-wrapper -c -g -O2      conftest.c >&5
DFSanPass init
configure:3548: $? = 0
configure:3569: result: o
configure:3573: checking whether we are using the GNU C compiler
configure:3592: /home/tl455047/disk2/tl455047/Dora-Taint/build/clang-wrapper -c -g -O2      conftest.c >&5
DFSanPass init
configure:3592: $? = 0
configure:3601: result: yes
configure:3610: checking whether /home/tl455047/disk2/tl455047/Dora-Taint/build/clang-wrapper accepts -g
configure:3630: /home/tl455047/disk2/tl455047/Dora-Taint/build/clang-wrapper -c -g  conftest.c >&5
DFSanPass init
configure:3630: $? = 0
configure: failed program was:
| /* confdefs.h */
| #define PACKAGE_NAME "opcodes"
| #define PACKAGE_TARNAME "opcodes"
| #define PACKAGE_VERSION "2.37"
| #define PACKAGE_STRING "opcodes 2.37"
| #define PACKAGE_BUGREPORT ""
| #define PACKAGE_URL ""
| #define PACKAGE "opcodes"
| #define VERSION "2.37"
| /* end confdefs.h.  */
| 
| int
| main ()
| {
| 
|   ;
|   return 0;
| }
configure:3645: /home/tl455047/disk2/tl455047/Dora-Taint/build/clang-wrapper -c   conftest.c >&5
DFSanPass init
configure:3645: $? = 0
configure: failed program was:
| /* confdefs.h */
| #define PACKAGE_NAME "opcodes"
| #define PACKAGE_TARNAME "opcodes"
| #define PACKAGE_VERSION "2.37"
| #define PACKAGE_STRING "opcodes 2.37"
| #define PACKAGE_BUGREPORT ""
| #define PACKAGE_URL ""
| #define PACKAGE "opcodes"
| #define VERSION "2.37"
| /* end confdefs.h.  */
| 
| int
| main ()
| {
| 
|   ;
|   return 0;
| }
configure:3661: /home/tl455047/disk2/tl455047/Dora-Taint/build/clang-wrapper -c -g  conftest.c >&5
DFSanPass init
configure:3661: $? = 0
configure:3671: result: yes
configure:3688: checking for /home/tl455047/disk2/tl455047/Dora-Taint/build/clang-wrapper option to accept ISO C89
configure:3751: /home/tl455047/disk2/tl455047/Dora-Taint/build/clang-wrapper  -c -g -O2      conftest.c >&5
DFSanPass init
configure:3751: $? = 0
configure:3764: result: none needed
configure:3789: checking whether /home/tl455047/disk2/tl455047/Dora-Taint/build/clang-wrapper understands -c and -o together
configure:3811: /home/tl455047/disk2/tl455047/Dora-Taint/build/clang-wrapper -c conftest.c -o conftest2.o
DFSanPass init
configure:3814: $? = 0
configure:3811: /home/tl455047/disk2/tl455047/Dora-Taint/build/clang-wrapper -c conftest.c -o conftest2.o
DFSanPass init
configure:3814: $? = 0
configure:3826: result: yes
configure:3854: checking for style of include used by make
configure:3882: result: GNU
configure:3908: checking dependency style of /home/tl455047/disk2/tl455047/Dora-Taint/build/clang-wrapper
configure:4019: result: gcc3
configure:4040: checking how to run the C preprocessor
configure:4071: /home/tl455047/disk2/tl455047/Dora-Taint/build/clang-wrapper -E  conftest.c
configure:4071: $? = 0
configure:4085: /home/tl455047/disk2/tl455047/Dora-Taint/build/clang-wrapper -E  conftest.c
conftest.c:11:10: fatal error: 'ac_nonexistent.h' file not found
#include <ac_nonexistent.h>
         ^~~~~~~~~~~~~~~~~~
1 error generated.
configure:4085: $? = 1
configure: failed program was:
| /* confdefs.h */
| #define PACKAGE_NAME "opcodes"
| #define PACKAGE_TARNAME "opcodes"
| #define PACKAGE_VERSION "2.37"
| #define PACKAGE_STRING "opcodes 2.37"
| #define PACKAGE_BUGREPORT ""
| #define PACKAGE_URL ""
| #define PACKAGE "opcodes"
| #define VERSION "2.37"
| /* end confdefs.h.  */
| #include <ac_nonexistent.h>
configure:4110: result: /home/tl455047/disk2/tl455047/Dora-Taint/build/clang-wrapper -E
configure:4130: /home/tl455047/disk2/tl455047/Dora-Taint/build/clang-wrapper -E  conftest.c
configure:4130: $? = 0
configure:4144: /home/tl455047/disk2/tl455047/Dora-Taint/build/clang-wrapper -E  conftest.c
conftest.c:11:10: fatal error: 'ac_nonexistent.h' file not found
#include <ac_nonexistent.h>
         ^~~~~~~~~~~~~~~~~~
1 error generated.
configure:4144: $? = 1
configure: failed program was:
| /* confdefs.h */
| #define PACKAGE_NAME "opcodes"
| #define PACKAGE_TARNAME "opcodes"
| #define PACKAGE_VERSION "2.37"
| #define PACKAGE_STRING "opcodes 2.37"
| #define PACKAGE_BUGREPORT ""
| #define PACKAGE_URL ""
| #define PACKAGE "opcodes"
| #define VERSION "2.37"
| /* end confdefs.h.  */
| #include <ac_nonexistent.h>
configure:4173: checking for grep that handles long lines and -e
configure:4231: result: /usr/bin/grep
configure:4236: checking for egrep
configure:4298: result: /usr/bin/grep -E
configure:4303: checking for ANSI C header files
configure:4323: /home/tl455047/disk2/tl455047/Dora-Taint/build/clang-wrapper -c -g -O2      conftest.c >&5
DFSanPass init
configure:4323: $? = 0
configure:4396: /home/tl455047/disk2/tl455047/Dora-Taint/build/clang-wrapper -o conftest -g -O2        conftest.c  >&5
DFSanPass init
configure:4396: $? = 0
configure:4396: ./conftest
DFSan init
DFSan debug
==204093==WARNING: DataFlowSanitizer: call to uninstrumented function __ctype_toupper_loc
==204093==WARNING: DataFlowSanitizer: call to uninstrumented function __ctype_toupper_loc
==204093==WARNING: DataFlowSanitizer: call to uninstrumented function __ctype_toupper_loc
==204093==WARNING: DataFlowSanitizer: call to uninstrumented function __ctype_toupper_loc
==204093==WARNING: DataFlowSanitizer: call to uninstrumented function __ctype_toupper_loc
==204093==WARNING: DataFlowSanitizer: call to uninstrumented function __ctype_toupper_loc
==204093==WARNING: DataFlowSanitizer: call to uninstrumented function __ctype_toupper_loc
==204093==WARNING: DataFlowSanitizer: call to uninstrumented function __ctype_toupper_loc
==204093==WARNING: DataFlowSanitizer: call to uninstrumented function __ctype_toupper_loc
==204093==WARNING: DataFlowSanitizer: call to uninstrumented function __ctype_toupper_loc
==204093==WARNING: DataFlowSanitizer: call to uninstrumented function __ctype_toupper_loc
==204093==WARNING: DataFlowSanitizer: call to uninstrumented function __ctype_toupper_loc
==204093==WARNING: DataFlowSanitizer: call to uninstrumented function __ctype_toupper_loc
==204093==WARNING: DataFlowSanitizer: call to uninstrumented function __ctype_toupper_loc
==204093==WARNING: DataFlowSanitizer: call to uninstrumented function __ctype_toupper_loc
==204093==WARNING: DataFlowSanitizer: call to uninstrumented function __ctype_toupper_loc
==204093==WARNING: DataFlowSanitizer: call to uninstrumented function __ctype_toupper_loc
==204093==WARNING: DataFlowSanitizer: call to uninstrumented function __ctype_toupper_loc
==204093==WARNING: DataFlowSanitizer: call to uninstrumented function __ctype_toupper_loc
==204093==WARNING: DataFlowSanitizer: call to uninstrumented function __ctype_toupper_loc
==204093==WARNING: DataFlowSanitizer: call to uninstrumented function __ctype_toupper_loc
==204093==WARNING: DataFlowSanitizer: call to uninstrumented function __ctype_toupper_loc
==204093==WARNING: DataFlowSanitizer: call to uninstrumented function __ctype_toupper_loc
==204093==WARNING: DataFlowSanitizer: call to uninstrumented function __ctype_toupper_loc
==204093==WARNING: DataFlowSanitizer: call to uninstrumented function __ctype_toupper_loc
==204093==WARNING: DataFlowSanitizer: call to uninstrumented function __ctype_toupper_loc
==204093==WARNING: DataFlowSanitizer: call to uninstrumented function __ctype_toupper_loc
==204093==WARNING: DataFlowSanitizer: call to uninstrumented function __ctype_toupper_loc
==204093==WARNING: DataFlowSanitizer: call to uninstrumented function __ctype_toupper_loc
==204093==WARNING: DataFlowSanitizer: call to uninstrumented function __ctype_toupper_loc
==204093==WARNING: DataFlowSanitizer: call to uninstrumented function __ctype_toupper_loc
==204093==WARNING: DataFlowSanitizer: call to uninstrumented function __ctype_toupper_loc
==204093==WARNING: DataFlowSanitizer: call to uninstrumented function __ctype_toupper_loc
==204093==WARNING: DataFlowSanitizer: call to uninstrumented function __ctype_toupper_loc
==204093==WARNING: DataFlowSanitizer: call to uninstrumented function __ctype_toupper_loc
==204093==WARNING: DataFlowSanitizer: call to uninstrumented function __ctype_toupper_loc
==204093==WARNING: DataFlowSanitizer: call to uninstrumented function __ctype_toupper_loc
==204093==WARNING: DataFlowSanitizer: call to uninstrumented function __ctype_toupper_loc
==204093==WARNING: DataFlowSanitizer: call to uninstrumented function __ctype_toupper_loc
==204093==WARNING: DataFlowSanitizer: call to uninstrumented function __ctype_toupper_loc
==204093==WARNING: DataFlowSanitizer: call to uninstrumented function __ctype_toupper_loc
==204093==WARNING: DataFlowSanitizer: call to uninstrumented function __ctype_toupper_loc
==204093==WARNING: DataFlowSanitizer: call to uninstrumented function __ctype_toupper_loc
==204093==WARNING: DataFlowSanitizer: call to uninstrumented function __ctype_toupper_loc
==204093==WARNING: DataFlowSanitizer: call to uninstrumented function __ctype_toupper_loc
==204093==WARNING: DataFlowSanitizer: call to uninstrumented function __ctype_toupper_loc
==204093==WARNING: DataFlowSanitizer: call to uninstrumented function __ctype_toupper_loc
==204093==WARNING: DataFlowSanitizer: call to uninstrumented function __ctype_toupper_loc
==204093==WARNING: DataFlowSanitizer: call to uninstrumented function __ctype_toupper_loc
==204093==WARNING: DataFlowSanitizer: call to uninstrumented function __ctype_toupper_loc
==204093==WARNING: DataFlowSanitizer: call to uninstrumented function __ctype_toupper_loc
==204093==WARNING: DataFlowSanitizer: call to uninstrumented function __ctype_toupper_loc
==204093==WARNING: DataFlowSanitizer: call to uninstrumented function __ctype_toupper_loc
==204093==WARNING: DataFlowSanitizer: call to uninstrumented function __ctype_toupper_loc
==204093==WARNING: DataFlowSanitizer: call to uninstrumented function __ctype_toupper_loc
==204093==WARNING: DataFlowSanitizer: call to uninstrumented function __ctype_toupper_loc
==204093==WARNING: DataFlowSanitizer: call to uninstrumented function __ctype_toupper_loc
==204093==WARNING: DataFlowSanitizer: call to uninstrumented function __ctype_toupper_loc
==204093==WARNING: DataFlowSanitizer: call to uninstrumented function __ctype_toupper_loc
==204093==WARNING: DataFlowSanitizer: call to uninstrumented function __ctype_toupper_loc
==204093==WARNING: DataFlowSanitizer: call to uninstrumented function __ctype_toupper_loc
==204093==WARNING: DataFlowSanitizer: call to uninstrumented function __ctype_toupper_loc
==204093==WARNING: DataFlowSanitizer: call to uninstrumented function __ctype_toupper_loc
==204093==WARNING: DataFlowSanitizer: call to uninstrumented function __ctype_toupper_loc
==204093==WARNING: DataFlowSanitizer: call to uninstrumented function __ctype_toupper_loc
==204093==WARNING: DataFlowSanitizer: call to uninstrumented function __ctype_toupper_loc
==204093==WARNING: DataFlowSanitizer: call to uninstrumented function __ctype_toupper_loc
==204093==WARNING: DataFlowSanitizer: call to uninstrumented function __ctype_toupper_loc
==204093==WARNING: DataFlowSanitizer: call to uninstrumented function __ctype_toupper_loc
==204093==WARNING: DataFlowSanitizer: call to uninstrumented function __ctype_toupper_loc
==204093==WARNING: DataFlowSanitizer: call to uninstrumented function __ctype_toupper_loc
==204093==WARNING: DataFlowSanitizer: call to uninstrumented function __ctype_toupper_loc
==204093==WARNING: DataFlowSanitizer: call to uninstrumented function __ctype_toupper_loc
==204093==WARNING: DataFlowSanitizer: call to uninstrumented function __ctype_toupper_loc
==204093==WARNING: DataFlowSanitizer: call to uninstrumented function __ctype_toupper_loc
==204093==WARNING: DataFlowSanitizer: call to uninstrumented function __ctype_toupper_loc
==204093==WARNING: DataFlowSanitizer: call to uninstrumented function __ctype_toupper_loc
==204093==WARNING: DataFlowSanitizer: call to uninstrumented function __ctype_toupper_loc
==204093==WARNING: DataFlowSanitizer: call to uninstrumented function __ctype_toupper_loc
==204093==WARNING: DataFlowSanitizer: call to uninstrumented function __ctype_toupper_loc
==204093==WARNING: DataFlowSanitizer: call to uninstrumented function __ctype_toupper_loc
==204093==WARNING: DataFlowSanitizer: call to uninstrumented function __ctype_toupper_loc
==204093==WARNING: DataFlowSanitizer: call to uninstrumented function __ctype_toupper_loc
==204093==WARNING: DataFlowSanitizer: call to uninstrumented function __ctype_toupper_loc
==204093==WARNING: DataFlowSanitizer: call to uninstrumented function __ctype_toupper_loc
==204093==WARNING: DataFlowSanitizer: call to uninstrumented function __ctype_toupper_loc
==204093==WARNING: DataFlowSanitizer: call to uninstrumented function __ctype_toupper_loc
==204093==WARNING: DataFlowSanitizer: call to uninstrumented function __ctype_toupper_loc
==204093==WARNING: DataFlowSanitizer: call to uninstrumented function __ctype_toupper_loc
==204093==WARNING: DataFlowSanitizer: call to uninstrumented function __ctype_toupper_loc
==204093==WARNING: DataFlowSanitizer: call to uninstrumented function __ctype_toupper_loc
==204093==WARNING: DataFlowSanitizer: call to uninstrumented function __ctype_toupper_loc
==204093==WARNING: DataFlowSanitizer: call to uninstrumented function __ctype_toupper_loc
==204093==WARNING: DataFlowSanitizer: call to uninstrumented function __ctype_toupper_loc
==204093==WARNING: DataFlowSanitizer: call to uninstrumented function __ctype_toupper_loc
==204093==WARNING: DataFlowSanitizer: call to uninstrumented function __ctype_toupper_loc
==204093==WARNING: DataFlowSanitizer: call to uninstrumented function __ctype_toupper_loc
==204093==WARNING: DataFlowSanitizer: call to uninstrumented function __ctype_toupper_loc
==204093==WARNING: DataFlowSanitizer: call to uninstrumented function __ctype_toupper_loc
==204093==WARNING: DataFlowSanitizer: call to uninstrumented function __ctype_toupper_loc
==204093==WARNING: DataFlowSanitizer: call to uninstrumented function __ctype_toupper_loc
==204093==WARNING: DataFlowSanitizer: call to uninstrumented function __ctype_toupper_loc
==204093==WARNING: DataFlowSanitizer: call to uninstrumented function __ctype_toupper_loc
==204093==WARNING: DataFlowSanitizer: call to uninstrumented function __ctype_toupper_loc
==204093==WARNING: DataFlowSanitizer: call to uninstrumented function __ctype_toupper_loc
==204093==WARNING: DataFlowSanitizer: call to uninstrumented function __ctype_toupper_loc
==204093==WARNING: DataFlowSanitizer: call to uninstrumented function __ctype_toupper_loc
==204093==WARNING: DataFlowSanitizer: call to uninstrumented function __ctype_toupper_loc
==204093==WARNING: DataFlowSanitizer: call to uninstrumented function __ctype_toupper_loc
==204093==WARNING: DataFlowSanitizer: call to uninstrumented function __ctype_toupper_loc
==204093==WARNING: DataFlowSanitizer: call to uninstrumented function __ctype_toupper_loc
==204093==WARNING: DataFlowSanitizer: call to uninstrumented function __ctype_toupper_loc
==204093==WARNING: DataFlowSanitizer: call to uninstrumented function __ctype_toupper_loc
==204093==WARNING: DataFlowSanitizer: call to uninstrumented function __ctype_toupper_loc
==204093==WARNING: DataFlowSanitizer: call to uninstrumented function __ctype_toupper_loc
==204093==WARNING: DataFlowSanitizer: call to uninstrumented function __ctype_toupper_loc
==204093==WARNING: DataFlowSanitizer: call to uninstrumented function __ctype_toupper_loc
==204093==WARNING: DataFlowSanitizer: call to uninstrumented function __ctype_toupper_loc
==204093==WARNING: DataFlowSanitizer: call to uninstrumented function __ctype_toupper_loc
==204093==WARNING: DataFlowSanitizer: call to uninstrumented function __ctype_toupper_loc
==204093==WARNING: DataFlowSanitizer: call to uninstrumented function __ctype_toupper_loc
==204093==WARNING: DataFlowSanitizer: call to uninstrumented function __ctype_toupper_loc
==204093==WARNING: DataFlowSanitizer: call to uninstrumented function __ctype_toupper_loc
==204093==WARNING: DataFlowSanitizer: call to uninstrumented function __ctype_toupper_loc
==204093==WARNING: DataFlowSanitizer: call to uninstrumented function __ctype_toupper_loc
==204093==WARNING: DataFlowSanitizer: call to uninstrumented function __ctype_toupper_loc
==204093==WARNING: DataFlowSanitizer: call to uninstrumented function __ctype_toupper_loc
==204093==WARNING: DataFlowSanitizer: call to uninstrumented function __ctype_toupper_loc
==204093==WARNING: DataFlowSanitizer: call to uninstrumented function __ctype_toupper_loc
==204093==WARNING: DataFlowSanitizer: call to uninstrumented function __ctype_toupper_loc
==204093==WARNING: DataFlowSanitizer: call to uninstrumented function __ctype_toupper_loc
==204093==WARNING: DataFlowSanitizer: call to uninstrumented function __ctype_toupper_loc
==204093==WARNING: DataFlowSanitizer: call to uninstrumented function __ctype_toupper_loc
==204093==WARNING: DataFlowSanitizer: call to uninstrumented function __ctype_toupper_loc
==204093==WARNING: DataFlowSanitizer: call to uninstrumented function __ctype_toupper_loc
==204093==WARNING: DataFlowSanitizer: call to uninstrumented function __ctype_toupper_loc
==204093==WARNING: DataFlowSanitizer: call to uninstrumented function __ctype_toupper_loc
==204093==WARNING: DataFlowSanitizer: call to uninstrumented function __ctype_toupper_loc
==204093==WARNING: DataFlowSanitizer: call to uninstrumented function __ctype_toupper_loc
==204093==WARNING: DataFlowSanitizer: call to uninstrumented function __ctype_toupper_loc
==204093==WARNING: DataFlowSanitizer: call to uninstrumented function __ctype_toupper_loc
==204093==WARNING: DataFlowSanitizer: call to uninstrumented function __ctype_toupper_loc
==204093==WARNING: DataFlowSanitizer: call to uninstrumented function __ctype_toupper_loc
==204093==WARNING: DataFlowSanitizer: call to uninstrumented function __ctype_toupper_loc
==204093==WARNING: DataFlowSanitizer: call to uninstrumented function __ctype_toupper_loc
==204093==WARNING: DataFlowSanitizer: call to uninstrumented function __ctype_toupper_loc
==204093==WARNING: DataFlowSanitizer: call to uninstrumented function __ctype_toupper_loc
==204093==WARNING: DataFlowSanitizer: call to uninstrumented function __ctype_toupper_loc
==204093==WARNING: DataFlowSanitizer: call to uninstrumented function __ctype_toupper_loc
==204093==WARNING: DataFlowSanitizer: call to uninstrumented function __ctype_toupper_loc
==204093==WARNING: DataFlowSanitizer: call to uninstrumented function __ctype_toupper_loc
==204093==WARNING: DataFlowSanitizer: call to uninstrumented function __ctype_toupper_loc
==204093==WARNING: DataFlowSanitizer: call to uninstrumented function __ctype_toupper_loc
==204093==WARNING: DataFlowSanitizer: call to uninstrumented function __ctype_toupper_loc
==204093==WARNING: DataFlowSanitizer: call to uninstrumented function __ctype_toupper_loc
==204093==WARNING: DataFlowSanitizer: call to uninstrumented function __ctype_toupper_loc
==204093==WARNING: DataFlowSanitizer: call to uninstrumented function __ctype_toupper_loc
==204093==WARNING: DataFlowSanitizer: call to uninstrumented function __ctype_toupper_loc
==204093==WARNING: DataFlowSanitizer: call to uninstrumented function __ctype_toupper_loc
==204093==WARNING: DataFlowSanitizer: call to uninstrumented function __ctype_toupper_loc
==204093==WARNING: DataFlowSanitizer: call to uninstrumented function __ctype_toupper_loc
==204093==WARNING: DataFlowSanitizer: call to uninstrumented function __ctype_toupper_loc
==204093==WARNING: DataFlowSanitizer: call to uninstrumented function __ctype_toupper_loc
==204093==WARNING: DataFlowSanitizer: call to uninstrumented function __ctype_toupper_loc
==204093==WARNING: DataFlowSanitizer: call to uninstrumented function __ctype_toupper_loc
==204093==WARNING: DataFlowSanitizer: call to uninstrumented function __ctype_toupper_loc
==204093==WARNING: DataFlowSanitizer: call to uninstrumented function __ctype_toupper_loc
==204093==WARNING: DataFlowSanitizer: call to uninstrumented function __ctype_toupper_loc
==204093==WARNING: DataFlowSanitizer: call to uninstrumented function __ctype_toupper_loc
==204093==WARNING: DataFlowSanitizer: call to uninstrumented function __ctype_toupper_loc
==204093==WARNING: DataFlowSanitizer: call to uninstrumented function __ctype_toupper_loc
==204093==WARNING: DataFlowSanitizer: call to uninstrumented function __ctype_toupper_loc
==204093==WARNING: DataFlowSanitizer: call to uninstrumented function __ctype_toupper_loc
==204093==WARNING: DataFlowSanitizer: call to uninstrumented function __ctype_toupper_loc
==204093==WARNING: DataFlowSanitizer: call to uninstrumented function __ctype_toupper_loc
==204093==WARNING: DataFlowSanitizer: call to uninstrumented function __ctype_toupper_loc
==204093==WARNING: DataFlowSanitizer: call to uninstrumented function __ctype_toupper_loc
==204093==WARNING: DataFlowSanitizer: call to uninstrumented function __ctype_toupper_loc
==204093==WARNING: DataFlowSanitizer: call to uninstrumented function __ctype_toupper_loc
==204093==WARNING: DataFlowSanitizer: call to uninstrumented function __ctype_toupper_loc
==204093==WARNING: DataFlowSanitizer: call to uninstrumented function __ctype_toupper_loc
==204093==WARNING: DataFlowSanitizer: call to uninstrumented function __ctype_toupper_loc
==204093==WARNING: DataFlowSanitizer: call to uninstrumented function __ctype_toupper_loc
==204093==WARNING: DataFlowSanitizer: call to uninstrumented function __ctype_toupper_loc
==204093==WARNING: DataFlowSanitizer: call to uninstrumented function __ctype_toupper_loc
==204093==WARNING: DataFlowSanitizer: call to uninstrumented function __ctype_toupper_loc
==204093==WARNING: DataFlowSanitizer: call to uninstrumented function __ctype_toupper_loc
==204093==WARNING: DataFlowSanitizer: call to uninstrumented function __ctype_toupper_loc
==204093==WARNING: DataFlowSanitizer: call to uninstrumented function __ctype_toupper_loc
==204093==WARNING: DataFlowSanitizer: call to uninstrumented function __ctype_toupper_loc
==204093==WARNING: DataFlowSanitizer: call to uninstrumented function __ctype_toupper_loc
==204093==WARNING: DataFlowSanitizer: call to uninstrumented function __ctype_toupper_loc
==204093==WARNING: DataFlowSanitizer: call to uninstrumented function __ctype_toupper_loc
==204093==WARNING: DataFlowSanitizer: call to uninstrumented function __ctype_toupper_loc
==204093==WARNING: DataFlowSanitizer: call to uninstrumented function __ctype_toupper_loc
==204093==WARNING: DataFlowSanitizer: call to uninstrumented function __ctype_toupper_loc
==204093==WARNING: DataFlowSanitizer: call to uninstrumented function __ctype_toupper_loc
==204093==WARNING: DataFlowSanitizer: call to uninstrumented function __ctype_toupper_loc
==204093==WARNING: DataFlowSanitizer: call to uninstrumented function __ctype_toupper_loc
==204093==WARNING: DataFlowSanitizer: call to uninstrumented function __ctype_toupper_loc
==204093==WARNING: DataFlowSanitizer: call to uninstrumented function __ctype_toupper_loc
==204093==WARNING: DataFlowSanitizer: call to uninstrumented function __ctype_toupper_loc
==204093==WARNING: DataFlowSanitizer: call to uninstrumented function __ctype_toupper_loc
==204093==WARNING: DataFlowSanitizer: call to uninstrumented function __ctype_toupper_loc
==204093==WARNING: DataFlowSanitizer: call to uninstrumented function __ctype_toupper_loc
==204093==WARNING: DataFlowSanitizer: call to uninstrumented function __ctype_toupper_loc
==204093==WARNING: DataFlowSanitizer: call to uninstrumented function __ctype_toupper_loc
==204093==WARNING: DataFlowSanitizer: call to uninstrumented function __ctype_toupper_loc
==204093==WARNING: DataFlowSanitizer: call to uninstrumented function __ctype_toupper_loc
==204093==WARNING: DataFlowSanitizer: call to uninstrumented function __ctype_toupper_loc
==204093==WARNING: DataFlowSanitizer: call to uninstrumented function __ctype_toupper_loc
==204093==WARNING: DataFlowSanitizer: call to uninstrumented function __ctype_toupper_loc
==204093==WARNING: DataFlowSanitizer: call to uninstrumented function __ctype_toupper_loc
==204093==WARNING: DataFlowSanitizer: call to uninstrumented function __ctype_toupper_loc
==204093==WARNING: DataFlowSanitizer: call to uninstrumented function __ctype_toupper_loc
==204093==WARNING: DataFlowSanitizer: call to uninstrumented function __ctype_toupper_loc
==204093==WARNING: DataFlowSanitizer: call to uninstrumented function __ctype_toupper_loc
==204093==WARNING: DataFlowSanitizer: call to uninstrumented function __ctype_toupper_loc
==204093==WARNING: DataFlowSanitizer: call to uninstrumented function __ctype_toupper_loc
==204093==WARNING: DataFlowSanitizer: call to uninstrumented function __ctype_toupper_loc
==204093==WARNING: DataFlowSanitizer: call to uninstrumented function __ctype_toupper_loc
==204093==WARNING: DataFlowSanitizer: call to uninstrumented function __ctype_toupper_loc
==204093==WARNING: DataFlowSanitizer: call to uninstrumented function __ctype_toupper_loc
==204093==WARNING: DataFlowSanitizer: call to uninstrumented function __ctype_toupper_loc
==204093==WARNING: DataFlowSanitizer: call to uninstrumented function __ctype_toupper_loc
==204093==WARNING: DataFlowSanitizer: call to uninstrumented function __ctype_toupper_loc
==204093==WARNING: DataFlowSanitizer: call to uninstrumented function __ctype_toupper_loc
==204093==WARNING: DataFlowSanitizer: call to uninstrumented function __ctype_toupper_loc
==204093==WARNING: DataFlowSanitizer: call to uninstrumented function __ctype_toupper_loc
==204093==WARNING: DataFlowSanitizer: call to uninstrumented function __ctype_toupper_loc
==204093==WARNING: DataFlowSanitizer: call to uninstrumented function __ctype_toupper_loc
==204093==WARNING: DataFlowSanitizer: call to uninstrumented function __ctype_toupper_loc
==204093==WARNING: DataFlowSanitizer: call to uninstrumented function __ctype_toupper_loc
==204093==WARNING: DataFlowSanitizer: call to uninstrumented function __ctype_toupper_loc
==204093==WARNING: DataFlowSanitizer: call to uninstrumented function __ctype_toupper_loc
==204093==WARNING: DataFlowSanitizer: call to uninstrumented function __ctype_toupper_loc
==204093==WARNING: DataFlowSanitizer: call to uninstrumented function __ctype_toupper_loc
==204093==WARNING: DataFlowSanitizer: call to uninstrumented function __ctype_toupper_loc
==204093==WARNING: DataFlowSanitizer: call to uninstrumented function __ctype_toupper_loc
==204093==WARNING: DataFlowSanitizer: call to uninstrumented function __ctype_toupper_loc
==204093==WARNING: DataFlowSanitizer: call to uninstrumented function __ctype_toupper_loc
==204093==WARNING: DataFlowSanitizer: call to uninstrumented function __ctype_toupper_loc
==204093==WARNING: DataFlowSanitizer: call to uninstrumented function __ctype_toupper_loc
==204093==WARNING: DataFlowSanitizer: call to uninstrumented function __ctype_toupper_loc
==204093==WARNING: DataFlowSanitizer: call to uninstrumented function __ctype_toupper_loc
==204093==WARNING: DataFlowSanitizer: call to uninstrumented function __ctype_toupper_loc
==204093==WARNING: DataFlowSanitizer: call to uninstrumented function __ctype_toupper_loc
==204093==WARNING: DataFlowSanitizer: call to uninstrumented function __ctype_toupper_loc
==204093==WARNING: DataFlowSanitizer: call to uninstrumented function __ctype_toupper_loc
==204093==WARNING: DataFlowSanitizer: call to uninstrumented function __ctype_toupper_loc
==204093==WARNING: DataFlowSanitizer: call to uninstrumented function __ctype_toupper_loc
==204093==WARNING: DataFlowSanitizer: call to uninstrumented function __ctype_toupper_loc
==204093==WARNING: DataFlowSanitizer: call to uninstrumented function __ctype_toupper_loc
==204093==WARNING: DataFlowSanitizer: call to uninstrumented function __ctype_toupper_loc
==204093==WARNING: DataFlowSanitizer: call to uninstrumented function __ctype_toupper_loc
==204093==WARNING: DataFlowSanitizer: call to uninstrumented function __ctype_toupper_loc
DFSan fini
configure:4396: $? = 0
configure:4407: result: yes
configure:4420: checking for sys/types.h
configure:4420: /home/tl455047/disk2/tl455047/Dora-Taint/build/clang-wrapper -c -g -O2      conftest.c >&5
DFSanPass init
configure:4420: $? = 0
configure:4420: result: yes
configure:4420: checking for sys/stat.h
configure:4420: /home/tl455047/disk2/tl455047/Dora-Taint/build/clang-wrapper -c -g -O2      conftest.c >&5
DFSanPass init
configure:4420: $? = 0
configure:4420: result: yes
configure:4420: checking for stdlib.h
configure:4420: /home/tl455047/disk2/tl455047/Dora-Taint/build/clang-wrapper -c -g -O2      conftest.c >&5
DFSanPass init
configure:4420: $? = 0
configure:4420: result: yes
configure:4420: checking for string.h
configure:4420: /home/tl455047/disk2/tl455047/Dora-Taint/build/clang-wrapper -c -g -O2      conftest.c >&5
DFSanPass init
configure:4420: $? = 0
configure:4420: result: yes
configure:4420: checking for memory.h
configure:4420: /home/tl455047/disk2/tl455047/Dora-Taint/build/clang-wrapper -c -g -O2      conftest.c >&5
DFSanPass init
configure:4420: $? = 0
configure:4420: result: yes
configure:4420: checking for strings.h
configure:4420: /home/tl455047/disk2/tl455047/Dora-Taint/build/clang-wrapper -c -g -O2      conftest.c >&5
DFSanPass init
configure:4420: $? = 0
configure:4420: result: yes
configure:4420: checking for inttypes.h
configure:4420: /home/tl455047/disk2/tl455047/Dora-Taint/build/clang-wrapper -c -g -O2      conftest.c >&5
DFSanPass init
configure:4420: $? = 0
configure:4420: result: yes
configure:4420: checking for stdint.h
configure:4420: /home/tl455047/disk2/tl455047/Dora-Taint/build/clang-wrapper -c -g -O2      conftest.c >&5
DFSanPass init
configure:4420: $? = 0
configure:4420: result: yes
configure:4420: checking for unistd.h
configure:4420: /home/tl455047/disk2/tl455047/Dora-Taint/build/clang-wrapper -c -g -O2      conftest.c >&5
DFSanPass init
configure:4420: $? = 0
configure:4420: result: yes
configure:4433: checking minix/config.h usability
configure:4433: /home/tl455047/disk2/tl455047/Dora-Taint/build/clang-wrapper -c -g -O2      conftest.c >&5
conftest.c:54:10: fatal error: 'minix/config.h' file not found
#include <minix/config.h>
         ^~~~~~~~~~~~~~~~
1 error generated.
configure:4433: $? = 1
configure: failed program was:
| /* confdefs.h */
| #define PACKAGE_NAME "opcodes"
| #define PACKAGE_TARNAME "opcodes"
| #define PACKAGE_VERSION "2.37"
| #define PACKAGE_STRING "opcodes 2.37"
| #define PACKAGE_BUGREPORT ""
| #define PACKAGE_URL ""
| #define PACKAGE "opcodes"
| #define VERSION "2.37"
| #define STDC_HEADERS 1
| #define HAVE_SYS_TYPES_H 1
| #define HAVE_SYS_STAT_H 1
| #define HAVE_STDLIB_H 1
| #define HAVE_STRING_H 1
| #define HAVE_MEMORY_H 1
| #define HAVE_STRINGS_H 1
| #define HAVE_INTTYPES_H 1
| #define HAVE_STDINT_H 1
| #define HAVE_UNISTD_H 1
| /* end confdefs.h.  */
| #include <stdio.h>
| #ifdef HAVE_SYS_TYPES_H
| # include <sys/types.h>
| #endif
| #ifdef HAVE_SYS_STAT_H
| # include <sys/stat.h>
| #endif
| #ifdef STDC_HEADERS
| # include <stdlib.h>
| # include <stddef.h>
| #else
| # ifdef HAVE_STDLIB_H
| #  include <stdlib.h>
| # endif
| #endif
| #ifdef HAVE_STRING_H
| # if !defined STDC_HEADERS && defined HAVE_MEMORY_H
| #  include <memory.h>
| # endif
| # include <string.h>
| #endif
| #ifdef HAVE_STRINGS_H
| # include <strings.h>
| #endif
| #ifdef HAVE_INTTYPES_H
| # include <inttypes.h>
| #endif
| #ifdef HAVE_STDINT_H
| # include <stdint.h>
| #endif
| #ifdef HAVE_UNISTD_H
| # include <unistd.h>
| #endif
| #include <minix/config.h>
configure:4433: result: no
configure:4433: checking minix/config.h presence
configure:4433: /home/tl455047/disk2/tl455047/Dora-Taint/build/clang-wrapper -E  conftest.c
conftest.c:21:10: fatal error: 'minix/config.h' file not found
#include <minix/config.h>
         ^~~~~~~~~~~~~~~~
1 error generated.
configure:4433: $? = 1
configure: failed program was:
| /* confdefs.h */
| #define PACKAGE_NAME "opcodes"
| #define PACKAGE_TARNAME "opcodes"
| #define PACKAGE_VERSION "2.37"
| #define PACKAGE_STRING "opcodes 2.37"
| #define PACKAGE_BUGREPORT ""
| #define PACKAGE_URL ""
| #define PACKAGE "opcodes"
| #define VERSION "2.37"
| #define STDC_HEADERS 1
| #define HAVE_SYS_TYPES_H 1
| #define HAVE_SYS_STAT_H 1
| #define HAVE_STDLIB_H 1
| #define HAVE_STRING_H 1
| #define HAVE_MEMORY_H 1
| #define HAVE_STRINGS_H 1
| #define HAVE_INTTYPES_H 1
| #define HAVE_STDINT_H 1
| #define HAVE_UNISTD_H 1
| /* end confdefs.h.  */
| #include <minix/config.h>
configure:4433: result: no
configure:4433: checking for minix/config.h
configure:4433: result: no
configure:4454: checking whether it is safe to define __EXTENSIONS__
configure:4472: /home/tl455047/disk2/tl455047/Dora-Taint/build/clang-wrapper -c -g -O2      conftest.c >&5
DFSanPass init
configure:4472: $? = 0
configure:4479: result: yes
configure:4499: checking for x86_64-pc-linux-gnu-ar
configure:4526: result: ar --plugin /usr/bin/../lib/gcc/x86_64-linux-gnu/9/liblto_plugin.so
configure:4591: checking for x86_64-pc-linux-gnu-ranlib
configure:4618: result: ranlib --plugin /usr/bin/../lib/gcc/x86_64-linux-gnu/9/liblto_plugin.so
configure:4759: checking how to print strings
configure:4786: result: printf
configure:4807: checking for a sed that does not truncate output
configure:4871: result: /usr/bin/sed
configure:4889: checking for fgrep
configure:4951: result: /usr/bin/grep -F
configure:4986: checking for ld used by /home/tl455047/disk2/tl455047/Dora-Taint/build/clang-wrapper
configure:5053: result: /usr/bin/ld
configure:5060: checking if the linker (/usr/bin/ld) is GNU ld
configure:5075: result: yes
configure:5087: checking for BSD- or MS-compatible name lister (nm)
configure:5136: result: nm
configure:5266: checking the name lister (nm) interface
configure:5273: /home/tl455047/disk2/tl455047/Dora-Taint/build/clang-wrapper -c -g -O2      conftest.c >&5
DFSanPass init
configure:5276: nm "conftest.o"
configure:5279: output
0000000000000000 B some_variable
configure:5280: result: BSD nm
configure:5283: checking whether ln -s works
configure:5287: result: yes
configure:5295: checking the maximum length of command line arguments
configure:5420: result: 1572864
configure:5437: checking whether the shell understands some XSI constructs
configure:5446: result: yes
configure:5450: checking whether the shell understands "+="
configure:5454: result: yes
configure:5489: checking for /usr/bin/ld option to reload object files
configure:5496: result: -r
configure:5525: checking for x86_64-pc-linux-gnu-objdump
configure:5552: result: objdump
configure:5624: checking how to recognize dependent libraries
configure:5825: result: pass_all
configure:5858: checking for x86_64-pc-linux-gnu-ar
configure:5885: result: ar --plugin /usr/bin/../lib/gcc/x86_64-linux-gnu/9/liblto_plugin.so
configure:5976: checking for x86_64-pc-linux-gnu-strip
configure:6006: result: no
configure:6016: checking for strip
configure:6032: found /usr/bin/strip
configure:6043: result: strip
configure:6075: checking for x86_64-pc-linux-gnu-ranlib
configure:6102: result: ranlib --plugin /usr/bin/../lib/gcc/x86_64-linux-gnu/9/liblto_plugin.so
configure:6249: checking command to parse nm output from /home/tl455047/disk2/tl455047/Dora-Taint/build/clang-wrapper object
configure:6367: /home/tl455047/disk2/tl455047/Dora-Taint/build/clang-wrapper -c -g -O2      conftest.c >&5
DFSanPass init
configure:6370: $? = 0
configure:6374: nm conftest.o \| sed -n -e 's/^.*[ ]\([ABCDGIRSTW][ABCDGIRSTW]*\)[ ][ ]*\([_A-Za-z][_A-Za-z0-9]*\)$/\1 \2 \2/p' \> conftest.nm
configure:6377: $? = 0
cannot find nm_test_func in conftest.nm
configure:6367: /home/tl455047/disk2/tl455047/Dora-Taint/build/clang-wrapper -c -g -O2      conftest.c >&5
DFSanPass init
configure:6370: $? = 0
configure:6374: nm conftest.o \| sed -n -e 's/^.*[ ]\([ABCDGIRSTW][ABCDGIRSTW]*\)[ ][ ]*_\([_A-Za-z][_A-Za-z0-9]*\)$/\1 _\2 \2/p' \> conftest.nm
configure:6377: $? = 0
cannot run sed -n -e 's/^.*[	 ]\([ABCDGIRSTW][ABCDGIRSTW]*\)[	 ][	 ]*_\([_A-Za-z][_A-Za-z0-9]*\)$/\1 _\2 \2/p'
configure:6469: result: failed
configure:6567: /home/tl455047/disk2/tl455047/Dora-Taint/build/clang-wrapper -c -g -O2      conftest.c >&5
DFSanPass init
configure:6570: $? = 0
configure:7320: checking for dlfcn.h
configure:7320: /home/tl455047/disk2/tl455047/Dora-Taint/build/clang-wrapper -c -g -O2      conftest.c >&5
DFSanPass init
configure:7320: $? = 0
configure:7320: result: yes
configure:7477: checking for objdir
configure:7492: result: .libs
configure:7763: checking if /home/tl455047/disk2/tl455047/Dora-Taint/build/clang-wrapper supports -fno-rtti -fno-exceptions
configure:7781: /home/tl455047/disk2/tl455047/Dora-Taint/build/clang-wrapper -c -g -O2      -fno-rtti -fno-exceptions conftest.c >&5
DFSanPass init
configure:7785: $? = 0
configure:7798: result: yes
configure:7818: checking for /home/tl455047/disk2/tl455047/Dora-Taint/build/clang-wrapper option to produce PIC
configure:8104: result: -fPIC -DPIC
configure:8116: checking if /home/tl455047/disk2/tl455047/Dora-Taint/build/clang-wrapper PIC flag -fPIC -DPIC works
configure:8134: /home/tl455047/disk2/tl455047/Dora-Taint/build/clang-wrapper -c -g -O2      -fPIC -DPIC -DPIC conftest.c >&5
DFSanPass init
configure:8138: $? = 0
configure:8151: result: yes
configure:8175: checking if /home/tl455047/disk2/tl455047/Dora-Taint/build/clang-wrapper static flag -static works
DFSanPass init
/usr/bin/ld: /home/tl455047/disk2/tl455047/Dora-Taint/build/lib/libclang_rt.dfsan-x86_64.a(dfsan_custom.cpp.o): in function `__dfsw_dlopen':
dfsan_custom.cpp:(.text+0x818): warning: Using 'dlopen' in statically linked applications requires at runtime the shared libraries from the glibc version used for linking
/usr/bin/ld: /home/tl455047/disk2/tl455047/Dora-Taint/build/lib/libclang_rt.dfsan-x86_64.a(dfsan_custom.cpp.o): in function `__dfsw_getpwuid_r':
dfsan_custom.cpp:(.text+0xf47): warning: Using 'getpwuid_r' in statically linked applications requires at runtime the shared libraries from the glibc version used for linking
configure:8203: result: no
configure:8218: checking if /home/tl455047/disk2/tl455047/Dora-Taint/build/clang-wrapper supports -c -o file.o
configure:8239: /home/tl455047/disk2/tl455047/Dora-Taint/build/clang-wrapper -c -g -O2      -o out/conftest2.o conftest.c >&5
DFSanPass init
configure:8243: $? = 0
configure:8265: result: yes
configure:8273: checking if /home/tl455047/disk2/tl455047/Dora-Taint/build/clang-wrapper supports -c -o file.o
configure:8320: result: yes
configure:8353: checking whether the /home/tl455047/disk2/tl455047/Dora-Taint/build/clang-wrapper linker (/usr/bin/ld -m elf_x86_64) supports shared libraries
configure:9424: result: yes
configure:9669: checking dynamic linker characteristics
configure:10110: /home/tl455047/disk2/tl455047/Dora-Taint/build/clang-wrapper -o conftest -g -O2        -Wl,-rpath -Wl,/foo conftest.c  >&5
DFSanPass init
configure:10110: $? = 0
configure:10332: result: GNU/Linux ld.so
configure:10439: checking how to hardcode library paths into programs
configure:10464: result: immediate
configure:11004: checking whether stripping libraries is possible
configure:11009: result: yes
configure:11044: checking if libtool supports shared libraries
configure:11046: result: yes
configure:11049: checking whether to build shared libraries
configure:11070: result: no
configure:11073: checking whether to build static libraries
configure:11077: result: yes
configure:8460: checking whether to enable maintainer-specific portions of Makefiles
configure:8469: result: no
configure:8497: checking whether to install libbfd
configure:8510: result: yes
configure:8556: checking whether NLS is requested
configure:8562: result: yes
configure:8568: checking for catalogs to be installed
configure:8600: result:  da de es fi fr ga id it nl pt_BR ro sr sv tr uk vi zh_CN da de es fi fr ga id it nl pt_BR ro sr sv tr uk vi zh_CN
configure:8627: checking whether NLS is requested
configure:8636: result: yes
configure:8674: checking for msgfmt
configure:8708: result: no
configure:8714: checking for gmsgfmt
configure:8745: result: :
configure:8785: checking for xgettext
configure:8819: result: no
configure:8856: checking for msgmerge
configure:8889: result: no
configure:8965: checking whether basename is declared
configure:8965: /home/tl455047/disk2/tl455047/Dora-Taint/build/clang-wrapper -c -g -O2      conftest.c >&5
DFSanPass init
configure:8965: $? = 0
configure:8965: result: yes
configure:8975: checking whether stpcpy is declared
configure:8975: /home/tl455047/disk2/tl455047/Dora-Taint/build/clang-wrapper -c -g -O2      conftest.c >&5
DFSanPass init
configure:8975: $? = 0
configure:8975: result: yes
configure:8989: checking for sigsetjmp
configure:9007: /home/tl455047/disk2/tl455047/Dora-Taint/build/clang-wrapper -c -g -O2      conftest.c >&5
DFSanPass init
configure:9007: $? = 0
configure:9014: result: 
configure:9058: checking linker --as-needed support
configure:9069: result: yes
configure:9160: checking for cos in -lm
configure:9185: /home/tl455047/disk2/tl455047/Dora-Taint/build/clang-wrapper -o conftest -g -O2        conftest.c -lm   >&5
conftest.c:39:6: warning: incompatible redeclaration of library function 'cos' [-Wincompatible-library-redeclaration]
char cos ();
     ^
conftest.c:39:6: note: 'cos' is a builtin with type 'double (double)'
DFSanPass init
1 warning generated.
configure:9185: $? = 0
configure:9194: result: yes
configure:9511: updating cache ./config.cache
configure:9555: checking that generated files are newer than configure
configure:9561: result: done
configure:9596: creating ./config.status

## ---------------------- ##
## Running config.status. ##
## ---------------------- ##

This file was extended by opcodes config.status 2.37, which was
generated by GNU Autoconf 2.69.  Invocation command line was

  CONFIG_FILES    = 
  CONFIG_HEADERS  = 
  CONFIG_LINKS    = 
  CONFIG_COMMANDS = 
  $ ./config.status 

on tl455047-ubuntu

config.status:1128: creating Makefile
config.status:1128: creating po/Makefile.in
config.status:1128: creating config.h
config.status:1357: executing depfiles commands
config.status:1357: executing libtool commands
config.status:1357: executing default-1 commands

## ---------------- ##
## Cache variables. ##
## ---------------- ##

ac_cv_build=x86_64-pc-linux-gnu
ac_cv_c_compiler_gnu=yes
ac_cv_env_CC_set=set
ac_cv_env_CC_value=/home/tl455047/disk2/tl455047/Dora-Taint/build/clang-wrapper
ac_cv_env_CFLAGS_set=set
ac_cv_env_CFLAGS_value='-g -O2    '
ac_cv_env_CPPFLAGS_set=
ac_cv_env_CPPFLAGS_value=
ac_cv_env_CPP_set=
ac_cv_env_CPP_value=
ac_cv_env_LDFLAGS_set=set
ac_cv_env_LDFLAGS_value=' '
ac_cv_env_LIBS_set=
ac_cv_env_LIBS_value=
ac_cv_env_build_alias_set=set
ac_cv_env_build_alias_value=x86_64-pc-linux-gnu
ac_cv_env_host_alias_set=set
ac_cv_env_host_alias_value=x86_64-pc-linux-gnu
ac_cv_env_target_alias_set=set
ac_cv_env_target_alias_value=x86_64-pc-linux-gnu
ac_cv_have_decl_basename=yes
ac_cv_have_decl_stpcpy=yes
ac_cv_header_dlfcn_h=yes
ac_cv_header_inttypes_h=yes
ac_cv_header_memory_h=yes
ac_cv_header_minix_config_h=no
ac_cv_header_stdc=yes
ac_cv_header_stdint_h=yes
ac_cv_header_stdlib_h=yes
ac_cv_header_string_h=yes
ac_cv_header_strings_h=yes
ac_cv_header_sys_stat_h=yes
ac_cv_header_sys_types_h=yes
ac_cv_header_unistd_h=yes
ac_cv_host=x86_64-pc-linux-gnu
ac_cv_lib_m_cos=yes
ac_cv_objext=o
ac_cv_path_EGREP='/usr/bin/grep -E'
ac_cv_path_FGREP='/usr/bin/grep -F'
ac_cv_path_GMSGFMT=:
ac_cv_path_GREP=/usr/bin/grep
ac_cv_path_MSGFMT=:
ac_cv_path_MSGMERGE=:
ac_cv_path_SED=/usr/bin/sed
ac_cv_path_XGETTEXT=:
ac_cv_path_mkdir=/usr/bin/mkdir
ac_cv_prog_AR='ar --plugin /usr/bin/../lib/gcc/x86_64-linux-gnu/9/liblto_plugin.so'
ac_cv_prog_AWK=gawk
ac_cv_prog_CC=/home/tl455047/disk2/tl455047/Dora-Taint/build/clang-wrapper
ac_cv_prog_CPP='/home/tl455047/disk2/tl455047/Dora-Taint/build/clang-wrapper -E'
ac_cv_prog_OBJDUMP=objdump
ac_cv_prog_RANLIB='ranlib --plugin /usr/bin/../lib/gcc/x86_64-linux-gnu/9/liblto_plugin.so'
ac_cv_prog_ac_ct_STRIP=strip
ac_cv_prog_cc_c89=
ac_cv_prog_cc_g=yes
ac_cv_prog_make_make_set=yes
ac_cv_safe_to_define___extensions__=yes
ac_cv_target=x86_64-pc-linux-gnu
am_cv_CC_dependencies_compiler_type=gcc3
am_cv_make_support_nested_variables=yes
am_cv_prog_cc_c_o=yes
bfd_cv_func_sigsetjmp=yes
bfd_cv_ld_as_needed=yes
lt_cv_deplibs_check_method=pass_all
lt_cv_file_magic_cmd='$MAGIC_CMD'
lt_cv_file_magic_test_file=
lt_cv_ld_reload_flag=-r
lt_cv_nm_interface='BSD nm'
lt_cv_objdir=.libs
lt_cv_path_LD=/usr/bin/ld
lt_cv_path_NM=nm
lt_cv_prog_compiler_c_o=yes
lt_cv_prog_compiler_pic_works=yes
lt_cv_prog_compiler_rtti_exceptions=yes
lt_cv_prog_compiler_static_works=no
lt_cv_prog_gnu_ld=yes
lt_cv_shlibpath_overrides_runpath=yes
lt_cv_sys_global_symbol_pipe=
lt_cv_sys_global_symbol_to_c_name_address='sed -n -e '\''s/^: \([^ ]*\) $/  {\"\1\", (void *) 0},/p'\'' -e '\''s/^[ABCDGIRSTW]* \([^ ]*\) \([^ ]*\)$/  {"\2", (void *) \&\2},/p'\'''
lt_cv_sys_global_symbol_to_c_name_address_lib_prefix='sed -n -e '\''s/^: \([^ ]*\) $/  {\"\1\", (void *) 0},/p'\'' -e '\''s/^[ABCDGIRSTW]* \([^ ]*\) \(lib[^ ]*\)$/  {"\2", (void *) \&\2},/p'\'' -e '\''s/^[ABCDGIRSTW]* \([^ ]*\) \([^ ]*\)$/  {"lib\2", (void *) \&\2},/p'\'''
lt_cv_sys_global_symbol_to_cdecl=
lt_cv_sys_max_cmd_len=1572864

## ----------------- ##
## Output variables. ##
## ----------------- ##

ACLOCAL='${SHELL} /home/tl455047/disk2/tl455047/Dora-Taint/testcase/binutils-2.37/missing aclocal-1.15'
AMDEPBACKSLASH='\'
AMDEP_FALSE='#'
AMDEP_TRUE=''
AMTAR='$${TAR-tar}'
AM_BACKSLASH='\'
AM_DEFAULT_V='$(AM_DEFAULT_VERBOSITY)'
AM_DEFAULT_VERBOSITY='1'
AM_V='$(V)'
AR='ar --plugin /usr/bin/../lib/gcc/x86_64-linux-gnu/9/liblto_plugin.so --plugin /usr/bin/../lib/gcc/x86_64-linux-gnu/9/liblto_plugin.so'
AUTOCONF='${SHELL} /home/tl455047/disk2/tl455047/Dora-Taint/testcase/binutils-2.37/missing autoconf'
AUTOHEADER='${SHELL} /home/tl455047/disk2/tl455047/Dora-Taint/testcase/binutils-2.37/missing autoheader'
AUTOMAKE='${SHELL} /home/tl455047/disk2/tl455047/Dora-Taint/testcase/binutils-2.37/missing automake-1.15'
AWK='gawk'
BFD_MACHINES=' i386-dis.lo i386-opc.lo'
BUILD_LIBS='../libiberty/libiberty.a '
BUILD_LIB_DEPS='../libiberty/libiberty.a '
CATALOGS=' da.gmo de.gmo es.gmo fi.gmo fr.gmo ga.gmo id.gmo it.gmo nl.gmo pt_BR.gmo ro.gmo sr.gmo sv.gmo tr.gmo uk.gmo vi.gmo zh_CN.gmo da.gmo de.gmo es.gmo fi.gmo fr.gmo ga.gmo id.gmo it.gmo nl.gmo pt_BR.gmo ro.gmo sr.gmo sv.gmo tr.gmo uk.gmo vi.gmo zh_CN.gmo'
CATOBJEXT='.gmo'
CC='/home/tl455047/disk2/tl455047/Dora-Taint/build/clang-wrapper'
CCDEPMODE='depmode=gcc3'
CC_FOR_BUILD='/home/tl455047/disk2/tl455047/Dora-Taint/build/clang-wrapper'
CFLAGS='-g -O2    '
CGEN_MAINT_FALSE=''
CGEN_MAINT_TRUE='#'
CPP='/home/tl455047/disk2/tl455047/Dora-Taint/build/clang-wrapper -E'
CPPFLAGS=''
CYGPATH_W='echo'
DATADIRNAME='share'
DEFS='-DHAVE_CONFIG_H'
DEPDIR='.deps'
DSYMUTIL=''
DUMPBIN=''
ECHO_C=''
ECHO_N='-n'
ECHO_T=''
EGREP='/usr/bin/grep -E'
EXEEXT=''
EXEEXT_FOR_BUILD='$(EXEEXT)'
FGREP='/usr/bin/grep -F'
GENCAT='gencat'
GMSGFMT=':'
GREP='/usr/bin/grep'
HDEFINES=''
INCINTL=''
INSTALL_DATA='/usr/bin/install -c -m 644'
INSTALL_LIBBFD_FALSE='#'
INSTALL_LIBBFD_TRUE=''
INSTALL_PROGRAM='/usr/bin/install -c'
INSTALL_SCRIPT='/usr/bin/install -c'
INSTALL_STRIP_PROGRAM='$(install_sh) -c -s'
INSTOBJEXT='.mo'
LD='/usr/bin/ld -m elf_x86_64'
LDFLAGS=' '
LIBINTL=''
LIBINTL_DEP=''
LIBM='-lm'
LIBOBJS=''
LIBS=''
LIBTOOL='$(SHELL) $(top_builddir)/libtool'
LIPO=''
LN_S='ln -s'
LTLIBOBJS=''
MAINT='#'
MAINTAINER_MODE_FALSE=''
MAINTAINER_MODE_TRUE='#'
MAKEINFO='/home/tl455047/disk2/tl455047/Dora-Taint/testcase/binutils-2.37/missing makeinfo --split-size=5000000'
MKDIR_P='/usr/bin/mkdir -p'
MKINSTALLDIRS='$(top_builddir)/./../mkinstalldirs'
MSGFMT=':'
MSGMERGE=':'
NM='nm'
NMEDIT=''
NO_WERROR=''
OBJDUMP='objdump'
OBJEXT='o'
OTOOL64=''
OTOOL=''
PACKAGE='opcodes'
PACKAGE_BUGREPORT=''
PACKAGE_NAME='opcodes'
PACKAGE_STRING='opcodes 2.37'
PACKAGE_TARNAME='opcodes'
PACKAGE_URL=''
PACKAGE_VERSION='2.37'
PATH_SEPARATOR=':'
POSUB='po'
RANLIB='ranlib --plugin /usr/bin/../lib/gcc/x86_64-linux-gnu/9/liblto_plugin.so --plugin /usr/bin/../lib/gcc/x86_64-linux-gnu/9/liblto_plugin.so'
SED='/usr/bin/sed'
SET_MAKE=''
SHARED_DEPENDENCIES=''
SHARED_LDFLAGS=''
SHARED_LIBADD=' '
SHELL='/bin/bash'
STRIP='strip'
USE_NLS='yes'
VERSION='2.37'
WARN_CFLAGS='-W -Wall -Wstrict-prototypes -Wmissing-prototypes -Wshadow'
WARN_CFLAGS_FOR_BUILD='-W -Wall -Wstrict-prototypes -Wmissing-prototypes -Wshadow'
WARN_WRITE_STRINGS='-Wwrite-strings'
XGETTEXT=':'
ac_ct_CC=''
ac_ct_DUMPBIN=''
am__EXEEXT_FALSE=''
am__EXEEXT_TRUE='#'
am__fastdepCC_FALSE='#'
am__fastdepCC_TRUE=''
am__include='include'
am__isrc=''
am__leading_dot='.'
am__nodep='_no'
am__quote=''
am__tar='$${TAR-tar} chof - "$$tardir"'
am__untar='$${TAR-tar} xf -'
archdefs=' -DARCH_i386 -DARCH_iamcu -DARCH_l1om -DARCH_k1om'
bfdincludedir='$(includedir)'
bfdlibdir='$(libdir)'
bindir='${exec_prefix}/bin'
build='x86_64-pc-linux-gnu'
build_alias='x86_64-pc-linux-gnu'
build_cpu='x86_64'
build_os='linux-gnu'
build_vendor='pc'
cgendir='$(srcdir)/../cgen'
datadir='${datarootdir}'
datarootdir='${prefix}/share'
docdir='${datarootdir}/doc/${PACKAGE_TARNAME}'
dvidir='${docdir}'
exec_prefix='${prefix}'
host='x86_64-pc-linux-gnu'
host_alias='x86_64-pc-linux-gnu'
host_cpu='x86_64'
host_noncanonical='x86_64-pc-linux-gnu'
host_os='linux-gnu'
host_vendor='pc'
htmldir='${docdir}'
includedir='${prefix}/include'
infodir='${datarootdir}/info'
install_sh='${SHELL} /home/tl455047/disk2/tl455047/Dora-Taint/testcase/binutils-2.37/install-sh'
libdir='${exec_prefix}/lib'
libexecdir='${exec_prefix}/libexec'
localedir='${datarootdir}/locale'
localstatedir='${prefix}/var'
mandir='${datarootdir}/man'
mkdir_p='$(MKDIR_P)'
oldincludedir='/usr/include'
pdfdir='${docdir}'
prefix='/usr/local'
program_transform_name='s,y,y,'
psdir='${docdir}'
sbindir='${exec_prefix}/sbin'
sharedstatedir='${prefix}/com'
sysconfdir='${prefix}/etc'
target='x86_64-pc-linux-gnu'
target_alias='x86_64-pc-linux-gnu'
target_cpu='x86_64'
target_noncanonical='x86_64-pc-linux-gnu'
target_os='linux-gnu'
target_vendor='pc'

## ----------- ##
## confdefs.h. ##
## ----------- ##

/* confdefs.h */
#define PACKAGE_NAME "opcodes"
#define PACKAGE_TARNAME "opcodes"
#define PACKAGE_VERSION "2.37"
#define PACKAGE_STRING "opcodes 2.37"
#define PACKAGE_BUGREPORT ""
#define PACKAGE_URL ""
#define PACKAGE "opcodes"
#define VERSION "2.37"
#define STDC_HEADERS 1
#define HAVE_SYS_TYPES_H 1
#define HAVE_SYS_STAT_H 1
#define HAVE_STDLIB_H 1
#define HAVE_STRING_H 1
#define HAVE_MEMORY_H 1
#define HAVE_STRINGS_H 1
#define HAVE_INTTYPES_H 1
#define HAVE_STDINT_H 1
#define HAVE_UNISTD_H 1
#define __EXTENSIONS__ 1
#define _ALL_SOURCE 1
#define _GNU_SOURCE 1
#define _POSIX_PTHREAD_SEMANTICS 1
#define _TANDEM_SOURCE 1
#define HAVE_DLFCN_H 1
#define LT_OBJDIR ".libs/"
#define ENABLE_NLS 1
#define HAVE_DECL_BASENAME 1
#define HAVE_DECL_STPCPY 1
#define HAVE_SIGSETJMP 1

configure: exit 0
